{
  "name": "HumanEval_138_is_equal_to_sum_even",
  "language": "py",
  "prompt": "def f(arg1: int) -> bool:\n    \"\"\"Evaluate whether the given number n can be written as the sum of exactly 4 positive even numbers\n    Example\n    >>> f(4)\n    False\n    >>> f(6)\n    False\n    >>> f(8)\n    True\n    \"\"\"\n",
  "tests": "def check(candidate):\n    assert candidate(4) == False\n    assert candidate(6) == False\n    assert candidate(8) == True\n    assert candidate(10) == True\n    assert candidate(11) == False\n    assert candidate(12) == True\n    assert candidate(13) == False\n    assert candidate(16) == True\n\ndef test_check():\n    check(f)\n\ntest_check()\n",
  "stop_tokens": [
    "\ndef",
    "\n#",
    "\nif",
    "\nclass"
  ],
  "results": [
    {
      "program": "def f(arg1: int) -> bool:\n    \"\"\"Evaluate whether the given number n can be written as the sum of exactly 4 positive even numbers\n    Example\n    >>> f(4)\n    False\n    >>> f(6)\n    False\n    >>> f(8)\n    True\n    \"\"\"\n    if arg1 % 2 == 0:\n        return True\n    else:\n        return False\n\n\ndef check(candidate):\n    assert candidate(4) == False\n    assert candidate(6) == False\n    assert candidate(8) == True\n    assert candidate(10) == True\n    assert candidate(11) == False\n    assert candidate(12) == True\n    assert candidate(13) == False\n    assert candidate(16) == True\n\ndef test_check():\n    check(f)\n\ntest_check()\n",
      "timestamp": 1674255387,
      "stdout": "",
      "stderr": "Traceback (most recent call last):\n  File \"/tmp/tmpglitnlo0.py\", line 30, in <module>\n    test_check()\n  File \"/tmp/tmpglitnlo0.py\", line 28, in test_check\n    check(f)\n  File \"/tmp/tmpglitnlo0.py\", line 18, in check\n    assert candidate(4) == False\nAssertionError\n",
      "exit_code": 1,
      "status": "Exception"
    },
    {
      "program": "def f(arg1: int) -> bool:\n    \"\"\"Evaluate whether the given number n can be written as the sum of exactly 4 positive even numbers\n    Example\n    >>> f(4)\n    False\n    >>> f(6)\n    False\n    >>> f(8)\n    True\n    \"\"\"\n    return arg1 % 4 == 0\n\n\ndef check(candidate):\n    assert candidate(4) == False\n    assert candidate(6) == False\n    assert candidate(8) == True\n    assert candidate(10) == True\n    assert candidate(11) == False\n    assert candidate(12) == True\n    assert candidate(13) == False\n    assert candidate(16) == True\n\ndef test_check():\n    check(f)\n\ntest_check()\n",
      "timestamp": 1674255387,
      "stdout": "",
      "stderr": "Traceback (most recent call last):\n  File \"/tmp/tmp27uf4_yj.py\", line 27, in <module>\n    test_check()\n  File \"/tmp/tmp27uf4_yj.py\", line 25, in test_check\n    check(f)\n  File \"/tmp/tmp27uf4_yj.py\", line 15, in check\n    assert candidate(4) == False\nAssertionError\n",
      "exit_code": 1,
      "status": "Exception"
    },
    {
      "program": "def f(arg1: int) -> bool:\n    \"\"\"Evaluate whether the given number n can be written as the sum of exactly 4 positive even numbers\n    Example\n    >>> f(4)\n    False\n    >>> f(6)\n    False\n    >>> f(8)\n    True\n    \"\"\"\n    return arg1 % 2 == 0\n\ndef check(candidate):\n    assert candidate(4) == False\n    assert candidate(6) == False\n    assert candidate(8) == True\n    assert candidate(10) == True\n    assert candidate(11) == False\n    assert candidate(12) == True\n    assert candidate(13) == False\n    assert candidate(16) == True\n\ndef test_check():\n    check(f)\n\ntest_check()\n",
      "timestamp": 1674255387,
      "stdout": "",
      "stderr": "Traceback (most recent call last):\n  File \"/tmp/tmp7a6kalo3.py\", line 26, in <module>\n    test_check()\n  File \"/tmp/tmp7a6kalo3.py\", line 24, in test_check\n    check(f)\n  File \"/tmp/tmp7a6kalo3.py\", line 14, in check\n    assert candidate(4) == False\nAssertionError\n",
      "exit_code": 1,
      "status": "Exception"
    },
    {
      "program": "def f(arg1: int) -> bool:\n    \"\"\"Evaluate whether the given number n can be written as the sum of exactly 4 positive even numbers\n    Example\n    >>> f(4)\n    False\n    >>> f(6)\n    False\n    >>> f(8)\n    True\n    \"\"\"\n    return arg1 % 4 == 0\n\ndef check(candidate):\n    assert candidate(4) == False\n    assert candidate(6) == False\n    assert candidate(8) == True\n    assert candidate(10) == True\n    assert candidate(11) == False\n    assert candidate(12) == True\n    assert candidate(13) == False\n    assert candidate(16) == True\n\ndef test_check():\n    check(f)\n\ntest_check()\n",
      "timestamp": 1674255387,
      "stdout": "",
      "stderr": "Traceback (most recent call last):\n  File \"/tmp/tmplj32qi8_.py\", line 26, in <module>\n    test_check()\n  File \"/tmp/tmplj32qi8_.py\", line 24, in test_check\n    check(f)\n  File \"/tmp/tmplj32qi8_.py\", line 14, in check\n    assert candidate(4) == False\nAssertionError\n",
      "exit_code": 1,
      "status": "Exception"
    },
    {
      "program": "def f(arg1: int) -> bool:\n    \"\"\"Evaluate whether the given number n can be written as the sum of exactly 4 positive even numbers\n    Example\n    >>> f(4)\n    False\n    >>> f(6)\n    False\n    >>> f(8)\n    True\n    \"\"\"\n    if arg1 % 2 == 0:\n        return True\n    else:\n        return False\n\n\ndef check(candidate):\n    assert candidate(4) == False\n    assert candidate(6) == False\n    assert candidate(8) == True\n    assert candidate(10) == True\n    assert candidate(11) == False\n    assert candidate(12) == True\n    assert candidate(13) == False\n    assert candidate(16) == True\n\ndef test_check():\n    check(f)\n\ntest_check()\n",
      "timestamp": 1674255387,
      "stdout": "",
      "stderr": "Traceback (most recent call last):\n  File \"/tmp/tmpglitnlo0.py\", line 30, in <module>\n    test_check()\n  File \"/tmp/tmpglitnlo0.py\", line 28, in test_check\n    check(f)\n  File \"/tmp/tmpglitnlo0.py\", line 18, in check\n    assert candidate(4) == False\nAssertionError\n",
      "exit_code": 1,
      "status": "Exception"
    },
    {
      "program": "def f(arg1: int) -> bool:\n    \"\"\"Evaluate whether the given number n can be written as the sum of exactly 4 positive even numbers\n    Example\n    >>> f(4)\n    False\n    >>> f(6)\n    False\n    >>> f(8)\n    True\n    \"\"\"\n    return arg1 % 2 == 0\n\ndef check(candidate):\n    assert candidate(4) == False\n    assert candidate(6) == False\n    assert candidate(8) == True\n    assert candidate(10) == True\n    assert candidate(11) == False\n    assert candidate(12) == True\n    assert candidate(13) == False\n    assert candidate(16) == True\n\ndef test_check():\n    check(f)\n\ntest_check()\n",
      "timestamp": 1674255387,
      "stdout": "",
      "stderr": "Traceback (most recent call last):\n  File \"/tmp/tmp7a6kalo3.py\", line 26, in <module>\n    test_check()\n  File \"/tmp/tmp7a6kalo3.py\", line 24, in test_check\n    check(f)\n  File \"/tmp/tmp7a6kalo3.py\", line 14, in check\n    assert candidate(4) == False\nAssertionError\n",
      "exit_code": 1,
      "status": "Exception"
    },
    {
      "program": "def f(arg1: int) -> bool:\n    \"\"\"Evaluate whether the given number n can be written as the sum of exactly 4 positive even numbers\n    Example\n    >>> f(4)\n    False\n    >>> f(6)\n    False\n    >>> f(8)\n    True\n    \"\"\"\n    if arg1 % 2 == 0:\n        return False\n    else:\n        return True\n\n\ndef check(candidate):\n    assert candidate(4) == False\n    assert candidate(6) == False\n    assert candidate(8) == True\n    assert candidate(10) == True\n    assert candidate(11) == False\n    assert candidate(12) == True\n    assert candidate(13) == False\n    assert candidate(16) == True\n\ndef test_check():\n    check(f)\n\ntest_check()\n",
      "timestamp": 1674255387,
      "stdout": "",
      "stderr": "Traceback (most recent call last):\n  File \"/tmp/tmpazzrtc79.py\", line 30, in <module>\n    test_check()\n  File \"/tmp/tmpazzrtc79.py\", line 28, in test_check\n    check(f)\n  File \"/tmp/tmpazzrtc79.py\", line 20, in check\n    assert candidate(8) == True\nAssertionError\n",
      "exit_code": 1,
      "status": "Exception"
    },
    {
      "program": "def f(arg1: int) -> bool:\n    \"\"\"Evaluate whether the given number n can be written as the sum of exactly 4 positive even numbers\n    Example\n    >>> f(4)\n    False\n    >>> f(6)\n    False\n    >>> f(8)\n    True\n    \"\"\"\n    if arg1 % 2 == 0:\n        return True\n    else:\n        return False\n\ndef check(candidate):\n    assert candidate(4) == False\n    assert candidate(6) == False\n    assert candidate(8) == True\n    assert candidate(10) == True\n    assert candidate(11) == False\n    assert candidate(12) == True\n    assert candidate(13) == False\n    assert candidate(16) == True\n\ndef test_check():\n    check(f)\n\ntest_check()\n",
      "timestamp": 1674255387,
      "stdout": "",
      "stderr": "Traceback (most recent call last):\n  File \"/tmp/tmp074fn97u.py\", line 29, in <module>\n    test_check()\n  File \"/tmp/tmp074fn97u.py\", line 27, in test_check\n    check(f)\n  File \"/tmp/tmp074fn97u.py\", line 17, in check\n    assert candidate(4) == False\nAssertionError\n",
      "exit_code": 1,
      "status": "Exception"
    },
    {
      "program": "def f(arg1: int) -> bool:\n    \"\"\"Evaluate whether the given number n can be written as the sum of exactly 4 positive even numbers\n    Example\n    >>> f(4)\n    False\n    >>> f(6)\n    False\n    >>> f(8)\n    True\n    \"\"\"\n    if arg1 < 0:\n        return False\n    if arg1 > 4:\n        return False\n    return True\n\ndef check(candidate):\n    assert candidate(4) == False\n    assert candidate(6) == False\n    assert candidate(8) == True\n    assert candidate(10) == True\n    assert candidate(11) == False\n    assert candidate(12) == True\n    assert candidate(13) == False\n    assert candidate(16) == True\n\ndef test_check():\n    check(f)\n\ntest_check()\n",
      "timestamp": 1674255387,
      "stdout": "",
      "stderr": "Traceback (most recent call last):\n  File \"/tmp/tmpkg7mmey1.py\", line 30, in <module>\n    test_check()\n  File \"/tmp/tmpkg7mmey1.py\", line 28, in test_check\n    check(f)\n  File \"/tmp/tmpkg7mmey1.py\", line 18, in check\n    assert candidate(4) == False\nAssertionError\n",
      "exit_code": 1,
      "status": "Exception"
    },
    {
      "program": "def f(arg1: int) -> bool:\n    \"\"\"Evaluate whether the given number n can be written as the sum of exactly 4 positive even numbers\n    Example\n    >>> f(4)\n    False\n    >>> f(6)\n    False\n    >>> f(8)\n    True\n    \"\"\"\n    if arg1 == 0:\n        return False\n    if arg1 % 2 == 0:\n        return True\n    return False\n\n\ndef check(candidate):\n    assert candidate(4) == False\n    assert candidate(6) == False\n    assert candidate(8) == True\n    assert candidate(10) == True\n    assert candidate(11) == False\n    assert candidate(12) == True\n    assert candidate(13) == False\n    assert candidate(16) == True\n\ndef test_check():\n    check(f)\n\ntest_check()\n",
      "timestamp": 1674255387,
      "stdout": "",
      "stderr": "Traceback (most recent call last):\n  File \"/tmp/tmpvn62cig6.py\", line 31, in <module>\n    test_check()\n  File \"/tmp/tmpvn62cig6.py\", line 29, in test_check\n    check(f)\n  File \"/tmp/tmpvn62cig6.py\", line 19, in check\n    assert candidate(4) == False\nAssertionError\n",
      "exit_code": 1,
      "status": "Exception"
    },
    {
      "program": "def f(arg1: int) -> bool:\n    \"\"\"Evaluate whether the given number n can be written as the sum of exactly 4 positive even numbers\n    Example\n    >>> f(4)\n    False\n    >>> f(6)\n    False\n    >>> f(8)\n    True\n    \"\"\"\n    return arg1 % 4 == 0\n\n\ndef check(candidate):\n    assert candidate(4) == False\n    assert candidate(6) == False\n    assert candidate(8) == True\n    assert candidate(10) == True\n    assert candidate(11) == False\n    assert candidate(12) == True\n    assert candidate(13) == False\n    assert candidate(16) == True\n\ndef test_check():\n    check(f)\n\ntest_check()\n",
      "timestamp": 1674255387,
      "stdout": "",
      "stderr": "Traceback (most recent call last):\n  File \"/tmp/tmp27uf4_yj.py\", line 27, in <module>\n    test_check()\n  File \"/tmp/tmp27uf4_yj.py\", line 25, in test_check\n    check(f)\n  File \"/tmp/tmp27uf4_yj.py\", line 15, in check\n    assert candidate(4) == False\nAssertionError\n",
      "exit_code": 1,
      "status": "Exception"
    },
    {
      "program": "def f(arg1: int) -> bool:\n    \"\"\"Evaluate whether the given number n can be written as the sum of exactly 4 positive even numbers\n    Example\n    >>> f(4)\n    False\n    >>> f(6)\n    False\n    >>> f(8)\n    True\n    \"\"\"\n    if arg1 < 0:\n        return False\n    elif arg1 == 0:\n        return True\n    else:\n        return False\n\ndef check(candidate):\n    assert candidate(4) == False\n    assert candidate(6) == False\n    assert candidate(8) == True\n    assert candidate(10) == True\n    assert candidate(11) == False\n    assert candidate(12) == True\n    assert candidate(13) == False\n    assert candidate(16) == True\n\ndef test_check():\n    check(f)\n\ntest_check()\n",
      "timestamp": 1674255387,
      "stdout": "",
      "stderr": "Traceback (most recent call last):\n  File \"/tmp/tmplxbp98yv.py\", line 31, in <module>\n    test_check()\n  File \"/tmp/tmplxbp98yv.py\", line 29, in test_check\n    check(f)\n  File \"/tmp/tmplxbp98yv.py\", line 21, in check\n    assert candidate(8) == True\nAssertionError\n",
      "exit_code": 1,
      "status": "Exception"
    },
    {
      "program": "def f(arg1: int) -> bool:\n    \"\"\"Evaluate whether the given number n can be written as the sum of exactly 4 positive even numbers\n    Example\n    >>> f(4)\n    False\n    >>> f(6)\n    False\n    >>> f(8)\n    True\n    \"\"\"\n    return arg1 % 4 == 0\n\n\ndef check(candidate):\n    assert candidate(4) == False\n    assert candidate(6) == False\n    assert candidate(8) == True\n    assert candidate(10) == True\n    assert candidate(11) == False\n    assert candidate(12) == True\n    assert candidate(13) == False\n    assert candidate(16) == True\n\ndef test_check():\n    check(f)\n\ntest_check()\n",
      "timestamp": 1674255387,
      "stdout": "",
      "stderr": "Traceback (most recent call last):\n  File \"/tmp/tmp27uf4_yj.py\", line 27, in <module>\n    test_check()\n  File \"/tmp/tmp27uf4_yj.py\", line 25, in test_check\n    check(f)\n  File \"/tmp/tmp27uf4_yj.py\", line 15, in check\n    assert candidate(4) == False\nAssertionError\n",
      "exit_code": 1,
      "status": "Exception"
    },
    {
      "program": "def f(arg1: int) -> bool:\n    \"\"\"Evaluate whether the given number n can be written as the sum of exactly 4 positive even numbers\n    Example\n    >>> f(4)\n    False\n    >>> f(6)\n    False\n    >>> f(8)\n    True\n    \"\"\"\n    if arg1 == 0:\n        return False\n    if arg1 % 2 == 0:\n        return True\n    return False\n\ndef check(candidate):\n    assert candidate(4) == False\n    assert candidate(6) == False\n    assert candidate(8) == True\n    assert candidate(10) == True\n    assert candidate(11) == False\n    assert candidate(12) == True\n    assert candidate(13) == False\n    assert candidate(16) == True\n\ndef test_check():\n    check(f)\n\ntest_check()\n",
      "timestamp": 1674255387,
      "stdout": "",
      "stderr": "Traceback (most recent call last):\n  File \"/tmp/tmp2kkgjl76.py\", line 30, in <module>\n    test_check()\n  File \"/tmp/tmp2kkgjl76.py\", line 28, in test_check\n    check(f)\n  File \"/tmp/tmp2kkgjl76.py\", line 18, in check\n    assert candidate(4) == False\nAssertionError\n",
      "exit_code": 1,
      "status": "Exception"
    },
    {
      "program": "def f(arg1: int) -> bool:\n    \"\"\"Evaluate whether the given number n can be written as the sum of exactly 4 positive even numbers\n    Example\n    >>> f(4)\n    False\n    >>> f(6)\n    False\n    >>> f(8)\n    True\n    \"\"\"\n    if arg1 == 0:\n        return False\n    if arg1 % 2 == 0:\n        return False\n    return True\n\ndef check(candidate):\n    assert candidate(4) == False\n    assert candidate(6) == False\n    assert candidate(8) == True\n    assert candidate(10) == True\n    assert candidate(11) == False\n    assert candidate(12) == True\n    assert candidate(13) == False\n    assert candidate(16) == True\n\ndef test_check():\n    check(f)\n\ntest_check()\n",
      "timestamp": 1674255387,
      "stdout": "",
      "stderr": "Traceback (most recent call last):\n  File \"/tmp/tmpbz7lx0r3.py\", line 30, in <module>\n    test_check()\n  File \"/tmp/tmpbz7lx0r3.py\", line 28, in test_check\n    check(f)\n  File \"/tmp/tmpbz7lx0r3.py\", line 20, in check\n    assert candidate(8) == True\nAssertionError\n",
      "exit_code": 1,
      "status": "Exception"
    },
    {
      "program": "def f(arg1: int) -> bool:\n    \"\"\"Evaluate whether the given number n can be written as the sum of exactly 4 positive even numbers\n    Example\n    >>> f(4)\n    False\n    >>> f(6)\n    False\n    >>> f(8)\n    True\n    \"\"\"\n    if arg1 < 0:\n        return False\n    elif arg1 == 0:\n        return True\n    elif arg1 % 2 == 0:\n        return False\n    else:\n        return True\n\ndef check(candidate):\n    assert candidate(4) == False\n    assert candidate(6) == False\n    assert candidate(8) == True\n    assert candidate(10) == True\n    assert candidate(11) == False\n    assert candidate(12) == True\n    assert candidate(13) == False\n    assert candidate(16) == True\n\ndef test_check():\n    check(f)\n\ntest_check()\n",
      "timestamp": 1674255387,
      "stdout": "",
      "stderr": "Traceback (most recent call last):\n  File \"/tmp/tmpvfdtrt3g.py\", line 33, in <module>\n    test_check()\n  File \"/tmp/tmpvfdtrt3g.py\", line 31, in test_check\n    check(f)\n  File \"/tmp/tmpvfdtrt3g.py\", line 23, in check\n    assert candidate(8) == True\nAssertionError\n",
      "exit_code": 1,
      "status": "Exception"
    },
    {
      "program": "def f(arg1: int) -> bool:\n    \"\"\"Evaluate whether the given number n can be written as the sum of exactly 4 positive even numbers\n    Example\n    >>> f(4)\n    False\n    >>> f(6)\n    False\n    >>> f(8)\n    True\n    \"\"\"\n    if arg1 == 0:\n        return False\n    if arg1 % 2 == 0:\n        return False\n    return True\n\ndef check(candidate):\n    assert candidate(4) == False\n    assert candidate(6) == False\n    assert candidate(8) == True\n    assert candidate(10) == True\n    assert candidate(11) == False\n    assert candidate(12) == True\n    assert candidate(13) == False\n    assert candidate(16) == True\n\ndef test_check():\n    check(f)\n\ntest_check()\n",
      "timestamp": 1674255387,
      "stdout": "",
      "stderr": "Traceback (most recent call last):\n  File \"/tmp/tmpbz7lx0r3.py\", line 30, in <module>\n    test_check()\n  File \"/tmp/tmpbz7lx0r3.py\", line 28, in test_check\n    check(f)\n  File \"/tmp/tmpbz7lx0r3.py\", line 20, in check\n    assert candidate(8) == True\nAssertionError\n",
      "exit_code": 1,
      "status": "Exception"
    },
    {
      "program": "def f(arg1: int) -> bool:\n    \"\"\"Evaluate whether the given number n can be written as the sum of exactly 4 positive even numbers\n    Example\n    >>> f(4)\n    False\n    >>> f(6)\n    False\n    >>> f(8)\n    True\n    \"\"\"\n    if arg1 == 0:\n        return False\n    if arg1 % 2 == 0:\n        return True\n    return False\n\n\ndef check(candidate):\n    assert candidate(4) == False\n    assert candidate(6) == False\n    assert candidate(8) == True\n    assert candidate(10) == True\n    assert candidate(11) == False\n    assert candidate(12) == True\n    assert candidate(13) == False\n    assert candidate(16) == True\n\ndef test_check():\n    check(f)\n\ntest_check()\n",
      "timestamp": 1674255387,
      "stdout": "",
      "stderr": "Traceback (most recent call last):\n  File \"/tmp/tmpvn62cig6.py\", line 31, in <module>\n    test_check()\n  File \"/tmp/tmpvn62cig6.py\", line 29, in test_check\n    check(f)\n  File \"/tmp/tmpvn62cig6.py\", line 19, in check\n    assert candidate(4) == False\nAssertionError\n",
      "exit_code": 1,
      "status": "Exception"
    },
    {
      "program": "def f(arg1: int) -> bool:\n    \"\"\"Evaluate whether the given number n can be written as the sum of exactly 4 positive even numbers\n    Example\n    >>> f(4)\n    False\n    >>> f(6)\n    False\n    >>> f(8)\n    True\n    \"\"\"\n    if arg1 < 0:\n        return False\n    if arg1 > 4:\n        return False\n    return True\n\ndef check(candidate):\n    assert candidate(4) == False\n    assert candidate(6) == False\n    assert candidate(8) == True\n    assert candidate(10) == True\n    assert candidate(11) == False\n    assert candidate(12) == True\n    assert candidate(13) == False\n    assert candidate(16) == True\n\ndef test_check():\n    check(f)\n\ntest_check()\n",
      "timestamp": 1674255387,
      "stdout": "",
      "stderr": "Traceback (most recent call last):\n  File \"/tmp/tmpkg7mmey1.py\", line 30, in <module>\n    test_check()\n  File \"/tmp/tmpkg7mmey1.py\", line 28, in test_check\n    check(f)\n  File \"/tmp/tmpkg7mmey1.py\", line 18, in check\n    assert candidate(4) == False\nAssertionError\n",
      "exit_code": 1,
      "status": "Exception"
    },
    {
      "program": "def f(arg1: int) -> bool:\n    \"\"\"Evaluate whether the given number n can be written as the sum of exactly 4 positive even numbers\n    Example\n    >>> f(4)\n    False\n    >>> f(6)\n    False\n    >>> f(8)\n    True\n    \"\"\"\n    if arg1 % 2 == 0:\n        return False\n    if arg1 % 2 == 1:\n        return True\n    return True\n\n\ndef check(candidate):\n    assert candidate(4) == False\n    assert candidate(6) == False\n    assert candidate(8) == True\n    assert candidate(10) == True\n    assert candidate(11) == False\n    assert candidate(12) == True\n    assert candidate(13) == False\n    assert candidate(16) == True\n\ndef test_check():\n    check(f)\n\ntest_check()\n",
      "timestamp": 1674255387,
      "stdout": "",
      "stderr": "Traceback (most recent call last):\n  File \"/tmp/tmp6omvhwfq.py\", line 31, in <module>\n    test_check()\n  File \"/tmp/tmp6omvhwfq.py\", line 29, in test_check\n    check(f)\n  File \"/tmp/tmp6omvhwfq.py\", line 21, in check\n    assert candidate(8) == True\nAssertionError\n",
      "exit_code": 1,
      "status": "Exception"
    },
    {
      "program": "def f(arg1: int) -> bool:\n    \"\"\"Evaluate whether the given number n can be written as the sum of exactly 4 positive even numbers\n    Example\n    >>> f(4)\n    False\n    >>> f(6)\n    False\n    >>> f(8)\n    True\n    \"\"\"\n    if arg1 == 0:\n        return True\n    elif arg1 % 2 == 0:\n        return False\n    else:\n        return True\n<|endoftext|>                                                                                                                                                                                                                                                                                                                                                                                                                                    \ndef check(candidate):\n    assert candidate(4) == False\n    assert candidate(6) == False\n    assert candidate(8) == True\n    assert candidate(10) == True\n    assert candidate(11) == False\n    assert candidate(12) == True\n    assert candidate(13) == False\n    assert candidate(16) == True\n\ndef test_check():\n    check(f)\n\ntest_check()\n",
      "timestamp": 1674255387,
      "stdout": "",
      "stderr": "  File \"/tmp/tmpuekmlrxv.py\", line 17\n    <|endoftext|>                                                                                                                                                                                                                                                                                                                                                                                                                                    \n    ^\nSyntaxError: invalid syntax\n",
      "exit_code": 1,
      "status": "SyntaxError"
    },
    {
      "program": "def f(arg1: int) -> bool:\n    \"\"\"Evaluate whether the given number n can be written as the sum of exactly 4 positive even numbers\n    Example\n    >>> f(4)\n    False\n    >>> f(6)\n    False\n    >>> f(8)\n    True\n    \"\"\"\n    if arg1 == 0:\n        return False\n    if arg1 % 2 == 0:\n        return False\n    return True\n\ndef check(candidate):\n    assert candidate(4) == False\n    assert candidate(6) == False\n    assert candidate(8) == True\n    assert candidate(10) == True\n    assert candidate(11) == False\n    assert candidate(12) == True\n    assert candidate(13) == False\n    assert candidate(16) == True\n\ndef test_check():\n    check(f)\n\ntest_check()\n",
      "timestamp": 1674255387,
      "stdout": "",
      "stderr": "Traceback (most recent call last):\n  File \"/tmp/tmpbz7lx0r3.py\", line 30, in <module>\n    test_check()\n  File \"/tmp/tmpbz7lx0r3.py\", line 28, in test_check\n    check(f)\n  File \"/tmp/tmpbz7lx0r3.py\", line 20, in check\n    assert candidate(8) == True\nAssertionError\n",
      "exit_code": 1,
      "status": "Exception"
    },
    {
      "program": "def f(arg1: int) -> bool:\n    \"\"\"Evaluate whether the given number n can be written as the sum of exactly 4 positive even numbers\n    Example\n    >>> f(4)\n    False\n    >>> f(6)\n    False\n    >>> f(8)\n    True\n    \"\"\"\n    if arg1 == 0:\n        return False\n    elif arg1 % 2 == 0:\n        return True\n    else:\n        return False\n\n\ndef check(candidate):\n    assert candidate(4) == False\n    assert candidate(6) == False\n    assert candidate(8) == True\n    assert candidate(10) == True\n    assert candidate(11) == False\n    assert candidate(12) == True\n    assert candidate(13) == False\n    assert candidate(16) == True\n\ndef test_check():\n    check(f)\n\ntest_check()\n",
      "timestamp": 1674255387,
      "stdout": "",
      "stderr": "Traceback (most recent call last):\n  File \"/tmp/tmpdnaof4rf.py\", line 32, in <module>\n    test_check()\n  File \"/tmp/tmpdnaof4rf.py\", line 30, in test_check\n    check(f)\n  File \"/tmp/tmpdnaof4rf.py\", line 20, in check\n    assert candidate(4) == False\nAssertionError\n",
      "exit_code": 1,
      "status": "Exception"
    },
    {
      "program": "def f(arg1: int) -> bool:\n    \"\"\"Evaluate whether the given number n can be written as the sum of exactly 4 positive even numbers\n    Example\n    >>> f(4)\n    False\n    >>> f(6)\n    False\n    >>> f(8)\n    True\n    \"\"\"\n    return arg1 % 4 == 0\n\ndef check(candidate):\n    assert candidate(4) == False\n    assert candidate(6) == False\n    assert candidate(8) == True\n    assert candidate(10) == True\n    assert candidate(11) == False\n    assert candidate(12) == True\n    assert candidate(13) == False\n    assert candidate(16) == True\n\ndef test_check():\n    check(f)\n\ntest_check()\n",
      "timestamp": 1674255387,
      "stdout": "",
      "stderr": "Traceback (most recent call last):\n  File \"/tmp/tmplj32qi8_.py\", line 26, in <module>\n    test_check()\n  File \"/tmp/tmplj32qi8_.py\", line 24, in test_check\n    check(f)\n  File \"/tmp/tmplj32qi8_.py\", line 14, in check\n    assert candidate(4) == False\nAssertionError\n",
      "exit_code": 1,
      "status": "Exception"
    },
    {
      "program": "def f(arg1: int) -> bool:\n    \"\"\"Evaluate whether the given number n can be written as the sum of exactly 4 positive even numbers\n    Example\n    >>> f(4)\n    False\n    >>> f(6)\n    False\n    >>> f(8)\n    True\n    \"\"\"\n    return arg1 % 4 == 0\n\ndef check(candidate):\n    assert candidate(4) == False\n    assert candidate(6) == False\n    assert candidate(8) == True\n    assert candidate(10) == True\n    assert candidate(11) == False\n    assert candidate(12) == True\n    assert candidate(13) == False\n    assert candidate(16) == True\n\ndef test_check():\n    check(f)\n\ntest_check()\n",
      "timestamp": 1674255387,
      "stdout": "",
      "stderr": "Traceback (most recent call last):\n  File \"/tmp/tmplj32qi8_.py\", line 26, in <module>\n    test_check()\n  File \"/tmp/tmplj32qi8_.py\", line 24, in test_check\n    check(f)\n  File \"/tmp/tmplj32qi8_.py\", line 14, in check\n    assert candidate(4) == False\nAssertionError\n",
      "exit_code": 1,
      "status": "Exception"
    },
    {
      "program": "def f(arg1: int) -> bool:\n    \"\"\"Evaluate whether the given number n can be written as the sum of exactly 4 positive even numbers\n    Example\n    >>> f(4)\n    False\n    >>> f(6)\n    False\n    >>> f(8)\n    True\n    \"\"\"\n    if arg1 % 2 == 0:\n        return False\n    else:\n        return True\n\n\ndef check(candidate):\n    assert candidate(4) == False\n    assert candidate(6) == False\n    assert candidate(8) == True\n    assert candidate(10) == True\n    assert candidate(11) == False\n    assert candidate(12) == True\n    assert candidate(13) == False\n    assert candidate(16) == True\n\ndef test_check():\n    check(f)\n\ntest_check()\n",
      "timestamp": 1674255387,
      "stdout": "",
      "stderr": "Traceback (most recent call last):\n  File \"/tmp/tmpazzrtc79.py\", line 30, in <module>\n    test_check()\n  File \"/tmp/tmpazzrtc79.py\", line 28, in test_check\n    check(f)\n  File \"/tmp/tmpazzrtc79.py\", line 20, in check\n    assert candidate(8) == True\nAssertionError\n",
      "exit_code": 1,
      "status": "Exception"
    },
    {
      "program": "def f(arg1: int) -> bool:\n    \"\"\"Evaluate whether the given number n can be written as the sum of exactly 4 positive even numbers\n    Example\n    >>> f(4)\n    False\n    >>> f(6)\n    False\n    >>> f(8)\n    True\n    \"\"\"\n    if arg1 < 0:\n        return False\n    if arg1 > 4:\n        return False\n    return True\n\ndef check(candidate):\n    assert candidate(4) == False\n    assert candidate(6) == False\n    assert candidate(8) == True\n    assert candidate(10) == True\n    assert candidate(11) == False\n    assert candidate(12) == True\n    assert candidate(13) == False\n    assert candidate(16) == True\n\ndef test_check():\n    check(f)\n\ntest_check()\n",
      "timestamp": 1674255387,
      "stdout": "",
      "stderr": "Traceback (most recent call last):\n  File \"/tmp/tmpkg7mmey1.py\", line 30, in <module>\n    test_check()\n  File \"/tmp/tmpkg7mmey1.py\", line 28, in test_check\n    check(f)\n  File \"/tmp/tmpkg7mmey1.py\", line 18, in check\n    assert candidate(4) == False\nAssertionError\n",
      "exit_code": 1,
      "status": "Exception"
    },
    {
      "program": "def f(arg1: int) -> bool:\n    \"\"\"Evaluate whether the given number n can be written as the sum of exactly 4 positive even numbers\n    Example\n    >>> f(4)\n    False\n    >>> f(6)\n    False\n    >>> f(8)\n    True\n    \"\"\"\n    return arg1 % 4 == 0\n\n\ndef check(candidate):\n    assert candidate(4) == False\n    assert candidate(6) == False\n    assert candidate(8) == True\n    assert candidate(10) == True\n    assert candidate(11) == False\n    assert candidate(12) == True\n    assert candidate(13) == False\n    assert candidate(16) == True\n\ndef test_check():\n    check(f)\n\ntest_check()\n",
      "timestamp": 1674255387,
      "stdout": "",
      "stderr": "Traceback (most recent call last):\n  File \"/tmp/tmp27uf4_yj.py\", line 27, in <module>\n    test_check()\n  File \"/tmp/tmp27uf4_yj.py\", line 25, in test_check\n    check(f)\n  File \"/tmp/tmp27uf4_yj.py\", line 15, in check\n    assert candidate(4) == False\nAssertionError\n",
      "exit_code": 1,
      "status": "Exception"
    },
    {
      "program": "def f(arg1: int) -> bool:\n    \"\"\"Evaluate whether the given number n can be written as the sum of exactly 4 positive even numbers\n    Example\n    >>> f(4)\n    False\n    >>> f(6)\n    False\n    >>> f(8)\n    True\n    \"\"\"\n    if arg1 == 0:\n        return True\n    elif arg1 == 1:\n        return False\n    elif arg1 % 2 == 0:\n        return False\n    else:\n        return True\n\n\ndef check(candidate):\n    assert candidate(4) == False\n    assert candidate(6) == False\n    assert candidate(8) == True\n    assert candidate(10) == True\n    assert candidate(11) == False\n    assert candidate(12) == True\n    assert candidate(13) == False\n    assert candidate(16) == True\n\ndef test_check():\n    check(f)\n\ntest_check()\n",
      "timestamp": 1674255387,
      "stdout": "",
      "stderr": "Traceback (most recent call last):\n  File \"/tmp/tmp09zdmqpa.py\", line 34, in <module>\n    test_check()\n  File \"/tmp/tmp09zdmqpa.py\", line 32, in test_check\n    check(f)\n  File \"/tmp/tmp09zdmqpa.py\", line 24, in check\n    assert candidate(8) == True\nAssertionError\n",
      "exit_code": 1,
      "status": "Exception"
    },
    {
      "program": "def f(arg1: int) -> bool:\n    \"\"\"Evaluate whether the given number n can be written as the sum of exactly 4 positive even numbers\n    Example\n    >>> f(4)\n    False\n    >>> f(6)\n    False\n    >>> f(8)\n    True\n    \"\"\"\n    return arg1 % 4 == 0\n\ndef check(candidate):\n    assert candidate(4) == False\n    assert candidate(6) == False\n    assert candidate(8) == True\n    assert candidate(10) == True\n    assert candidate(11) == False\n    assert candidate(12) == True\n    assert candidate(13) == False\n    assert candidate(16) == True\n\ndef test_check():\n    check(f)\n\ntest_check()\n",
      "timestamp": 1674255387,
      "stdout": "",
      "stderr": "Traceback (most recent call last):\n  File \"/tmp/tmplj32qi8_.py\", line 26, in <module>\n    test_check()\n  File \"/tmp/tmplj32qi8_.py\", line 24, in test_check\n    check(f)\n  File \"/tmp/tmplj32qi8_.py\", line 14, in check\n    assert candidate(4) == False\nAssertionError\n",
      "exit_code": 1,
      "status": "Exception"
    },
    {
      "program": "def f(arg1: int) -> bool:\n    \"\"\"Evaluate whether the given number n can be written as the sum of exactly 4 positive even numbers\n    Example\n    >>> f(4)\n    False\n    >>> f(6)\n    False\n    >>> f(8)\n    True\n    \"\"\"\n    return arg1 % 4 == 0\n\n\ndef check(candidate):\n    assert candidate(4) == False\n    assert candidate(6) == False\n    assert candidate(8) == True\n    assert candidate(10) == True\n    assert candidate(11) == False\n    assert candidate(12) == True\n    assert candidate(13) == False\n    assert candidate(16) == True\n\ndef test_check():\n    check(f)\n\ntest_check()\n",
      "timestamp": 1674255387,
      "stdout": "",
      "stderr": "Traceback (most recent call last):\n  File \"/tmp/tmp27uf4_yj.py\", line 27, in <module>\n    test_check()\n  File \"/tmp/tmp27uf4_yj.py\", line 25, in test_check\n    check(f)\n  File \"/tmp/tmp27uf4_yj.py\", line 15, in check\n    assert candidate(4) == False\nAssertionError\n",
      "exit_code": 1,
      "status": "Exception"
    },
    {
      "program": "def f(arg1: int) -> bool:\n    \"\"\"Evaluate whether the given number n can be written as the sum of exactly 4 positive even numbers\n    Example\n    >>> f(4)\n    False\n    >>> f(6)\n    False\n    >>> f(8)\n    True\n    \"\"\"\n    if arg1 < 0:\n        return False\n    elif arg1 == 0:\n        return True\n    elif arg1 % 2 == 0:\n        return False\n    else:\n        return True\n\n\ndef check(candidate):\n    assert candidate(4) == False\n    assert candidate(6) == False\n    assert candidate(8) == True\n    assert candidate(10) == True\n    assert candidate(11) == False\n    assert candidate(12) == True\n    assert candidate(13) == False\n    assert candidate(16) == True\n\ndef test_check():\n    check(f)\n\ntest_check()\n",
      "timestamp": 1674255387,
      "stdout": "",
      "stderr": "Traceback (most recent call last):\n  File \"/tmp/tmpq4l3w54v.py\", line 34, in <module>\n    test_check()\n  File \"/tmp/tmpq4l3w54v.py\", line 32, in test_check\n    check(f)\n  File \"/tmp/tmpq4l3w54v.py\", line 24, in check\n    assert candidate(8) == True\nAssertionError\n",
      "exit_code": 1,
      "status": "Exception"
    },
    {
      "program": "def f(arg1: int) -> bool:\n    \"\"\"Evaluate whether the given number n can be written as the sum of exactly 4 positive even numbers\n    Example\n    >>> f(4)\n    False\n    >>> f(6)\n    False\n    >>> f(8)\n    True\n    \"\"\"\n    if arg1 % 2 == 0:\n        return False\n    else:\n        return True\n<|endoftext|>                                                                                                                                                                                                                                                                                                                                                                                                                                                                                                                                                                                                                        \ndef check(candidate):\n    assert candidate(4) == False\n    assert candidate(6) == False\n    assert candidate(8) == True\n    assert candidate(10) == True\n    assert candidate(11) == False\n    assert candidate(12) == True\n    assert candidate(13) == False\n    assert candidate(16) == True\n\ndef test_check():\n    check(f)\n\ntest_check()\n",
      "timestamp": 1674255387,
      "stdout": "",
      "stderr": "  File \"/tmp/tmpn2d30610.py\", line 15\n    <|endoftext|>                                                                                                                                                                                                                                                                                                                                                                                                                                                                                                                                                                                                                        \n    ^\nSyntaxError: invalid syntax\n",
      "exit_code": 1,
      "status": "SyntaxError"
    },
    {
      "program": "def f(arg1: int) -> bool:\n    \"\"\"Evaluate whether the given number n can be written as the sum of exactly 4 positive even numbers\n    Example\n    >>> f(4)\n    False\n    >>> f(6)\n    False\n    >>> f(8)\n    True\n    \"\"\"\n    if arg1 == 0:\n        return False\n    if arg1 % 2 == 0:\n        return True\n    return False\n\n\ndef check(candidate):\n    assert candidate(4) == False\n    assert candidate(6) == False\n    assert candidate(8) == True\n    assert candidate(10) == True\n    assert candidate(11) == False\n    assert candidate(12) == True\n    assert candidate(13) == False\n    assert candidate(16) == True\n\ndef test_check():\n    check(f)\n\ntest_check()\n",
      "timestamp": 1674255387,
      "stdout": "",
      "stderr": "Traceback (most recent call last):\n  File \"/tmp/tmpvn62cig6.py\", line 31, in <module>\n    test_check()\n  File \"/tmp/tmpvn62cig6.py\", line 29, in test_check\n    check(f)\n  File \"/tmp/tmpvn62cig6.py\", line 19, in check\n    assert candidate(4) == False\nAssertionError\n",
      "exit_code": 1,
      "status": "Exception"
    },
    {
      "program": "def f(arg1: int) -> bool:\n    \"\"\"Evaluate whether the given number n can be written as the sum of exactly 4 positive even numbers\n    Example\n    >>> f(4)\n    False\n    >>> f(6)\n    False\n    >>> f(8)\n    True\n    \"\"\"\n    if arg1 < 0:\n        return False\n    elif arg1 > 0:\n        return True\n    else:\n        return False\n<|endoftext|>                                                                                                                                                                                                                                                                              \ndef check(candidate):\n    assert candidate(4) == False\n    assert candidate(6) == False\n    assert candidate(8) == True\n    assert candidate(10) == True\n    assert candidate(11) == False\n    assert candidate(12) == True\n    assert candidate(13) == False\n    assert candidate(16) == True\n\ndef test_check():\n    check(f)\n\ntest_check()\n",
      "timestamp": 1674255387,
      "stdout": "",
      "stderr": "  File \"/tmp/tmpozeytiff.py\", line 17\n    <|endoftext|>                                                                                                                                                                                                                                                                              \n    ^\nSyntaxError: invalid syntax\n",
      "exit_code": 1,
      "status": "SyntaxError"
    },
    {
      "program": "def f(arg1: int) -> bool:\n    \"\"\"Evaluate whether the given number n can be written as the sum of exactly 4 positive even numbers\n    Example\n    >>> f(4)\n    False\n    >>> f(6)\n    False\n    >>> f(8)\n    True\n    \"\"\"\n    if arg1 == 0:\n        return True\n    elif arg1 % 2 == 0:\n        return False\n    else:\n        return f(arg1 - 1)\n\ndef check(candidate):\n    assert candidate(4) == False\n    assert candidate(6) == False\n    assert candidate(8) == True\n    assert candidate(10) == True\n    assert candidate(11) == False\n    assert candidate(12) == True\n    assert candidate(13) == False\n    assert candidate(16) == True\n\ndef test_check():\n    check(f)\n\ntest_check()\n",
      "timestamp": 1674255387,
      "stdout": "",
      "stderr": "Traceback (most recent call last):\n  File \"/tmp/tmp4g4ovqex.py\", line 31, in <module>\n    test_check()\n  File \"/tmp/tmp4g4ovqex.py\", line 29, in test_check\n    check(f)\n  File \"/tmp/tmp4g4ovqex.py\", line 21, in check\n    assert candidate(8) == True\nAssertionError\n",
      "exit_code": 1,
      "status": "Exception"
    },
    {
      "program": "def f(arg1: int) -> bool:\n    \"\"\"Evaluate whether the given number n can be written as the sum of exactly 4 positive even numbers\n    Example\n    >>> f(4)\n    False\n    >>> f(6)\n    False\n    >>> f(8)\n    True\n    \"\"\"\n    return arg1 % 4 == 0\n\n\ndef check(candidate):\n    assert candidate(4) == False\n    assert candidate(6) == False\n    assert candidate(8) == True\n    assert candidate(10) == True\n    assert candidate(11) == False\n    assert candidate(12) == True\n    assert candidate(13) == False\n    assert candidate(16) == True\n\ndef test_check():\n    check(f)\n\ntest_check()\n",
      "timestamp": 1674255387,
      "stdout": "",
      "stderr": "Traceback (most recent call last):\n  File \"/tmp/tmp27uf4_yj.py\", line 27, in <module>\n    test_check()\n  File \"/tmp/tmp27uf4_yj.py\", line 25, in test_check\n    check(f)\n  File \"/tmp/tmp27uf4_yj.py\", line 15, in check\n    assert candidate(4) == False\nAssertionError\n",
      "exit_code": 1,
      "status": "Exception"
    },
    {
      "program": "def f(arg1: int) -> bool:\n    \"\"\"Evaluate whether the given number n can be written as the sum of exactly 4 positive even numbers\n    Example\n    >>> f(4)\n    False\n    >>> f(6)\n    False\n    >>> f(8)\n    True\n    \"\"\"\n    return arg1 % 4 == 0\n\n\ndef check(candidate):\n    assert candidate(4) == False\n    assert candidate(6) == False\n    assert candidate(8) == True\n    assert candidate(10) == True\n    assert candidate(11) == False\n    assert candidate(12) == True\n    assert candidate(13) == False\n    assert candidate(16) == True\n\ndef test_check():\n    check(f)\n\ntest_check()\n",
      "timestamp": 1674255387,
      "stdout": "",
      "stderr": "Traceback (most recent call last):\n  File \"/tmp/tmp27uf4_yj.py\", line 27, in <module>\n    test_check()\n  File \"/tmp/tmp27uf4_yj.py\", line 25, in test_check\n    check(f)\n  File \"/tmp/tmp27uf4_yj.py\", line 15, in check\n    assert candidate(4) == False\nAssertionError\n",
      "exit_code": 1,
      "status": "Exception"
    },
    {
      "program": "def f(arg1: int) -> bool:\n    \"\"\"Evaluate whether the given number n can be written as the sum of exactly 4 positive even numbers\n    Example\n    >>> f(4)\n    False\n    >>> f(6)\n    False\n    >>> f(8)\n    True\n    \"\"\"\n    if arg1 < 0:\n        return False\n    if arg1 > 4:\n        return False\n    return True\n\n\ndef check(candidate):\n    assert candidate(4) == False\n    assert candidate(6) == False\n    assert candidate(8) == True\n    assert candidate(10) == True\n    assert candidate(11) == False\n    assert candidate(12) == True\n    assert candidate(13) == False\n    assert candidate(16) == True\n\ndef test_check():\n    check(f)\n\ntest_check()\n",
      "timestamp": 1674255387,
      "stdout": "",
      "stderr": "Traceback (most recent call last):\n  File \"/tmp/tmpve92tqxr.py\", line 31, in <module>\n    test_check()\n  File \"/tmp/tmpve92tqxr.py\", line 29, in test_check\n    check(f)\n  File \"/tmp/tmpve92tqxr.py\", line 19, in check\n    assert candidate(4) == False\nAssertionError\n",
      "exit_code": 1,
      "status": "Exception"
    },
    {
      "program": "def f(arg1: int) -> bool:\n    \"\"\"Evaluate whether the given number n can be written as the sum of exactly 4 positive even numbers\n    Example\n    >>> f(4)\n    False\n    >>> f(6)\n    False\n    >>> f(8)\n    True\n    \"\"\"\n    return arg1 % 2 == 0\n\ndef check(candidate):\n    assert candidate(4) == False\n    assert candidate(6) == False\n    assert candidate(8) == True\n    assert candidate(10) == True\n    assert candidate(11) == False\n    assert candidate(12) == True\n    assert candidate(13) == False\n    assert candidate(16) == True\n\ndef test_check():\n    check(f)\n\ntest_check()\n",
      "timestamp": 1674255387,
      "stdout": "",
      "stderr": "Traceback (most recent call last):\n  File \"/tmp/tmp7a6kalo3.py\", line 26, in <module>\n    test_check()\n  File \"/tmp/tmp7a6kalo3.py\", line 24, in test_check\n    check(f)\n  File \"/tmp/tmp7a6kalo3.py\", line 14, in check\n    assert candidate(4) == False\nAssertionError\n",
      "exit_code": 1,
      "status": "Exception"
    },
    {
      "program": "def f(arg1: int) -> bool:\n    \"\"\"Evaluate whether the given number n can be written as the sum of exactly 4 positive even numbers\n    Example\n    >>> f(4)\n    False\n    >>> f(6)\n    False\n    >>> f(8)\n    True\n    \"\"\"\n    if arg1 == 0:\n        return False\n    if arg1 % 2 == 0:\n        return True\n    return False\n\ndef check(candidate):\n    assert candidate(4) == False\n    assert candidate(6) == False\n    assert candidate(8) == True\n    assert candidate(10) == True\n    assert candidate(11) == False\n    assert candidate(12) == True\n    assert candidate(13) == False\n    assert candidate(16) == True\n\ndef test_check():\n    check(f)\n\ntest_check()\n",
      "timestamp": 1674255387,
      "stdout": "",
      "stderr": "Traceback (most recent call last):\n  File \"/tmp/tmp2kkgjl76.py\", line 30, in <module>\n    test_check()\n  File \"/tmp/tmp2kkgjl76.py\", line 28, in test_check\n    check(f)\n  File \"/tmp/tmp2kkgjl76.py\", line 18, in check\n    assert candidate(4) == False\nAssertionError\n",
      "exit_code": 1,
      "status": "Exception"
    },
    {
      "program": "def f(arg1: int) -> bool:\n    \"\"\"Evaluate whether the given number n can be written as the sum of exactly 4 positive even numbers\n    Example\n    >>> f(4)\n    False\n    >>> f(6)\n    False\n    >>> f(8)\n    True\n    \"\"\"\n    if arg1 == 0:\n        return False\n    if arg1 % 2 == 0:\n        return True\n    return False\n\n\ndef check(candidate):\n    assert candidate(4) == False\n    assert candidate(6) == False\n    assert candidate(8) == True\n    assert candidate(10) == True\n    assert candidate(11) == False\n    assert candidate(12) == True\n    assert candidate(13) == False\n    assert candidate(16) == True\n\ndef test_check():\n    check(f)\n\ntest_check()\n",
      "timestamp": 1674255387,
      "stdout": "",
      "stderr": "Traceback (most recent call last):\n  File \"/tmp/tmpvn62cig6.py\", line 31, in <module>\n    test_check()\n  File \"/tmp/tmpvn62cig6.py\", line 29, in test_check\n    check(f)\n  File \"/tmp/tmpvn62cig6.py\", line 19, in check\n    assert candidate(4) == False\nAssertionError\n",
      "exit_code": 1,
      "status": "Exception"
    },
    {
      "program": "def f(arg1: int) -> bool:\n    \"\"\"Evaluate whether the given number n can be written as the sum of exactly 4 positive even numbers\n    Example\n    >>> f(4)\n    False\n    >>> f(6)\n    False\n    >>> f(8)\n    True\n    \"\"\"\n    if arg1 == 0:\n        return True\n    elif arg1 % 2 == 0:\n        return False\n    else:\n        return True\n<|endoftext|>                                                                                                                                                                                                                  \ndef check(candidate):\n    assert candidate(4) == False\n    assert candidate(6) == False\n    assert candidate(8) == True\n    assert candidate(10) == True\n    assert candidate(11) == False\n    assert candidate(12) == True\n    assert candidate(13) == False\n    assert candidate(16) == True\n\ndef test_check():\n    check(f)\n\ntest_check()\n",
      "timestamp": 1674255387,
      "stdout": "",
      "stderr": "  File \"/tmp/tmpudlwghe3.py\", line 17\n    <|endoftext|>                                                                                                                                                                                                                  \n    ^\nSyntaxError: invalid syntax\n",
      "exit_code": 1,
      "status": "SyntaxError"
    },
    {
      "program": "def f(arg1: int) -> bool:\n    \"\"\"Evaluate whether the given number n can be written as the sum of exactly 4 positive even numbers\n    Example\n    >>> f(4)\n    False\n    >>> f(6)\n    False\n    >>> f(8)\n    True\n    \"\"\"\n    if arg1 == 0:\n        return True\n    if arg1 % 2 == 0:\n        return False\n    return True\n\ndef check(candidate):\n    assert candidate(4) == False\n    assert candidate(6) == False\n    assert candidate(8) == True\n    assert candidate(10) == True\n    assert candidate(11) == False\n    assert candidate(12) == True\n    assert candidate(13) == False\n    assert candidate(16) == True\n\ndef test_check():\n    check(f)\n\ntest_check()\n",
      "timestamp": 1674255387,
      "stdout": "",
      "stderr": "Traceback (most recent call last):\n  File \"/tmp/tmpf0j5g4_6.py\", line 30, in <module>\n    test_check()\n  File \"/tmp/tmpf0j5g4_6.py\", line 28, in test_check\n    check(f)\n  File \"/tmp/tmpf0j5g4_6.py\", line 20, in check\n    assert candidate(8) == True\nAssertionError\n",
      "exit_code": 1,
      "status": "Exception"
    },
    {
      "program": "def f(arg1: int) -> bool:\n    \"\"\"Evaluate whether the given number n can be written as the sum of exactly 4 positive even numbers\n    Example\n    >>> f(4)\n    False\n    >>> f(6)\n    False\n    >>> f(8)\n    True\n    \"\"\"\n    if arg1 % 2 == 0:\n        return False\n    else:\n        return True\n\n\ndef check(candidate):\n    assert candidate(4) == False\n    assert candidate(6) == False\n    assert candidate(8) == True\n    assert candidate(10) == True\n    assert candidate(11) == False\n    assert candidate(12) == True\n    assert candidate(13) == False\n    assert candidate(16) == True\n\ndef test_check():\n    check(f)\n\ntest_check()\n",
      "timestamp": 1674255387,
      "stdout": "",
      "stderr": "Traceback (most recent call last):\n  File \"/tmp/tmpazzrtc79.py\", line 30, in <module>\n    test_check()\n  File \"/tmp/tmpazzrtc79.py\", line 28, in test_check\n    check(f)\n  File \"/tmp/tmpazzrtc79.py\", line 20, in check\n    assert candidate(8) == True\nAssertionError\n",
      "exit_code": 1,
      "status": "Exception"
    },
    {
      "program": "def f(arg1: int) -> bool:\n    \"\"\"Evaluate whether the given number n can be written as the sum of exactly 4 positive even numbers\n    Example\n    >>> f(4)\n    False\n    >>> f(6)\n    False\n    >>> f(8)\n    True\n    \"\"\"\n    if arg1 == 0:\n        return False\n    elif arg1 % 2 == 0:\n        return True\n    else:\n        return False\n\n\ndef check(candidate):\n    assert candidate(4) == False\n    assert candidate(6) == False\n    assert candidate(8) == True\n    assert candidate(10) == True\n    assert candidate(11) == False\n    assert candidate(12) == True\n    assert candidate(13) == False\n    assert candidate(16) == True\n\ndef test_check():\n    check(f)\n\ntest_check()\n",
      "timestamp": 1674255387,
      "stdout": "",
      "stderr": "Traceback (most recent call last):\n  File \"/tmp/tmpdnaof4rf.py\", line 32, in <module>\n    test_check()\n  File \"/tmp/tmpdnaof4rf.py\", line 30, in test_check\n    check(f)\n  File \"/tmp/tmpdnaof4rf.py\", line 20, in check\n    assert candidate(4) == False\nAssertionError\n",
      "exit_code": 1,
      "status": "Exception"
    },
    {
      "program": "def f(arg1: int) -> bool:\n    \"\"\"Evaluate whether the given number n can be written as the sum of exactly 4 positive even numbers\n    Example\n    >>> f(4)\n    False\n    >>> f(6)\n    False\n    >>> f(8)\n    True\n    \"\"\"\n    return arg1 % 4 == 0\n\ndef check(candidate):\n    assert candidate(4) == False\n    assert candidate(6) == False\n    assert candidate(8) == True\n    assert candidate(10) == True\n    assert candidate(11) == False\n    assert candidate(12) == True\n    assert candidate(13) == False\n    assert candidate(16) == True\n\ndef test_check():\n    check(f)\n\ntest_check()\n",
      "timestamp": 1674255387,
      "stdout": "",
      "stderr": "Traceback (most recent call last):\n  File \"/tmp/tmplj32qi8_.py\", line 26, in <module>\n    test_check()\n  File \"/tmp/tmplj32qi8_.py\", line 24, in test_check\n    check(f)\n  File \"/tmp/tmplj32qi8_.py\", line 14, in check\n    assert candidate(4) == False\nAssertionError\n",
      "exit_code": 1,
      "status": "Exception"
    },
    {
      "program": "def f(arg1: int) -> bool:\n    \"\"\"Evaluate whether the given number n can be written as the sum of exactly 4 positive even numbers\n    Example\n    >>> f(4)\n    False\n    >>> f(6)\n    False\n    >>> f(8)\n    True\n    \"\"\"\n    if arg1 == 0:\n        return False\n    if arg1 % 2 == 0:\n        return False\n    return True\n\ndef check(candidate):\n    assert candidate(4) == False\n    assert candidate(6) == False\n    assert candidate(8) == True\n    assert candidate(10) == True\n    assert candidate(11) == False\n    assert candidate(12) == True\n    assert candidate(13) == False\n    assert candidate(16) == True\n\ndef test_check():\n    check(f)\n\ntest_check()\n",
      "timestamp": 1674255387,
      "stdout": "",
      "stderr": "Traceback (most recent call last):\n  File \"/tmp/tmpbz7lx0r3.py\", line 30, in <module>\n    test_check()\n  File \"/tmp/tmpbz7lx0r3.py\", line 28, in test_check\n    check(f)\n  File \"/tmp/tmpbz7lx0r3.py\", line 20, in check\n    assert candidate(8) == True\nAssertionError\n",
      "exit_code": 1,
      "status": "Exception"
    },
    {
      "program": "def f(arg1: int) -> bool:\n    \"\"\"Evaluate whether the given number n can be written as the sum of exactly 4 positive even numbers\n    Example\n    >>> f(4)\n    False\n    >>> f(6)\n    False\n    >>> f(8)\n    True\n    \"\"\"\n    if arg1 % 2 == 0:\n        return True\n    else:\n        return False\n\n\ndef check(candidate):\n    assert candidate(4) == False\n    assert candidate(6) == False\n    assert candidate(8) == True\n    assert candidate(10) == True\n    assert candidate(11) == False\n    assert candidate(12) == True\n    assert candidate(13) == False\n    assert candidate(16) == True\n\ndef test_check():\n    check(f)\n\ntest_check()\n",
      "timestamp": 1674255387,
      "stdout": "",
      "stderr": "Traceback (most recent call last):\n  File \"/tmp/tmpglitnlo0.py\", line 30, in <module>\n    test_check()\n  File \"/tmp/tmpglitnlo0.py\", line 28, in test_check\n    check(f)\n  File \"/tmp/tmpglitnlo0.py\", line 18, in check\n    assert candidate(4) == False\nAssertionError\n",
      "exit_code": 1,
      "status": "Exception"
    },
    {
      "program": "def f(arg1: int) -> bool:\n    \"\"\"Evaluate whether the given number n can be written as the sum of exactly 4 positive even numbers\n    Example\n    >>> f(4)\n    False\n    >>> f(6)\n    False\n    >>> f(8)\n    True\n    \"\"\"\n    if arg1 < 0:\n        return False\n    elif arg1 > 4:\n        return False\n    elif arg1 % 2 == 0:\n        return True\n    else:\n        return False\n\ndef check(candidate):\n    assert candidate(4) == False\n    assert candidate(6) == False\n    assert candidate(8) == True\n    assert candidate(10) == True\n    assert candidate(11) == False\n    assert candidate(12) == True\n    assert candidate(13) == False\n    assert candidate(16) == True\n\ndef test_check():\n    check(f)\n\ntest_check()\n",
      "timestamp": 1674255387,
      "stdout": "",
      "stderr": "Traceback (most recent call last):\n  File \"/tmp/tmppkme1adk.py\", line 33, in <module>\n    test_check()\n  File \"/tmp/tmppkme1adk.py\", line 31, in test_check\n    check(f)\n  File \"/tmp/tmppkme1adk.py\", line 21, in check\n    assert candidate(4) == False\nAssertionError\n",
      "exit_code": 1,
      "status": "Exception"
    },
    {
      "program": "def f(arg1: int) -> bool:\n    \"\"\"Evaluate whether the given number n can be written as the sum of exactly 4 positive even numbers\n    Example\n    >>> f(4)\n    False\n    >>> f(6)\n    False\n    >>> f(8)\n    True\n    \"\"\"\n    if arg1 == 0:\n        return False\n    elif arg1 % 2 == 0:\n        return True\n    else:\n        return False\n\ndef check(candidate):\n    assert candidate(4) == False\n    assert candidate(6) == False\n    assert candidate(8) == True\n    assert candidate(10) == True\n    assert candidate(11) == False\n    assert candidate(12) == True\n    assert candidate(13) == False\n    assert candidate(16) == True\n\ndef test_check():\n    check(f)\n\ntest_check()\n",
      "timestamp": 1674255387,
      "stdout": "",
      "stderr": "Traceback (most recent call last):\n  File \"/tmp/tmp40ng848w.py\", line 31, in <module>\n    test_check()\n  File \"/tmp/tmp40ng848w.py\", line 29, in test_check\n    check(f)\n  File \"/tmp/tmp40ng848w.py\", line 19, in check\n    assert candidate(4) == False\nAssertionError\n",
      "exit_code": 1,
      "status": "Exception"
    },
    {
      "program": "def f(arg1: int) -> bool:\n    \"\"\"Evaluate whether the given number n can be written as the sum of exactly 4 positive even numbers\n    Example\n    >>> f(4)\n    False\n    >>> f(6)\n    False\n    >>> f(8)\n    True\n    \"\"\"\n    return arg1 % 4 == 0\n\ndef check(candidate):\n    assert candidate(4) == False\n    assert candidate(6) == False\n    assert candidate(8) == True\n    assert candidate(10) == True\n    assert candidate(11) == False\n    assert candidate(12) == True\n    assert candidate(13) == False\n    assert candidate(16) == True\n\ndef test_check():\n    check(f)\n\ntest_check()\n",
      "timestamp": 1674255387,
      "stdout": "",
      "stderr": "Traceback (most recent call last):\n  File \"/tmp/tmplj32qi8_.py\", line 26, in <module>\n    test_check()\n  File \"/tmp/tmplj32qi8_.py\", line 24, in test_check\n    check(f)\n  File \"/tmp/tmplj32qi8_.py\", line 14, in check\n    assert candidate(4) == False\nAssertionError\n",
      "exit_code": 1,
      "status": "Exception"
    },
    {
      "program": "def f(arg1: int) -> bool:\n    \"\"\"Evaluate whether the given number n can be written as the sum of exactly 4 positive even numbers\n    Example\n    >>> f(4)\n    False\n    >>> f(6)\n    False\n    >>> f(8)\n    True\n    \"\"\"\n    return arg1 % 2 == 0\n<|endoftext|>                                                                                                                                                                                                                                                                                                                                                                                                                                                                                                                                                                                                                                                                                                                                                                                                                                                                                                                                                                                                                                                                                                                                                                                                                                                \ndef check(candidate):\n    assert candidate(4) == False\n    assert candidate(6) == False\n    assert candidate(8) == True\n    assert candidate(10) == True\n    assert candidate(11) == False\n    assert candidate(12) == True\n    assert candidate(13) == False\n    assert candidate(16) == True\n\ndef test_check():\n    check(f)\n\ntest_check()\n",
      "timestamp": 1674255387,
      "stdout": "",
      "stderr": "  File \"/tmp/tmpajm5rqc4.py\", line 12\n    \nSyntaxError: invalid syntax\n",
      "exit_code": 1,
      "status": "SyntaxError"
    },
    {
      "program": "def f(arg1: int) -> bool:\n    \"\"\"Evaluate whether the given number n can be written as the sum of exactly 4 positive even numbers\n    Example\n    >>> f(4)\n    False\n    >>> f(6)\n    False\n    >>> f(8)\n    True\n    \"\"\"\n    if arg1 % 2 == 0:\n        return False\n    else:\n        return True\n\ndef check(candidate):\n    assert candidate(4) == False\n    assert candidate(6) == False\n    assert candidate(8) == True\n    assert candidate(10) == True\n    assert candidate(11) == False\n    assert candidate(12) == True\n    assert candidate(13) == False\n    assert candidate(16) == True\n\ndef test_check():\n    check(f)\n\ntest_check()\n",
      "timestamp": 1674255387,
      "stdout": "",
      "stderr": "Traceback (most recent call last):\n  File \"/tmp/tmpi7jxnm0o.py\", line 29, in <module>\n    test_check()\n  File \"/tmp/tmpi7jxnm0o.py\", line 27, in test_check\n    check(f)\n  File \"/tmp/tmpi7jxnm0o.py\", line 19, in check\n    assert candidate(8) == True\nAssertionError\n",
      "exit_code": 1,
      "status": "Exception"
    },
    {
      "program": "def f(arg1: int) -> bool:\n    \"\"\"Evaluate whether the given number n can be written as the sum of exactly 4 positive even numbers\n    Example\n    >>> f(4)\n    False\n    >>> f(6)\n    False\n    >>> f(8)\n    True\n    \"\"\"\n    if arg1 == 0:\n        return True\n    elif arg1 % 2 == 0:\n        return False\n    else:\n        return True\n\n\ndef check(candidate):\n    assert candidate(4) == False\n    assert candidate(6) == False\n    assert candidate(8) == True\n    assert candidate(10) == True\n    assert candidate(11) == False\n    assert candidate(12) == True\n    assert candidate(13) == False\n    assert candidate(16) == True\n\ndef test_check():\n    check(f)\n\ntest_check()\n",
      "timestamp": 1674255387,
      "stdout": "",
      "stderr": "Traceback (most recent call last):\n  File \"/tmp/tmpema2tui7.py\", line 32, in <module>\n    test_check()\n  File \"/tmp/tmpema2tui7.py\", line 30, in test_check\n    check(f)\n  File \"/tmp/tmpema2tui7.py\", line 22, in check\n    assert candidate(8) == True\nAssertionError\n",
      "exit_code": 1,
      "status": "Exception"
    },
    {
      "program": "def f(arg1: int) -> bool:\n    \"\"\"Evaluate whether the given number n can be written as the sum of exactly 4 positive even numbers\n    Example\n    >>> f(4)\n    False\n    >>> f(6)\n    False\n    >>> f(8)\n    True\n    \"\"\"\n    if arg1 % 2 == 0:\n        return False\n    else:\n        return True\n\ndef check(candidate):\n    assert candidate(4) == False\n    assert candidate(6) == False\n    assert candidate(8) == True\n    assert candidate(10) == True\n    assert candidate(11) == False\n    assert candidate(12) == True\n    assert candidate(13) == False\n    assert candidate(16) == True\n\ndef test_check():\n    check(f)\n\ntest_check()\n",
      "timestamp": 1674255387,
      "stdout": "",
      "stderr": "Traceback (most recent call last):\n  File \"/tmp/tmpi7jxnm0o.py\", line 29, in <module>\n    test_check()\n  File \"/tmp/tmpi7jxnm0o.py\", line 27, in test_check\n    check(f)\n  File \"/tmp/tmpi7jxnm0o.py\", line 19, in check\n    assert candidate(8) == True\nAssertionError\n",
      "exit_code": 1,
      "status": "Exception"
    },
    {
      "program": "def f(arg1: int) -> bool:\n    \"\"\"Evaluate whether the given number n can be written as the sum of exactly 4 positive even numbers\n    Example\n    >>> f(4)\n    False\n    >>> f(6)\n    False\n    >>> f(8)\n    True\n    \"\"\"\n    if arg1 == 0:\n        return False\n    if arg1 % 2 == 0:\n        return True\n    return False\n\ndef check(candidate):\n    assert candidate(4) == False\n    assert candidate(6) == False\n    assert candidate(8) == True\n    assert candidate(10) == True\n    assert candidate(11) == False\n    assert candidate(12) == True\n    assert candidate(13) == False\n    assert candidate(16) == True\n\ndef test_check():\n    check(f)\n\ntest_check()\n",
      "timestamp": 1674255387,
      "stdout": "",
      "stderr": "Traceback (most recent call last):\n  File \"/tmp/tmp2kkgjl76.py\", line 30, in <module>\n    test_check()\n  File \"/tmp/tmp2kkgjl76.py\", line 28, in test_check\n    check(f)\n  File \"/tmp/tmp2kkgjl76.py\", line 18, in check\n    assert candidate(4) == False\nAssertionError\n",
      "exit_code": 1,
      "status": "Exception"
    },
    {
      "program": "def f(arg1: int) -> bool:\n    \"\"\"Evaluate whether the given number n can be written as the sum of exactly 4 positive even numbers\n    Example\n    >>> f(4)\n    False\n    >>> f(6)\n    False\n    >>> f(8)\n    True\n    \"\"\"\n    if arg1 % 2 == 0:\n        return False\n    else:\n        return True\n\ndef check(candidate):\n    assert candidate(4) == False\n    assert candidate(6) == False\n    assert candidate(8) == True\n    assert candidate(10) == True\n    assert candidate(11) == False\n    assert candidate(12) == True\n    assert candidate(13) == False\n    assert candidate(16) == True\n\ndef test_check():\n    check(f)\n\ntest_check()\n",
      "timestamp": 1674255387,
      "stdout": "",
      "stderr": "Traceback (most recent call last):\n  File \"/tmp/tmpi7jxnm0o.py\", line 29, in <module>\n    test_check()\n  File \"/tmp/tmpi7jxnm0o.py\", line 27, in test_check\n    check(f)\n  File \"/tmp/tmpi7jxnm0o.py\", line 19, in check\n    assert candidate(8) == True\nAssertionError\n",
      "exit_code": 1,
      "status": "Exception"
    },
    {
      "program": "def f(arg1: int) -> bool:\n    \"\"\"Evaluate whether the given number n can be written as the sum of exactly 4 positive even numbers\n    Example\n    >>> f(4)\n    False\n    >>> f(6)\n    False\n    >>> f(8)\n    True\n    \"\"\"\n    if arg1 % 2 == 0:\n        return False\n    return True\n\n\ndef check(candidate):\n    assert candidate(4) == False\n    assert candidate(6) == False\n    assert candidate(8) == True\n    assert candidate(10) == True\n    assert candidate(11) == False\n    assert candidate(12) == True\n    assert candidate(13) == False\n    assert candidate(16) == True\n\ndef test_check():\n    check(f)\n\ntest_check()\n",
      "timestamp": 1674255387,
      "stdout": "",
      "stderr": "Traceback (most recent call last):\n  File \"/tmp/tmpy9ugfcco.py\", line 29, in <module>\n    test_check()\n  File \"/tmp/tmpy9ugfcco.py\", line 27, in test_check\n    check(f)\n  File \"/tmp/tmpy9ugfcco.py\", line 19, in check\n    assert candidate(8) == True\nAssertionError\n",
      "exit_code": 1,
      "status": "Exception"
    },
    {
      "program": "def f(arg1: int) -> bool:\n    \"\"\"Evaluate whether the given number n can be written as the sum of exactly 4 positive even numbers\n    Example\n    >>> f(4)\n    False\n    >>> f(6)\n    False\n    >>> f(8)\n    True\n    \"\"\"\n    if arg1 == 0:\n        return True\n    elif arg1 % 2 == 0:\n        return False\n    else:\n        return f(arg1 - 1)\n<|endoftext|>                                                                                                                                                                                                                                                \ndef check(candidate):\n    assert candidate(4) == False\n    assert candidate(6) == False\n    assert candidate(8) == True\n    assert candidate(10) == True\n    assert candidate(11) == False\n    assert candidate(12) == True\n    assert candidate(13) == False\n    assert candidate(16) == True\n\ndef test_check():\n    check(f)\n\ntest_check()\n",
      "timestamp": 1674255387,
      "stdout": "",
      "stderr": "  File \"/tmp/tmptyy0ep5k.py\", line 17\n    <|endoftext|>                                                                                                                                                                                                                                                \n    ^\nSyntaxError: invalid syntax\n",
      "exit_code": 1,
      "status": "SyntaxError"
    },
    {
      "program": "def f(arg1: int) -> bool:\n    \"\"\"Evaluate whether the given number n can be written as the sum of exactly 4 positive even numbers\n    Example\n    >>> f(4)\n    False\n    >>> f(6)\n    False\n    >>> f(8)\n    True\n    \"\"\"\n    return arg1 % 4 == 0\n\n\ndef check(candidate):\n    assert candidate(4) == False\n    assert candidate(6) == False\n    assert candidate(8) == True\n    assert candidate(10) == True\n    assert candidate(11) == False\n    assert candidate(12) == True\n    assert candidate(13) == False\n    assert candidate(16) == True\n\ndef test_check():\n    check(f)\n\ntest_check()\n",
      "timestamp": 1674255387,
      "stdout": "",
      "stderr": "Traceback (most recent call last):\n  File \"/tmp/tmp27uf4_yj.py\", line 27, in <module>\n    test_check()\n  File \"/tmp/tmp27uf4_yj.py\", line 25, in test_check\n    check(f)\n  File \"/tmp/tmp27uf4_yj.py\", line 15, in check\n    assert candidate(4) == False\nAssertionError\n",
      "exit_code": 1,
      "status": "Exception"
    },
    {
      "program": "def f(arg1: int) -> bool:\n    \"\"\"Evaluate whether the given number n can be written as the sum of exactly 4 positive even numbers\n    Example\n    >>> f(4)\n    False\n    >>> f(6)\n    False\n    >>> f(8)\n    True\n    \"\"\"\n    if arg1 < 0:\n        return False\n    elif arg1 == 0:\n        return True\n    else:\n        return False\n<|endoftext|>                                                                                                                                                                                                                                                                                                                                                                                                                                                                                                \ndef check(candidate):\n    assert candidate(4) == False\n    assert candidate(6) == False\n    assert candidate(8) == True\n    assert candidate(10) == True\n    assert candidate(11) == False\n    assert candidate(12) == True\n    assert candidate(13) == False\n    assert candidate(16) == True\n\ndef test_check():\n    check(f)\n\ntest_check()\n",
      "timestamp": 1674255387,
      "stdout": "",
      "stderr": "  File \"/tmp/tmpq4k6z3xw.py\", line 17\n    <|endoftext|>                                                                                                                                                                                                                                                                                                                                                                                                                                                                                                \n    ^\nSyntaxError: invalid syntax\n",
      "exit_code": 1,
      "status": "SyntaxError"
    },
    {
      "program": "def f(arg1: int) -> bool:\n    \"\"\"Evaluate whether the given number n can be written as the sum of exactly 4 positive even numbers\n    Example\n    >>> f(4)\n    False\n    >>> f(6)\n    False\n    >>> f(8)\n    True\n    \"\"\"\n    return arg1 % 2 == 0\n\ndef check(candidate):\n    assert candidate(4) == False\n    assert candidate(6) == False\n    assert candidate(8) == True\n    assert candidate(10) == True\n    assert candidate(11) == False\n    assert candidate(12) == True\n    assert candidate(13) == False\n    assert candidate(16) == True\n\ndef test_check():\n    check(f)\n\ntest_check()\n",
      "timestamp": 1674255387,
      "stdout": "",
      "stderr": "Traceback (most recent call last):\n  File \"/tmp/tmp7a6kalo3.py\", line 26, in <module>\n    test_check()\n  File \"/tmp/tmp7a6kalo3.py\", line 24, in test_check\n    check(f)\n  File \"/tmp/tmp7a6kalo3.py\", line 14, in check\n    assert candidate(4) == False\nAssertionError\n",
      "exit_code": 1,
      "status": "Exception"
    },
    {
      "program": "def f(arg1: int) -> bool:\n    \"\"\"Evaluate whether the given number n can be written as the sum of exactly 4 positive even numbers\n    Example\n    >>> f(4)\n    False\n    >>> f(6)\n    False\n    >>> f(8)\n    True\n    \"\"\"\n    return arg1 % 4 == 0\n\ndef check(candidate):\n    assert candidate(4) == False\n    assert candidate(6) == False\n    assert candidate(8) == True\n    assert candidate(10) == True\n    assert candidate(11) == False\n    assert candidate(12) == True\n    assert candidate(13) == False\n    assert candidate(16) == True\n\ndef test_check():\n    check(f)\n\ntest_check()\n",
      "timestamp": 1674255387,
      "stdout": "",
      "stderr": "Traceback (most recent call last):\n  File \"/tmp/tmplj32qi8_.py\", line 26, in <module>\n    test_check()\n  File \"/tmp/tmplj32qi8_.py\", line 24, in test_check\n    check(f)\n  File \"/tmp/tmplj32qi8_.py\", line 14, in check\n    assert candidate(4) == False\nAssertionError\n",
      "exit_code": 1,
      "status": "Exception"
    },
    {
      "program": "def f(arg1: int) -> bool:\n    \"\"\"Evaluate whether the given number n can be written as the sum of exactly 4 positive even numbers\n    Example\n    >>> f(4)\n    False\n    >>> f(6)\n    False\n    >>> f(8)\n    True\n    \"\"\"\n    if arg1 % 2 == 0:\n        return False\n    else:\n        return True\n\ndef check(candidate):\n    assert candidate(4) == False\n    assert candidate(6) == False\n    assert candidate(8) == True\n    assert candidate(10) == True\n    assert candidate(11) == False\n    assert candidate(12) == True\n    assert candidate(13) == False\n    assert candidate(16) == True\n\ndef test_check():\n    check(f)\n\ntest_check()\n",
      "timestamp": 1674255387,
      "stdout": "",
      "stderr": "Traceback (most recent call last):\n  File \"/tmp/tmpi7jxnm0o.py\", line 29, in <module>\n    test_check()\n  File \"/tmp/tmpi7jxnm0o.py\", line 27, in test_check\n    check(f)\n  File \"/tmp/tmpi7jxnm0o.py\", line 19, in check\n    assert candidate(8) == True\nAssertionError\n",
      "exit_code": 1,
      "status": "Exception"
    },
    {
      "program": "def f(arg1: int) -> bool:\n    \"\"\"Evaluate whether the given number n can be written as the sum of exactly 4 positive even numbers\n    Example\n    >>> f(4)\n    False\n    >>> f(6)\n    False\n    >>> f(8)\n    True\n    \"\"\"\n    if arg1 == 0:\n        return False\n    elif arg1 % 2 == 0:\n        return True\n    else:\n        return False\n<|endoftext|>                                                                                                                                                                                                                                                                                                            \ndef check(candidate):\n    assert candidate(4) == False\n    assert candidate(6) == False\n    assert candidate(8) == True\n    assert candidate(10) == True\n    assert candidate(11) == False\n    assert candidate(12) == True\n    assert candidate(13) == False\n    assert candidate(16) == True\n\ndef test_check():\n    check(f)\n\ntest_check()\n",
      "timestamp": 1674255387,
      "stdout": "",
      "stderr": "  File \"/tmp/tmp9za45mgq.py\", line 17\n    <|endoftext|>                                                                                                                                                                                                                                                                                                            \n    ^\nSyntaxError: invalid syntax\n",
      "exit_code": 1,
      "status": "SyntaxError"
    },
    {
      "program": "def f(arg1: int) -> bool:\n    \"\"\"Evaluate whether the given number n can be written as the sum of exactly 4 positive even numbers\n    Example\n    >>> f(4)\n    False\n    >>> f(6)\n    False\n    >>> f(8)\n    True\n    \"\"\"\n    if arg1 == 0:\n        return True\n    if arg1 % 2 == 0:\n        return False\n    return True\n\ndef check(candidate):\n    assert candidate(4) == False\n    assert candidate(6) == False\n    assert candidate(8) == True\n    assert candidate(10) == True\n    assert candidate(11) == False\n    assert candidate(12) == True\n    assert candidate(13) == False\n    assert candidate(16) == True\n\ndef test_check():\n    check(f)\n\ntest_check()\n",
      "timestamp": 1674255387,
      "stdout": "",
      "stderr": "Traceback (most recent call last):\n  File \"/tmp/tmpf0j5g4_6.py\", line 30, in <module>\n    test_check()\n  File \"/tmp/tmpf0j5g4_6.py\", line 28, in test_check\n    check(f)\n  File \"/tmp/tmpf0j5g4_6.py\", line 20, in check\n    assert candidate(8) == True\nAssertionError\n",
      "exit_code": 1,
      "status": "Exception"
    },
    {
      "program": "def f(arg1: int) -> bool:\n    \"\"\"Evaluate whether the given number n can be written as the sum of exactly 4 positive even numbers\n    Example\n    >>> f(4)\n    False\n    >>> f(6)\n    False\n    >>> f(8)\n    True\n    \"\"\"\n    return arg1 % 2 == 0\n\ndef check(candidate):\n    assert candidate(4) == False\n    assert candidate(6) == False\n    assert candidate(8) == True\n    assert candidate(10) == True\n    assert candidate(11) == False\n    assert candidate(12) == True\n    assert candidate(13) == False\n    assert candidate(16) == True\n\ndef test_check():\n    check(f)\n\ntest_check()\n",
      "timestamp": 1674255387,
      "stdout": "",
      "stderr": "Traceback (most recent call last):\n  File \"/tmp/tmp7a6kalo3.py\", line 26, in <module>\n    test_check()\n  File \"/tmp/tmp7a6kalo3.py\", line 24, in test_check\n    check(f)\n  File \"/tmp/tmp7a6kalo3.py\", line 14, in check\n    assert candidate(4) == False\nAssertionError\n",
      "exit_code": 1,
      "status": "Exception"
    },
    {
      "program": "def f(arg1: int) -> bool:\n    \"\"\"Evaluate whether the given number n can be written as the sum of exactly 4 positive even numbers\n    Example\n    >>> f(4)\n    False\n    >>> f(6)\n    False\n    >>> f(8)\n    True\n    \"\"\"\n    return arg1 % 4 == 0\n\n\ndef check(candidate):\n    assert candidate(4) == False\n    assert candidate(6) == False\n    assert candidate(8) == True\n    assert candidate(10) == True\n    assert candidate(11) == False\n    assert candidate(12) == True\n    assert candidate(13) == False\n    assert candidate(16) == True\n\ndef test_check():\n    check(f)\n\ntest_check()\n",
      "timestamp": 1674255387,
      "stdout": "",
      "stderr": "Traceback (most recent call last):\n  File \"/tmp/tmp27uf4_yj.py\", line 27, in <module>\n    test_check()\n  File \"/tmp/tmp27uf4_yj.py\", line 25, in test_check\n    check(f)\n  File \"/tmp/tmp27uf4_yj.py\", line 15, in check\n    assert candidate(4) == False\nAssertionError\n",
      "exit_code": 1,
      "status": "Exception"
    },
    {
      "program": "def f(arg1: int) -> bool:\n    \"\"\"Evaluate whether the given number n can be written as the sum of exactly 4 positive even numbers\n    Example\n    >>> f(4)\n    False\n    >>> f(6)\n    False\n    >>> f(8)\n    True\n    \"\"\"\n    if arg1 == 0:\n        return True\n    if arg1 % 2 == 0:\n        return False\n    return True\n\ndef check(candidate):\n    assert candidate(4) == False\n    assert candidate(6) == False\n    assert candidate(8) == True\n    assert candidate(10) == True\n    assert candidate(11) == False\n    assert candidate(12) == True\n    assert candidate(13) == False\n    assert candidate(16) == True\n\ndef test_check():\n    check(f)\n\ntest_check()\n",
      "timestamp": 1674255387,
      "stdout": "",
      "stderr": "Traceback (most recent call last):\n  File \"/tmp/tmpf0j5g4_6.py\", line 30, in <module>\n    test_check()\n  File \"/tmp/tmpf0j5g4_6.py\", line 28, in test_check\n    check(f)\n  File \"/tmp/tmpf0j5g4_6.py\", line 20, in check\n    assert candidate(8) == True\nAssertionError\n",
      "exit_code": 1,
      "status": "Exception"
    },
    {
      "program": "def f(arg1: int) -> bool:\n    \"\"\"Evaluate whether the given number n can be written as the sum of exactly 4 positive even numbers\n    Example\n    >>> f(4)\n    False\n    >>> f(6)\n    False\n    >>> f(8)\n    True\n    \"\"\"\n    if arg1 == 0:\n        return False\n    elif arg1 == 1:\n        return True\n    else:\n        return False\n<|endoftext|>                                                                                                                                                                                                                                                                                                                                                                        \ndef check(candidate):\n    assert candidate(4) == False\n    assert candidate(6) == False\n    assert candidate(8) == True\n    assert candidate(10) == True\n    assert candidate(11) == False\n    assert candidate(12) == True\n    assert candidate(13) == False\n    assert candidate(16) == True\n\ndef test_check():\n    check(f)\n\ntest_check()\n",
      "timestamp": 1674255387,
      "stdout": "",
      "stderr": "  File \"/tmp/tmph_a1f81l.py\", line 17\n    <|endoftext|>                                                                                                                                                                                                                                                                                                                                                                        \n    ^\nSyntaxError: invalid syntax\n",
      "exit_code": 1,
      "status": "SyntaxError"
    },
    {
      "program": "def f(arg1: int) -> bool:\n    \"\"\"Evaluate whether the given number n can be written as the sum of exactly 4 positive even numbers\n    Example\n    >>> f(4)\n    False\n    >>> f(6)\n    False\n    >>> f(8)\n    True\n    \"\"\"\n    if arg1 < 0:\n        return False\n    if arg1 > 4:\n        return False\n    return True\n\ndef check(candidate):\n    assert candidate(4) == False\n    assert candidate(6) == False\n    assert candidate(8) == True\n    assert candidate(10) == True\n    assert candidate(11) == False\n    assert candidate(12) == True\n    assert candidate(13) == False\n    assert candidate(16) == True\n\ndef test_check():\n    check(f)\n\ntest_check()\n",
      "timestamp": 1674255387,
      "stdout": "",
      "stderr": "Traceback (most recent call last):\n  File \"/tmp/tmpkg7mmey1.py\", line 30, in <module>\n    test_check()\n  File \"/tmp/tmpkg7mmey1.py\", line 28, in test_check\n    check(f)\n  File \"/tmp/tmpkg7mmey1.py\", line 18, in check\n    assert candidate(4) == False\nAssertionError\n",
      "exit_code": 1,
      "status": "Exception"
    },
    {
      "program": "def f(arg1: int) -> bool:\n    \"\"\"Evaluate whether the given number n can be written as the sum of exactly 4 positive even numbers\n    Example\n    >>> f(4)\n    False\n    >>> f(6)\n    False\n    >>> f(8)\n    True\n    \"\"\"\n    if arg1 < 0:\n        return False\n    elif arg1 == 0:\n        return True\n    else:\n        return (arg1 % 2 == 0)\n<|endoftext|>                                                                                                                                                      \ndef check(candidate):\n    assert candidate(4) == False\n    assert candidate(6) == False\n    assert candidate(8) == True\n    assert candidate(10) == True\n    assert candidate(11) == False\n    assert candidate(12) == True\n    assert candidate(13) == False\n    assert candidate(16) == True\n\ndef test_check():\n    check(f)\n\ntest_check()\n",
      "timestamp": 1674255387,
      "stdout": "",
      "stderr": "  File \"/tmp/tmp21yggzpe.py\", line 17\n    <|endoftext|>                                                                                                                                                      \n    ^\nSyntaxError: invalid syntax\n",
      "exit_code": 1,
      "status": "SyntaxError"
    },
    {
      "program": "def f(arg1: int) -> bool:\n    \"\"\"Evaluate whether the given number n can be written as the sum of exactly 4 positive even numbers\n    Example\n    >>> f(4)\n    False\n    >>> f(6)\n    False\n    >>> f(8)\n    True\n    \"\"\"\n    if arg1 % 2 == 0:\n        return False\n    return True\n\ndef check(candidate):\n    assert candidate(4) == False\n    assert candidate(6) == False\n    assert candidate(8) == True\n    assert candidate(10) == True\n    assert candidate(11) == False\n    assert candidate(12) == True\n    assert candidate(13) == False\n    assert candidate(16) == True\n\ndef test_check():\n    check(f)\n\ntest_check()\n",
      "timestamp": 1674255387,
      "stdout": "",
      "stderr": "Traceback (most recent call last):\n  File \"/tmp/tmp9o_cbfga.py\", line 28, in <module>\n    test_check()\n  File \"/tmp/tmp9o_cbfga.py\", line 26, in test_check\n    check(f)\n  File \"/tmp/tmp9o_cbfga.py\", line 18, in check\n    assert candidate(8) == True\nAssertionError\n",
      "exit_code": 1,
      "status": "Exception"
    },
    {
      "program": "def f(arg1: int) -> bool:\n    \"\"\"Evaluate whether the given number n can be written as the sum of exactly 4 positive even numbers\n    Example\n    >>> f(4)\n    False\n    >>> f(6)\n    False\n    >>> f(8)\n    True\n    \"\"\"\n    if arg1 % 2 == 0:\n        return False\n    else:\n        return True\n\n\ndef check(candidate):\n    assert candidate(4) == False\n    assert candidate(6) == False\n    assert candidate(8) == True\n    assert candidate(10) == True\n    assert candidate(11) == False\n    assert candidate(12) == True\n    assert candidate(13) == False\n    assert candidate(16) == True\n\ndef test_check():\n    check(f)\n\ntest_check()\n",
      "timestamp": 1674255387,
      "stdout": "",
      "stderr": "Traceback (most recent call last):\n  File \"/tmp/tmpazzrtc79.py\", line 30, in <module>\n    test_check()\n  File \"/tmp/tmpazzrtc79.py\", line 28, in test_check\n    check(f)\n  File \"/tmp/tmpazzrtc79.py\", line 20, in check\n    assert candidate(8) == True\nAssertionError\n",
      "exit_code": 1,
      "status": "Exception"
    },
    {
      "program": "def f(arg1: int) -> bool:\n    \"\"\"Evaluate whether the given number n can be written as the sum of exactly 4 positive even numbers\n    Example\n    >>> f(4)\n    False\n    >>> f(6)\n    False\n    >>> f(8)\n    True\n    \"\"\"\n    if arg1 == 0:\n        return False\n    if arg1 % 2 == 0:\n        return False\n    if arg1 % 3 == 0:\n        return True\n    return False\n\ndef check(candidate):\n    assert candidate(4) == False\n    assert candidate(6) == False\n    assert candidate(8) == True\n    assert candidate(10) == True\n    assert candidate(11) == False\n    assert candidate(12) == True\n    assert candidate(13) == False\n    assert candidate(16) == True\n\ndef test_check():\n    check(f)\n\ntest_check()\n",
      "timestamp": 1674255387,
      "stdout": "",
      "stderr": "Traceback (most recent call last):\n  File \"/tmp/tmp0trcl21k.py\", line 32, in <module>\n    test_check()\n  File \"/tmp/tmp0trcl21k.py\", line 30, in test_check\n    check(f)\n  File \"/tmp/tmp0trcl21k.py\", line 22, in check\n    assert candidate(8) == True\nAssertionError\n",
      "exit_code": 1,
      "status": "Exception"
    },
    {
      "program": "def f(arg1: int) -> bool:\n    \"\"\"Evaluate whether the given number n can be written as the sum of exactly 4 positive even numbers\n    Example\n    >>> f(4)\n    False\n    >>> f(6)\n    False\n    >>> f(8)\n    True\n    \"\"\"\n    if arg1 < 0:\n        return False\n    if arg1 > 4:\n        return False\n    return True\n\ndef check(candidate):\n    assert candidate(4) == False\n    assert candidate(6) == False\n    assert candidate(8) == True\n    assert candidate(10) == True\n    assert candidate(11) == False\n    assert candidate(12) == True\n    assert candidate(13) == False\n    assert candidate(16) == True\n\ndef test_check():\n    check(f)\n\ntest_check()\n",
      "timestamp": 1674255387,
      "stdout": "",
      "stderr": "Traceback (most recent call last):\n  File \"/tmp/tmpkg7mmey1.py\", line 30, in <module>\n    test_check()\n  File \"/tmp/tmpkg7mmey1.py\", line 28, in test_check\n    check(f)\n  File \"/tmp/tmpkg7mmey1.py\", line 18, in check\n    assert candidate(4) == False\nAssertionError\n",
      "exit_code": 1,
      "status": "Exception"
    },
    {
      "program": "def f(arg1: int) -> bool:\n    \"\"\"Evaluate whether the given number n can be written as the sum of exactly 4 positive even numbers\n    Example\n    >>> f(4)\n    False\n    >>> f(6)\n    False\n    >>> f(8)\n    True\n    \"\"\"\n    if arg1 % 2 == 0:\n        return False\n    else:\n        return True\n\ndef check(candidate):\n    assert candidate(4) == False\n    assert candidate(6) == False\n    assert candidate(8) == True\n    assert candidate(10) == True\n    assert candidate(11) == False\n    assert candidate(12) == True\n    assert candidate(13) == False\n    assert candidate(16) == True\n\ndef test_check():\n    check(f)\n\ntest_check()\n",
      "timestamp": 1674255387,
      "stdout": "",
      "stderr": "Traceback (most recent call last):\n  File \"/tmp/tmpi7jxnm0o.py\", line 29, in <module>\n    test_check()\n  File \"/tmp/tmpi7jxnm0o.py\", line 27, in test_check\n    check(f)\n  File \"/tmp/tmpi7jxnm0o.py\", line 19, in check\n    assert candidate(8) == True\nAssertionError\n",
      "exit_code": 1,
      "status": "Exception"
    },
    {
      "program": "def f(arg1: int) -> bool:\n    \"\"\"Evaluate whether the given number n can be written as the sum of exactly 4 positive even numbers\n    Example\n    >>> f(4)\n    False\n    >>> f(6)\n    False\n    >>> f(8)\n    True\n    \"\"\"\n    if arg1 % 2 == 0:\n        return False\n    elif arg1 % 2 == 1:\n        return True\n    else:\n        return False\n<|endoftext|>                                                                                                                                                                                                                                                \ndef check(candidate):\n    assert candidate(4) == False\n    assert candidate(6) == False\n    assert candidate(8) == True\n    assert candidate(10) == True\n    assert candidate(11) == False\n    assert candidate(12) == True\n    assert candidate(13) == False\n    assert candidate(16) == True\n\ndef test_check():\n    check(f)\n\ntest_check()\n",
      "timestamp": 1674255387,
      "stdout": "",
      "stderr": "  File \"/tmp/tmp233lolh7.py\", line 17\n    <|endoftext|>                                                                                                                                                                                                                                                \n    ^\nSyntaxError: invalid syntax\n",
      "exit_code": 1,
      "status": "SyntaxError"
    },
    {
      "program": "def f(arg1: int) -> bool:\n    \"\"\"Evaluate whether the given number n can be written as the sum of exactly 4 positive even numbers\n    Example\n    >>> f(4)\n    False\n    >>> f(6)\n    False\n    >>> f(8)\n    True\n    \"\"\"\n    return arg1 % 2 == 0\n\ndef check(candidate):\n    assert candidate(4) == False\n    assert candidate(6) == False\n    assert candidate(8) == True\n    assert candidate(10) == True\n    assert candidate(11) == False\n    assert candidate(12) == True\n    assert candidate(13) == False\n    assert candidate(16) == True\n\ndef test_check():\n    check(f)\n\ntest_check()\n",
      "timestamp": 1674255387,
      "stdout": "",
      "stderr": "Traceback (most recent call last):\n  File \"/tmp/tmp7a6kalo3.py\", line 26, in <module>\n    test_check()\n  File \"/tmp/tmp7a6kalo3.py\", line 24, in test_check\n    check(f)\n  File \"/tmp/tmp7a6kalo3.py\", line 14, in check\n    assert candidate(4) == False\nAssertionError\n",
      "exit_code": 1,
      "status": "Exception"
    },
    {
      "program": "def f(arg1: int) -> bool:\n    \"\"\"Evaluate whether the given number n can be written as the sum of exactly 4 positive even numbers\n    Example\n    >>> f(4)\n    False\n    >>> f(6)\n    False\n    >>> f(8)\n    True\n    \"\"\"\n    if arg1 == 0:\n        return False\n    if arg1 % 2 == 0:\n        return False\n    if arg1 % 3 == 0:\n        return True\n    return False\n\n\ndef check(candidate):\n    assert candidate(4) == False\n    assert candidate(6) == False\n    assert candidate(8) == True\n    assert candidate(10) == True\n    assert candidate(11) == False\n    assert candidate(12) == True\n    assert candidate(13) == False\n    assert candidate(16) == True\n\ndef test_check():\n    check(f)\n\ntest_check()\n",
      "timestamp": 1674255387,
      "stdout": "",
      "stderr": "Traceback (most recent call last):\n  File \"/tmp/tmp2r0sr0sd.py\", line 33, in <module>\n    test_check()\n  File \"/tmp/tmp2r0sr0sd.py\", line 31, in test_check\n    check(f)\n  File \"/tmp/tmp2r0sr0sd.py\", line 23, in check\n    assert candidate(8) == True\nAssertionError\n",
      "exit_code": 1,
      "status": "Exception"
    },
    {
      "program": "def f(arg1: int) -> bool:\n    \"\"\"Evaluate whether the given number n can be written as the sum of exactly 4 positive even numbers\n    Example\n    >>> f(4)\n    False\n    >>> f(6)\n    False\n    >>> f(8)\n    True\n    \"\"\"\n    return arg1 % 4 == 0\n\n\ndef check(candidate):\n    assert candidate(4) == False\n    assert candidate(6) == False\n    assert candidate(8) == True\n    assert candidate(10) == True\n    assert candidate(11) == False\n    assert candidate(12) == True\n    assert candidate(13) == False\n    assert candidate(16) == True\n\ndef test_check():\n    check(f)\n\ntest_check()\n",
      "timestamp": 1674255387,
      "stdout": "",
      "stderr": "Traceback (most recent call last):\n  File \"/tmp/tmp27uf4_yj.py\", line 27, in <module>\n    test_check()\n  File \"/tmp/tmp27uf4_yj.py\", line 25, in test_check\n    check(f)\n  File \"/tmp/tmp27uf4_yj.py\", line 15, in check\n    assert candidate(4) == False\nAssertionError\n",
      "exit_code": 1,
      "status": "Exception"
    },
    {
      "program": "def f(arg1: int) -> bool:\n    \"\"\"Evaluate whether the given number n can be written as the sum of exactly 4 positive even numbers\n    Example\n    >>> f(4)\n    False\n    >>> f(6)\n    False\n    >>> f(8)\n    True\n    \"\"\"\n    if arg1 == 0:\n        return False\n    if arg1 % 2 == 0:\n        return False\n    if arg1 % 3 == 0:\n        return True\n    return False\n\n\ndef check(candidate):\n    assert candidate(4) == False\n    assert candidate(6) == False\n    assert candidate(8) == True\n    assert candidate(10) == True\n    assert candidate(11) == False\n    assert candidate(12) == True\n    assert candidate(13) == False\n    assert candidate(16) == True\n\ndef test_check():\n    check(f)\n\ntest_check()\n",
      "timestamp": 1674255387,
      "stdout": "",
      "stderr": "Traceback (most recent call last):\n  File \"/tmp/tmp2r0sr0sd.py\", line 33, in <module>\n    test_check()\n  File \"/tmp/tmp2r0sr0sd.py\", line 31, in test_check\n    check(f)\n  File \"/tmp/tmp2r0sr0sd.py\", line 23, in check\n    assert candidate(8) == True\nAssertionError\n",
      "exit_code": 1,
      "status": "Exception"
    },
    {
      "program": "def f(arg1: int) -> bool:\n    \"\"\"Evaluate whether the given number n can be written as the sum of exactly 4 positive even numbers\n    Example\n    >>> f(4)\n    False\n    >>> f(6)\n    False\n    >>> f(8)\n    True\n    \"\"\"\n    if arg1 % 2 == 0:\n        return False\n    else:\n        return True\n\ndef check(candidate):\n    assert candidate(4) == False\n    assert candidate(6) == False\n    assert candidate(8) == True\n    assert candidate(10) == True\n    assert candidate(11) == False\n    assert candidate(12) == True\n    assert candidate(13) == False\n    assert candidate(16) == True\n\ndef test_check():\n    check(f)\n\ntest_check()\n",
      "timestamp": 1674255387,
      "stdout": "",
      "stderr": "Traceback (most recent call last):\n  File \"/tmp/tmpi7jxnm0o.py\", line 29, in <module>\n    test_check()\n  File \"/tmp/tmpi7jxnm0o.py\", line 27, in test_check\n    check(f)\n  File \"/tmp/tmpi7jxnm0o.py\", line 19, in check\n    assert candidate(8) == True\nAssertionError\n",
      "exit_code": 1,
      "status": "Exception"
    },
    {
      "program": "def f(arg1: int) -> bool:\n    \"\"\"Evaluate whether the given number n can be written as the sum of exactly 4 positive even numbers\n    Example\n    >>> f(4)\n    False\n    >>> f(6)\n    False\n    >>> f(8)\n    True\n    \"\"\"\n    if arg1 == 0:\n        return False\n    if arg1 % 2 == 0:\n        return True\n    return False\n\ndef check(candidate):\n    assert candidate(4) == False\n    assert candidate(6) == False\n    assert candidate(8) == True\n    assert candidate(10) == True\n    assert candidate(11) == False\n    assert candidate(12) == True\n    assert candidate(13) == False\n    assert candidate(16) == True\n\ndef test_check():\n    check(f)\n\ntest_check()\n",
      "timestamp": 1674255387,
      "stdout": "",
      "stderr": "Traceback (most recent call last):\n  File \"/tmp/tmp2kkgjl76.py\", line 30, in <module>\n    test_check()\n  File \"/tmp/tmp2kkgjl76.py\", line 28, in test_check\n    check(f)\n  File \"/tmp/tmp2kkgjl76.py\", line 18, in check\n    assert candidate(4) == False\nAssertionError\n",
      "exit_code": 1,
      "status": "Exception"
    },
    {
      "program": "def f(arg1: int) -> bool:\n    \"\"\"Evaluate whether the given number n can be written as the sum of exactly 4 positive even numbers\n    Example\n    >>> f(4)\n    False\n    >>> f(6)\n    False\n    >>> f(8)\n    True\n    \"\"\"\n    if arg1 < 0:\n        return False\n    if arg1 > 4:\n        return False\n    return True\n\ndef check(candidate):\n    assert candidate(4) == False\n    assert candidate(6) == False\n    assert candidate(8) == True\n    assert candidate(10) == True\n    assert candidate(11) == False\n    assert candidate(12) == True\n    assert candidate(13) == False\n    assert candidate(16) == True\n\ndef test_check():\n    check(f)\n\ntest_check()\n",
      "timestamp": 1674255387,
      "stdout": "",
      "stderr": "Traceback (most recent call last):\n  File \"/tmp/tmpkg7mmey1.py\", line 30, in <module>\n    test_check()\n  File \"/tmp/tmpkg7mmey1.py\", line 28, in test_check\n    check(f)\n  File \"/tmp/tmpkg7mmey1.py\", line 18, in check\n    assert candidate(4) == False\nAssertionError\n",
      "exit_code": 1,
      "status": "Exception"
    },
    {
      "program": "def f(arg1: int) -> bool:\n    \"\"\"Evaluate whether the given number n can be written as the sum of exactly 4 positive even numbers\n    Example\n    >>> f(4)\n    False\n    >>> f(6)\n    False\n    >>> f(8)\n    True\n    \"\"\"\n    if arg1 % 2 == 0:\n        return False\n    return True\n\ndef check(candidate):\n    assert candidate(4) == False\n    assert candidate(6) == False\n    assert candidate(8) == True\n    assert candidate(10) == True\n    assert candidate(11) == False\n    assert candidate(12) == True\n    assert candidate(13) == False\n    assert candidate(16) == True\n\ndef test_check():\n    check(f)\n\ntest_check()\n",
      "timestamp": 1674255387,
      "stdout": "",
      "stderr": "Traceback (most recent call last):\n  File \"/tmp/tmp9o_cbfga.py\", line 28, in <module>\n    test_check()\n  File \"/tmp/tmp9o_cbfga.py\", line 26, in test_check\n    check(f)\n  File \"/tmp/tmp9o_cbfga.py\", line 18, in check\n    assert candidate(8) == True\nAssertionError\n",
      "exit_code": 1,
      "status": "Exception"
    },
    {
      "program": "def f(arg1: int) -> bool:\n    \"\"\"Evaluate whether the given number n can be written as the sum of exactly 4 positive even numbers\n    Example\n    >>> f(4)\n    False\n    >>> f(6)\n    False\n    >>> f(8)\n    True\n    \"\"\"\n    return arg1 % 4 == 0\n\n\ndef check(candidate):\n    assert candidate(4) == False\n    assert candidate(6) == False\n    assert candidate(8) == True\n    assert candidate(10) == True\n    assert candidate(11) == False\n    assert candidate(12) == True\n    assert candidate(13) == False\n    assert candidate(16) == True\n\ndef test_check():\n    check(f)\n\ntest_check()\n",
      "timestamp": 1674255387,
      "stdout": "",
      "stderr": "Traceback (most recent call last):\n  File \"/tmp/tmp27uf4_yj.py\", line 27, in <module>\n    test_check()\n  File \"/tmp/tmp27uf4_yj.py\", line 25, in test_check\n    check(f)\n  File \"/tmp/tmp27uf4_yj.py\", line 15, in check\n    assert candidate(4) == False\nAssertionError\n",
      "exit_code": 1,
      "status": "Exception"
    },
    {
      "program": "def f(arg1: int) -> bool:\n    \"\"\"Evaluate whether the given number n can be written as the sum of exactly 4 positive even numbers\n    Example\n    >>> f(4)\n    False\n    >>> f(6)\n    False\n    >>> f(8)\n    True\n    \"\"\"\n    if arg1 == 0:\n        return False\n    elif arg1 % 2 == 0:\n        return True\n    else:\n        return False\n\ndef check(candidate):\n    assert candidate(4) == False\n    assert candidate(6) == False\n    assert candidate(8) == True\n    assert candidate(10) == True\n    assert candidate(11) == False\n    assert candidate(12) == True\n    assert candidate(13) == False\n    assert candidate(16) == True\n\ndef test_check():\n    check(f)\n\ntest_check()\n",
      "timestamp": 1674255387,
      "stdout": "",
      "stderr": "Traceback (most recent call last):\n  File \"/tmp/tmp40ng848w.py\", line 31, in <module>\n    test_check()\n  File \"/tmp/tmp40ng848w.py\", line 29, in test_check\n    check(f)\n  File \"/tmp/tmp40ng848w.py\", line 19, in check\n    assert candidate(4) == False\nAssertionError\n",
      "exit_code": 1,
      "status": "Exception"
    },
    {
      "program": "def f(arg1: int) -> bool:\n    \"\"\"Evaluate whether the given number n can be written as the sum of exactly 4 positive even numbers\n    Example\n    >>> f(4)\n    False\n    >>> f(6)\n    False\n    >>> f(8)\n    True\n    \"\"\"\n    if arg1 < 0:\n        return False\n    if arg1 > 4:\n        return False\n    return True\n\n\ndef check(candidate):\n    assert candidate(4) == False\n    assert candidate(6) == False\n    assert candidate(8) == True\n    assert candidate(10) == True\n    assert candidate(11) == False\n    assert candidate(12) == True\n    assert candidate(13) == False\n    assert candidate(16) == True\n\ndef test_check():\n    check(f)\n\ntest_check()\n",
      "timestamp": 1674255387,
      "stdout": "",
      "stderr": "Traceback (most recent call last):\n  File \"/tmp/tmpve92tqxr.py\", line 31, in <module>\n    test_check()\n  File \"/tmp/tmpve92tqxr.py\", line 29, in test_check\n    check(f)\n  File \"/tmp/tmpve92tqxr.py\", line 19, in check\n    assert candidate(4) == False\nAssertionError\n",
      "exit_code": 1,
      "status": "Exception"
    },
    {
      "program": "def f(arg1: int) -> bool:\n    \"\"\"Evaluate whether the given number n can be written as the sum of exactly 4 positive even numbers\n    Example\n    >>> f(4)\n    False\n    >>> f(6)\n    False\n    >>> f(8)\n    True\n    \"\"\"\n    if arg1 % 2 == 0:\n        return False\n    else:\n        return True\n\n\ndef check(candidate):\n    assert candidate(4) == False\n    assert candidate(6) == False\n    assert candidate(8) == True\n    assert candidate(10) == True\n    assert candidate(11) == False\n    assert candidate(12) == True\n    assert candidate(13) == False\n    assert candidate(16) == True\n\ndef test_check():\n    check(f)\n\ntest_check()\n",
      "timestamp": 1674255387,
      "stdout": "",
      "stderr": "Traceback (most recent call last):\n  File \"/tmp/tmpazzrtc79.py\", line 30, in <module>\n    test_check()\n  File \"/tmp/tmpazzrtc79.py\", line 28, in test_check\n    check(f)\n  File \"/tmp/tmpazzrtc79.py\", line 20, in check\n    assert candidate(8) == True\nAssertionError\n",
      "exit_code": 1,
      "status": "Exception"
    },
    {
      "program": "def f(arg1: int) -> bool:\n    \"\"\"Evaluate whether the given number n can be written as the sum of exactly 4 positive even numbers\n    Example\n    >>> f(4)\n    False\n    >>> f(6)\n    False\n    >>> f(8)\n    True\n    \"\"\"\n    if arg1 < 0:\n        return False\n    if arg1 > 4:\n        return False\n    return True\n\n\ndef check(candidate):\n    assert candidate(4) == False\n    assert candidate(6) == False\n    assert candidate(8) == True\n    assert candidate(10) == True\n    assert candidate(11) == False\n    assert candidate(12) == True\n    assert candidate(13) == False\n    assert candidate(16) == True\n\ndef test_check():\n    check(f)\n\ntest_check()\n",
      "timestamp": 1674255387,
      "stdout": "",
      "stderr": "Traceback (most recent call last):\n  File \"/tmp/tmpve92tqxr.py\", line 31, in <module>\n    test_check()\n  File \"/tmp/tmpve92tqxr.py\", line 29, in test_check\n    check(f)\n  File \"/tmp/tmpve92tqxr.py\", line 19, in check\n    assert candidate(4) == False\nAssertionError\n",
      "exit_code": 1,
      "status": "Exception"
    },
    {
      "program": "def f(arg1: int) -> bool:\n    \"\"\"Evaluate whether the given number n can be written as the sum of exactly 4 positive even numbers\n    Example\n    >>> f(4)\n    False\n    >>> f(6)\n    False\n    >>> f(8)\n    True\n    \"\"\"\n    return arg1 % 4 == 0\n\ndef check(candidate):\n    assert candidate(4) == False\n    assert candidate(6) == False\n    assert candidate(8) == True\n    assert candidate(10) == True\n    assert candidate(11) == False\n    assert candidate(12) == True\n    assert candidate(13) == False\n    assert candidate(16) == True\n\ndef test_check():\n    check(f)\n\ntest_check()\n",
      "timestamp": 1674255387,
      "stdout": "",
      "stderr": "Traceback (most recent call last):\n  File \"/tmp/tmplj32qi8_.py\", line 26, in <module>\n    test_check()\n  File \"/tmp/tmplj32qi8_.py\", line 24, in test_check\n    check(f)\n  File \"/tmp/tmplj32qi8_.py\", line 14, in check\n    assert candidate(4) == False\nAssertionError\n",
      "exit_code": 1,
      "status": "Exception"
    },
    {
      "program": "def f(arg1: int) -> bool:\n    \"\"\"Evaluate whether the given number n can be written as the sum of exactly 4 positive even numbers\n    Example\n    >>> f(4)\n    False\n    >>> f(6)\n    False\n    >>> f(8)\n    True\n    \"\"\"\n    if arg1 == 0:\n        return False\n    if arg1 % 2 == 0:\n        return False\n    return True\n\ndef check(candidate):\n    assert candidate(4) == False\n    assert candidate(6) == False\n    assert candidate(8) == True\n    assert candidate(10) == True\n    assert candidate(11) == False\n    assert candidate(12) == True\n    assert candidate(13) == False\n    assert candidate(16) == True\n\ndef test_check():\n    check(f)\n\ntest_check()\n",
      "timestamp": 1674255387,
      "stdout": "",
      "stderr": "Traceback (most recent call last):\n  File \"/tmp/tmpbz7lx0r3.py\", line 30, in <module>\n    test_check()\n  File \"/tmp/tmpbz7lx0r3.py\", line 28, in test_check\n    check(f)\n  File \"/tmp/tmpbz7lx0r3.py\", line 20, in check\n    assert candidate(8) == True\nAssertionError\n",
      "exit_code": 1,
      "status": "Exception"
    },
    {
      "program": "def f(arg1: int) -> bool:\n    \"\"\"Evaluate whether the given number n can be written as the sum of exactly 4 positive even numbers\n    Example\n    >>> f(4)\n    False\n    >>> f(6)\n    False\n    >>> f(8)\n    True\n    \"\"\"\n    if arg1 == 0:\n        return False\n    if arg1 % 2 == 0:\n        return True\n    return False\n\n\ndef check(candidate):\n    assert candidate(4) == False\n    assert candidate(6) == False\n    assert candidate(8) == True\n    assert candidate(10) == True\n    assert candidate(11) == False\n    assert candidate(12) == True\n    assert candidate(13) == False\n    assert candidate(16) == True\n\ndef test_check():\n    check(f)\n\ntest_check()\n",
      "timestamp": 1674255387,
      "stdout": "",
      "stderr": "Traceback (most recent call last):\n  File \"/tmp/tmpvn62cig6.py\", line 31, in <module>\n    test_check()\n  File \"/tmp/tmpvn62cig6.py\", line 29, in test_check\n    check(f)\n  File \"/tmp/tmpvn62cig6.py\", line 19, in check\n    assert candidate(4) == False\nAssertionError\n",
      "exit_code": 1,
      "status": "Exception"
    },
    {
      "program": "def f(arg1: int) -> bool:\n    \"\"\"Evaluate whether the given number n can be written as the sum of exactly 4 positive even numbers\n    Example\n    >>> f(4)\n    False\n    >>> f(6)\n    False\n    >>> f(8)\n    True\n    \"\"\"\n    if arg1 % 2 == 0:\n        return False\n    elif arg1 % 2 == 1:\n        return True\n    else:\n        return False\n\n\ndef check(candidate):\n    assert candidate(4) == False\n    assert candidate(6) == False\n    assert candidate(8) == True\n    assert candidate(10) == True\n    assert candidate(11) == False\n    assert candidate(12) == True\n    assert candidate(13) == False\n    assert candidate(16) == True\n\ndef test_check():\n    check(f)\n\ntest_check()\n",
      "timestamp": 1674255387,
      "stdout": "",
      "stderr": "Traceback (most recent call last):\n  File \"/tmp/tmp5s0c5eab.py\", line 32, in <module>\n    test_check()\n  File \"/tmp/tmp5s0c5eab.py\", line 30, in test_check\n    check(f)\n  File \"/tmp/tmp5s0c5eab.py\", line 22, in check\n    assert candidate(8) == True\nAssertionError\n",
      "exit_code": 1,
      "status": "Exception"
    },
    {
      "program": "def f(arg1: int) -> bool:\n    \"\"\"Evaluate whether the given number n can be written as the sum of exactly 4 positive even numbers\n    Example\n    >>> f(4)\n    False\n    >>> f(6)\n    False\n    >>> f(8)\n    True\n    \"\"\"\n    if arg1 < 0:\n        return False\n    elif arg1 == 0:\n        return True\n    elif arg1 % 2 == 0:\n        return False\n    else:\n        return True\n\n\ndef check(candidate):\n    assert candidate(4) == False\n    assert candidate(6) == False\n    assert candidate(8) == True\n    assert candidate(10) == True\n    assert candidate(11) == False\n    assert candidate(12) == True\n    assert candidate(13) == False\n    assert candidate(16) == True\n\ndef test_check():\n    check(f)\n\ntest_check()\n",
      "timestamp": 1674255387,
      "stdout": "",
      "stderr": "Traceback (most recent call last):\n  File \"/tmp/tmpq4l3w54v.py\", line 34, in <module>\n    test_check()\n  File \"/tmp/tmpq4l3w54v.py\", line 32, in test_check\n    check(f)\n  File \"/tmp/tmpq4l3w54v.py\", line 24, in check\n    assert candidate(8) == True\nAssertionError\n",
      "exit_code": 1,
      "status": "Exception"
    },
    {
      "program": "def f(arg1: int) -> bool:\n    \"\"\"Evaluate whether the given number n can be written as the sum of exactly 4 positive even numbers\n    Example\n    >>> f(4)\n    False\n    >>> f(6)\n    False\n    >>> f(8)\n    True\n    \"\"\"\n    return arg1 % 4 == 0\n\ndef check(candidate):\n    assert candidate(4) == False\n    assert candidate(6) == False\n    assert candidate(8) == True\n    assert candidate(10) == True\n    assert candidate(11) == False\n    assert candidate(12) == True\n    assert candidate(13) == False\n    assert candidate(16) == True\n\ndef test_check():\n    check(f)\n\ntest_check()\n",
      "timestamp": 1674255387,
      "stdout": "",
      "stderr": "Traceback (most recent call last):\n  File \"/tmp/tmplj32qi8_.py\", line 26, in <module>\n    test_check()\n  File \"/tmp/tmplj32qi8_.py\", line 24, in test_check\n    check(f)\n  File \"/tmp/tmplj32qi8_.py\", line 14, in check\n    assert candidate(4) == False\nAssertionError\n",
      "exit_code": 1,
      "status": "Exception"
    },
    {
      "program": "def f(arg1: int) -> bool:\n    \"\"\"Evaluate whether the given number n can be written as the sum of exactly 4 positive even numbers\n    Example\n    >>> f(4)\n    False\n    >>> f(6)\n    False\n    >>> f(8)\n    True\n    \"\"\"\n    if arg1 % 2 == 0:\n        return False\n    else:\n        return True\n\ndef check(candidate):\n    assert candidate(4) == False\n    assert candidate(6) == False\n    assert candidate(8) == True\n    assert candidate(10) == True\n    assert candidate(11) == False\n    assert candidate(12) == True\n    assert candidate(13) == False\n    assert candidate(16) == True\n\ndef test_check():\n    check(f)\n\ntest_check()\n",
      "timestamp": 1674255387,
      "stdout": "",
      "stderr": "Traceback (most recent call last):\n  File \"/tmp/tmpi7jxnm0o.py\", line 29, in <module>\n    test_check()\n  File \"/tmp/tmpi7jxnm0o.py\", line 27, in test_check\n    check(f)\n  File \"/tmp/tmpi7jxnm0o.py\", line 19, in check\n    assert candidate(8) == True\nAssertionError\n",
      "exit_code": 1,
      "status": "Exception"
    },
    {
      "program": "def f(arg1: int) -> bool:\n    \"\"\"Evaluate whether the given number n can be written as the sum of exactly 4 positive even numbers\n    Example\n    >>> f(4)\n    False\n    >>> f(6)\n    False\n    >>> f(8)\n    True\n    \"\"\"\n    return arg1 % 4 == 0\n\ndef check(candidate):\n    assert candidate(4) == False\n    assert candidate(6) == False\n    assert candidate(8) == True\n    assert candidate(10) == True\n    assert candidate(11) == False\n    assert candidate(12) == True\n    assert candidate(13) == False\n    assert candidate(16) == True\n\ndef test_check():\n    check(f)\n\ntest_check()\n",
      "timestamp": 1674255387,
      "stdout": "",
      "stderr": "Traceback (most recent call last):\n  File \"/tmp/tmplj32qi8_.py\", line 26, in <module>\n    test_check()\n  File \"/tmp/tmplj32qi8_.py\", line 24, in test_check\n    check(f)\n  File \"/tmp/tmplj32qi8_.py\", line 14, in check\n    assert candidate(4) == False\nAssertionError\n",
      "exit_code": 1,
      "status": "Exception"
    },
    {
      "program": "def f(arg1: int) -> bool:\n    \"\"\"Evaluate whether the given number n can be written as the sum of exactly 4 positive even numbers\n    Example\n    >>> f(4)\n    False\n    >>> f(6)\n    False\n    >>> f(8)\n    True\n    \"\"\"\n    if arg1 % 2 == 0:\n        return False\n    else:\n        return True\n<|endoftext|>                                                                                                                                                                                                                                                                                                                                                                                                                                                                                                                                                                                                                                                                                                                                                                                                                                          \ndef check(candidate):\n    assert candidate(4) == False\n    assert candidate(6) == False\n    assert candidate(8) == True\n    assert candidate(10) == True\n    assert candidate(11) == False\n    assert candidate(12) == True\n    assert candidate(13) == False\n    assert candidate(16) == True\n\ndef test_check():\n    check(f)\n\ntest_check()\n",
      "timestamp": 1674255387,
      "stdout": "",
      "stderr": "  File \"/tmp/tmph0grklzx.py\", line 15\n    <|endoftext|>                                                                                                                                                                                                                                                                                                                                                                                                                                                                                                                                                                                                                                                                                                                                                                                                                                          \n    ^\nSyntaxError: invalid syntax\n",
      "exit_code": 1,
      "status": "SyntaxError"
    },
    {
      "program": "def f(arg1: int) -> bool:\n    \"\"\"Evaluate whether the given number n can be written as the sum of exactly 4 positive even numbers\n    Example\n    >>> f(4)\n    False\n    >>> f(6)\n    False\n    >>> f(8)\n    True\n    \"\"\"\n    if arg1 % 2 == 0:\n        return False\n    else:\n        return True\n<|endoftext|>                                                                                                                                                                                                                                                                                                                                                                                                                                                                                                                                                                                                                                                                                                                                                                                                                                          \ndef check(candidate):\n    assert candidate(4) == False\n    assert candidate(6) == False\n    assert candidate(8) == True\n    assert candidate(10) == True\n    assert candidate(11) == False\n    assert candidate(12) == True\n    assert candidate(13) == False\n    assert candidate(16) == True\n\ndef test_check():\n    check(f)\n\ntest_check()\n",
      "timestamp": 1674255387,
      "stdout": "",
      "stderr": "  File \"/tmp/tmph0grklzx.py\", line 15\n    <|endoftext|>                                                                                                                                                                                                                                                                                                                                                                                                                                                                                                                                                                                                                                                                                                                                                                                                                                          \n    ^\nSyntaxError: invalid syntax\n",
      "exit_code": 1,
      "status": "SyntaxError"
    },
    {
      "program": "def f(arg1: int) -> bool:\n    \"\"\"Evaluate whether the given number n can be written as the sum of exactly 4 positive even numbers\n    Example\n    >>> f(4)\n    False\n    >>> f(6)\n    False\n    >>> f(8)\n    True\n    \"\"\"\n    if arg1 == 0:\n        return False\n    elif arg1 % 2 == 0:\n        return False\n    else:\n        return True\n<|endoftext|>                                                                                                                                                                                                                                                                                                                                                                                                                                    \ndef check(candidate):\n    assert candidate(4) == False\n    assert candidate(6) == False\n    assert candidate(8) == True\n    assert candidate(10) == True\n    assert candidate(11) == False\n    assert candidate(12) == True\n    assert candidate(13) == False\n    assert candidate(16) == True\n\ndef test_check():\n    check(f)\n\ntest_check()\n",
      "timestamp": 1674255387,
      "stdout": "",
      "stderr": "  File \"/tmp/tmp_sca6gtv.py\", line 17\n    <|endoftext|>                                                                                                                                                                                                                                                                                                                                                                                                                                    \n    ^\nSyntaxError: invalid syntax\n",
      "exit_code": 1,
      "status": "SyntaxError"
    },
    {
      "program": "def f(arg1: int) -> bool:\n    \"\"\"Evaluate whether the given number n can be written as the sum of exactly 4 positive even numbers\n    Example\n    >>> f(4)\n    False\n    >>> f(6)\n    False\n    >>> f(8)\n    True\n    \"\"\"\n    return arg1 % 4 == 0\n\ndef check(candidate):\n    assert candidate(4) == False\n    assert candidate(6) == False\n    assert candidate(8) == True\n    assert candidate(10) == True\n    assert candidate(11) == False\n    assert candidate(12) == True\n    assert candidate(13) == False\n    assert candidate(16) == True\n\ndef test_check():\n    check(f)\n\ntest_check()\n",
      "timestamp": 1674255387,
      "stdout": "",
      "stderr": "Traceback (most recent call last):\n  File \"/tmp/tmplj32qi8_.py\", line 26, in <module>\n    test_check()\n  File \"/tmp/tmplj32qi8_.py\", line 24, in test_check\n    check(f)\n  File \"/tmp/tmplj32qi8_.py\", line 14, in check\n    assert candidate(4) == False\nAssertionError\n",
      "exit_code": 1,
      "status": "Exception"
    },
    {
      "program": "def f(arg1: int) -> bool:\n    \"\"\"Evaluate whether the given number n can be written as the sum of exactly 4 positive even numbers\n    Example\n    >>> f(4)\n    False\n    >>> f(6)\n    False\n    >>> f(8)\n    True\n    \"\"\"\n    if arg1 == 0:\n        return False\n    if arg1 % 2 == 0:\n        return True\n    return False\n\n\ndef check(candidate):\n    assert candidate(4) == False\n    assert candidate(6) == False\n    assert candidate(8) == True\n    assert candidate(10) == True\n    assert candidate(11) == False\n    assert candidate(12) == True\n    assert candidate(13) == False\n    assert candidate(16) == True\n\ndef test_check():\n    check(f)\n\ntest_check()\n",
      "timestamp": 1674255387,
      "stdout": "",
      "stderr": "Traceback (most recent call last):\n  File \"/tmp/tmpvn62cig6.py\", line 31, in <module>\n    test_check()\n  File \"/tmp/tmpvn62cig6.py\", line 29, in test_check\n    check(f)\n  File \"/tmp/tmpvn62cig6.py\", line 19, in check\n    assert candidate(4) == False\nAssertionError\n",
      "exit_code": 1,
      "status": "Exception"
    },
    {
      "program": "def f(arg1: int) -> bool:\n    \"\"\"Evaluate whether the given number n can be written as the sum of exactly 4 positive even numbers\n    Example\n    >>> f(4)\n    False\n    >>> f(6)\n    False\n    >>> f(8)\n    True\n    \"\"\"\n    if arg1 == 0:\n        return True\n    elif arg1 % 2 == 0:\n        return False\n    else:\n        return True\n\n\ndef check(candidate):\n    assert candidate(4) == False\n    assert candidate(6) == False\n    assert candidate(8) == True\n    assert candidate(10) == True\n    assert candidate(11) == False\n    assert candidate(12) == True\n    assert candidate(13) == False\n    assert candidate(16) == True\n\ndef test_check():\n    check(f)\n\ntest_check()\n",
      "timestamp": 1674255387,
      "stdout": "",
      "stderr": "Traceback (most recent call last):\n  File \"/tmp/tmpema2tui7.py\", line 32, in <module>\n    test_check()\n  File \"/tmp/tmpema2tui7.py\", line 30, in test_check\n    check(f)\n  File \"/tmp/tmpema2tui7.py\", line 22, in check\n    assert candidate(8) == True\nAssertionError\n",
      "exit_code": 1,
      "status": "Exception"
    },
    {
      "program": "def f(arg1: int) -> bool:\n    \"\"\"Evaluate whether the given number n can be written as the sum of exactly 4 positive even numbers\n    Example\n    >>> f(4)\n    False\n    >>> f(6)\n    False\n    >>> f(8)\n    True\n    \"\"\"\n    if arg1 == 0:\n        return False\n    if arg1 % 2 == 0:\n        return True\n    return False\n\ndef check(candidate):\n    assert candidate(4) == False\n    assert candidate(6) == False\n    assert candidate(8) == True\n    assert candidate(10) == True\n    assert candidate(11) == False\n    assert candidate(12) == True\n    assert candidate(13) == False\n    assert candidate(16) == True\n\ndef test_check():\n    check(f)\n\ntest_check()\n",
      "timestamp": 1674255387,
      "stdout": "",
      "stderr": "Traceback (most recent call last):\n  File \"/tmp/tmp2kkgjl76.py\", line 30, in <module>\n    test_check()\n  File \"/tmp/tmp2kkgjl76.py\", line 28, in test_check\n    check(f)\n  File \"/tmp/tmp2kkgjl76.py\", line 18, in check\n    assert candidate(4) == False\nAssertionError\n",
      "exit_code": 1,
      "status": "Exception"
    },
    {
      "program": "def f(arg1: int) -> bool:\n    \"\"\"Evaluate whether the given number n can be written as the sum of exactly 4 positive even numbers\n    Example\n    >>> f(4)\n    False\n    >>> f(6)\n    False\n    >>> f(8)\n    True\n    \"\"\"\n    if arg1 % 2 == 0:\n        return True\n    else:\n        return False\n\n\ndef check(candidate):\n    assert candidate(4) == False\n    assert candidate(6) == False\n    assert candidate(8) == True\n    assert candidate(10) == True\n    assert candidate(11) == False\n    assert candidate(12) == True\n    assert candidate(13) == False\n    assert candidate(16) == True\n\ndef test_check():\n    check(f)\n\ntest_check()\n",
      "timestamp": 1674255387,
      "stdout": "",
      "stderr": "Traceback (most recent call last):\n  File \"/tmp/tmpglitnlo0.py\", line 30, in <module>\n    test_check()\n  File \"/tmp/tmpglitnlo0.py\", line 28, in test_check\n    check(f)\n  File \"/tmp/tmpglitnlo0.py\", line 18, in check\n    assert candidate(4) == False\nAssertionError\n",
      "exit_code": 1,
      "status": "Exception"
    },
    {
      "program": "def f(arg1: int) -> bool:\n    \"\"\"Evaluate whether the given number n can be written as the sum of exactly 4 positive even numbers\n    Example\n    >>> f(4)\n    False\n    >>> f(6)\n    False\n    >>> f(8)\n    True\n    \"\"\"\n    if arg1 == 0:\n        return False\n    if arg1 % 2 == 0:\n        return True\n    return False\n\n\ndef check(candidate):\n    assert candidate(4) == False\n    assert candidate(6) == False\n    assert candidate(8) == True\n    assert candidate(10) == True\n    assert candidate(11) == False\n    assert candidate(12) == True\n    assert candidate(13) == False\n    assert candidate(16) == True\n\ndef test_check():\n    check(f)\n\ntest_check()\n",
      "timestamp": 1674255387,
      "stdout": "",
      "stderr": "Traceback (most recent call last):\n  File \"/tmp/tmpvn62cig6.py\", line 31, in <module>\n    test_check()\n  File \"/tmp/tmpvn62cig6.py\", line 29, in test_check\n    check(f)\n  File \"/tmp/tmpvn62cig6.py\", line 19, in check\n    assert candidate(4) == False\nAssertionError\n",
      "exit_code": 1,
      "status": "Exception"
    },
    {
      "program": "def f(arg1: int) -> bool:\n    \"\"\"Evaluate whether the given number n can be written as the sum of exactly 4 positive even numbers\n    Example\n    >>> f(4)\n    False\n    >>> f(6)\n    False\n    >>> f(8)\n    True\n    \"\"\"\n    if arg1 == 0:\n        return False\n    elif arg1 % 2 == 0:\n        return True\n    else:\n        return False\n\n\ndef check(candidate):\n    assert candidate(4) == False\n    assert candidate(6) == False\n    assert candidate(8) == True\n    assert candidate(10) == True\n    assert candidate(11) == False\n    assert candidate(12) == True\n    assert candidate(13) == False\n    assert candidate(16) == True\n\ndef test_check():\n    check(f)\n\ntest_check()\n",
      "timestamp": 1674255387,
      "stdout": "",
      "stderr": "Traceback (most recent call last):\n  File \"/tmp/tmpdnaof4rf.py\", line 32, in <module>\n    test_check()\n  File \"/tmp/tmpdnaof4rf.py\", line 30, in test_check\n    check(f)\n  File \"/tmp/tmpdnaof4rf.py\", line 20, in check\n    assert candidate(4) == False\nAssertionError\n",
      "exit_code": 1,
      "status": "Exception"
    },
    {
      "program": "def f(arg1: int) -> bool:\n    \"\"\"Evaluate whether the given number n can be written as the sum of exactly 4 positive even numbers\n    Example\n    >>> f(4)\n    False\n    >>> f(6)\n    False\n    >>> f(8)\n    True\n    \"\"\"\n    return arg1 % 4 == 0\n\n\ndef check(candidate):\n    assert candidate(4) == False\n    assert candidate(6) == False\n    assert candidate(8) == True\n    assert candidate(10) == True\n    assert candidate(11) == False\n    assert candidate(12) == True\n    assert candidate(13) == False\n    assert candidate(16) == True\n\ndef test_check():\n    check(f)\n\ntest_check()\n",
      "timestamp": 1674255387,
      "stdout": "",
      "stderr": "Traceback (most recent call last):\n  File \"/tmp/tmp27uf4_yj.py\", line 27, in <module>\n    test_check()\n  File \"/tmp/tmp27uf4_yj.py\", line 25, in test_check\n    check(f)\n  File \"/tmp/tmp27uf4_yj.py\", line 15, in check\n    assert candidate(4) == False\nAssertionError\n",
      "exit_code": 1,
      "status": "Exception"
    },
    {
      "program": "def f(arg1: int) -> bool:\n    \"\"\"Evaluate whether the given number n can be written as the sum of exactly 4 positive even numbers\n    Example\n    >>> f(4)\n    False\n    >>> f(6)\n    False\n    >>> f(8)\n    True\n    \"\"\"\n    if arg1 == 0:\n        return False\n    if arg1 % 2 == 0:\n        return False\n    return True\n\n\ndef check(candidate):\n    assert candidate(4) == False\n    assert candidate(6) == False\n    assert candidate(8) == True\n    assert candidate(10) == True\n    assert candidate(11) == False\n    assert candidate(12) == True\n    assert candidate(13) == False\n    assert candidate(16) == True\n\ndef test_check():\n    check(f)\n\ntest_check()\n",
      "timestamp": 1674255387,
      "stdout": "",
      "stderr": "Traceback (most recent call last):\n  File \"/tmp/tmplf8ffqop.py\", line 31, in <module>\n    test_check()\n  File \"/tmp/tmplf8ffqop.py\", line 29, in test_check\n    check(f)\n  File \"/tmp/tmplf8ffqop.py\", line 21, in check\n    assert candidate(8) == True\nAssertionError\n",
      "exit_code": 1,
      "status": "Exception"
    },
    {
      "program": "def f(arg1: int) -> bool:\n    \"\"\"Evaluate whether the given number n can be written as the sum of exactly 4 positive even numbers\n    Example\n    >>> f(4)\n    False\n    >>> f(6)\n    False\n    >>> f(8)\n    True\n    \"\"\"\n    if arg1 == 0:\n        return True\n    if arg1 % 2 == 0:\n        return False\n    return True\n\ndef check(candidate):\n    assert candidate(4) == False\n    assert candidate(6) == False\n    assert candidate(8) == True\n    assert candidate(10) == True\n    assert candidate(11) == False\n    assert candidate(12) == True\n    assert candidate(13) == False\n    assert candidate(16) == True\n\ndef test_check():\n    check(f)\n\ntest_check()\n",
      "timestamp": 1674255387,
      "stdout": "",
      "stderr": "Traceback (most recent call last):\n  File \"/tmp/tmpf0j5g4_6.py\", line 30, in <module>\n    test_check()\n  File \"/tmp/tmpf0j5g4_6.py\", line 28, in test_check\n    check(f)\n  File \"/tmp/tmpf0j5g4_6.py\", line 20, in check\n    assert candidate(8) == True\nAssertionError\n",
      "exit_code": 1,
      "status": "Exception"
    },
    {
      "program": "def f(arg1: int) -> bool:\n    \"\"\"Evaluate whether the given number n can be written as the sum of exactly 4 positive even numbers\n    Example\n    >>> f(4)\n    False\n    >>> f(6)\n    False\n    >>> f(8)\n    True\n    \"\"\"\n    if arg1 % 2 == 0:\n        return False\n    return True\n\ndef check(candidate):\n    assert candidate(4) == False\n    assert candidate(6) == False\n    assert candidate(8) == True\n    assert candidate(10) == True\n    assert candidate(11) == False\n    assert candidate(12) == True\n    assert candidate(13) == False\n    assert candidate(16) == True\n\ndef test_check():\n    check(f)\n\ntest_check()\n",
      "timestamp": 1674255387,
      "stdout": "",
      "stderr": "Traceback (most recent call last):\n  File \"/tmp/tmp9o_cbfga.py\", line 28, in <module>\n    test_check()\n  File \"/tmp/tmp9o_cbfga.py\", line 26, in test_check\n    check(f)\n  File \"/tmp/tmp9o_cbfga.py\", line 18, in check\n    assert candidate(8) == True\nAssertionError\n",
      "exit_code": 1,
      "status": "Exception"
    },
    {
      "program": "def f(arg1: int) -> bool:\n    \"\"\"Evaluate whether the given number n can be written as the sum of exactly 4 positive even numbers\n    Example\n    >>> f(4)\n    False\n    >>> f(6)\n    False\n    >>> f(8)\n    True\n    \"\"\"\n    if arg1 == 0:\n        return False\n    if arg1 % 2 == 0:\n        return True\n    return False\n\ndef check(candidate):\n    assert candidate(4) == False\n    assert candidate(6) == False\n    assert candidate(8) == True\n    assert candidate(10) == True\n    assert candidate(11) == False\n    assert candidate(12) == True\n    assert candidate(13) == False\n    assert candidate(16) == True\n\ndef test_check():\n    check(f)\n\ntest_check()\n",
      "timestamp": 1674255387,
      "stdout": "",
      "stderr": "Traceback (most recent call last):\n  File \"/tmp/tmp2kkgjl76.py\", line 30, in <module>\n    test_check()\n  File \"/tmp/tmp2kkgjl76.py\", line 28, in test_check\n    check(f)\n  File \"/tmp/tmp2kkgjl76.py\", line 18, in check\n    assert candidate(4) == False\nAssertionError\n",
      "exit_code": 1,
      "status": "Exception"
    },
    {
      "program": "def f(arg1: int) -> bool:\n    \"\"\"Evaluate whether the given number n can be written as the sum of exactly 4 positive even numbers\n    Example\n    >>> f(4)\n    False\n    >>> f(6)\n    False\n    >>> f(8)\n    True\n    \"\"\"\n    if arg1 % 2 == 0:\n        return True\n    else:\n        return False\n\ndef check(candidate):\n    assert candidate(4) == False\n    assert candidate(6) == False\n    assert candidate(8) == True\n    assert candidate(10) == True\n    assert candidate(11) == False\n    assert candidate(12) == True\n    assert candidate(13) == False\n    assert candidate(16) == True\n\ndef test_check():\n    check(f)\n\ntest_check()\n",
      "timestamp": 1674255387,
      "stdout": "",
      "stderr": "Traceback (most recent call last):\n  File \"/tmp/tmp074fn97u.py\", line 29, in <module>\n    test_check()\n  File \"/tmp/tmp074fn97u.py\", line 27, in test_check\n    check(f)\n  File \"/tmp/tmp074fn97u.py\", line 17, in check\n    assert candidate(4) == False\nAssertionError\n",
      "exit_code": 1,
      "status": "Exception"
    },
    {
      "program": "def f(arg1: int) -> bool:\n    \"\"\"Evaluate whether the given number n can be written as the sum of exactly 4 positive even numbers\n    Example\n    >>> f(4)\n    False\n    >>> f(6)\n    False\n    >>> f(8)\n    True\n    \"\"\"\n    return arg1 % 4 == 0\n<|endoftext|>                                                                                                                                                                                                                                                                                                                                                                                                                                                                                                                                                                                                                                                                                                                                                                                                                                                                                                                                                                                                                                                                                                                                                                                                                                                                                                                                                                                                                                                                                                                                                                                                                                                                                                                                                                                                                                                                                                                                                                                                                                                                                                                        \ndef check(candidate):\n    assert candidate(4) == False\n    assert candidate(6) == False\n    assert candidate(8) == True\n    assert candidate(10) == True\n    assert candidate(11) == False\n    assert candidate(12) == True\n    assert candidate(13) == False\n    assert candidate(16) == True\n\ndef test_check():\n    check(f)\n\ntest_check()\n",
      "timestamp": 1674255387,
      "stdout": "",
      "stderr": "  File \"/tmp/tmpfb6qsnup.py\", line 12\n    \nSyntaxError: invalid syntax\n",
      "exit_code": 1,
      "status": "SyntaxError"
    },
    {
      "program": "def f(arg1: int) -> bool:\n    \"\"\"Evaluate whether the given number n can be written as the sum of exactly 4 positive even numbers\n    Example\n    >>> f(4)\n    False\n    >>> f(6)\n    False\n    >>> f(8)\n    True\n    \"\"\"\n    if arg1 == 0:\n        return True\n    elif arg1 % 2 == 0:\n        return False\n    else:\n        return True\n<|endoftext|>                                                                                                                                                                                                                                                                                                                                                                                                                                                                                                                                                                                                                                                                                                                                                                                                                                                                                                                                                                                                                                                                                                                                                                                                                                                                                                            \ndef check(candidate):\n    assert candidate(4) == False\n    assert candidate(6) == False\n    assert candidate(8) == True\n    assert candidate(10) == True\n    assert candidate(11) == False\n    assert candidate(12) == True\n    assert candidate(13) == False\n    assert candidate(16) == True\n\ndef test_check():\n    check(f)\n\ntest_check()\n",
      "timestamp": 1674255387,
      "stdout": "",
      "stderr": "  File \"/tmp/tmpopdj9fwr.py\", line 17\n    \nSyntaxError: invalid syntax\n",
      "exit_code": 1,
      "status": "SyntaxError"
    },
    {
      "program": "def f(arg1: int) -> bool:\n    \"\"\"Evaluate whether the given number n can be written as the sum of exactly 4 positive even numbers\n    Example\n    >>> f(4)\n    False\n    >>> f(6)\n    False\n    >>> f(8)\n    True\n    \"\"\"\n    return arg1 % 4 == 0\n\ndef check(candidate):\n    assert candidate(4) == False\n    assert candidate(6) == False\n    assert candidate(8) == True\n    assert candidate(10) == True\n    assert candidate(11) == False\n    assert candidate(12) == True\n    assert candidate(13) == False\n    assert candidate(16) == True\n\ndef test_check():\n    check(f)\n\ntest_check()\n",
      "timestamp": 1674255387,
      "stdout": "",
      "stderr": "Traceback (most recent call last):\n  File \"/tmp/tmplj32qi8_.py\", line 26, in <module>\n    test_check()\n  File \"/tmp/tmplj32qi8_.py\", line 24, in test_check\n    check(f)\n  File \"/tmp/tmplj32qi8_.py\", line 14, in check\n    assert candidate(4) == False\nAssertionError\n",
      "exit_code": 1,
      "status": "Exception"
    },
    {
      "program": "def f(arg1: int) -> bool:\n    \"\"\"Evaluate whether the given number n can be written as the sum of exactly 4 positive even numbers\n    Example\n    >>> f(4)\n    False\n    >>> f(6)\n    False\n    >>> f(8)\n    True\n    \"\"\"\n    if arg1 < 0:\n        return False\n    elif arg1 == 0:\n        return True\n    elif arg1 == 1:\n        return False\n    elif arg1 % 2 == 0:\n        return False\n    elif arg1 % 3 == 0:\n        return True\n    else:\n        return False\n\n\ndef check(candidate):\n    assert candidate(4) == False\n    assert candidate(6) == False\n    assert candidate(8) == True\n    assert candidate(10) == True\n    assert candidate(11) == False\n    assert candidate(12) == True\n    assert candidate(13) == False\n    assert candidate(16) == True\n\ndef test_check():\n    check(f)\n\ntest_check()\n",
      "timestamp": 1674255387,
      "stdout": "",
      "stderr": "Traceback (most recent call last):\n  File \"/tmp/tmp7drivgjz.py\", line 38, in <module>\n    test_check()\n  File \"/tmp/tmp7drivgjz.py\", line 36, in test_check\n    check(f)\n  File \"/tmp/tmp7drivgjz.py\", line 28, in check\n    assert candidate(8) == True\nAssertionError\n",
      "exit_code": 1,
      "status": "Exception"
    },
    {
      "program": "def f(arg1: int) -> bool:\n    \"\"\"Evaluate whether the given number n can be written as the sum of exactly 4 positive even numbers\n    Example\n    >>> f(4)\n    False\n    >>> f(6)\n    False\n    >>> f(8)\n    True\n    \"\"\"\n    if arg1 == 0:\n        return False\n    if arg1 % 2 == 0:\n        return False\n    return True\n\ndef check(candidate):\n    assert candidate(4) == False\n    assert candidate(6) == False\n    assert candidate(8) == True\n    assert candidate(10) == True\n    assert candidate(11) == False\n    assert candidate(12) == True\n    assert candidate(13) == False\n    assert candidate(16) == True\n\ndef test_check():\n    check(f)\n\ntest_check()\n",
      "timestamp": 1674255387,
      "stdout": "",
      "stderr": "Traceback (most recent call last):\n  File \"/tmp/tmpbz7lx0r3.py\", line 30, in <module>\n    test_check()\n  File \"/tmp/tmpbz7lx0r3.py\", line 28, in test_check\n    check(f)\n  File \"/tmp/tmpbz7lx0r3.py\", line 20, in check\n    assert candidate(8) == True\nAssertionError\n",
      "exit_code": 1,
      "status": "Exception"
    },
    {
      "program": "def f(arg1: int) -> bool:\n    \"\"\"Evaluate whether the given number n can be written as the sum of exactly 4 positive even numbers\n    Example\n    >>> f(4)\n    False\n    >>> f(6)\n    False\n    >>> f(8)\n    True\n    \"\"\"\n    if arg1 == 0:\n        return False\n    if arg1 % 2 == 0:\n        return False\n    return True\n\n\ndef check(candidate):\n    assert candidate(4) == False\n    assert candidate(6) == False\n    assert candidate(8) == True\n    assert candidate(10) == True\n    assert candidate(11) == False\n    assert candidate(12) == True\n    assert candidate(13) == False\n    assert candidate(16) == True\n\ndef test_check():\n    check(f)\n\ntest_check()\n",
      "timestamp": 1674255387,
      "stdout": "",
      "stderr": "Traceback (most recent call last):\n  File \"/tmp/tmplf8ffqop.py\", line 31, in <module>\n    test_check()\n  File \"/tmp/tmplf8ffqop.py\", line 29, in test_check\n    check(f)\n  File \"/tmp/tmplf8ffqop.py\", line 21, in check\n    assert candidate(8) == True\nAssertionError\n",
      "exit_code": 1,
      "status": "Exception"
    },
    {
      "program": "def f(arg1: int) -> bool:\n    \"\"\"Evaluate whether the given number n can be written as the sum of exactly 4 positive even numbers\n    Example\n    >>> f(4)\n    False\n    >>> f(6)\n    False\n    >>> f(8)\n    True\n    \"\"\"\n    if arg1 % 2 == 0:\n        return False\n    if arg1 % 3 == 0:\n        return True\n    return False\n\n\ndef check(candidate):\n    assert candidate(4) == False\n    assert candidate(6) == False\n    assert candidate(8) == True\n    assert candidate(10) == True\n    assert candidate(11) == False\n    assert candidate(12) == True\n    assert candidate(13) == False\n    assert candidate(16) == True\n\ndef test_check():\n    check(f)\n\ntest_check()\n",
      "timestamp": 1674255387,
      "stdout": "",
      "stderr": "Traceback (most recent call last):\n  File \"/tmp/tmpntlt9_a4.py\", line 31, in <module>\n    test_check()\n  File \"/tmp/tmpntlt9_a4.py\", line 29, in test_check\n    check(f)\n  File \"/tmp/tmpntlt9_a4.py\", line 21, in check\n    assert candidate(8) == True\nAssertionError\n",
      "exit_code": 1,
      "status": "Exception"
    },
    {
      "program": "def f(arg1: int) -> bool:\n    \"\"\"Evaluate whether the given number n can be written as the sum of exactly 4 positive even numbers\n    Example\n    >>> f(4)\n    False\n    >>> f(6)\n    False\n    >>> f(8)\n    True\n    \"\"\"\n    if arg1 == 0:\n        return False\n    elif arg1 % 2 == 0:\n        return True\n    else:\n        return False\n\n\ndef check(candidate):\n    assert candidate(4) == False\n    assert candidate(6) == False\n    assert candidate(8) == True\n    assert candidate(10) == True\n    assert candidate(11) == False\n    assert candidate(12) == True\n    assert candidate(13) == False\n    assert candidate(16) == True\n\ndef test_check():\n    check(f)\n\ntest_check()\n",
      "timestamp": 1674255387,
      "stdout": "",
      "stderr": "Traceback (most recent call last):\n  File \"/tmp/tmpdnaof4rf.py\", line 32, in <module>\n    test_check()\n  File \"/tmp/tmpdnaof4rf.py\", line 30, in test_check\n    check(f)\n  File \"/tmp/tmpdnaof4rf.py\", line 20, in check\n    assert candidate(4) == False\nAssertionError\n",
      "exit_code": 1,
      "status": "Exception"
    },
    {
      "program": "def f(arg1: int) -> bool:\n    \"\"\"Evaluate whether the given number n can be written as the sum of exactly 4 positive even numbers\n    Example\n    >>> f(4)\n    False\n    >>> f(6)\n    False\n    >>> f(8)\n    True\n    \"\"\"\n    if arg1 == 0:\n        return False\n    elif arg1 % 2 == 0:\n        return True\n    else:\n        return False\n\n\ndef check(candidate):\n    assert candidate(4) == False\n    assert candidate(6) == False\n    assert candidate(8) == True\n    assert candidate(10) == True\n    assert candidate(11) == False\n    assert candidate(12) == True\n    assert candidate(13) == False\n    assert candidate(16) == True\n\ndef test_check():\n    check(f)\n\ntest_check()\n",
      "timestamp": 1674255387,
      "stdout": "",
      "stderr": "Traceback (most recent call last):\n  File \"/tmp/tmpdnaof4rf.py\", line 32, in <module>\n    test_check()\n  File \"/tmp/tmpdnaof4rf.py\", line 30, in test_check\n    check(f)\n  File \"/tmp/tmpdnaof4rf.py\", line 20, in check\n    assert candidate(4) == False\nAssertionError\n",
      "exit_code": 1,
      "status": "Exception"
    },
    {
      "program": "def f(arg1: int) -> bool:\n    \"\"\"Evaluate whether the given number n can be written as the sum of exactly 4 positive even numbers\n    Example\n    >>> f(4)\n    False\n    >>> f(6)\n    False\n    >>> f(8)\n    True\n    \"\"\"\n    if arg1 % 2 == 0:\n        return False\n    else:\n        return True\n\ndef check(candidate):\n    assert candidate(4) == False\n    assert candidate(6) == False\n    assert candidate(8) == True\n    assert candidate(10) == True\n    assert candidate(11) == False\n    assert candidate(12) == True\n    assert candidate(13) == False\n    assert candidate(16) == True\n\ndef test_check():\n    check(f)\n\ntest_check()\n",
      "timestamp": 1674255387,
      "stdout": "",
      "stderr": "Traceback (most recent call last):\n  File \"/tmp/tmpi7jxnm0o.py\", line 29, in <module>\n    test_check()\n  File \"/tmp/tmpi7jxnm0o.py\", line 27, in test_check\n    check(f)\n  File \"/tmp/tmpi7jxnm0o.py\", line 19, in check\n    assert candidate(8) == True\nAssertionError\n",
      "exit_code": 1,
      "status": "Exception"
    },
    {
      "program": "def f(arg1: int) -> bool:\n    \"\"\"Evaluate whether the given number n can be written as the sum of exactly 4 positive even numbers\n    Example\n    >>> f(4)\n    False\n    >>> f(6)\n    False\n    >>> f(8)\n    True\n    \"\"\"\n    return arg1 % 4 == 0\n\n\ndef check(candidate):\n    assert candidate(4) == False\n    assert candidate(6) == False\n    assert candidate(8) == True\n    assert candidate(10) == True\n    assert candidate(11) == False\n    assert candidate(12) == True\n    assert candidate(13) == False\n    assert candidate(16) == True\n\ndef test_check():\n    check(f)\n\ntest_check()\n",
      "timestamp": 1674255387,
      "stdout": "",
      "stderr": "Traceback (most recent call last):\n  File \"/tmp/tmp27uf4_yj.py\", line 27, in <module>\n    test_check()\n  File \"/tmp/tmp27uf4_yj.py\", line 25, in test_check\n    check(f)\n  File \"/tmp/tmp27uf4_yj.py\", line 15, in check\n    assert candidate(4) == False\nAssertionError\n",
      "exit_code": 1,
      "status": "Exception"
    },
    {
      "program": "def f(arg1: int) -> bool:\n    \"\"\"Evaluate whether the given number n can be written as the sum of exactly 4 positive even numbers\n    Example\n    >>> f(4)\n    False\n    >>> f(6)\n    False\n    >>> f(8)\n    True\n    \"\"\"\n    if arg1 % 2 == 0:\n        return False\n    else:\n        return True\n\ndef check(candidate):\n    assert candidate(4) == False\n    assert candidate(6) == False\n    assert candidate(8) == True\n    assert candidate(10) == True\n    assert candidate(11) == False\n    assert candidate(12) == True\n    assert candidate(13) == False\n    assert candidate(16) == True\n\ndef test_check():\n    check(f)\n\ntest_check()\n",
      "timestamp": 1674255387,
      "stdout": "",
      "stderr": "Traceback (most recent call last):\n  File \"/tmp/tmpi7jxnm0o.py\", line 29, in <module>\n    test_check()\n  File \"/tmp/tmpi7jxnm0o.py\", line 27, in test_check\n    check(f)\n  File \"/tmp/tmpi7jxnm0o.py\", line 19, in check\n    assert candidate(8) == True\nAssertionError\n",
      "exit_code": 1,
      "status": "Exception"
    },
    {
      "program": "def f(arg1: int) -> bool:\n    \"\"\"Evaluate whether the given number n can be written as the sum of exactly 4 positive even numbers\n    Example\n    >>> f(4)\n    False\n    >>> f(6)\n    False\n    >>> f(8)\n    True\n    \"\"\"\n    if arg1 == 0:\n        return False\n    elif arg1 % 2 == 0:\n        return True\n    else:\n        return False\n\n\ndef check(candidate):\n    assert candidate(4) == False\n    assert candidate(6) == False\n    assert candidate(8) == True\n    assert candidate(10) == True\n    assert candidate(11) == False\n    assert candidate(12) == True\n    assert candidate(13) == False\n    assert candidate(16) == True\n\ndef test_check():\n    check(f)\n\ntest_check()\n",
      "timestamp": 1674255387,
      "stdout": "",
      "stderr": "Traceback (most recent call last):\n  File \"/tmp/tmpdnaof4rf.py\", line 32, in <module>\n    test_check()\n  File \"/tmp/tmpdnaof4rf.py\", line 30, in test_check\n    check(f)\n  File \"/tmp/tmpdnaof4rf.py\", line 20, in check\n    assert candidate(4) == False\nAssertionError\n",
      "exit_code": 1,
      "status": "Exception"
    },
    {
      "program": "def f(arg1: int) -> bool:\n    \"\"\"Evaluate whether the given number n can be written as the sum of exactly 4 positive even numbers\n    Example\n    >>> f(4)\n    False\n    >>> f(6)\n    False\n    >>> f(8)\n    True\n    \"\"\"\n    if arg1 % 2 == 0:\n        return False\n    else:\n        return True\n\ndef check(candidate):\n    assert candidate(4) == False\n    assert candidate(6) == False\n    assert candidate(8) == True\n    assert candidate(10) == True\n    assert candidate(11) == False\n    assert candidate(12) == True\n    assert candidate(13) == False\n    assert candidate(16) == True\n\ndef test_check():\n    check(f)\n\ntest_check()\n",
      "timestamp": 1674255387,
      "stdout": "",
      "stderr": "Traceback (most recent call last):\n  File \"/tmp/tmpi7jxnm0o.py\", line 29, in <module>\n    test_check()\n  File \"/tmp/tmpi7jxnm0o.py\", line 27, in test_check\n    check(f)\n  File \"/tmp/tmpi7jxnm0o.py\", line 19, in check\n    assert candidate(8) == True\nAssertionError\n",
      "exit_code": 1,
      "status": "Exception"
    },
    {
      "program": "def f(arg1: int) -> bool:\n    \"\"\"Evaluate whether the given number n can be written as the sum of exactly 4 positive even numbers\n    Example\n    >>> f(4)\n    False\n    >>> f(6)\n    False\n    >>> f(8)\n    True\n    \"\"\"\n    if arg1 % 2 == 0:\n        return False\n    elif arg1 % 2 == 1:\n        return True\n    else:\n        return False\n\ndef check(candidate):\n    assert candidate(4) == False\n    assert candidate(6) == False\n    assert candidate(8) == True\n    assert candidate(10) == True\n    assert candidate(11) == False\n    assert candidate(12) == True\n    assert candidate(13) == False\n    assert candidate(16) == True\n\ndef test_check():\n    check(f)\n\ntest_check()\n",
      "timestamp": 1674255387,
      "stdout": "",
      "stderr": "Traceback (most recent call last):\n  File \"/tmp/tmpai9juv2d.py\", line 31, in <module>\n    test_check()\n  File \"/tmp/tmpai9juv2d.py\", line 29, in test_check\n    check(f)\n  File \"/tmp/tmpai9juv2d.py\", line 21, in check\n    assert candidate(8) == True\nAssertionError\n",
      "exit_code": 1,
      "status": "Exception"
    },
    {
      "program": "def f(arg1: int) -> bool:\n    \"\"\"Evaluate whether the given number n can be written as the sum of exactly 4 positive even numbers\n    Example\n    >>> f(4)\n    False\n    >>> f(6)\n    False\n    >>> f(8)\n    True\n    \"\"\"\n    if arg1 % 2 == 0:\n        return True\n    else:\n        return False\n\n\ndef check(candidate):\n    assert candidate(4) == False\n    assert candidate(6) == False\n    assert candidate(8) == True\n    assert candidate(10) == True\n    assert candidate(11) == False\n    assert candidate(12) == True\n    assert candidate(13) == False\n    assert candidate(16) == True\n\ndef test_check():\n    check(f)\n\ntest_check()\n",
      "timestamp": 1674255387,
      "stdout": "",
      "stderr": "Traceback (most recent call last):\n  File \"/tmp/tmpglitnlo0.py\", line 30, in <module>\n    test_check()\n  File \"/tmp/tmpglitnlo0.py\", line 28, in test_check\n    check(f)\n  File \"/tmp/tmpglitnlo0.py\", line 18, in check\n    assert candidate(4) == False\nAssertionError\n",
      "exit_code": 1,
      "status": "Exception"
    },
    {
      "program": "def f(arg1: int) -> bool:\n    \"\"\"Evaluate whether the given number n can be written as the sum of exactly 4 positive even numbers\n    Example\n    >>> f(4)\n    False\n    >>> f(6)\n    False\n    >>> f(8)\n    True\n    \"\"\"\n    return arg1 % 2 == 0\n\ndef check(candidate):\n    assert candidate(4) == False\n    assert candidate(6) == False\n    assert candidate(8) == True\n    assert candidate(10) == True\n    assert candidate(11) == False\n    assert candidate(12) == True\n    assert candidate(13) == False\n    assert candidate(16) == True\n\ndef test_check():\n    check(f)\n\ntest_check()\n",
      "timestamp": 1674255387,
      "stdout": "",
      "stderr": "Traceback (most recent call last):\n  File \"/tmp/tmp7a6kalo3.py\", line 26, in <module>\n    test_check()\n  File \"/tmp/tmp7a6kalo3.py\", line 24, in test_check\n    check(f)\n  File \"/tmp/tmp7a6kalo3.py\", line 14, in check\n    assert candidate(4) == False\nAssertionError\n",
      "exit_code": 1,
      "status": "Exception"
    },
    {
      "program": "def f(arg1: int) -> bool:\n    \"\"\"Evaluate whether the given number n can be written as the sum of exactly 4 positive even numbers\n    Example\n    >>> f(4)\n    False\n    >>> f(6)\n    False\n    >>> f(8)\n    True\n    \"\"\"\n    if arg1 < 0:\n        return False\n    if arg1 > 4:\n        return False\n    return True\n\n\ndef check(candidate):\n    assert candidate(4) == False\n    assert candidate(6) == False\n    assert candidate(8) == True\n    assert candidate(10) == True\n    assert candidate(11) == False\n    assert candidate(12) == True\n    assert candidate(13) == False\n    assert candidate(16) == True\n\ndef test_check():\n    check(f)\n\ntest_check()\n",
      "timestamp": 1674255387,
      "stdout": "",
      "stderr": "Traceback (most recent call last):\n  File \"/tmp/tmpve92tqxr.py\", line 31, in <module>\n    test_check()\n  File \"/tmp/tmpve92tqxr.py\", line 29, in test_check\n    check(f)\n  File \"/tmp/tmpve92tqxr.py\", line 19, in check\n    assert candidate(4) == False\nAssertionError\n",
      "exit_code": 1,
      "status": "Exception"
    },
    {
      "program": "def f(arg1: int) -> bool:\n    \"\"\"Evaluate whether the given number n can be written as the sum of exactly 4 positive even numbers\n    Example\n    >>> f(4)\n    False\n    >>> f(6)\n    False\n    >>> f(8)\n    True\n    \"\"\"\n    if arg1 == 0:\n        return False\n    elif arg1 % 2 == 0:\n        return False\n    else:\n        return True\n<|endoftext|>                                                                                          \ndef check(candidate):\n    assert candidate(4) == False\n    assert candidate(6) == False\n    assert candidate(8) == True\n    assert candidate(10) == True\n    assert candidate(11) == False\n    assert candidate(12) == True\n    assert candidate(13) == False\n    assert candidate(16) == True\n\ndef test_check():\n    check(f)\n\ntest_check()\n",
      "timestamp": 1674255387,
      "stdout": "",
      "stderr": "  File \"/tmp/tmpmou_hpkj.py\", line 17\n    <|endoftext|>                                                                                          \n    ^\nSyntaxError: invalid syntax\n",
      "exit_code": 1,
      "status": "SyntaxError"
    },
    {
      "program": "def f(arg1: int) -> bool:\n    \"\"\"Evaluate whether the given number n can be written as the sum of exactly 4 positive even numbers\n    Example\n    >>> f(4)\n    False\n    >>> f(6)\n    False\n    >>> f(8)\n    True\n    \"\"\"\n    return arg1 % 4 == 0\n\ndef check(candidate):\n    assert candidate(4) == False\n    assert candidate(6) == False\n    assert candidate(8) == True\n    assert candidate(10) == True\n    assert candidate(11) == False\n    assert candidate(12) == True\n    assert candidate(13) == False\n    assert candidate(16) == True\n\ndef test_check():\n    check(f)\n\ntest_check()\n",
      "timestamp": 1674255387,
      "stdout": "",
      "stderr": "Traceback (most recent call last):\n  File \"/tmp/tmplj32qi8_.py\", line 26, in <module>\n    test_check()\n  File \"/tmp/tmplj32qi8_.py\", line 24, in test_check\n    check(f)\n  File \"/tmp/tmplj32qi8_.py\", line 14, in check\n    assert candidate(4) == False\nAssertionError\n",
      "exit_code": 1,
      "status": "Exception"
    },
    {
      "program": "def f(arg1: int) -> bool:\n    \"\"\"Evaluate whether the given number n can be written as the sum of exactly 4 positive even numbers\n    Example\n    >>> f(4)\n    False\n    >>> f(6)\n    False\n    >>> f(8)\n    True\n    \"\"\"\n    if arg1 == 0:\n        return False\n    if arg1 % 2 == 0:\n        return False\n    return True\n\n\ndef check(candidate):\n    assert candidate(4) == False\n    assert candidate(6) == False\n    assert candidate(8) == True\n    assert candidate(10) == True\n    assert candidate(11) == False\n    assert candidate(12) == True\n    assert candidate(13) == False\n    assert candidate(16) == True\n\ndef test_check():\n    check(f)\n\ntest_check()\n",
      "timestamp": 1674255387,
      "stdout": "",
      "stderr": "Traceback (most recent call last):\n  File \"/tmp/tmplf8ffqop.py\", line 31, in <module>\n    test_check()\n  File \"/tmp/tmplf8ffqop.py\", line 29, in test_check\n    check(f)\n  File \"/tmp/tmplf8ffqop.py\", line 21, in check\n    assert candidate(8) == True\nAssertionError\n",
      "exit_code": 1,
      "status": "Exception"
    },
    {
      "program": "def f(arg1: int) -> bool:\n    \"\"\"Evaluate whether the given number n can be written as the sum of exactly 4 positive even numbers\n    Example\n    >>> f(4)\n    False\n    >>> f(6)\n    False\n    >>> f(8)\n    True\n    \"\"\"\n    if arg1 == 0:\n        return False\n    elif arg1 % 2 == 0:\n        return True\n    else:\n        return False\n\n\ndef check(candidate):\n    assert candidate(4) == False\n    assert candidate(6) == False\n    assert candidate(8) == True\n    assert candidate(10) == True\n    assert candidate(11) == False\n    assert candidate(12) == True\n    assert candidate(13) == False\n    assert candidate(16) == True\n\ndef test_check():\n    check(f)\n\ntest_check()\n",
      "timestamp": 1674255387,
      "stdout": "",
      "stderr": "Traceback (most recent call last):\n  File \"/tmp/tmpdnaof4rf.py\", line 32, in <module>\n    test_check()\n  File \"/tmp/tmpdnaof4rf.py\", line 30, in test_check\n    check(f)\n  File \"/tmp/tmpdnaof4rf.py\", line 20, in check\n    assert candidate(4) == False\nAssertionError\n",
      "exit_code": 1,
      "status": "Exception"
    },
    {
      "program": "def f(arg1: int) -> bool:\n    \"\"\"Evaluate whether the given number n can be written as the sum of exactly 4 positive even numbers\n    Example\n    >>> f(4)\n    False\n    >>> f(6)\n    False\n    >>> f(8)\n    True\n    \"\"\"\n    if arg1 < 0:\n        return False\n    if arg1 > 4:\n        return False\n    return True\n\n\ndef check(candidate):\n    assert candidate(4) == False\n    assert candidate(6) == False\n    assert candidate(8) == True\n    assert candidate(10) == True\n    assert candidate(11) == False\n    assert candidate(12) == True\n    assert candidate(13) == False\n    assert candidate(16) == True\n\ndef test_check():\n    check(f)\n\ntest_check()\n",
      "timestamp": 1674255387,
      "stdout": "",
      "stderr": "Traceback (most recent call last):\n  File \"/tmp/tmpve92tqxr.py\", line 31, in <module>\n    test_check()\n  File \"/tmp/tmpve92tqxr.py\", line 29, in test_check\n    check(f)\n  File \"/tmp/tmpve92tqxr.py\", line 19, in check\n    assert candidate(4) == False\nAssertionError\n",
      "exit_code": 1,
      "status": "Exception"
    },
    {
      "program": "def f(arg1: int) -> bool:\n    \"\"\"Evaluate whether the given number n can be written as the sum of exactly 4 positive even numbers\n    Example\n    >>> f(4)\n    False\n    >>> f(6)\n    False\n    >>> f(8)\n    True\n    \"\"\"\n    if arg1 == 0:\n        return False\n    if arg1 % 2 == 0:\n        return True\n    return False\n\n\ndef check(candidate):\n    assert candidate(4) == False\n    assert candidate(6) == False\n    assert candidate(8) == True\n    assert candidate(10) == True\n    assert candidate(11) == False\n    assert candidate(12) == True\n    assert candidate(13) == False\n    assert candidate(16) == True\n\ndef test_check():\n    check(f)\n\ntest_check()\n",
      "timestamp": 1674255387,
      "stdout": "",
      "stderr": "Traceback (most recent call last):\n  File \"/tmp/tmpvn62cig6.py\", line 31, in <module>\n    test_check()\n  File \"/tmp/tmpvn62cig6.py\", line 29, in test_check\n    check(f)\n  File \"/tmp/tmpvn62cig6.py\", line 19, in check\n    assert candidate(4) == False\nAssertionError\n",
      "exit_code": 1,
      "status": "Exception"
    },
    {
      "program": "def f(arg1: int) -> bool:\n    \"\"\"Evaluate whether the given number n can be written as the sum of exactly 4 positive even numbers\n    Example\n    >>> f(4)\n    False\n    >>> f(6)\n    False\n    >>> f(8)\n    True\n    \"\"\"\n    return arg1 % 2 == 0\n\ndef check(candidate):\n    assert candidate(4) == False\n    assert candidate(6) == False\n    assert candidate(8) == True\n    assert candidate(10) == True\n    assert candidate(11) == False\n    assert candidate(12) == True\n    assert candidate(13) == False\n    assert candidate(16) == True\n\ndef test_check():\n    check(f)\n\ntest_check()\n",
      "timestamp": 1674255387,
      "stdout": "",
      "stderr": "Traceback (most recent call last):\n  File \"/tmp/tmp7a6kalo3.py\", line 26, in <module>\n    test_check()\n  File \"/tmp/tmp7a6kalo3.py\", line 24, in test_check\n    check(f)\n  File \"/tmp/tmp7a6kalo3.py\", line 14, in check\n    assert candidate(4) == False\nAssertionError\n",
      "exit_code": 1,
      "status": "Exception"
    },
    {
      "program": "def f(arg1: int) -> bool:\n    \"\"\"Evaluate whether the given number n can be written as the sum of exactly 4 positive even numbers\n    Example\n    >>> f(4)\n    False\n    >>> f(6)\n    False\n    >>> f(8)\n    True\n    \"\"\"\n    if arg1 % 2 == 0:\n        return False\n    else:\n        return True\n\ndef check(candidate):\n    assert candidate(4) == False\n    assert candidate(6) == False\n    assert candidate(8) == True\n    assert candidate(10) == True\n    assert candidate(11) == False\n    assert candidate(12) == True\n    assert candidate(13) == False\n    assert candidate(16) == True\n\ndef test_check():\n    check(f)\n\ntest_check()\n",
      "timestamp": 1674255387,
      "stdout": "",
      "stderr": "Traceback (most recent call last):\n  File \"/tmp/tmpi7jxnm0o.py\", line 29, in <module>\n    test_check()\n  File \"/tmp/tmpi7jxnm0o.py\", line 27, in test_check\n    check(f)\n  File \"/tmp/tmpi7jxnm0o.py\", line 19, in check\n    assert candidate(8) == True\nAssertionError\n",
      "exit_code": 1,
      "status": "Exception"
    },
    {
      "program": "def f(arg1: int) -> bool:\n    \"\"\"Evaluate whether the given number n can be written as the sum of exactly 4 positive even numbers\n    Example\n    >>> f(4)\n    False\n    >>> f(6)\n    False\n    >>> f(8)\n    True\n    \"\"\"\n    if arg1 == 0:\n        return False\n    if arg1 % 2 == 0:\n        return False\n    return True\n\ndef check(candidate):\n    assert candidate(4) == False\n    assert candidate(6) == False\n    assert candidate(8) == True\n    assert candidate(10) == True\n    assert candidate(11) == False\n    assert candidate(12) == True\n    assert candidate(13) == False\n    assert candidate(16) == True\n\ndef test_check():\n    check(f)\n\ntest_check()\n",
      "timestamp": 1674255387,
      "stdout": "",
      "stderr": "Traceback (most recent call last):\n  File \"/tmp/tmpbz7lx0r3.py\", line 30, in <module>\n    test_check()\n  File \"/tmp/tmpbz7lx0r3.py\", line 28, in test_check\n    check(f)\n  File \"/tmp/tmpbz7lx0r3.py\", line 20, in check\n    assert candidate(8) == True\nAssertionError\n",
      "exit_code": 1,
      "status": "Exception"
    },
    {
      "program": "def f(arg1: int) -> bool:\n    \"\"\"Evaluate whether the given number n can be written as the sum of exactly 4 positive even numbers\n    Example\n    >>> f(4)\n    False\n    >>> f(6)\n    False\n    >>> f(8)\n    True\n    \"\"\"\n    if arg1 < 0:\n        return False\n    if arg1 > 4:\n        return False\n    return True\n\n\ndef check(candidate):\n    assert candidate(4) == False\n    assert candidate(6) == False\n    assert candidate(8) == True\n    assert candidate(10) == True\n    assert candidate(11) == False\n    assert candidate(12) == True\n    assert candidate(13) == False\n    assert candidate(16) == True\n\ndef test_check():\n    check(f)\n\ntest_check()\n",
      "timestamp": 1674255387,
      "stdout": "",
      "stderr": "Traceback (most recent call last):\n  File \"/tmp/tmpve92tqxr.py\", line 31, in <module>\n    test_check()\n  File \"/tmp/tmpve92tqxr.py\", line 29, in test_check\n    check(f)\n  File \"/tmp/tmpve92tqxr.py\", line 19, in check\n    assert candidate(4) == False\nAssertionError\n",
      "exit_code": 1,
      "status": "Exception"
    },
    {
      "program": "def f(arg1: int) -> bool:\n    \"\"\"Evaluate whether the given number n can be written as the sum of exactly 4 positive even numbers\n    Example\n    >>> f(4)\n    False\n    >>> f(6)\n    False\n    >>> f(8)\n    True\n    \"\"\"\n    if arg1 == 0:\n        return False\n    elif arg1 % 2 == 0:\n        return True\n    else:\n        return False\n\n\ndef check(candidate):\n    assert candidate(4) == False\n    assert candidate(6) == False\n    assert candidate(8) == True\n    assert candidate(10) == True\n    assert candidate(11) == False\n    assert candidate(12) == True\n    assert candidate(13) == False\n    assert candidate(16) == True\n\ndef test_check():\n    check(f)\n\ntest_check()\n",
      "timestamp": 1674255387,
      "stdout": "",
      "stderr": "Traceback (most recent call last):\n  File \"/tmp/tmpdnaof4rf.py\", line 32, in <module>\n    test_check()\n  File \"/tmp/tmpdnaof4rf.py\", line 30, in test_check\n    check(f)\n  File \"/tmp/tmpdnaof4rf.py\", line 20, in check\n    assert candidate(4) == False\nAssertionError\n",
      "exit_code": 1,
      "status": "Exception"
    },
    {
      "program": "def f(arg1: int) -> bool:\n    \"\"\"Evaluate whether the given number n can be written as the sum of exactly 4 positive even numbers\n    Example\n    >>> f(4)\n    False\n    >>> f(6)\n    False\n    >>> f(8)\n    True\n    \"\"\"\n    if arg1 < 0:\n        return False\n    if arg1 > 4:\n        return False\n    return True\n\n\ndef check(candidate):\n    assert candidate(4) == False\n    assert candidate(6) == False\n    assert candidate(8) == True\n    assert candidate(10) == True\n    assert candidate(11) == False\n    assert candidate(12) == True\n    assert candidate(13) == False\n    assert candidate(16) == True\n\ndef test_check():\n    check(f)\n\ntest_check()\n",
      "timestamp": 1674255387,
      "stdout": "",
      "stderr": "Traceback (most recent call last):\n  File \"/tmp/tmpve92tqxr.py\", line 31, in <module>\n    test_check()\n  File \"/tmp/tmpve92tqxr.py\", line 29, in test_check\n    check(f)\n  File \"/tmp/tmpve92tqxr.py\", line 19, in check\n    assert candidate(4) == False\nAssertionError\n",
      "exit_code": 1,
      "status": "Exception"
    },
    {
      "program": "def f(arg1: int) -> bool:\n    \"\"\"Evaluate whether the given number n can be written as the sum of exactly 4 positive even numbers\n    Example\n    >>> f(4)\n    False\n    >>> f(6)\n    False\n    >>> f(8)\n    True\n    \"\"\"\n    if arg1 % 2 == 0:\n        return False\n    return True\n\n\ndef check(candidate):\n    assert candidate(4) == False\n    assert candidate(6) == False\n    assert candidate(8) == True\n    assert candidate(10) == True\n    assert candidate(11) == False\n    assert candidate(12) == True\n    assert candidate(13) == False\n    assert candidate(16) == True\n\ndef test_check():\n    check(f)\n\ntest_check()\n",
      "timestamp": 1674255387,
      "stdout": "",
      "stderr": "Traceback (most recent call last):\n  File \"/tmp/tmpy9ugfcco.py\", line 29, in <module>\n    test_check()\n  File \"/tmp/tmpy9ugfcco.py\", line 27, in test_check\n    check(f)\n  File \"/tmp/tmpy9ugfcco.py\", line 19, in check\n    assert candidate(8) == True\nAssertionError\n",
      "exit_code": 1,
      "status": "Exception"
    },
    {
      "program": "def f(arg1: int) -> bool:\n    \"\"\"Evaluate whether the given number n can be written as the sum of exactly 4 positive even numbers\n    Example\n    >>> f(4)\n    False\n    >>> f(6)\n    False\n    >>> f(8)\n    True\n    \"\"\"\n    if arg1 == 0:\n        return False\n    if arg1 % 2 == 0:\n        return True\n    return False\n\ndef check(candidate):\n    assert candidate(4) == False\n    assert candidate(6) == False\n    assert candidate(8) == True\n    assert candidate(10) == True\n    assert candidate(11) == False\n    assert candidate(12) == True\n    assert candidate(13) == False\n    assert candidate(16) == True\n\ndef test_check():\n    check(f)\n\ntest_check()\n",
      "timestamp": 1674255387,
      "stdout": "",
      "stderr": "Traceback (most recent call last):\n  File \"/tmp/tmp2kkgjl76.py\", line 30, in <module>\n    test_check()\n  File \"/tmp/tmp2kkgjl76.py\", line 28, in test_check\n    check(f)\n  File \"/tmp/tmp2kkgjl76.py\", line 18, in check\n    assert candidate(4) == False\nAssertionError\n",
      "exit_code": 1,
      "status": "Exception"
    },
    {
      "program": "def f(arg1: int) -> bool:\n    \"\"\"Evaluate whether the given number n can be written as the sum of exactly 4 positive even numbers\n    Example\n    >>> f(4)\n    False\n    >>> f(6)\n    False\n    >>> f(8)\n    True\n    \"\"\"\n    return arg1 % 4 == 0\n\n\ndef check(candidate):\n    assert candidate(4) == False\n    assert candidate(6) == False\n    assert candidate(8) == True\n    assert candidate(10) == True\n    assert candidate(11) == False\n    assert candidate(12) == True\n    assert candidate(13) == False\n    assert candidate(16) == True\n\ndef test_check():\n    check(f)\n\ntest_check()\n",
      "timestamp": 1674255387,
      "stdout": "",
      "stderr": "Traceback (most recent call last):\n  File \"/tmp/tmp27uf4_yj.py\", line 27, in <module>\n    test_check()\n  File \"/tmp/tmp27uf4_yj.py\", line 25, in test_check\n    check(f)\n  File \"/tmp/tmp27uf4_yj.py\", line 15, in check\n    assert candidate(4) == False\nAssertionError\n",
      "exit_code": 1,
      "status": "Exception"
    },
    {
      "program": "def f(arg1: int) -> bool:\n    \"\"\"Evaluate whether the given number n can be written as the sum of exactly 4 positive even numbers\n    Example\n    >>> f(4)\n    False\n    >>> f(6)\n    False\n    >>> f(8)\n    True\n    \"\"\"\n    return arg1 % 2 == 0\n<|endoftext|>                                                                                                                                                                                                                                                                                                                                                                                                                                                                                                                                                                                                                                                                                                                                                                                                                                          \ndef check(candidate):\n    assert candidate(4) == False\n    assert candidate(6) == False\n    assert candidate(8) == True\n    assert candidate(10) == True\n    assert candidate(11) == False\n    assert candidate(12) == True\n    assert candidate(13) == False\n    assert candidate(16) == True\n\ndef test_check():\n    check(f)\n\ntest_check()\n",
      "timestamp": 1674255387,
      "stdout": "",
      "stderr": "  File \"/tmp/tmpur3uc1jt.py\", line 12\n    <|endoftext|>                                                                                                                                                                                                                                                                                                                                                                                                                                                                                                                                                                                                                                                                                                                                                                                                                                          \n    ^\nSyntaxError: invalid syntax\n",
      "exit_code": 1,
      "status": "SyntaxError"
    },
    {
      "program": "def f(arg1: int) -> bool:\n    \"\"\"Evaluate whether the given number n can be written as the sum of exactly 4 positive even numbers\n    Example\n    >>> f(4)\n    False\n    >>> f(6)\n    False\n    >>> f(8)\n    True\n    \"\"\"\n    if arg1 % 2 == 0:\n        return False\n    return True\n\n\ndef check(candidate):\n    assert candidate(4) == False\n    assert candidate(6) == False\n    assert candidate(8) == True\n    assert candidate(10) == True\n    assert candidate(11) == False\n    assert candidate(12) == True\n    assert candidate(13) == False\n    assert candidate(16) == True\n\ndef test_check():\n    check(f)\n\ntest_check()\n",
      "timestamp": 1674255387,
      "stdout": "",
      "stderr": "Traceback (most recent call last):\n  File \"/tmp/tmpy9ugfcco.py\", line 29, in <module>\n    test_check()\n  File \"/tmp/tmpy9ugfcco.py\", line 27, in test_check\n    check(f)\n  File \"/tmp/tmpy9ugfcco.py\", line 19, in check\n    assert candidate(8) == True\nAssertionError\n",
      "exit_code": 1,
      "status": "Exception"
    },
    {
      "program": "def f(arg1: int) -> bool:\n    \"\"\"Evaluate whether the given number n can be written as the sum of exactly 4 positive even numbers\n    Example\n    >>> f(4)\n    False\n    >>> f(6)\n    False\n    >>> f(8)\n    True\n    \"\"\"\n    if arg1 == 0:\n        return False\n    if arg1 % 2 == 0:\n        return True\n    return False\n\n\ndef check(candidate):\n    assert candidate(4) == False\n    assert candidate(6) == False\n    assert candidate(8) == True\n    assert candidate(10) == True\n    assert candidate(11) == False\n    assert candidate(12) == True\n    assert candidate(13) == False\n    assert candidate(16) == True\n\ndef test_check():\n    check(f)\n\ntest_check()\n",
      "timestamp": 1674255387,
      "stdout": "",
      "stderr": "Traceback (most recent call last):\n  File \"/tmp/tmpvn62cig6.py\", line 31, in <module>\n    test_check()\n  File \"/tmp/tmpvn62cig6.py\", line 29, in test_check\n    check(f)\n  File \"/tmp/tmpvn62cig6.py\", line 19, in check\n    assert candidate(4) == False\nAssertionError\n",
      "exit_code": 1,
      "status": "Exception"
    },
    {
      "program": "def f(arg1: int) -> bool:\n    \"\"\"Evaluate whether the given number n can be written as the sum of exactly 4 positive even numbers\n    Example\n    >>> f(4)\n    False\n    >>> f(6)\n    False\n    >>> f(8)\n    True\n    \"\"\"\n    if arg1 == 0:\n        return False\n    if arg1 % 2 == 0:\n        return True\n    return False\n\ndef check(candidate):\n    assert candidate(4) == False\n    assert candidate(6) == False\n    assert candidate(8) == True\n    assert candidate(10) == True\n    assert candidate(11) == False\n    assert candidate(12) == True\n    assert candidate(13) == False\n    assert candidate(16) == True\n\ndef test_check():\n    check(f)\n\ntest_check()\n",
      "timestamp": 1674255387,
      "stdout": "",
      "stderr": "Traceback (most recent call last):\n  File \"/tmp/tmp2kkgjl76.py\", line 30, in <module>\n    test_check()\n  File \"/tmp/tmp2kkgjl76.py\", line 28, in test_check\n    check(f)\n  File \"/tmp/tmp2kkgjl76.py\", line 18, in check\n    assert candidate(4) == False\nAssertionError\n",
      "exit_code": 1,
      "status": "Exception"
    },
    {
      "program": "def f(arg1: int) -> bool:\n    \"\"\"Evaluate whether the given number n can be written as the sum of exactly 4 positive even numbers\n    Example\n    >>> f(4)\n    False\n    >>> f(6)\n    False\n    >>> f(8)\n    True\n    \"\"\"\n    if arg1 < 0:\n        return False\n    if arg1 > 4:\n        return False\n    return True\n\n\ndef check(candidate):\n    assert candidate(4) == False\n    assert candidate(6) == False\n    assert candidate(8) == True\n    assert candidate(10) == True\n    assert candidate(11) == False\n    assert candidate(12) == True\n    assert candidate(13) == False\n    assert candidate(16) == True\n\ndef test_check():\n    check(f)\n\ntest_check()\n",
      "timestamp": 1674255387,
      "stdout": "",
      "stderr": "Traceback (most recent call last):\n  File \"/tmp/tmpve92tqxr.py\", line 31, in <module>\n    test_check()\n  File \"/tmp/tmpve92tqxr.py\", line 29, in test_check\n    check(f)\n  File \"/tmp/tmpve92tqxr.py\", line 19, in check\n    assert candidate(4) == False\nAssertionError\n",
      "exit_code": 1,
      "status": "Exception"
    },
    {
      "program": "def f(arg1: int) -> bool:\n    \"\"\"Evaluate whether the given number n can be written as the sum of exactly 4 positive even numbers\n    Example\n    >>> f(4)\n    False\n    >>> f(6)\n    False\n    >>> f(8)\n    True\n    \"\"\"\n    if arg1 % 2 == 0:\n        return False\n    return True\n\n\ndef check(candidate):\n    assert candidate(4) == False\n    assert candidate(6) == False\n    assert candidate(8) == True\n    assert candidate(10) == True\n    assert candidate(11) == False\n    assert candidate(12) == True\n    assert candidate(13) == False\n    assert candidate(16) == True\n\ndef test_check():\n    check(f)\n\ntest_check()\n",
      "timestamp": 1674255387,
      "stdout": "",
      "stderr": "Traceback (most recent call last):\n  File \"/tmp/tmpy9ugfcco.py\", line 29, in <module>\n    test_check()\n  File \"/tmp/tmpy9ugfcco.py\", line 27, in test_check\n    check(f)\n  File \"/tmp/tmpy9ugfcco.py\", line 19, in check\n    assert candidate(8) == True\nAssertionError\n",
      "exit_code": 1,
      "status": "Exception"
    },
    {
      "program": "def f(arg1: int) -> bool:\n    \"\"\"Evaluate whether the given number n can be written as the sum of exactly 4 positive even numbers\n    Example\n    >>> f(4)\n    False\n    >>> f(6)\n    False\n    >>> f(8)\n    True\n    \"\"\"\n    return arg1 % 4 == 0\n\ndef check(candidate):\n    assert candidate(4) == False\n    assert candidate(6) == False\n    assert candidate(8) == True\n    assert candidate(10) == True\n    assert candidate(11) == False\n    assert candidate(12) == True\n    assert candidate(13) == False\n    assert candidate(16) == True\n\ndef test_check():\n    check(f)\n\ntest_check()\n",
      "timestamp": 1674255387,
      "stdout": "",
      "stderr": "Traceback (most recent call last):\n  File \"/tmp/tmplj32qi8_.py\", line 26, in <module>\n    test_check()\n  File \"/tmp/tmplj32qi8_.py\", line 24, in test_check\n    check(f)\n  File \"/tmp/tmplj32qi8_.py\", line 14, in check\n    assert candidate(4) == False\nAssertionError\n",
      "exit_code": 1,
      "status": "Exception"
    },
    {
      "program": "def f(arg1: int) -> bool:\n    \"\"\"Evaluate whether the given number n can be written as the sum of exactly 4 positive even numbers\n    Example\n    >>> f(4)\n    False\n    >>> f(6)\n    False\n    >>> f(8)\n    True\n    \"\"\"\n    if arg1 == 0:\n        return False\n    elif arg1 % 2 == 0:\n        return True\n    else:\n        return False\n\ndef check(candidate):\n    assert candidate(4) == False\n    assert candidate(6) == False\n    assert candidate(8) == True\n    assert candidate(10) == True\n    assert candidate(11) == False\n    assert candidate(12) == True\n    assert candidate(13) == False\n    assert candidate(16) == True\n\ndef test_check():\n    check(f)\n\ntest_check()\n",
      "timestamp": 1674255387,
      "stdout": "",
      "stderr": "Traceback (most recent call last):\n  File \"/tmp/tmp40ng848w.py\", line 31, in <module>\n    test_check()\n  File \"/tmp/tmp40ng848w.py\", line 29, in test_check\n    check(f)\n  File \"/tmp/tmp40ng848w.py\", line 19, in check\n    assert candidate(4) == False\nAssertionError\n",
      "exit_code": 1,
      "status": "Exception"
    },
    {
      "program": "def f(arg1: int) -> bool:\n    \"\"\"Evaluate whether the given number n can be written as the sum of exactly 4 positive even numbers\n    Example\n    >>> f(4)\n    False\n    >>> f(6)\n    False\n    >>> f(8)\n    True\n    \"\"\"\n    return arg1 % 4 == 0\n\n\ndef check(candidate):\n    assert candidate(4) == False\n    assert candidate(6) == False\n    assert candidate(8) == True\n    assert candidate(10) == True\n    assert candidate(11) == False\n    assert candidate(12) == True\n    assert candidate(13) == False\n    assert candidate(16) == True\n\ndef test_check():\n    check(f)\n\ntest_check()\n",
      "timestamp": 1674255387,
      "stdout": "",
      "stderr": "Traceback (most recent call last):\n  File \"/tmp/tmp27uf4_yj.py\", line 27, in <module>\n    test_check()\n  File \"/tmp/tmp27uf4_yj.py\", line 25, in test_check\n    check(f)\n  File \"/tmp/tmp27uf4_yj.py\", line 15, in check\n    assert candidate(4) == False\nAssertionError\n",
      "exit_code": 1,
      "status": "Exception"
    },
    {
      "program": "def f(arg1: int) -> bool:\n    \"\"\"Evaluate whether the given number n can be written as the sum of exactly 4 positive even numbers\n    Example\n    >>> f(4)\n    False\n    >>> f(6)\n    False\n    >>> f(8)\n    True\n    \"\"\"\n    if arg1 % 2 == 0:\n        return False\n    else:\n        return True\n<|endoftext|>                                                                                                                                                                                                                                                                                                                                                                                                                                    \ndef check(candidate):\n    assert candidate(4) == False\n    assert candidate(6) == False\n    assert candidate(8) == True\n    assert candidate(10) == True\n    assert candidate(11) == False\n    assert candidate(12) == True\n    assert candidate(13) == False\n    assert candidate(16) == True\n\ndef test_check():\n    check(f)\n\ntest_check()\n",
      "timestamp": 1674255387,
      "stdout": "",
      "stderr": "  File \"/tmp/tmpqxb6r_y3.py\", line 15\n    <|endoftext|>                                                                                                                                                                                                                                                                                                                                                                                                                                    \n    ^\nSyntaxError: invalid syntax\n",
      "exit_code": 1,
      "status": "SyntaxError"
    },
    {
      "program": "def f(arg1: int) -> bool:\n    \"\"\"Evaluate whether the given number n can be written as the sum of exactly 4 positive even numbers\n    Example\n    >>> f(4)\n    False\n    >>> f(6)\n    False\n    >>> f(8)\n    True\n    \"\"\"\n    if arg1 % 2 == 0:\n        return False\n    else:\n        return True\n\n\ndef check(candidate):\n    assert candidate(4) == False\n    assert candidate(6) == False\n    assert candidate(8) == True\n    assert candidate(10) == True\n    assert candidate(11) == False\n    assert candidate(12) == True\n    assert candidate(13) == False\n    assert candidate(16) == True\n\ndef test_check():\n    check(f)\n\ntest_check()\n",
      "timestamp": 1674255387,
      "stdout": "",
      "stderr": "Traceback (most recent call last):\n  File \"/tmp/tmpazzrtc79.py\", line 30, in <module>\n    test_check()\n  File \"/tmp/tmpazzrtc79.py\", line 28, in test_check\n    check(f)\n  File \"/tmp/tmpazzrtc79.py\", line 20, in check\n    assert candidate(8) == True\nAssertionError\n",
      "exit_code": 1,
      "status": "Exception"
    },
    {
      "program": "def f(arg1: int) -> bool:\n    \"\"\"Evaluate whether the given number n can be written as the sum of exactly 4 positive even numbers\n    Example\n    >>> f(4)\n    False\n    >>> f(6)\n    False\n    >>> f(8)\n    True\n    \"\"\"\n    return arg1 % 2 == 0\n\ndef check(candidate):\n    assert candidate(4) == False\n    assert candidate(6) == False\n    assert candidate(8) == True\n    assert candidate(10) == True\n    assert candidate(11) == False\n    assert candidate(12) == True\n    assert candidate(13) == False\n    assert candidate(16) == True\n\ndef test_check():\n    check(f)\n\ntest_check()\n",
      "timestamp": 1674255387,
      "stdout": "",
      "stderr": "Traceback (most recent call last):\n  File \"/tmp/tmp7a6kalo3.py\", line 26, in <module>\n    test_check()\n  File \"/tmp/tmp7a6kalo3.py\", line 24, in test_check\n    check(f)\n  File \"/tmp/tmp7a6kalo3.py\", line 14, in check\n    assert candidate(4) == False\nAssertionError\n",
      "exit_code": 1,
      "status": "Exception"
    },
    {
      "program": "def f(arg1: int) -> bool:\n    \"\"\"Evaluate whether the given number n can be written as the sum of exactly 4 positive even numbers\n    Example\n    >>> f(4)\n    False\n    >>> f(6)\n    False\n    >>> f(8)\n    True\n    \"\"\"\n    return arg1 % 2 == 0\n\n\ndef check(candidate):\n    assert candidate(4) == False\n    assert candidate(6) == False\n    assert candidate(8) == True\n    assert candidate(10) == True\n    assert candidate(11) == False\n    assert candidate(12) == True\n    assert candidate(13) == False\n    assert candidate(16) == True\n\ndef test_check():\n    check(f)\n\ntest_check()\n",
      "timestamp": 1674255387,
      "stdout": "",
      "stderr": "Traceback (most recent call last):\n  File \"/tmp/tmp3336ps7a.py\", line 27, in <module>\n    test_check()\n  File \"/tmp/tmp3336ps7a.py\", line 25, in test_check\n    check(f)\n  File \"/tmp/tmp3336ps7a.py\", line 15, in check\n    assert candidate(4) == False\nAssertionError\n",
      "exit_code": 1,
      "status": "Exception"
    },
    {
      "program": "def f(arg1: int) -> bool:\n    \"\"\"Evaluate whether the given number n can be written as the sum of exactly 4 positive even numbers\n    Example\n    >>> f(4)\n    False\n    >>> f(6)\n    False\n    >>> f(8)\n    True\n    \"\"\"\n    if arg1 % 2 == 0:\n        return False\n    else:\n        return True\n\ndef check(candidate):\n    assert candidate(4) == False\n    assert candidate(6) == False\n    assert candidate(8) == True\n    assert candidate(10) == True\n    assert candidate(11) == False\n    assert candidate(12) == True\n    assert candidate(13) == False\n    assert candidate(16) == True\n\ndef test_check():\n    check(f)\n\ntest_check()\n",
      "timestamp": 1674255387,
      "stdout": "",
      "stderr": "Traceback (most recent call last):\n  File \"/tmp/tmpi7jxnm0o.py\", line 29, in <module>\n    test_check()\n  File \"/tmp/tmpi7jxnm0o.py\", line 27, in test_check\n    check(f)\n  File \"/tmp/tmpi7jxnm0o.py\", line 19, in check\n    assert candidate(8) == True\nAssertionError\n",
      "exit_code": 1,
      "status": "Exception"
    },
    {
      "program": "def f(arg1: int) -> bool:\n    \"\"\"Evaluate whether the given number n can be written as the sum of exactly 4 positive even numbers\n    Example\n    >>> f(4)\n    False\n    >>> f(6)\n    False\n    >>> f(8)\n    True\n    \"\"\"\n    if arg1 == 0:\n        return True\n    if arg1 % 2 == 0:\n        return False\n    return True\n\ndef check(candidate):\n    assert candidate(4) == False\n    assert candidate(6) == False\n    assert candidate(8) == True\n    assert candidate(10) == True\n    assert candidate(11) == False\n    assert candidate(12) == True\n    assert candidate(13) == False\n    assert candidate(16) == True\n\ndef test_check():\n    check(f)\n\ntest_check()\n",
      "timestamp": 1674255387,
      "stdout": "",
      "stderr": "Traceback (most recent call last):\n  File \"/tmp/tmpf0j5g4_6.py\", line 30, in <module>\n    test_check()\n  File \"/tmp/tmpf0j5g4_6.py\", line 28, in test_check\n    check(f)\n  File \"/tmp/tmpf0j5g4_6.py\", line 20, in check\n    assert candidate(8) == True\nAssertionError\n",
      "exit_code": 1,
      "status": "Exception"
    },
    {
      "program": "def f(arg1: int) -> bool:\n    \"\"\"Evaluate whether the given number n can be written as the sum of exactly 4 positive even numbers\n    Example\n    >>> f(4)\n    False\n    >>> f(6)\n    False\n    >>> f(8)\n    True\n    \"\"\"\n    if arg1 == 0:\n        return False\n    if arg1 % 2 == 0:\n        return False\n    if arg1 % 3 == 0:\n        return True\n    return False\n\n\ndef check(candidate):\n    assert candidate(4) == False\n    assert candidate(6) == False\n    assert candidate(8) == True\n    assert candidate(10) == True\n    assert candidate(11) == False\n    assert candidate(12) == True\n    assert candidate(13) == False\n    assert candidate(16) == True\n\ndef test_check():\n    check(f)\n\ntest_check()\n",
      "timestamp": 1674255387,
      "stdout": "",
      "stderr": "Traceback (most recent call last):\n  File \"/tmp/tmp2r0sr0sd.py\", line 33, in <module>\n    test_check()\n  File \"/tmp/tmp2r0sr0sd.py\", line 31, in test_check\n    check(f)\n  File \"/tmp/tmp2r0sr0sd.py\", line 23, in check\n    assert candidate(8) == True\nAssertionError\n",
      "exit_code": 1,
      "status": "Exception"
    },
    {
      "program": "def f(arg1: int) -> bool:\n    \"\"\"Evaluate whether the given number n can be written as the sum of exactly 4 positive even numbers\n    Example\n    >>> f(4)\n    False\n    >>> f(6)\n    False\n    >>> f(8)\n    True\n    \"\"\"\n    if arg1 % 2 == 0:\n        return False\n    else:\n        return True\n\ndef check(candidate):\n    assert candidate(4) == False\n    assert candidate(6) == False\n    assert candidate(8) == True\n    assert candidate(10) == True\n    assert candidate(11) == False\n    assert candidate(12) == True\n    assert candidate(13) == False\n    assert candidate(16) == True\n\ndef test_check():\n    check(f)\n\ntest_check()\n",
      "timestamp": 1674255387,
      "stdout": "",
      "stderr": "Traceback (most recent call last):\n  File \"/tmp/tmpi7jxnm0o.py\", line 29, in <module>\n    test_check()\n  File \"/tmp/tmpi7jxnm0o.py\", line 27, in test_check\n    check(f)\n  File \"/tmp/tmpi7jxnm0o.py\", line 19, in check\n    assert candidate(8) == True\nAssertionError\n",
      "exit_code": 1,
      "status": "Exception"
    },
    {
      "program": "def f(arg1: int) -> bool:\n    \"\"\"Evaluate whether the given number n can be written as the sum of exactly 4 positive even numbers\n    Example\n    >>> f(4)\n    False\n    >>> f(6)\n    False\n    >>> f(8)\n    True\n    \"\"\"\n    return arg1 % 4 == 0\n\ndef check(candidate):\n    assert candidate(4) == False\n    assert candidate(6) == False\n    assert candidate(8) == True\n    assert candidate(10) == True\n    assert candidate(11) == False\n    assert candidate(12) == True\n    assert candidate(13) == False\n    assert candidate(16) == True\n\ndef test_check():\n    check(f)\n\ntest_check()\n",
      "timestamp": 1674255387,
      "stdout": "",
      "stderr": "Traceback (most recent call last):\n  File \"/tmp/tmplj32qi8_.py\", line 26, in <module>\n    test_check()\n  File \"/tmp/tmplj32qi8_.py\", line 24, in test_check\n    check(f)\n  File \"/tmp/tmplj32qi8_.py\", line 14, in check\n    assert candidate(4) == False\nAssertionError\n",
      "exit_code": 1,
      "status": "Exception"
    },
    {
      "program": "def f(arg1: int) -> bool:\n    \"\"\"Evaluate whether the given number n can be written as the sum of exactly 4 positive even numbers\n    Example\n    >>> f(4)\n    False\n    >>> f(6)\n    False\n    >>> f(8)\n    True\n    \"\"\"\n    if arg1 == 0:\n        return False\n    elif arg1 % 2 == 0:\n        return True\n    else:\n        return False\n\n\ndef check(candidate):\n    assert candidate(4) == False\n    assert candidate(6) == False\n    assert candidate(8) == True\n    assert candidate(10) == True\n    assert candidate(11) == False\n    assert candidate(12) == True\n    assert candidate(13) == False\n    assert candidate(16) == True\n\ndef test_check():\n    check(f)\n\ntest_check()\n",
      "timestamp": 1674255387,
      "stdout": "",
      "stderr": "Traceback (most recent call last):\n  File \"/tmp/tmpdnaof4rf.py\", line 32, in <module>\n    test_check()\n  File \"/tmp/tmpdnaof4rf.py\", line 30, in test_check\n    check(f)\n  File \"/tmp/tmpdnaof4rf.py\", line 20, in check\n    assert candidate(4) == False\nAssertionError\n",
      "exit_code": 1,
      "status": "Exception"
    },
    {
      "program": "def f(arg1: int) -> bool:\n    \"\"\"Evaluate whether the given number n can be written as the sum of exactly 4 positive even numbers\n    Example\n    >>> f(4)\n    False\n    >>> f(6)\n    False\n    >>> f(8)\n    True\n    \"\"\"\n    return arg1 % 4 == 0\n\ndef check(candidate):\n    assert candidate(4) == False\n    assert candidate(6) == False\n    assert candidate(8) == True\n    assert candidate(10) == True\n    assert candidate(11) == False\n    assert candidate(12) == True\n    assert candidate(13) == False\n    assert candidate(16) == True\n\ndef test_check():\n    check(f)\n\ntest_check()\n",
      "timestamp": 1674255387,
      "stdout": "",
      "stderr": "Traceback (most recent call last):\n  File \"/tmp/tmplj32qi8_.py\", line 26, in <module>\n    test_check()\n  File \"/tmp/tmplj32qi8_.py\", line 24, in test_check\n    check(f)\n  File \"/tmp/tmplj32qi8_.py\", line 14, in check\n    assert candidate(4) == False\nAssertionError\n",
      "exit_code": 1,
      "status": "Exception"
    },
    {
      "program": "def f(arg1: int) -> bool:\n    \"\"\"Evaluate whether the given number n can be written as the sum of exactly 4 positive even numbers\n    Example\n    >>> f(4)\n    False\n    >>> f(6)\n    False\n    >>> f(8)\n    True\n    \"\"\"\n    return arg1 % 4 == 0\n\ndef check(candidate):\n    assert candidate(4) == False\n    assert candidate(6) == False\n    assert candidate(8) == True\n    assert candidate(10) == True\n    assert candidate(11) == False\n    assert candidate(12) == True\n    assert candidate(13) == False\n    assert candidate(16) == True\n\ndef test_check():\n    check(f)\n\ntest_check()\n",
      "timestamp": 1674255387,
      "stdout": "",
      "stderr": "Traceback (most recent call last):\n  File \"/tmp/tmplj32qi8_.py\", line 26, in <module>\n    test_check()\n  File \"/tmp/tmplj32qi8_.py\", line 24, in test_check\n    check(f)\n  File \"/tmp/tmplj32qi8_.py\", line 14, in check\n    assert candidate(4) == False\nAssertionError\n",
      "exit_code": 1,
      "status": "Exception"
    },
    {
      "program": "def f(arg1: int) -> bool:\n    \"\"\"Evaluate whether the given number n can be written as the sum of exactly 4 positive even numbers\n    Example\n    >>> f(4)\n    False\n    >>> f(6)\n    False\n    >>> f(8)\n    True\n    \"\"\"\n    return arg1 % 4 == 0\n\n\ndef check(candidate):\n    assert candidate(4) == False\n    assert candidate(6) == False\n    assert candidate(8) == True\n    assert candidate(10) == True\n    assert candidate(11) == False\n    assert candidate(12) == True\n    assert candidate(13) == False\n    assert candidate(16) == True\n\ndef test_check():\n    check(f)\n\ntest_check()\n",
      "timestamp": 1674255387,
      "stdout": "",
      "stderr": "Traceback (most recent call last):\n  File \"/tmp/tmp27uf4_yj.py\", line 27, in <module>\n    test_check()\n  File \"/tmp/tmp27uf4_yj.py\", line 25, in test_check\n    check(f)\n  File \"/tmp/tmp27uf4_yj.py\", line 15, in check\n    assert candidate(4) == False\nAssertionError\n",
      "exit_code": 1,
      "status": "Exception"
    },
    {
      "program": "def f(arg1: int) -> bool:\n    \"\"\"Evaluate whether the given number n can be written as the sum of exactly 4 positive even numbers\n    Example\n    >>> f(4)\n    False\n    >>> f(6)\n    False\n    >>> f(8)\n    True\n    \"\"\"\n    if arg1 == 0:\n        return False\n    if arg1 % 2 == 0:\n        return False\n    if arg1 % 3 == 0:\n        return True\n    return False\n\n\ndef check(candidate):\n    assert candidate(4) == False\n    assert candidate(6) == False\n    assert candidate(8) == True\n    assert candidate(10) == True\n    assert candidate(11) == False\n    assert candidate(12) == True\n    assert candidate(13) == False\n    assert candidate(16) == True\n\ndef test_check():\n    check(f)\n\ntest_check()\n",
      "timestamp": 1674255387,
      "stdout": "",
      "stderr": "Traceback (most recent call last):\n  File \"/tmp/tmp2r0sr0sd.py\", line 33, in <module>\n    test_check()\n  File \"/tmp/tmp2r0sr0sd.py\", line 31, in test_check\n    check(f)\n  File \"/tmp/tmp2r0sr0sd.py\", line 23, in check\n    assert candidate(8) == True\nAssertionError\n",
      "exit_code": 1,
      "status": "Exception"
    },
    {
      "program": "def f(arg1: int) -> bool:\n    \"\"\"Evaluate whether the given number n can be written as the sum of exactly 4 positive even numbers\n    Example\n    >>> f(4)\n    False\n    >>> f(6)\n    False\n    >>> f(8)\n    True\n    \"\"\"\n    return arg1 % 4 == 0\n\n\ndef check(candidate):\n    assert candidate(4) == False\n    assert candidate(6) == False\n    assert candidate(8) == True\n    assert candidate(10) == True\n    assert candidate(11) == False\n    assert candidate(12) == True\n    assert candidate(13) == False\n    assert candidate(16) == True\n\ndef test_check():\n    check(f)\n\ntest_check()\n",
      "timestamp": 1674255387,
      "stdout": "",
      "stderr": "Traceback (most recent call last):\n  File \"/tmp/tmp27uf4_yj.py\", line 27, in <module>\n    test_check()\n  File \"/tmp/tmp27uf4_yj.py\", line 25, in test_check\n    check(f)\n  File \"/tmp/tmp27uf4_yj.py\", line 15, in check\n    assert candidate(4) == False\nAssertionError\n",
      "exit_code": 1,
      "status": "Exception"
    },
    {
      "program": "def f(arg1: int) -> bool:\n    \"\"\"Evaluate whether the given number n can be written as the sum of exactly 4 positive even numbers\n    Example\n    >>> f(4)\n    False\n    >>> f(6)\n    False\n    >>> f(8)\n    True\n    \"\"\"\n    return arg1 % 2 == 0\n\n\ndef check(candidate):\n    assert candidate(4) == False\n    assert candidate(6) == False\n    assert candidate(8) == True\n    assert candidate(10) == True\n    assert candidate(11) == False\n    assert candidate(12) == True\n    assert candidate(13) == False\n    assert candidate(16) == True\n\ndef test_check():\n    check(f)\n\ntest_check()\n",
      "timestamp": 1674255387,
      "stdout": "",
      "stderr": "Traceback (most recent call last):\n  File \"/tmp/tmp3336ps7a.py\", line 27, in <module>\n    test_check()\n  File \"/tmp/tmp3336ps7a.py\", line 25, in test_check\n    check(f)\n  File \"/tmp/tmp3336ps7a.py\", line 15, in check\n    assert candidate(4) == False\nAssertionError\n",
      "exit_code": 1,
      "status": "Exception"
    },
    {
      "program": "def f(arg1: int) -> bool:\n    \"\"\"Evaluate whether the given number n can be written as the sum of exactly 4 positive even numbers\n    Example\n    >>> f(4)\n    False\n    >>> f(6)\n    False\n    >>> f(8)\n    True\n    \"\"\"\n    if arg1 == 0:\n        return False\n    if arg1 % 2 == 0:\n        return True\n    return False\n\n\ndef check(candidate):\n    assert candidate(4) == False\n    assert candidate(6) == False\n    assert candidate(8) == True\n    assert candidate(10) == True\n    assert candidate(11) == False\n    assert candidate(12) == True\n    assert candidate(13) == False\n    assert candidate(16) == True\n\ndef test_check():\n    check(f)\n\ntest_check()\n",
      "timestamp": 1674255387,
      "stdout": "",
      "stderr": "Traceback (most recent call last):\n  File \"/tmp/tmpvn62cig6.py\", line 31, in <module>\n    test_check()\n  File \"/tmp/tmpvn62cig6.py\", line 29, in test_check\n    check(f)\n  File \"/tmp/tmpvn62cig6.py\", line 19, in check\n    assert candidate(4) == False\nAssertionError\n",
      "exit_code": 1,
      "status": "Exception"
    },
    {
      "program": "def f(arg1: int) -> bool:\n    \"\"\"Evaluate whether the given number n can be written as the sum of exactly 4 positive even numbers\n    Example\n    >>> f(4)\n    False\n    >>> f(6)\n    False\n    >>> f(8)\n    True\n    \"\"\"\n    if arg1 == 0:\n        return True\n    if arg1 % 2 == 0:\n        return False\n    return True\n\ndef check(candidate):\n    assert candidate(4) == False\n    assert candidate(6) == False\n    assert candidate(8) == True\n    assert candidate(10) == True\n    assert candidate(11) == False\n    assert candidate(12) == True\n    assert candidate(13) == False\n    assert candidate(16) == True\n\ndef test_check():\n    check(f)\n\ntest_check()\n",
      "timestamp": 1674255387,
      "stdout": "",
      "stderr": "Traceback (most recent call last):\n  File \"/tmp/tmpf0j5g4_6.py\", line 30, in <module>\n    test_check()\n  File \"/tmp/tmpf0j5g4_6.py\", line 28, in test_check\n    check(f)\n  File \"/tmp/tmpf0j5g4_6.py\", line 20, in check\n    assert candidate(8) == True\nAssertionError\n",
      "exit_code": 1,
      "status": "Exception"
    },
    {
      "program": "def f(arg1: int) -> bool:\n    \"\"\"Evaluate whether the given number n can be written as the sum of exactly 4 positive even numbers\n    Example\n    >>> f(4)\n    False\n    >>> f(6)\n    False\n    >>> f(8)\n    True\n    \"\"\"\n    if arg1 == 0:\n        return True\n    if arg1 % 2 == 0:\n        return False\n    return True\n\n\ndef check(candidate):\n    assert candidate(4) == False\n    assert candidate(6) == False\n    assert candidate(8) == True\n    assert candidate(10) == True\n    assert candidate(11) == False\n    assert candidate(12) == True\n    assert candidate(13) == False\n    assert candidate(16) == True\n\ndef test_check():\n    check(f)\n\ntest_check()\n",
      "timestamp": 1674255387,
      "stdout": "",
      "stderr": "Traceback (most recent call last):\n  File \"/tmp/tmp6ex0o6io.py\", line 31, in <module>\n    test_check()\n  File \"/tmp/tmp6ex0o6io.py\", line 29, in test_check\n    check(f)\n  File \"/tmp/tmp6ex0o6io.py\", line 21, in check\n    assert candidate(8) == True\nAssertionError\n",
      "exit_code": 1,
      "status": "Exception"
    },
    {
      "program": "def f(arg1: int) -> bool:\n    \"\"\"Evaluate whether the given number n can be written as the sum of exactly 4 positive even numbers\n    Example\n    >>> f(4)\n    False\n    >>> f(6)\n    False\n    >>> f(8)\n    True\n    \"\"\"\n    if arg1 == 0:\n        return False\n    elif arg1 % 2 == 0:\n        return True\n    else:\n        return False\n\ndef check(candidate):\n    assert candidate(4) == False\n    assert candidate(6) == False\n    assert candidate(8) == True\n    assert candidate(10) == True\n    assert candidate(11) == False\n    assert candidate(12) == True\n    assert candidate(13) == False\n    assert candidate(16) == True\n\ndef test_check():\n    check(f)\n\ntest_check()\n",
      "timestamp": 1674255387,
      "stdout": "",
      "stderr": "Traceback (most recent call last):\n  File \"/tmp/tmp40ng848w.py\", line 31, in <module>\n    test_check()\n  File \"/tmp/tmp40ng848w.py\", line 29, in test_check\n    check(f)\n  File \"/tmp/tmp40ng848w.py\", line 19, in check\n    assert candidate(4) == False\nAssertionError\n",
      "exit_code": 1,
      "status": "Exception"
    },
    {
      "program": "def f(arg1: int) -> bool:\n    \"\"\"Evaluate whether the given number n can be written as the sum of exactly 4 positive even numbers\n    Example\n    >>> f(4)\n    False\n    >>> f(6)\n    False\n    >>> f(8)\n    True\n    \"\"\"\n    return arg1 % 4 == 0\n\ndef check(candidate):\n    assert candidate(4) == False\n    assert candidate(6) == False\n    assert candidate(8) == True\n    assert candidate(10) == True\n    assert candidate(11) == False\n    assert candidate(12) == True\n    assert candidate(13) == False\n    assert candidate(16) == True\n\ndef test_check():\n    check(f)\n\ntest_check()\n",
      "timestamp": 1674255387,
      "stdout": "",
      "stderr": "Traceback (most recent call last):\n  File \"/tmp/tmplj32qi8_.py\", line 26, in <module>\n    test_check()\n  File \"/tmp/tmplj32qi8_.py\", line 24, in test_check\n    check(f)\n  File \"/tmp/tmplj32qi8_.py\", line 14, in check\n    assert candidate(4) == False\nAssertionError\n",
      "exit_code": 1,
      "status": "Exception"
    },
    {
      "program": "def f(arg1: int) -> bool:\n    \"\"\"Evaluate whether the given number n can be written as the sum of exactly 4 positive even numbers\n    Example\n    >>> f(4)\n    False\n    >>> f(6)\n    False\n    >>> f(8)\n    True\n    \"\"\"\n    if arg1 % 2 == 0:\n        return False\n    return True\n\ndef check(candidate):\n    assert candidate(4) == False\n    assert candidate(6) == False\n    assert candidate(8) == True\n    assert candidate(10) == True\n    assert candidate(11) == False\n    assert candidate(12) == True\n    assert candidate(13) == False\n    assert candidate(16) == True\n\ndef test_check():\n    check(f)\n\ntest_check()\n",
      "timestamp": 1674255387,
      "stdout": "",
      "stderr": "Traceback (most recent call last):\n  File \"/tmp/tmp9o_cbfga.py\", line 28, in <module>\n    test_check()\n  File \"/tmp/tmp9o_cbfga.py\", line 26, in test_check\n    check(f)\n  File \"/tmp/tmp9o_cbfga.py\", line 18, in check\n    assert candidate(8) == True\nAssertionError\n",
      "exit_code": 1,
      "status": "Exception"
    },
    {
      "program": "def f(arg1: int) -> bool:\n    \"\"\"Evaluate whether the given number n can be written as the sum of exactly 4 positive even numbers\n    Example\n    >>> f(4)\n    False\n    >>> f(6)\n    False\n    >>> f(8)\n    True\n    \"\"\"\n    if arg1 % 2 == 0:\n        return True\n    else:\n        return False\n\n\ndef check(candidate):\n    assert candidate(4) == False\n    assert candidate(6) == False\n    assert candidate(8) == True\n    assert candidate(10) == True\n    assert candidate(11) == False\n    assert candidate(12) == True\n    assert candidate(13) == False\n    assert candidate(16) == True\n\ndef test_check():\n    check(f)\n\ntest_check()\n",
      "timestamp": 1674255387,
      "stdout": "",
      "stderr": "Traceback (most recent call last):\n  File \"/tmp/tmpglitnlo0.py\", line 30, in <module>\n    test_check()\n  File \"/tmp/tmpglitnlo0.py\", line 28, in test_check\n    check(f)\n  File \"/tmp/tmpglitnlo0.py\", line 18, in check\n    assert candidate(4) == False\nAssertionError\n",
      "exit_code": 1,
      "status": "Exception"
    },
    {
      "program": "def f(arg1: int) -> bool:\n    \"\"\"Evaluate whether the given number n can be written as the sum of exactly 4 positive even numbers\n    Example\n    >>> f(4)\n    False\n    >>> f(6)\n    False\n    >>> f(8)\n    True\n    \"\"\"\n    if arg1 < 0:\n        return False\n    if arg1 > 4:\n        return False\n    return True\n\ndef check(candidate):\n    assert candidate(4) == False\n    assert candidate(6) == False\n    assert candidate(8) == True\n    assert candidate(10) == True\n    assert candidate(11) == False\n    assert candidate(12) == True\n    assert candidate(13) == False\n    assert candidate(16) == True\n\ndef test_check():\n    check(f)\n\ntest_check()\n",
      "timestamp": 1674255387,
      "stdout": "",
      "stderr": "Traceback (most recent call last):\n  File \"/tmp/tmpkg7mmey1.py\", line 30, in <module>\n    test_check()\n  File \"/tmp/tmpkg7mmey1.py\", line 28, in test_check\n    check(f)\n  File \"/tmp/tmpkg7mmey1.py\", line 18, in check\n    assert candidate(4) == False\nAssertionError\n",
      "exit_code": 1,
      "status": "Exception"
    },
    {
      "program": "def f(arg1: int) -> bool:\n    \"\"\"Evaluate whether the given number n can be written as the sum of exactly 4 positive even numbers\n    Example\n    >>> f(4)\n    False\n    >>> f(6)\n    False\n    >>> f(8)\n    True\n    \"\"\"\n    return arg1 % 4 == 0\n\ndef check(candidate):\n    assert candidate(4) == False\n    assert candidate(6) == False\n    assert candidate(8) == True\n    assert candidate(10) == True\n    assert candidate(11) == False\n    assert candidate(12) == True\n    assert candidate(13) == False\n    assert candidate(16) == True\n\ndef test_check():\n    check(f)\n\ntest_check()\n",
      "timestamp": 1674255387,
      "stdout": "",
      "stderr": "Traceback (most recent call last):\n  File \"/tmp/tmplj32qi8_.py\", line 26, in <module>\n    test_check()\n  File \"/tmp/tmplj32qi8_.py\", line 24, in test_check\n    check(f)\n  File \"/tmp/tmplj32qi8_.py\", line 14, in check\n    assert candidate(4) == False\nAssertionError\n",
      "exit_code": 1,
      "status": "Exception"
    },
    {
      "program": "def f(arg1: int) -> bool:\n    \"\"\"Evaluate whether the given number n can be written as the sum of exactly 4 positive even numbers\n    Example\n    >>> f(4)\n    False\n    >>> f(6)\n    False\n    >>> f(8)\n    True\n    \"\"\"\n    return arg1 % 4 == 0\n\n\ndef check(candidate):\n    assert candidate(4) == False\n    assert candidate(6) == False\n    assert candidate(8) == True\n    assert candidate(10) == True\n    assert candidate(11) == False\n    assert candidate(12) == True\n    assert candidate(13) == False\n    assert candidate(16) == True\n\ndef test_check():\n    check(f)\n\ntest_check()\n",
      "timestamp": 1674255387,
      "stdout": "",
      "stderr": "Traceback (most recent call last):\n  File \"/tmp/tmp27uf4_yj.py\", line 27, in <module>\n    test_check()\n  File \"/tmp/tmp27uf4_yj.py\", line 25, in test_check\n    check(f)\n  File \"/tmp/tmp27uf4_yj.py\", line 15, in check\n    assert candidate(4) == False\nAssertionError\n",
      "exit_code": 1,
      "status": "Exception"
    },
    {
      "program": "def f(arg1: int) -> bool:\n    \"\"\"Evaluate whether the given number n can be written as the sum of exactly 4 positive even numbers\n    Example\n    >>> f(4)\n    False\n    >>> f(6)\n    False\n    >>> f(8)\n    True\n    \"\"\"\n    return arg1 % 4 == 0\n\n\ndef check(candidate):\n    assert candidate(4) == False\n    assert candidate(6) == False\n    assert candidate(8) == True\n    assert candidate(10) == True\n    assert candidate(11) == False\n    assert candidate(12) == True\n    assert candidate(13) == False\n    assert candidate(16) == True\n\ndef test_check():\n    check(f)\n\ntest_check()\n",
      "timestamp": 1674255387,
      "stdout": "",
      "stderr": "Traceback (most recent call last):\n  File \"/tmp/tmp27uf4_yj.py\", line 27, in <module>\n    test_check()\n  File \"/tmp/tmp27uf4_yj.py\", line 25, in test_check\n    check(f)\n  File \"/tmp/tmp27uf4_yj.py\", line 15, in check\n    assert candidate(4) == False\nAssertionError\n",
      "exit_code": 1,
      "status": "Exception"
    },
    {
      "program": "def f(arg1: int) -> bool:\n    \"\"\"Evaluate whether the given number n can be written as the sum of exactly 4 positive even numbers\n    Example\n    >>> f(4)\n    False\n    >>> f(6)\n    False\n    >>> f(8)\n    True\n    \"\"\"\n    return arg1 % 2 == 0\n\ndef check(candidate):\n    assert candidate(4) == False\n    assert candidate(6) == False\n    assert candidate(8) == True\n    assert candidate(10) == True\n    assert candidate(11) == False\n    assert candidate(12) == True\n    assert candidate(13) == False\n    assert candidate(16) == True\n\ndef test_check():\n    check(f)\n\ntest_check()\n",
      "timestamp": 1674255387,
      "stdout": "",
      "stderr": "Traceback (most recent call last):\n  File \"/tmp/tmp7a6kalo3.py\", line 26, in <module>\n    test_check()\n  File \"/tmp/tmp7a6kalo3.py\", line 24, in test_check\n    check(f)\n  File \"/tmp/tmp7a6kalo3.py\", line 14, in check\n    assert candidate(4) == False\nAssertionError\n",
      "exit_code": 1,
      "status": "Exception"
    },
    {
      "program": "def f(arg1: int) -> bool:\n    \"\"\"Evaluate whether the given number n can be written as the sum of exactly 4 positive even numbers\n    Example\n    >>> f(4)\n    False\n    >>> f(6)\n    False\n    >>> f(8)\n    True\n    \"\"\"\n    return arg1 % 2 == 0\n\ndef check(candidate):\n    assert candidate(4) == False\n    assert candidate(6) == False\n    assert candidate(8) == True\n    assert candidate(10) == True\n    assert candidate(11) == False\n    assert candidate(12) == True\n    assert candidate(13) == False\n    assert candidate(16) == True\n\ndef test_check():\n    check(f)\n\ntest_check()\n",
      "timestamp": 1674255387,
      "stdout": "",
      "stderr": "Traceback (most recent call last):\n  File \"/tmp/tmp7a6kalo3.py\", line 26, in <module>\n    test_check()\n  File \"/tmp/tmp7a6kalo3.py\", line 24, in test_check\n    check(f)\n  File \"/tmp/tmp7a6kalo3.py\", line 14, in check\n    assert candidate(4) == False\nAssertionError\n",
      "exit_code": 1,
      "status": "Exception"
    },
    {
      "program": "def f(arg1: int) -> bool:\n    \"\"\"Evaluate whether the given number n can be written as the sum of exactly 4 positive even numbers\n    Example\n    >>> f(4)\n    False\n    >>> f(6)\n    False\n    >>> f(8)\n    True\n    \"\"\"\n    if arg1 == 0:\n        return False\n    elif arg1 % 2 == 0:\n        return True\n    else:\n        return False\n\n\ndef check(candidate):\n    assert candidate(4) == False\n    assert candidate(6) == False\n    assert candidate(8) == True\n    assert candidate(10) == True\n    assert candidate(11) == False\n    assert candidate(12) == True\n    assert candidate(13) == False\n    assert candidate(16) == True\n\ndef test_check():\n    check(f)\n\ntest_check()\n",
      "timestamp": 1674255387,
      "stdout": "",
      "stderr": "Traceback (most recent call last):\n  File \"/tmp/tmpdnaof4rf.py\", line 32, in <module>\n    test_check()\n  File \"/tmp/tmpdnaof4rf.py\", line 30, in test_check\n    check(f)\n  File \"/tmp/tmpdnaof4rf.py\", line 20, in check\n    assert candidate(4) == False\nAssertionError\n",
      "exit_code": 1,
      "status": "Exception"
    },
    {
      "program": "def f(arg1: int) -> bool:\n    \"\"\"Evaluate whether the given number n can be written as the sum of exactly 4 positive even numbers\n    Example\n    >>> f(4)\n    False\n    >>> f(6)\n    False\n    >>> f(8)\n    True\n    \"\"\"\n    if arg1 == 0:\n        return True\n    elif arg1 % 2 == 0:\n        return False\n    else:\n        return True\n<|endoftext|>                              \ndef check(candidate):\n    assert candidate(4) == False\n    assert candidate(6) == False\n    assert candidate(8) == True\n    assert candidate(10) == True\n    assert candidate(11) == False\n    assert candidate(12) == True\n    assert candidate(13) == False\n    assert candidate(16) == True\n\ndef test_check():\n    check(f)\n\ntest_check()\n",
      "timestamp": 1674255387,
      "stdout": "",
      "stderr": "  File \"/tmp/tmpvfrwvk26.py\", line 17\n    <|endoftext|>                              \n    ^\nSyntaxError: invalid syntax\n",
      "exit_code": 1,
      "status": "SyntaxError"
    },
    {
      "program": "def f(arg1: int) -> bool:\n    \"\"\"Evaluate whether the given number n can be written as the sum of exactly 4 positive even numbers\n    Example\n    >>> f(4)\n    False\n    >>> f(6)\n    False\n    >>> f(8)\n    True\n    \"\"\"\n    if arg1 % 2 == 0:\n        return False\n    return True\n\n\ndef check(candidate):\n    assert candidate(4) == False\n    assert candidate(6) == False\n    assert candidate(8) == True\n    assert candidate(10) == True\n    assert candidate(11) == False\n    assert candidate(12) == True\n    assert candidate(13) == False\n    assert candidate(16) == True\n\ndef test_check():\n    check(f)\n\ntest_check()\n",
      "timestamp": 1674255387,
      "stdout": "",
      "stderr": "Traceback (most recent call last):\n  File \"/tmp/tmpy9ugfcco.py\", line 29, in <module>\n    test_check()\n  File \"/tmp/tmpy9ugfcco.py\", line 27, in test_check\n    check(f)\n  File \"/tmp/tmpy9ugfcco.py\", line 19, in check\n    assert candidate(8) == True\nAssertionError\n",
      "exit_code": 1,
      "status": "Exception"
    },
    {
      "program": "def f(arg1: int) -> bool:\n    \"\"\"Evaluate whether the given number n can be written as the sum of exactly 4 positive even numbers\n    Example\n    >>> f(4)\n    False\n    >>> f(6)\n    False\n    >>> f(8)\n    True\n    \"\"\"\n    return arg1 % 2 == 0\n\n\ndef check(candidate):\n    assert candidate(4) == False\n    assert candidate(6) == False\n    assert candidate(8) == True\n    assert candidate(10) == True\n    assert candidate(11) == False\n    assert candidate(12) == True\n    assert candidate(13) == False\n    assert candidate(16) == True\n\ndef test_check():\n    check(f)\n\ntest_check()\n",
      "timestamp": 1674255387,
      "stdout": "",
      "stderr": "Traceback (most recent call last):\n  File \"/tmp/tmp3336ps7a.py\", line 27, in <module>\n    test_check()\n  File \"/tmp/tmp3336ps7a.py\", line 25, in test_check\n    check(f)\n  File \"/tmp/tmp3336ps7a.py\", line 15, in check\n    assert candidate(4) == False\nAssertionError\n",
      "exit_code": 1,
      "status": "Exception"
    },
    {
      "program": "def f(arg1: int) -> bool:\n    \"\"\"Evaluate whether the given number n can be written as the sum of exactly 4 positive even numbers\n    Example\n    >>> f(4)\n    False\n    >>> f(6)\n    False\n    >>> f(8)\n    True\n    \"\"\"\n    if arg1 == 0:\n        return False\n    elif arg1 % 2 == 0:\n        return True\n    else:\n        return False\n\ndef check(candidate):\n    assert candidate(4) == False\n    assert candidate(6) == False\n    assert candidate(8) == True\n    assert candidate(10) == True\n    assert candidate(11) == False\n    assert candidate(12) == True\n    assert candidate(13) == False\n    assert candidate(16) == True\n\ndef test_check():\n    check(f)\n\ntest_check()\n",
      "timestamp": 1674255387,
      "stdout": "",
      "stderr": "Traceback (most recent call last):\n  File \"/tmp/tmp40ng848w.py\", line 31, in <module>\n    test_check()\n  File \"/tmp/tmp40ng848w.py\", line 29, in test_check\n    check(f)\n  File \"/tmp/tmp40ng848w.py\", line 19, in check\n    assert candidate(4) == False\nAssertionError\n",
      "exit_code": 1,
      "status": "Exception"
    },
    {
      "program": "def f(arg1: int) -> bool:\n    \"\"\"Evaluate whether the given number n can be written as the sum of exactly 4 positive even numbers\n    Example\n    >>> f(4)\n    False\n    >>> f(6)\n    False\n    >>> f(8)\n    True\n    \"\"\"\n    if arg1 == 0:\n        return False\n    if arg1 % 2 == 0:\n        return True\n    return False\n\ndef check(candidate):\n    assert candidate(4) == False\n    assert candidate(6) == False\n    assert candidate(8) == True\n    assert candidate(10) == True\n    assert candidate(11) == False\n    assert candidate(12) == True\n    assert candidate(13) == False\n    assert candidate(16) == True\n\ndef test_check():\n    check(f)\n\ntest_check()\n",
      "timestamp": 1674255387,
      "stdout": "",
      "stderr": "Traceback (most recent call last):\n  File \"/tmp/tmp2kkgjl76.py\", line 30, in <module>\n    test_check()\n  File \"/tmp/tmp2kkgjl76.py\", line 28, in test_check\n    check(f)\n  File \"/tmp/tmp2kkgjl76.py\", line 18, in check\n    assert candidate(4) == False\nAssertionError\n",
      "exit_code": 1,
      "status": "Exception"
    },
    {
      "program": "def f(arg1: int) -> bool:\n    \"\"\"Evaluate whether the given number n can be written as the sum of exactly 4 positive even numbers\n    Example\n    >>> f(4)\n    False\n    >>> f(6)\n    False\n    >>> f(8)\n    True\n    \"\"\"\n    if arg1 == 0:\n        return True\n    if arg1 % 2 == 0:\n        return False\n    return True\n\n\ndef check(candidate):\n    assert candidate(4) == False\n    assert candidate(6) == False\n    assert candidate(8) == True\n    assert candidate(10) == True\n    assert candidate(11) == False\n    assert candidate(12) == True\n    assert candidate(13) == False\n    assert candidate(16) == True\n\ndef test_check():\n    check(f)\n\ntest_check()\n",
      "timestamp": 1674255387,
      "stdout": "",
      "stderr": "Traceback (most recent call last):\n  File \"/tmp/tmp6ex0o6io.py\", line 31, in <module>\n    test_check()\n  File \"/tmp/tmp6ex0o6io.py\", line 29, in test_check\n    check(f)\n  File \"/tmp/tmp6ex0o6io.py\", line 21, in check\n    assert candidate(8) == True\nAssertionError\n",
      "exit_code": 1,
      "status": "Exception"
    },
    {
      "program": "def f(arg1: int) -> bool:\n    \"\"\"Evaluate whether the given number n can be written as the sum of exactly 4 positive even numbers\n    Example\n    >>> f(4)\n    False\n    >>> f(6)\n    False\n    >>> f(8)\n    True\n    \"\"\"\n    if arg1 % 2 == 0:\n        return False\n    else:\n        return True\n\ndef check(candidate):\n    assert candidate(4) == False\n    assert candidate(6) == False\n    assert candidate(8) == True\n    assert candidate(10) == True\n    assert candidate(11) == False\n    assert candidate(12) == True\n    assert candidate(13) == False\n    assert candidate(16) == True\n\ndef test_check():\n    check(f)\n\ntest_check()\n",
      "timestamp": 1674255387,
      "stdout": "",
      "stderr": "Traceback (most recent call last):\n  File \"/tmp/tmpi7jxnm0o.py\", line 29, in <module>\n    test_check()\n  File \"/tmp/tmpi7jxnm0o.py\", line 27, in test_check\n    check(f)\n  File \"/tmp/tmpi7jxnm0o.py\", line 19, in check\n    assert candidate(8) == True\nAssertionError\n",
      "exit_code": 1,
      "status": "Exception"
    },
    {
      "program": "def f(arg1: int) -> bool:\n    \"\"\"Evaluate whether the given number n can be written as the sum of exactly 4 positive even numbers\n    Example\n    >>> f(4)\n    False\n    >>> f(6)\n    False\n    >>> f(8)\n    True\n    \"\"\"\n    if arg1 == 0:\n        return False\n    if arg1 % 2 == 0:\n        return True\n    return False\n\n\ndef check(candidate):\n    assert candidate(4) == False\n    assert candidate(6) == False\n    assert candidate(8) == True\n    assert candidate(10) == True\n    assert candidate(11) == False\n    assert candidate(12) == True\n    assert candidate(13) == False\n    assert candidate(16) == True\n\ndef test_check():\n    check(f)\n\ntest_check()\n",
      "timestamp": 1674255387,
      "stdout": "",
      "stderr": "Traceback (most recent call last):\n  File \"/tmp/tmpvn62cig6.py\", line 31, in <module>\n    test_check()\n  File \"/tmp/tmpvn62cig6.py\", line 29, in test_check\n    check(f)\n  File \"/tmp/tmpvn62cig6.py\", line 19, in check\n    assert candidate(4) == False\nAssertionError\n",
      "exit_code": 1,
      "status": "Exception"
    },
    {
      "program": "def f(arg1: int) -> bool:\n    \"\"\"Evaluate whether the given number n can be written as the sum of exactly 4 positive even numbers\n    Example\n    >>> f(4)\n    False\n    >>> f(6)\n    False\n    >>> f(8)\n    True\n    \"\"\"\n    if arg1 == 0:\n        return False\n    elif arg1 % 2 == 0:\n        return True\n    else:\n        return False\n\n\ndef check(candidate):\n    assert candidate(4) == False\n    assert candidate(6) == False\n    assert candidate(8) == True\n    assert candidate(10) == True\n    assert candidate(11) == False\n    assert candidate(12) == True\n    assert candidate(13) == False\n    assert candidate(16) == True\n\ndef test_check():\n    check(f)\n\ntest_check()\n",
      "timestamp": 1674255387,
      "stdout": "",
      "stderr": "Traceback (most recent call last):\n  File \"/tmp/tmpdnaof4rf.py\", line 32, in <module>\n    test_check()\n  File \"/tmp/tmpdnaof4rf.py\", line 30, in test_check\n    check(f)\n  File \"/tmp/tmpdnaof4rf.py\", line 20, in check\n    assert candidate(4) == False\nAssertionError\n",
      "exit_code": 1,
      "status": "Exception"
    },
    {
      "program": "def f(arg1: int) -> bool:\n    \"\"\"Evaluate whether the given number n can be written as the sum of exactly 4 positive even numbers\n    Example\n    >>> f(4)\n    False\n    >>> f(6)\n    False\n    >>> f(8)\n    True\n    \"\"\"\n    return arg1 % 4 == 0\n\n\ndef check(candidate):\n    assert candidate(4) == False\n    assert candidate(6) == False\n    assert candidate(8) == True\n    assert candidate(10) == True\n    assert candidate(11) == False\n    assert candidate(12) == True\n    assert candidate(13) == False\n    assert candidate(16) == True\n\ndef test_check():\n    check(f)\n\ntest_check()\n",
      "timestamp": 1674255387,
      "stdout": "",
      "stderr": "Traceback (most recent call last):\n  File \"/tmp/tmp27uf4_yj.py\", line 27, in <module>\n    test_check()\n  File \"/tmp/tmp27uf4_yj.py\", line 25, in test_check\n    check(f)\n  File \"/tmp/tmp27uf4_yj.py\", line 15, in check\n    assert candidate(4) == False\nAssertionError\n",
      "exit_code": 1,
      "status": "Exception"
    },
    {
      "program": "def f(arg1: int) -> bool:\n    \"\"\"Evaluate whether the given number n can be written as the sum of exactly 4 positive even numbers\n    Example\n    >>> f(4)\n    False\n    >>> f(6)\n    False\n    >>> f(8)\n    True\n    \"\"\"\n    return arg1 % 2 == 0\n\n\ndef check(candidate):\n    assert candidate(4) == False\n    assert candidate(6) == False\n    assert candidate(8) == True\n    assert candidate(10) == True\n    assert candidate(11) == False\n    assert candidate(12) == True\n    assert candidate(13) == False\n    assert candidate(16) == True\n\ndef test_check():\n    check(f)\n\ntest_check()\n",
      "timestamp": 1674255387,
      "stdout": "",
      "stderr": "Traceback (most recent call last):\n  File \"/tmp/tmp3336ps7a.py\", line 27, in <module>\n    test_check()\n  File \"/tmp/tmp3336ps7a.py\", line 25, in test_check\n    check(f)\n  File \"/tmp/tmp3336ps7a.py\", line 15, in check\n    assert candidate(4) == False\nAssertionError\n",
      "exit_code": 1,
      "status": "Exception"
    },
    {
      "program": "def f(arg1: int) -> bool:\n    \"\"\"Evaluate whether the given number n can be written as the sum of exactly 4 positive even numbers\n    Example\n    >>> f(4)\n    False\n    >>> f(6)\n    False\n    >>> f(8)\n    True\n    \"\"\"\n    return arg1 % 4 == 0\n\ndef check(candidate):\n    assert candidate(4) == False\n    assert candidate(6) == False\n    assert candidate(8) == True\n    assert candidate(10) == True\n    assert candidate(11) == False\n    assert candidate(12) == True\n    assert candidate(13) == False\n    assert candidate(16) == True\n\ndef test_check():\n    check(f)\n\ntest_check()\n",
      "timestamp": 1674255387,
      "stdout": "",
      "stderr": "Traceback (most recent call last):\n  File \"/tmp/tmplj32qi8_.py\", line 26, in <module>\n    test_check()\n  File \"/tmp/tmplj32qi8_.py\", line 24, in test_check\n    check(f)\n  File \"/tmp/tmplj32qi8_.py\", line 14, in check\n    assert candidate(4) == False\nAssertionError\n",
      "exit_code": 1,
      "status": "Exception"
    },
    {
      "program": "def f(arg1: int) -> bool:\n    \"\"\"Evaluate whether the given number n can be written as the sum of exactly 4 positive even numbers\n    Example\n    >>> f(4)\n    False\n    >>> f(6)\n    False\n    >>> f(8)\n    True\n    \"\"\"\n    if arg1 % 2 == 0:\n        return False\n    else:\n        return True\n\n\ndef check(candidate):\n    assert candidate(4) == False\n    assert candidate(6) == False\n    assert candidate(8) == True\n    assert candidate(10) == True\n    assert candidate(11) == False\n    assert candidate(12) == True\n    assert candidate(13) == False\n    assert candidate(16) == True\n\ndef test_check():\n    check(f)\n\ntest_check()\n",
      "timestamp": 1674255387,
      "stdout": "",
      "stderr": "Traceback (most recent call last):\n  File \"/tmp/tmpazzrtc79.py\", line 30, in <module>\n    test_check()\n  File \"/tmp/tmpazzrtc79.py\", line 28, in test_check\n    check(f)\n  File \"/tmp/tmpazzrtc79.py\", line 20, in check\n    assert candidate(8) == True\nAssertionError\n",
      "exit_code": 1,
      "status": "Exception"
    },
    {
      "program": "def f(arg1: int) -> bool:\n    \"\"\"Evaluate whether the given number n can be written as the sum of exactly 4 positive even numbers\n    Example\n    >>> f(4)\n    False\n    >>> f(6)\n    False\n    >>> f(8)\n    True\n    \"\"\"\n    return arg1 % 4 == 0\n\ndef check(candidate):\n    assert candidate(4) == False\n    assert candidate(6) == False\n    assert candidate(8) == True\n    assert candidate(10) == True\n    assert candidate(11) == False\n    assert candidate(12) == True\n    assert candidate(13) == False\n    assert candidate(16) == True\n\ndef test_check():\n    check(f)\n\ntest_check()\n",
      "timestamp": 1674255387,
      "stdout": "",
      "stderr": "Traceback (most recent call last):\n  File \"/tmp/tmplj32qi8_.py\", line 26, in <module>\n    test_check()\n  File \"/tmp/tmplj32qi8_.py\", line 24, in test_check\n    check(f)\n  File \"/tmp/tmplj32qi8_.py\", line 14, in check\n    assert candidate(4) == False\nAssertionError\n",
      "exit_code": 1,
      "status": "Exception"
    },
    {
      "program": "def f(arg1: int) -> bool:\n    \"\"\"Evaluate whether the given number n can be written as the sum of exactly 4 positive even numbers\n    Example\n    >>> f(4)\n    False\n    >>> f(6)\n    False\n    >>> f(8)\n    True\n    \"\"\"\n    if arg1 == 0:\n        return False\n    elif arg1 % 2 == 0:\n        return True\n    else:\n        return False\n\n\ndef check(candidate):\n    assert candidate(4) == False\n    assert candidate(6) == False\n    assert candidate(8) == True\n    assert candidate(10) == True\n    assert candidate(11) == False\n    assert candidate(12) == True\n    assert candidate(13) == False\n    assert candidate(16) == True\n\ndef test_check():\n    check(f)\n\ntest_check()\n",
      "timestamp": 1674255387,
      "stdout": "",
      "stderr": "Traceback (most recent call last):\n  File \"/tmp/tmpdnaof4rf.py\", line 32, in <module>\n    test_check()\n  File \"/tmp/tmpdnaof4rf.py\", line 30, in test_check\n    check(f)\n  File \"/tmp/tmpdnaof4rf.py\", line 20, in check\n    assert candidate(4) == False\nAssertionError\n",
      "exit_code": 1,
      "status": "Exception"
    },
    {
      "program": "def f(arg1: int) -> bool:\n    \"\"\"Evaluate whether the given number n can be written as the sum of exactly 4 positive even numbers\n    Example\n    >>> f(4)\n    False\n    >>> f(6)\n    False\n    >>> f(8)\n    True\n    \"\"\"\n    if arg1 == 0:\n        return False\n    elif arg1 % 2 == 0:\n        return True\n    else:\n        return False\n\n\ndef check(candidate):\n    assert candidate(4) == False\n    assert candidate(6) == False\n    assert candidate(8) == True\n    assert candidate(10) == True\n    assert candidate(11) == False\n    assert candidate(12) == True\n    assert candidate(13) == False\n    assert candidate(16) == True\n\ndef test_check():\n    check(f)\n\ntest_check()\n",
      "timestamp": 1674255387,
      "stdout": "",
      "stderr": "Traceback (most recent call last):\n  File \"/tmp/tmpdnaof4rf.py\", line 32, in <module>\n    test_check()\n  File \"/tmp/tmpdnaof4rf.py\", line 30, in test_check\n    check(f)\n  File \"/tmp/tmpdnaof4rf.py\", line 20, in check\n    assert candidate(4) == False\nAssertionError\n",
      "exit_code": 1,
      "status": "Exception"
    },
    {
      "program": "def f(arg1: int) -> bool:\n    \"\"\"Evaluate whether the given number n can be written as the sum of exactly 4 positive even numbers\n    Example\n    >>> f(4)\n    False\n    >>> f(6)\n    False\n    >>> f(8)\n    True\n    \"\"\"\n    return arg1 % 4 == 0\n\n\ndef check(candidate):\n    assert candidate(4) == False\n    assert candidate(6) == False\n    assert candidate(8) == True\n    assert candidate(10) == True\n    assert candidate(11) == False\n    assert candidate(12) == True\n    assert candidate(13) == False\n    assert candidate(16) == True\n\ndef test_check():\n    check(f)\n\ntest_check()\n",
      "timestamp": 1674255387,
      "stdout": "",
      "stderr": "Traceback (most recent call last):\n  File \"/tmp/tmp27uf4_yj.py\", line 27, in <module>\n    test_check()\n  File \"/tmp/tmp27uf4_yj.py\", line 25, in test_check\n    check(f)\n  File \"/tmp/tmp27uf4_yj.py\", line 15, in check\n    assert candidate(4) == False\nAssertionError\n",
      "exit_code": 1,
      "status": "Exception"
    },
    {
      "program": "def f(arg1: int) -> bool:\n    \"\"\"Evaluate whether the given number n can be written as the sum of exactly 4 positive even numbers\n    Example\n    >>> f(4)\n    False\n    >>> f(6)\n    False\n    >>> f(8)\n    True\n    \"\"\"\n    if arg1 < 0:\n        return False\n    if arg1 > 4:\n        return False\n    return True\n\ndef check(candidate):\n    assert candidate(4) == False\n    assert candidate(6) == False\n    assert candidate(8) == True\n    assert candidate(10) == True\n    assert candidate(11) == False\n    assert candidate(12) == True\n    assert candidate(13) == False\n    assert candidate(16) == True\n\ndef test_check():\n    check(f)\n\ntest_check()\n",
      "timestamp": 1674255387,
      "stdout": "",
      "stderr": "Traceback (most recent call last):\n  File \"/tmp/tmpkg7mmey1.py\", line 30, in <module>\n    test_check()\n  File \"/tmp/tmpkg7mmey1.py\", line 28, in test_check\n    check(f)\n  File \"/tmp/tmpkg7mmey1.py\", line 18, in check\n    assert candidate(4) == False\nAssertionError\n",
      "exit_code": 1,
      "status": "Exception"
    },
    {
      "program": "def f(arg1: int) -> bool:\n    \"\"\"Evaluate whether the given number n can be written as the sum of exactly 4 positive even numbers\n    Example\n    >>> f(4)\n    False\n    >>> f(6)\n    False\n    >>> f(8)\n    True\n    \"\"\"\n    if arg1 % 2 == 0:\n        return True\n    else:\n        return False\n\ndef check(candidate):\n    assert candidate(4) == False\n    assert candidate(6) == False\n    assert candidate(8) == True\n    assert candidate(10) == True\n    assert candidate(11) == False\n    assert candidate(12) == True\n    assert candidate(13) == False\n    assert candidate(16) == True\n\ndef test_check():\n    check(f)\n\ntest_check()\n",
      "timestamp": 1674255387,
      "stdout": "",
      "stderr": "Traceback (most recent call last):\n  File \"/tmp/tmp074fn97u.py\", line 29, in <module>\n    test_check()\n  File \"/tmp/tmp074fn97u.py\", line 27, in test_check\n    check(f)\n  File \"/tmp/tmp074fn97u.py\", line 17, in check\n    assert candidate(4) == False\nAssertionError\n",
      "exit_code": 1,
      "status": "Exception"
    },
    {
      "program": "def f(arg1: int) -> bool:\n    \"\"\"Evaluate whether the given number n can be written as the sum of exactly 4 positive even numbers\n    Example\n    >>> f(4)\n    False\n    >>> f(6)\n    False\n    >>> f(8)\n    True\n    \"\"\"\n    if arg1 == 0:\n        return False\n    if arg1 % 2 == 0:\n        return True\n    return False\n\ndef check(candidate):\n    assert candidate(4) == False\n    assert candidate(6) == False\n    assert candidate(8) == True\n    assert candidate(10) == True\n    assert candidate(11) == False\n    assert candidate(12) == True\n    assert candidate(13) == False\n    assert candidate(16) == True\n\ndef test_check():\n    check(f)\n\ntest_check()\n",
      "timestamp": 1674255387,
      "stdout": "",
      "stderr": "Traceback (most recent call last):\n  File \"/tmp/tmp2kkgjl76.py\", line 30, in <module>\n    test_check()\n  File \"/tmp/tmp2kkgjl76.py\", line 28, in test_check\n    check(f)\n  File \"/tmp/tmp2kkgjl76.py\", line 18, in check\n    assert candidate(4) == False\nAssertionError\n",
      "exit_code": 1,
      "status": "Exception"
    }
  ]
}