{
  "name": "HumanEval_60_sum_to_n",
  "language": "py",
  "prompt": "def f(arg1: int) -> int:\n    \"\"\"sum_to_n is a function that sums numbers from 1 to n.\n    >>> f(30)\n    465\n    >>> f(100)\n    5050\n    >>> f(5)\n    15\n    >>> f(10)\n    55\n    >>> f(1)\n    1\n    \"\"\"\n",
  "tests": "def check(candidate):\n    assert candidate(1) == 1\n    assert candidate(6) == 21\n    assert candidate(11) == 66\n    assert candidate(30) == 465\n    assert candidate(100) == 5050\n\ndef test_check():\n    check(f)\n\ntest_check()\n",
  "stop_tokens": [
    "\ndef",
    "\n#",
    "\nif",
    "\nclass"
  ],
  "results": [
    {
      "program": "def f(arg1: int) -> int:\n    \"\"\"sum_to_n is a function that sums numbers from 1 to n.\n    >>> f(30)\n    465\n    >>> f(100)\n    5050\n    >>> f(5)\n    15\n    >>> f(10)\n    55\n    >>> f(1)\n    1\n    \"\"\"\n    return arg1 + arg1\n\n\ndef check(candidate):\n    assert candidate(1) == 1\n    assert candidate(6) == 21\n    assert candidate(11) == 66\n    assert candidate(30) == 465\n    assert candidate(100) == 5050\n\ndef test_check():\n    check(f)\n\ntest_check()\n",
      "timestamp": 1674255481,
      "stdout": "",
      "stderr": "Traceback (most recent call last):\n  File \"/tmp/tmpz343riai.py\", line 27, in <module>\n    test_check()\n  File \"/tmp/tmpz343riai.py\", line 25, in test_check\n    check(f)\n  File \"/tmp/tmpz343riai.py\", line 18, in check\n    assert candidate(1) == 1\nAssertionError\n",
      "exit_code": 1,
      "status": "Exception"
    },
    {
      "program": "def f(arg1: int) -> int:\n    \"\"\"sum_to_n is a function that sums numbers from 1 to n.\n    >>> f(30)\n    465\n    >>> f(100)\n    5050\n    >>> f(5)\n    15\n    >>> f(10)\n    55\n    >>> f(1)\n    1\n    \"\"\"\n    return arg1 + arg1\n\n\ndef check(candidate):\n    assert candidate(1) == 1\n    assert candidate(6) == 21\n    assert candidate(11) == 66\n    assert candidate(30) == 465\n    assert candidate(100) == 5050\n\ndef test_check():\n    check(f)\n\ntest_check()\n",
      "timestamp": 1674255481,
      "stdout": "",
      "stderr": "Traceback (most recent call last):\n  File \"/tmp/tmpz343riai.py\", line 27, in <module>\n    test_check()\n  File \"/tmp/tmpz343riai.py\", line 25, in test_check\n    check(f)\n  File \"/tmp/tmpz343riai.py\", line 18, in check\n    assert candidate(1) == 1\nAssertionError\n",
      "exit_code": 1,
      "status": "Exception"
    },
    {
      "program": "def f(arg1: int) -> int:\n    \"\"\"sum_to_n is a function that sums numbers from 1 to n.\n    >>> f(30)\n    465\n    >>> f(100)\n    5050\n    >>> f(5)\n    15\n    >>> f(10)\n    55\n    >>> f(1)\n    1\n    \"\"\"\n    return arg1 + arg1\n\ndef check(candidate):\n    assert candidate(1) == 1\n    assert candidate(6) == 21\n    assert candidate(11) == 66\n    assert candidate(30) == 465\n    assert candidate(100) == 5050\n\ndef test_check():\n    check(f)\n\ntest_check()\n",
      "timestamp": 1674255481,
      "stdout": "",
      "stderr": "Traceback (most recent call last):\n  File \"/tmp/tmpqi7p269_.py\", line 26, in <module>\n    test_check()\n  File \"/tmp/tmpqi7p269_.py\", line 24, in test_check\n    check(f)\n  File \"/tmp/tmpqi7p269_.py\", line 17, in check\n    assert candidate(1) == 1\nAssertionError\n",
      "exit_code": 1,
      "status": "Exception"
    },
    {
      "program": "def f(arg1: int) -> int:\n    \"\"\"sum_to_n is a function that sums numbers from 1 to n.\n    >>> f(30)\n    465\n    >>> f(100)\n    5050\n    >>> f(5)\n    15\n    >>> f(10)\n    55\n    >>> f(1)\n    1\n    \"\"\"\n    return arg1 + arg1\n\n\ndef check(candidate):\n    assert candidate(1) == 1\n    assert candidate(6) == 21\n    assert candidate(11) == 66\n    assert candidate(30) == 465\n    assert candidate(100) == 5050\n\ndef test_check():\n    check(f)\n\ntest_check()\n",
      "timestamp": 1674255481,
      "stdout": "",
      "stderr": "Traceback (most recent call last):\n  File \"/tmp/tmpz343riai.py\", line 27, in <module>\n    test_check()\n  File \"/tmp/tmpz343riai.py\", line 25, in test_check\n    check(f)\n  File \"/tmp/tmpz343riai.py\", line 18, in check\n    assert candidate(1) == 1\nAssertionError\n",
      "exit_code": 1,
      "status": "Exception"
    },
    {
      "program": "def f(arg1: int) -> int:\n    \"\"\"sum_to_n is a function that sums numbers from 1 to n.\n    >>> f(30)\n    465\n    >>> f(100)\n    5050\n    >>> f(5)\n    15\n    >>> f(10)\n    55\n    >>> f(1)\n    1\n    \"\"\"\n    return arg1 + arg1\n\n\ndef check(candidate):\n    assert candidate(1) == 1\n    assert candidate(6) == 21\n    assert candidate(11) == 66\n    assert candidate(30) == 465\n    assert candidate(100) == 5050\n\ndef test_check():\n    check(f)\n\ntest_check()\n",
      "timestamp": 1674255481,
      "stdout": "",
      "stderr": "Traceback (most recent call last):\n  File \"/tmp/tmpz343riai.py\", line 27, in <module>\n    test_check()\n  File \"/tmp/tmpz343riai.py\", line 25, in test_check\n    check(f)\n  File \"/tmp/tmpz343riai.py\", line 18, in check\n    assert candidate(1) == 1\nAssertionError\n",
      "exit_code": 1,
      "status": "Exception"
    },
    {
      "program": "def f(arg1: int) -> int:\n    \"\"\"sum_to_n is a function that sums numbers from 1 to n.\n    >>> f(30)\n    465\n    >>> f(100)\n    5050\n    >>> f(5)\n    15\n    >>> f(10)\n    55\n    >>> f(1)\n    1\n    \"\"\"\n    return arg1 + arg1\n\n\ndef check(candidate):\n    assert candidate(1) == 1\n    assert candidate(6) == 21\n    assert candidate(11) == 66\n    assert candidate(30) == 465\n    assert candidate(100) == 5050\n\ndef test_check():\n    check(f)\n\ntest_check()\n",
      "timestamp": 1674255481,
      "stdout": "",
      "stderr": "Traceback (most recent call last):\n  File \"/tmp/tmpz343riai.py\", line 27, in <module>\n    test_check()\n  File \"/tmp/tmpz343riai.py\", line 25, in test_check\n    check(f)\n  File \"/tmp/tmpz343riai.py\", line 18, in check\n    assert candidate(1) == 1\nAssertionError\n",
      "exit_code": 1,
      "status": "Exception"
    },
    {
      "program": "def f(arg1: int) -> int:\n    \"\"\"sum_to_n is a function that sums numbers from 1 to n.\n    >>> f(30)\n    465\n    >>> f(100)\n    5050\n    >>> f(5)\n    15\n    >>> f(10)\n    55\n    >>> f(1)\n    1\n    \"\"\"\n    return arg1 + arg1\n\n\ndef check(candidate):\n    assert candidate(1) == 1\n    assert candidate(6) == 21\n    assert candidate(11) == 66\n    assert candidate(30) == 465\n    assert candidate(100) == 5050\n\ndef test_check():\n    check(f)\n\ntest_check()\n",
      "timestamp": 1674255481,
      "stdout": "",
      "stderr": "Traceback (most recent call last):\n  File \"/tmp/tmpz343riai.py\", line 27, in <module>\n    test_check()\n  File \"/tmp/tmpz343riai.py\", line 25, in test_check\n    check(f)\n  File \"/tmp/tmpz343riai.py\", line 18, in check\n    assert candidate(1) == 1\nAssertionError\n",
      "exit_code": 1,
      "status": "Exception"
    },
    {
      "program": "def f(arg1: int) -> int:\n    \"\"\"sum_to_n is a function that sums numbers from 1 to n.\n    >>> f(30)\n    465\n    >>> f(100)\n    5050\n    >>> f(5)\n    15\n    >>> f(10)\n    55\n    >>> f(1)\n    1\n    \"\"\"\n    return arg1 + arg1\n\n\ndef check(candidate):\n    assert candidate(1) == 1\n    assert candidate(6) == 21\n    assert candidate(11) == 66\n    assert candidate(30) == 465\n    assert candidate(100) == 5050\n\ndef test_check():\n    check(f)\n\ntest_check()\n",
      "timestamp": 1674255481,
      "stdout": "",
      "stderr": "Traceback (most recent call last):\n  File \"/tmp/tmpz343riai.py\", line 27, in <module>\n    test_check()\n  File \"/tmp/tmpz343riai.py\", line 25, in test_check\n    check(f)\n  File \"/tmp/tmpz343riai.py\", line 18, in check\n    assert candidate(1) == 1\nAssertionError\n",
      "exit_code": 1,
      "status": "Exception"
    },
    {
      "program": "def f(arg1: int) -> int:\n    \"\"\"sum_to_n is a function that sums numbers from 1 to n.\n    >>> f(30)\n    465\n    >>> f(100)\n    5050\n    >>> f(5)\n    15\n    >>> f(10)\n    55\n    >>> f(1)\n    1\n    \"\"\"\n    return arg1 + 1\n\n\ndef check(candidate):\n    assert candidate(1) == 1\n    assert candidate(6) == 21\n    assert candidate(11) == 66\n    assert candidate(30) == 465\n    assert candidate(100) == 5050\n\ndef test_check():\n    check(f)\n\ntest_check()\n",
      "timestamp": 1674255481,
      "stdout": "",
      "stderr": "Traceback (most recent call last):\n  File \"/tmp/tmpsmlumq_d.py\", line 27, in <module>\n    test_check()\n  File \"/tmp/tmpsmlumq_d.py\", line 25, in test_check\n    check(f)\n  File \"/tmp/tmpsmlumq_d.py\", line 18, in check\n    assert candidate(1) == 1\nAssertionError\n",
      "exit_code": 1,
      "status": "Exception"
    },
    {
      "program": "def f(arg1: int) -> int:\n    \"\"\"sum_to_n is a function that sums numbers from 1 to n.\n    >>> f(30)\n    465\n    >>> f(100)\n    5050\n    >>> f(5)\n    15\n    >>> f(10)\n    55\n    >>> f(1)\n    1\n    \"\"\"\n    return arg1 + arg1\n\ndef check(candidate):\n    assert candidate(1) == 1\n    assert candidate(6) == 21\n    assert candidate(11) == 66\n    assert candidate(30) == 465\n    assert candidate(100) == 5050\n\ndef test_check():\n    check(f)\n\ntest_check()\n",
      "timestamp": 1674255481,
      "stdout": "",
      "stderr": "Traceback (most recent call last):\n  File \"/tmp/tmpqi7p269_.py\", line 26, in <module>\n    test_check()\n  File \"/tmp/tmpqi7p269_.py\", line 24, in test_check\n    check(f)\n  File \"/tmp/tmpqi7p269_.py\", line 17, in check\n    assert candidate(1) == 1\nAssertionError\n",
      "exit_code": 1,
      "status": "Exception"
    },
    {
      "program": "def f(arg1: int) -> int:\n    \"\"\"sum_to_n is a function that sums numbers from 1 to n.\n    >>> f(30)\n    465\n    >>> f(100)\n    5050\n    >>> f(5)\n    15\n    >>> f(10)\n    55\n    >>> f(1)\n    1\n    \"\"\"\n    return arg1 + arg1\n\n\ndef check(candidate):\n    assert candidate(1) == 1\n    assert candidate(6) == 21\n    assert candidate(11) == 66\n    assert candidate(30) == 465\n    assert candidate(100) == 5050\n\ndef test_check():\n    check(f)\n\ntest_check()\n",
      "timestamp": 1674255481,
      "stdout": "",
      "stderr": "Traceback (most recent call last):\n  File \"/tmp/tmpz343riai.py\", line 27, in <module>\n    test_check()\n  File \"/tmp/tmpz343riai.py\", line 25, in test_check\n    check(f)\n  File \"/tmp/tmpz343riai.py\", line 18, in check\n    assert candidate(1) == 1\nAssertionError\n",
      "exit_code": 1,
      "status": "Exception"
    },
    {
      "program": "def f(arg1: int) -> int:\n    \"\"\"sum_to_n is a function that sums numbers from 1 to n.\n    >>> f(30)\n    465\n    >>> f(100)\n    5050\n    >>> f(5)\n    15\n    >>> f(10)\n    55\n    >>> f(1)\n    1\n    \"\"\"\n    return arg1 + arg1\n\n\ndef check(candidate):\n    assert candidate(1) == 1\n    assert candidate(6) == 21\n    assert candidate(11) == 66\n    assert candidate(30) == 465\n    assert candidate(100) == 5050\n\ndef test_check():\n    check(f)\n\ntest_check()\n",
      "timestamp": 1674255481,
      "stdout": "",
      "stderr": "Traceback (most recent call last):\n  File \"/tmp/tmpz343riai.py\", line 27, in <module>\n    test_check()\n  File \"/tmp/tmpz343riai.py\", line 25, in test_check\n    check(f)\n  File \"/tmp/tmpz343riai.py\", line 18, in check\n    assert candidate(1) == 1\nAssertionError\n",
      "exit_code": 1,
      "status": "Exception"
    },
    {
      "program": "def f(arg1: int) -> int:\n    \"\"\"sum_to_n is a function that sums numbers from 1 to n.\n    >>> f(30)\n    465\n    >>> f(100)\n    5050\n    >>> f(5)\n    15\n    >>> f(10)\n    55\n    >>> f(1)\n    1\n    \"\"\"\n    return arg1 + arg1\n\n\ndef check(candidate):\n    assert candidate(1) == 1\n    assert candidate(6) == 21\n    assert candidate(11) == 66\n    assert candidate(30) == 465\n    assert candidate(100) == 5050\n\ndef test_check():\n    check(f)\n\ntest_check()\n",
      "timestamp": 1674255481,
      "stdout": "",
      "stderr": "Traceback (most recent call last):\n  File \"/tmp/tmpz343riai.py\", line 27, in <module>\n    test_check()\n  File \"/tmp/tmpz343riai.py\", line 25, in test_check\n    check(f)\n  File \"/tmp/tmpz343riai.py\", line 18, in check\n    assert candidate(1) == 1\nAssertionError\n",
      "exit_code": 1,
      "status": "Exception"
    },
    {
      "program": "def f(arg1: int) -> int:\n    \"\"\"sum_to_n is a function that sums numbers from 1 to n.\n    >>> f(30)\n    465\n    >>> f(100)\n    5050\n    >>> f(5)\n    15\n    >>> f(10)\n    55\n    >>> f(1)\n    1\n    \"\"\"\n    return arg1 + arg1\n\n\ndef check(candidate):\n    assert candidate(1) == 1\n    assert candidate(6) == 21\n    assert candidate(11) == 66\n    assert candidate(30) == 465\n    assert candidate(100) == 5050\n\ndef test_check():\n    check(f)\n\ntest_check()\n",
      "timestamp": 1674255481,
      "stdout": "",
      "stderr": "Traceback (most recent call last):\n  File \"/tmp/tmpz343riai.py\", line 27, in <module>\n    test_check()\n  File \"/tmp/tmpz343riai.py\", line 25, in test_check\n    check(f)\n  File \"/tmp/tmpz343riai.py\", line 18, in check\n    assert candidate(1) == 1\nAssertionError\n",
      "exit_code": 1,
      "status": "Exception"
    },
    {
      "program": "def f(arg1: int) -> int:\n    \"\"\"sum_to_n is a function that sums numbers from 1 to n.\n    >>> f(30)\n    465\n    >>> f(100)\n    5050\n    >>> f(5)\n    15\n    >>> f(10)\n    55\n    >>> f(1)\n    1\n    \"\"\"\n    return arg1 + arg1\n\n\ndef check(candidate):\n    assert candidate(1) == 1\n    assert candidate(6) == 21\n    assert candidate(11) == 66\n    assert candidate(30) == 465\n    assert candidate(100) == 5050\n\ndef test_check():\n    check(f)\n\ntest_check()\n",
      "timestamp": 1674255481,
      "stdout": "",
      "stderr": "Traceback (most recent call last):\n  File \"/tmp/tmpz343riai.py\", line 27, in <module>\n    test_check()\n  File \"/tmp/tmpz343riai.py\", line 25, in test_check\n    check(f)\n  File \"/tmp/tmpz343riai.py\", line 18, in check\n    assert candidate(1) == 1\nAssertionError\n",
      "exit_code": 1,
      "status": "Exception"
    },
    {
      "program": "def f(arg1: int) -> int:\n    \"\"\"sum_to_n is a function that sums numbers from 1 to n.\n    >>> f(30)\n    465\n    >>> f(100)\n    5050\n    >>> f(5)\n    15\n    >>> f(10)\n    55\n    >>> f(1)\n    1\n    \"\"\"\n    return arg1 + arg1\n\n\ndef check(candidate):\n    assert candidate(1) == 1\n    assert candidate(6) == 21\n    assert candidate(11) == 66\n    assert candidate(30) == 465\n    assert candidate(100) == 5050\n\ndef test_check():\n    check(f)\n\ntest_check()\n",
      "timestamp": 1674255481,
      "stdout": "",
      "stderr": "Traceback (most recent call last):\n  File \"/tmp/tmpz343riai.py\", line 27, in <module>\n    test_check()\n  File \"/tmp/tmpz343riai.py\", line 25, in test_check\n    check(f)\n  File \"/tmp/tmpz343riai.py\", line 18, in check\n    assert candidate(1) == 1\nAssertionError\n",
      "exit_code": 1,
      "status": "Exception"
    },
    {
      "program": "def f(arg1: int) -> int:\n    \"\"\"sum_to_n is a function that sums numbers from 1 to n.\n    >>> f(30)\n    465\n    >>> f(100)\n    5050\n    >>> f(5)\n    15\n    >>> f(10)\n    55\n    >>> f(1)\n    1\n    \"\"\"\n    return arg1 + arg1\n\n\ndef check(candidate):\n    assert candidate(1) == 1\n    assert candidate(6) == 21\n    assert candidate(11) == 66\n    assert candidate(30) == 465\n    assert candidate(100) == 5050\n\ndef test_check():\n    check(f)\n\ntest_check()\n",
      "timestamp": 1674255481,
      "stdout": "",
      "stderr": "Traceback (most recent call last):\n  File \"/tmp/tmpz343riai.py\", line 27, in <module>\n    test_check()\n  File \"/tmp/tmpz343riai.py\", line 25, in test_check\n    check(f)\n  File \"/tmp/tmpz343riai.py\", line 18, in check\n    assert candidate(1) == 1\nAssertionError\n",
      "exit_code": 1,
      "status": "Exception"
    },
    {
      "program": "def f(arg1: int) -> int:\n    \"\"\"sum_to_n is a function that sums numbers from 1 to n.\n    >>> f(30)\n    465\n    >>> f(100)\n    5050\n    >>> f(5)\n    15\n    >>> f(10)\n    55\n    >>> f(1)\n    1\n    \"\"\"\n    return arg1 + arg1\n\ndef check(candidate):\n    assert candidate(1) == 1\n    assert candidate(6) == 21\n    assert candidate(11) == 66\n    assert candidate(30) == 465\n    assert candidate(100) == 5050\n\ndef test_check():\n    check(f)\n\ntest_check()\n",
      "timestamp": 1674255481,
      "stdout": "",
      "stderr": "Traceback (most recent call last):\n  File \"/tmp/tmpqi7p269_.py\", line 26, in <module>\n    test_check()\n  File \"/tmp/tmpqi7p269_.py\", line 24, in test_check\n    check(f)\n  File \"/tmp/tmpqi7p269_.py\", line 17, in check\n    assert candidate(1) == 1\nAssertionError\n",
      "exit_code": 1,
      "status": "Exception"
    },
    {
      "program": "def f(arg1: int) -> int:\n    \"\"\"sum_to_n is a function that sums numbers from 1 to n.\n    >>> f(30)\n    465\n    >>> f(100)\n    5050\n    >>> f(5)\n    15\n    >>> f(10)\n    55\n    >>> f(1)\n    1\n    \"\"\"\n    return arg1 + arg1\n\n\ndef check(candidate):\n    assert candidate(1) == 1\n    assert candidate(6) == 21\n    assert candidate(11) == 66\n    assert candidate(30) == 465\n    assert candidate(100) == 5050\n\ndef test_check():\n    check(f)\n\ntest_check()\n",
      "timestamp": 1674255481,
      "stdout": "",
      "stderr": "Traceback (most recent call last):\n  File \"/tmp/tmpz343riai.py\", line 27, in <module>\n    test_check()\n  File \"/tmp/tmpz343riai.py\", line 25, in test_check\n    check(f)\n  File \"/tmp/tmpz343riai.py\", line 18, in check\n    assert candidate(1) == 1\nAssertionError\n",
      "exit_code": 1,
      "status": "Exception"
    },
    {
      "program": "def f(arg1: int) -> int:\n    \"\"\"sum_to_n is a function that sums numbers from 1 to n.\n    >>> f(30)\n    465\n    >>> f(100)\n    5050\n    >>> f(5)\n    15\n    >>> f(10)\n    55\n    >>> f(1)\n    1\n    \"\"\"\n    return arg1 + arg1\n\ndef check(candidate):\n    assert candidate(1) == 1\n    assert candidate(6) == 21\n    assert candidate(11) == 66\n    assert candidate(30) == 465\n    assert candidate(100) == 5050\n\ndef test_check():\n    check(f)\n\ntest_check()\n",
      "timestamp": 1674255481,
      "stdout": "",
      "stderr": "Traceback (most recent call last):\n  File \"/tmp/tmpqi7p269_.py\", line 26, in <module>\n    test_check()\n  File \"/tmp/tmpqi7p269_.py\", line 24, in test_check\n    check(f)\n  File \"/tmp/tmpqi7p269_.py\", line 17, in check\n    assert candidate(1) == 1\nAssertionError\n",
      "exit_code": 1,
      "status": "Exception"
    },
    {
      "program": "def f(arg1: int) -> int:\n    \"\"\"sum_to_n is a function that sums numbers from 1 to n.\n    >>> f(30)\n    465\n    >>> f(100)\n    5050\n    >>> f(5)\n    15\n    >>> f(10)\n    55\n    >>> f(1)\n    1\n    \"\"\"\n    return arg1 + arg1\n\n\ndef check(candidate):\n    assert candidate(1) == 1\n    assert candidate(6) == 21\n    assert candidate(11) == 66\n    assert candidate(30) == 465\n    assert candidate(100) == 5050\n\ndef test_check():\n    check(f)\n\ntest_check()\n",
      "timestamp": 1674255481,
      "stdout": "",
      "stderr": "Traceback (most recent call last):\n  File \"/tmp/tmpz343riai.py\", line 27, in <module>\n    test_check()\n  File \"/tmp/tmpz343riai.py\", line 25, in test_check\n    check(f)\n  File \"/tmp/tmpz343riai.py\", line 18, in check\n    assert candidate(1) == 1\nAssertionError\n",
      "exit_code": 1,
      "status": "Exception"
    },
    {
      "program": "def f(arg1: int) -> int:\n    \"\"\"sum_to_n is a function that sums numbers from 1 to n.\n    >>> f(30)\n    465\n    >>> f(100)\n    5050\n    >>> f(5)\n    15\n    >>> f(10)\n    55\n    >>> f(1)\n    1\n    \"\"\"\n    return arg1 + arg1\n\n\ndef check(candidate):\n    assert candidate(1) == 1\n    assert candidate(6) == 21\n    assert candidate(11) == 66\n    assert candidate(30) == 465\n    assert candidate(100) == 5050\n\ndef test_check():\n    check(f)\n\ntest_check()\n",
      "timestamp": 1674255481,
      "stdout": "",
      "stderr": "Traceback (most recent call last):\n  File \"/tmp/tmpz343riai.py\", line 27, in <module>\n    test_check()\n  File \"/tmp/tmpz343riai.py\", line 25, in test_check\n    check(f)\n  File \"/tmp/tmpz343riai.py\", line 18, in check\n    assert candidate(1) == 1\nAssertionError\n",
      "exit_code": 1,
      "status": "Exception"
    },
    {
      "program": "def f(arg1: int) -> int:\n    \"\"\"sum_to_n is a function that sums numbers from 1 to n.\n    >>> f(30)\n    465\n    >>> f(100)\n    5050\n    >>> f(5)\n    15\n    >>> f(10)\n    55\n    >>> f(1)\n    1\n    \"\"\"\n    return arg1 + arg1\n\n\ndef check(candidate):\n    assert candidate(1) == 1\n    assert candidate(6) == 21\n    assert candidate(11) == 66\n    assert candidate(30) == 465\n    assert candidate(100) == 5050\n\ndef test_check():\n    check(f)\n\ntest_check()\n",
      "timestamp": 1674255481,
      "stdout": "",
      "stderr": "Traceback (most recent call last):\n  File \"/tmp/tmpz343riai.py\", line 27, in <module>\n    test_check()\n  File \"/tmp/tmpz343riai.py\", line 25, in test_check\n    check(f)\n  File \"/tmp/tmpz343riai.py\", line 18, in check\n    assert candidate(1) == 1\nAssertionError\n",
      "exit_code": 1,
      "status": "Exception"
    },
    {
      "program": "def f(arg1: int) -> int:\n    \"\"\"sum_to_n is a function that sums numbers from 1 to n.\n    >>> f(30)\n    465\n    >>> f(100)\n    5050\n    >>> f(5)\n    15\n    >>> f(10)\n    55\n    >>> f(1)\n    1\n    \"\"\"\n    return arg1 + 1\n\n\ndef check(candidate):\n    assert candidate(1) == 1\n    assert candidate(6) == 21\n    assert candidate(11) == 66\n    assert candidate(30) == 465\n    assert candidate(100) == 5050\n\ndef test_check():\n    check(f)\n\ntest_check()\n",
      "timestamp": 1674255481,
      "stdout": "",
      "stderr": "Traceback (most recent call last):\n  File \"/tmp/tmpsmlumq_d.py\", line 27, in <module>\n    test_check()\n  File \"/tmp/tmpsmlumq_d.py\", line 25, in test_check\n    check(f)\n  File \"/tmp/tmpsmlumq_d.py\", line 18, in check\n    assert candidate(1) == 1\nAssertionError\n",
      "exit_code": 1,
      "status": "Exception"
    },
    {
      "program": "def f(arg1: int) -> int:\n    \"\"\"sum_to_n is a function that sums numbers from 1 to n.\n    >>> f(30)\n    465\n    >>> f(100)\n    5050\n    >>> f(5)\n    15\n    >>> f(10)\n    55\n    >>> f(1)\n    1\n    \"\"\"\n    return arg1 + arg1\n\ndef check(candidate):\n    assert candidate(1) == 1\n    assert candidate(6) == 21\n    assert candidate(11) == 66\n    assert candidate(30) == 465\n    assert candidate(100) == 5050\n\ndef test_check():\n    check(f)\n\ntest_check()\n",
      "timestamp": 1674255481,
      "stdout": "",
      "stderr": "Traceback (most recent call last):\n  File \"/tmp/tmpqi7p269_.py\", line 26, in <module>\n    test_check()\n  File \"/tmp/tmpqi7p269_.py\", line 24, in test_check\n    check(f)\n  File \"/tmp/tmpqi7p269_.py\", line 17, in check\n    assert candidate(1) == 1\nAssertionError\n",
      "exit_code": 1,
      "status": "Exception"
    },
    {
      "program": "def f(arg1: int) -> int:\n    \"\"\"sum_to_n is a function that sums numbers from 1 to n.\n    >>> f(30)\n    465\n    >>> f(100)\n    5050\n    >>> f(5)\n    15\n    >>> f(10)\n    55\n    >>> f(1)\n    1\n    \"\"\"\n    return arg1 + arg1\n\n\ndef check(candidate):\n    assert candidate(1) == 1\n    assert candidate(6) == 21\n    assert candidate(11) == 66\n    assert candidate(30) == 465\n    assert candidate(100) == 5050\n\ndef test_check():\n    check(f)\n\ntest_check()\n",
      "timestamp": 1674255481,
      "stdout": "",
      "stderr": "Traceback (most recent call last):\n  File \"/tmp/tmpz343riai.py\", line 27, in <module>\n    test_check()\n  File \"/tmp/tmpz343riai.py\", line 25, in test_check\n    check(f)\n  File \"/tmp/tmpz343riai.py\", line 18, in check\n    assert candidate(1) == 1\nAssertionError\n",
      "exit_code": 1,
      "status": "Exception"
    },
    {
      "program": "def f(arg1: int) -> int:\n    \"\"\"sum_to_n is a function that sums numbers from 1 to n.\n    >>> f(30)\n    465\n    >>> f(100)\n    5050\n    >>> f(5)\n    15\n    >>> f(10)\n    55\n    >>> f(1)\n    1\n    \"\"\"\n    return arg1 + arg1\n\n\ndef check(candidate):\n    assert candidate(1) == 1\n    assert candidate(6) == 21\n    assert candidate(11) == 66\n    assert candidate(30) == 465\n    assert candidate(100) == 5050\n\ndef test_check():\n    check(f)\n\ntest_check()\n",
      "timestamp": 1674255481,
      "stdout": "",
      "stderr": "Traceback (most recent call last):\n  File \"/tmp/tmpz343riai.py\", line 27, in <module>\n    test_check()\n  File \"/tmp/tmpz343riai.py\", line 25, in test_check\n    check(f)\n  File \"/tmp/tmpz343riai.py\", line 18, in check\n    assert candidate(1) == 1\nAssertionError\n",
      "exit_code": 1,
      "status": "Exception"
    },
    {
      "program": "def f(arg1: int) -> int:\n    \"\"\"sum_to_n is a function that sums numbers from 1 to n.\n    >>> f(30)\n    465\n    >>> f(100)\n    5050\n    >>> f(5)\n    15\n    >>> f(10)\n    55\n    >>> f(1)\n    1\n    \"\"\"\n    return arg1 + arg1\n\n\ndef check(candidate):\n    assert candidate(1) == 1\n    assert candidate(6) == 21\n    assert candidate(11) == 66\n    assert candidate(30) == 465\n    assert candidate(100) == 5050\n\ndef test_check():\n    check(f)\n\ntest_check()\n",
      "timestamp": 1674255481,
      "stdout": "",
      "stderr": "Traceback (most recent call last):\n  File \"/tmp/tmpz343riai.py\", line 27, in <module>\n    test_check()\n  File \"/tmp/tmpz343riai.py\", line 25, in test_check\n    check(f)\n  File \"/tmp/tmpz343riai.py\", line 18, in check\n    assert candidate(1) == 1\nAssertionError\n",
      "exit_code": 1,
      "status": "Exception"
    },
    {
      "program": "def f(arg1: int) -> int:\n    \"\"\"sum_to_n is a function that sums numbers from 1 to n.\n    >>> f(30)\n    465\n    >>> f(100)\n    5050\n    >>> f(5)\n    15\n    >>> f(10)\n    55\n    >>> f(1)\n    1\n    \"\"\"\n    return arg1 + arg1\n\ndef check(candidate):\n    assert candidate(1) == 1\n    assert candidate(6) == 21\n    assert candidate(11) == 66\n    assert candidate(30) == 465\n    assert candidate(100) == 5050\n\ndef test_check():\n    check(f)\n\ntest_check()\n",
      "timestamp": 1674255481,
      "stdout": "",
      "stderr": "Traceback (most recent call last):\n  File \"/tmp/tmpqi7p269_.py\", line 26, in <module>\n    test_check()\n  File \"/tmp/tmpqi7p269_.py\", line 24, in test_check\n    check(f)\n  File \"/tmp/tmpqi7p269_.py\", line 17, in check\n    assert candidate(1) == 1\nAssertionError\n",
      "exit_code": 1,
      "status": "Exception"
    },
    {
      "program": "def f(arg1: int) -> int:\n    \"\"\"sum_to_n is a function that sums numbers from 1 to n.\n    >>> f(30)\n    465\n    >>> f(100)\n    5050\n    >>> f(5)\n    15\n    >>> f(10)\n    55\n    >>> f(1)\n    1\n    \"\"\"\n    return arg1 + arg1\n\ndef check(candidate):\n    assert candidate(1) == 1\n    assert candidate(6) == 21\n    assert candidate(11) == 66\n    assert candidate(30) == 465\n    assert candidate(100) == 5050\n\ndef test_check():\n    check(f)\n\ntest_check()\n",
      "timestamp": 1674255481,
      "stdout": "",
      "stderr": "Traceback (most recent call last):\n  File \"/tmp/tmpqi7p269_.py\", line 26, in <module>\n    test_check()\n  File \"/tmp/tmpqi7p269_.py\", line 24, in test_check\n    check(f)\n  File \"/tmp/tmpqi7p269_.py\", line 17, in check\n    assert candidate(1) == 1\nAssertionError\n",
      "exit_code": 1,
      "status": "Exception"
    },
    {
      "program": "def f(arg1: int) -> int:\n    \"\"\"sum_to_n is a function that sums numbers from 1 to n.\n    >>> f(30)\n    465\n    >>> f(100)\n    5050\n    >>> f(5)\n    15\n    >>> f(10)\n    55\n    >>> f(1)\n    1\n    \"\"\"\n    return arg1 + arg1\n\n\ndef check(candidate):\n    assert candidate(1) == 1\n    assert candidate(6) == 21\n    assert candidate(11) == 66\n    assert candidate(30) == 465\n    assert candidate(100) == 5050\n\ndef test_check():\n    check(f)\n\ntest_check()\n",
      "timestamp": 1674255481,
      "stdout": "",
      "stderr": "Traceback (most recent call last):\n  File \"/tmp/tmpz343riai.py\", line 27, in <module>\n    test_check()\n  File \"/tmp/tmpz343riai.py\", line 25, in test_check\n    check(f)\n  File \"/tmp/tmpz343riai.py\", line 18, in check\n    assert candidate(1) == 1\nAssertionError\n",
      "exit_code": 1,
      "status": "Exception"
    },
    {
      "program": "def f(arg1: int) -> int:\n    \"\"\"sum_to_n is a function that sums numbers from 1 to n.\n    >>> f(30)\n    465\n    >>> f(100)\n    5050\n    >>> f(5)\n    15\n    >>> f(10)\n    55\n    >>> f(1)\n    1\n    \"\"\"\n    return arg1 + arg1\n\n\ndef check(candidate):\n    assert candidate(1) == 1\n    assert candidate(6) == 21\n    assert candidate(11) == 66\n    assert candidate(30) == 465\n    assert candidate(100) == 5050\n\ndef test_check():\n    check(f)\n\ntest_check()\n",
      "timestamp": 1674255481,
      "stdout": "",
      "stderr": "Traceback (most recent call last):\n  File \"/tmp/tmpz343riai.py\", line 27, in <module>\n    test_check()\n  File \"/tmp/tmpz343riai.py\", line 25, in test_check\n    check(f)\n  File \"/tmp/tmpz343riai.py\", line 18, in check\n    assert candidate(1) == 1\nAssertionError\n",
      "exit_code": 1,
      "status": "Exception"
    },
    {
      "program": "def f(arg1: int) -> int:\n    \"\"\"sum_to_n is a function that sums numbers from 1 to n.\n    >>> f(30)\n    465\n    >>> f(100)\n    5050\n    >>> f(5)\n    15\n    >>> f(10)\n    55\n    >>> f(1)\n    1\n    \"\"\"\n    return arg1 + arg1\n\n\ndef check(candidate):\n    assert candidate(1) == 1\n    assert candidate(6) == 21\n    assert candidate(11) == 66\n    assert candidate(30) == 465\n    assert candidate(100) == 5050\n\ndef test_check():\n    check(f)\n\ntest_check()\n",
      "timestamp": 1674255481,
      "stdout": "",
      "stderr": "Traceback (most recent call last):\n  File \"/tmp/tmpz343riai.py\", line 27, in <module>\n    test_check()\n  File \"/tmp/tmpz343riai.py\", line 25, in test_check\n    check(f)\n  File \"/tmp/tmpz343riai.py\", line 18, in check\n    assert candidate(1) == 1\nAssertionError\n",
      "exit_code": 1,
      "status": "Exception"
    },
    {
      "program": "def f(arg1: int) -> int:\n    \"\"\"sum_to_n is a function that sums numbers from 1 to n.\n    >>> f(30)\n    465\n    >>> f(100)\n    5050\n    >>> f(5)\n    15\n    >>> f(10)\n    55\n    >>> f(1)\n    1\n    \"\"\"\n    return arg1 + arg1\n\ndef check(candidate):\n    assert candidate(1) == 1\n    assert candidate(6) == 21\n    assert candidate(11) == 66\n    assert candidate(30) == 465\n    assert candidate(100) == 5050\n\ndef test_check():\n    check(f)\n\ntest_check()\n",
      "timestamp": 1674255481,
      "stdout": "",
      "stderr": "Traceback (most recent call last):\n  File \"/tmp/tmpqi7p269_.py\", line 26, in <module>\n    test_check()\n  File \"/tmp/tmpqi7p269_.py\", line 24, in test_check\n    check(f)\n  File \"/tmp/tmpqi7p269_.py\", line 17, in check\n    assert candidate(1) == 1\nAssertionError\n",
      "exit_code": 1,
      "status": "Exception"
    },
    {
      "program": "def f(arg1: int) -> int:\n    \"\"\"sum_to_n is a function that sums numbers from 1 to n.\n    >>> f(30)\n    465\n    >>> f(100)\n    5050\n    >>> f(5)\n    15\n    >>> f(10)\n    55\n    >>> f(1)\n    1\n    \"\"\"\n    return arg1 + arg1\n\n\ndef check(candidate):\n    assert candidate(1) == 1\n    assert candidate(6) == 21\n    assert candidate(11) == 66\n    assert candidate(30) == 465\n    assert candidate(100) == 5050\n\ndef test_check():\n    check(f)\n\ntest_check()\n",
      "timestamp": 1674255481,
      "stdout": "",
      "stderr": "Traceback (most recent call last):\n  File \"/tmp/tmpz343riai.py\", line 27, in <module>\n    test_check()\n  File \"/tmp/tmpz343riai.py\", line 25, in test_check\n    check(f)\n  File \"/tmp/tmpz343riai.py\", line 18, in check\n    assert candidate(1) == 1\nAssertionError\n",
      "exit_code": 1,
      "status": "Exception"
    },
    {
      "program": "def f(arg1: int) -> int:\n    \"\"\"sum_to_n is a function that sums numbers from 1 to n.\n    >>> f(30)\n    465\n    >>> f(100)\n    5050\n    >>> f(5)\n    15\n    >>> f(10)\n    55\n    >>> f(1)\n    1\n    \"\"\"\n    return arg1 + arg1\n\ndef check(candidate):\n    assert candidate(1) == 1\n    assert candidate(6) == 21\n    assert candidate(11) == 66\n    assert candidate(30) == 465\n    assert candidate(100) == 5050\n\ndef test_check():\n    check(f)\n\ntest_check()\n",
      "timestamp": 1674255481,
      "stdout": "",
      "stderr": "Traceback (most recent call last):\n  File \"/tmp/tmpqi7p269_.py\", line 26, in <module>\n    test_check()\n  File \"/tmp/tmpqi7p269_.py\", line 24, in test_check\n    check(f)\n  File \"/tmp/tmpqi7p269_.py\", line 17, in check\n    assert candidate(1) == 1\nAssertionError\n",
      "exit_code": 1,
      "status": "Exception"
    },
    {
      "program": "def f(arg1: int) -> int:\n    \"\"\"sum_to_n is a function that sums numbers from 1 to n.\n    >>> f(30)\n    465\n    >>> f(100)\n    5050\n    >>> f(5)\n    15\n    >>> f(10)\n    55\n    >>> f(1)\n    1\n    \"\"\"\n    return arg1 + arg1\n\ndef check(candidate):\n    assert candidate(1) == 1\n    assert candidate(6) == 21\n    assert candidate(11) == 66\n    assert candidate(30) == 465\n    assert candidate(100) == 5050\n\ndef test_check():\n    check(f)\n\ntest_check()\n",
      "timestamp": 1674255481,
      "stdout": "",
      "stderr": "Traceback (most recent call last):\n  File \"/tmp/tmpqi7p269_.py\", line 26, in <module>\n    test_check()\n  File \"/tmp/tmpqi7p269_.py\", line 24, in test_check\n    check(f)\n  File \"/tmp/tmpqi7p269_.py\", line 17, in check\n    assert candidate(1) == 1\nAssertionError\n",
      "exit_code": 1,
      "status": "Exception"
    },
    {
      "program": "def f(arg1: int) -> int:\n    \"\"\"sum_to_n is a function that sums numbers from 1 to n.\n    >>> f(30)\n    465\n    >>> f(100)\n    5050\n    >>> f(5)\n    15\n    >>> f(10)\n    55\n    >>> f(1)\n    1\n    \"\"\"\n    return arg1 + arg1\n\n\ndef check(candidate):\n    assert candidate(1) == 1\n    assert candidate(6) == 21\n    assert candidate(11) == 66\n    assert candidate(30) == 465\n    assert candidate(100) == 5050\n\ndef test_check():\n    check(f)\n\ntest_check()\n",
      "timestamp": 1674255481,
      "stdout": "",
      "stderr": "Traceback (most recent call last):\n  File \"/tmp/tmpz343riai.py\", line 27, in <module>\n    test_check()\n  File \"/tmp/tmpz343riai.py\", line 25, in test_check\n    check(f)\n  File \"/tmp/tmpz343riai.py\", line 18, in check\n    assert candidate(1) == 1\nAssertionError\n",
      "exit_code": 1,
      "status": "Exception"
    },
    {
      "program": "def f(arg1: int) -> int:\n    \"\"\"sum_to_n is a function that sums numbers from 1 to n.\n    >>> f(30)\n    465\n    >>> f(100)\n    5050\n    >>> f(5)\n    15\n    >>> f(10)\n    55\n    >>> f(1)\n    1\n    \"\"\"\n    return arg1 + arg1\n\n\ndef check(candidate):\n    assert candidate(1) == 1\n    assert candidate(6) == 21\n    assert candidate(11) == 66\n    assert candidate(30) == 465\n    assert candidate(100) == 5050\n\ndef test_check():\n    check(f)\n\ntest_check()\n",
      "timestamp": 1674255481,
      "stdout": "",
      "stderr": "Traceback (most recent call last):\n  File \"/tmp/tmpz343riai.py\", line 27, in <module>\n    test_check()\n  File \"/tmp/tmpz343riai.py\", line 25, in test_check\n    check(f)\n  File \"/tmp/tmpz343riai.py\", line 18, in check\n    assert candidate(1) == 1\nAssertionError\n",
      "exit_code": 1,
      "status": "Exception"
    },
    {
      "program": "def f(arg1: int) -> int:\n    \"\"\"sum_to_n is a function that sums numbers from 1 to n.\n    >>> f(30)\n    465\n    >>> f(100)\n    5050\n    >>> f(5)\n    15\n    >>> f(10)\n    55\n    >>> f(1)\n    1\n    \"\"\"\n    return arg1 + arg1\n\n\ndef check(candidate):\n    assert candidate(1) == 1\n    assert candidate(6) == 21\n    assert candidate(11) == 66\n    assert candidate(30) == 465\n    assert candidate(100) == 5050\n\ndef test_check():\n    check(f)\n\ntest_check()\n",
      "timestamp": 1674255481,
      "stdout": "",
      "stderr": "Traceback (most recent call last):\n  File \"/tmp/tmpz343riai.py\", line 27, in <module>\n    test_check()\n  File \"/tmp/tmpz343riai.py\", line 25, in test_check\n    check(f)\n  File \"/tmp/tmpz343riai.py\", line 18, in check\n    assert candidate(1) == 1\nAssertionError\n",
      "exit_code": 1,
      "status": "Exception"
    },
    {
      "program": "def f(arg1: int) -> int:\n    \"\"\"sum_to_n is a function that sums numbers from 1 to n.\n    >>> f(30)\n    465\n    >>> f(100)\n    5050\n    >>> f(5)\n    15\n    >>> f(10)\n    55\n    >>> f(1)\n    1\n    \"\"\"\n    return arg1 + arg1\n\n\ndef check(candidate):\n    assert candidate(1) == 1\n    assert candidate(6) == 21\n    assert candidate(11) == 66\n    assert candidate(30) == 465\n    assert candidate(100) == 5050\n\ndef test_check():\n    check(f)\n\ntest_check()\n",
      "timestamp": 1674255481,
      "stdout": "",
      "stderr": "Traceback (most recent call last):\n  File \"/tmp/tmpz343riai.py\", line 27, in <module>\n    test_check()\n  File \"/tmp/tmpz343riai.py\", line 25, in test_check\n    check(f)\n  File \"/tmp/tmpz343riai.py\", line 18, in check\n    assert candidate(1) == 1\nAssertionError\n",
      "exit_code": 1,
      "status": "Exception"
    },
    {
      "program": "def f(arg1: int) -> int:\n    \"\"\"sum_to_n is a function that sums numbers from 1 to n.\n    >>> f(30)\n    465\n    >>> f(100)\n    5050\n    >>> f(5)\n    15\n    >>> f(10)\n    55\n    >>> f(1)\n    1\n    \"\"\"\n    return arg1 + arg1\n<|endoftext|>                              \ndef check(candidate):\n    assert candidate(1) == 1\n    assert candidate(6) == 21\n    assert candidate(11) == 66\n    assert candidate(30) == 465\n    assert candidate(100) == 5050\n\ndef test_check():\n    check(f)\n\ntest_check()\n",
      "timestamp": 1674255481,
      "stdout": "",
      "stderr": "  File \"/tmp/tmp_848gvzn.py\", line 15\n    <|endoftext|>                              \n    ^\nSyntaxError: invalid syntax\n",
      "exit_code": 1,
      "status": "SyntaxError"
    },
    {
      "program": "def f(arg1: int) -> int:\n    \"\"\"sum_to_n is a function that sums numbers from 1 to n.\n    >>> f(30)\n    465\n    >>> f(100)\n    5050\n    >>> f(5)\n    15\n    >>> f(10)\n    55\n    >>> f(1)\n    1\n    \"\"\"\n    return arg1 + arg1\n\n\ndef check(candidate):\n    assert candidate(1) == 1\n    assert candidate(6) == 21\n    assert candidate(11) == 66\n    assert candidate(30) == 465\n    assert candidate(100) == 5050\n\ndef test_check():\n    check(f)\n\ntest_check()\n",
      "timestamp": 1674255481,
      "stdout": "",
      "stderr": "Traceback (most recent call last):\n  File \"/tmp/tmpz343riai.py\", line 27, in <module>\n    test_check()\n  File \"/tmp/tmpz343riai.py\", line 25, in test_check\n    check(f)\n  File \"/tmp/tmpz343riai.py\", line 18, in check\n    assert candidate(1) == 1\nAssertionError\n",
      "exit_code": 1,
      "status": "Exception"
    },
    {
      "program": "def f(arg1: int) -> int:\n    \"\"\"sum_to_n is a function that sums numbers from 1 to n.\n    >>> f(30)\n    465\n    >>> f(100)\n    5050\n    >>> f(5)\n    15\n    >>> f(10)\n    55\n    >>> f(1)\n    1\n    \"\"\"\n    return arg1 + arg1\n\n\ndef check(candidate):\n    assert candidate(1) == 1\n    assert candidate(6) == 21\n    assert candidate(11) == 66\n    assert candidate(30) == 465\n    assert candidate(100) == 5050\n\ndef test_check():\n    check(f)\n\ntest_check()\n",
      "timestamp": 1674255481,
      "stdout": "",
      "stderr": "Traceback (most recent call last):\n  File \"/tmp/tmpz343riai.py\", line 27, in <module>\n    test_check()\n  File \"/tmp/tmpz343riai.py\", line 25, in test_check\n    check(f)\n  File \"/tmp/tmpz343riai.py\", line 18, in check\n    assert candidate(1) == 1\nAssertionError\n",
      "exit_code": 1,
      "status": "Exception"
    },
    {
      "program": "def f(arg1: int) -> int:\n    \"\"\"sum_to_n is a function that sums numbers from 1 to n.\n    >>> f(30)\n    465\n    >>> f(100)\n    5050\n    >>> f(5)\n    15\n    >>> f(10)\n    55\n    >>> f(1)\n    1\n    \"\"\"\n    return arg1 + arg1\n\n\ndef check(candidate):\n    assert candidate(1) == 1\n    assert candidate(6) == 21\n    assert candidate(11) == 66\n    assert candidate(30) == 465\n    assert candidate(100) == 5050\n\ndef test_check():\n    check(f)\n\ntest_check()\n",
      "timestamp": 1674255481,
      "stdout": "",
      "stderr": "Traceback (most recent call last):\n  File \"/tmp/tmpz343riai.py\", line 27, in <module>\n    test_check()\n  File \"/tmp/tmpz343riai.py\", line 25, in test_check\n    check(f)\n  File \"/tmp/tmpz343riai.py\", line 18, in check\n    assert candidate(1) == 1\nAssertionError\n",
      "exit_code": 1,
      "status": "Exception"
    },
    {
      "program": "def f(arg1: int) -> int:\n    \"\"\"sum_to_n is a function that sums numbers from 1 to n.\n    >>> f(30)\n    465\n    >>> f(100)\n    5050\n    >>> f(5)\n    15\n    >>> f(10)\n    55\n    >>> f(1)\n    1\n    \"\"\"\n    return arg1 + arg1\n\n\ndef check(candidate):\n    assert candidate(1) == 1\n    assert candidate(6) == 21\n    assert candidate(11) == 66\n    assert candidate(30) == 465\n    assert candidate(100) == 5050\n\ndef test_check():\n    check(f)\n\ntest_check()\n",
      "timestamp": 1674255481,
      "stdout": "",
      "stderr": "Traceback (most recent call last):\n  File \"/tmp/tmpz343riai.py\", line 27, in <module>\n    test_check()\n  File \"/tmp/tmpz343riai.py\", line 25, in test_check\n    check(f)\n  File \"/tmp/tmpz343riai.py\", line 18, in check\n    assert candidate(1) == 1\nAssertionError\n",
      "exit_code": 1,
      "status": "Exception"
    },
    {
      "program": "def f(arg1: int) -> int:\n    \"\"\"sum_to_n is a function that sums numbers from 1 to n.\n    >>> f(30)\n    465\n    >>> f(100)\n    5050\n    >>> f(5)\n    15\n    >>> f(10)\n    55\n    >>> f(1)\n    1\n    \"\"\"\n    return arg1 + arg1\n\n\ndef check(candidate):\n    assert candidate(1) == 1\n    assert candidate(6) == 21\n    assert candidate(11) == 66\n    assert candidate(30) == 465\n    assert candidate(100) == 5050\n\ndef test_check():\n    check(f)\n\ntest_check()\n",
      "timestamp": 1674255481,
      "stdout": "",
      "stderr": "Traceback (most recent call last):\n  File \"/tmp/tmpz343riai.py\", line 27, in <module>\n    test_check()\n  File \"/tmp/tmpz343riai.py\", line 25, in test_check\n    check(f)\n  File \"/tmp/tmpz343riai.py\", line 18, in check\n    assert candidate(1) == 1\nAssertionError\n",
      "exit_code": 1,
      "status": "Exception"
    },
    {
      "program": "def f(arg1: int) -> int:\n    \"\"\"sum_to_n is a function that sums numbers from 1 to n.\n    >>> f(30)\n    465\n    >>> f(100)\n    5050\n    >>> f(5)\n    15\n    >>> f(10)\n    55\n    >>> f(1)\n    1\n    \"\"\"\n    return arg1 + arg1\n\n\ndef check(candidate):\n    assert candidate(1) == 1\n    assert candidate(6) == 21\n    assert candidate(11) == 66\n    assert candidate(30) == 465\n    assert candidate(100) == 5050\n\ndef test_check():\n    check(f)\n\ntest_check()\n",
      "timestamp": 1674255481,
      "stdout": "",
      "stderr": "Traceback (most recent call last):\n  File \"/tmp/tmpz343riai.py\", line 27, in <module>\n    test_check()\n  File \"/tmp/tmpz343riai.py\", line 25, in test_check\n    check(f)\n  File \"/tmp/tmpz343riai.py\", line 18, in check\n    assert candidate(1) == 1\nAssertionError\n",
      "exit_code": 1,
      "status": "Exception"
    },
    {
      "program": "def f(arg1: int) -> int:\n    \"\"\"sum_to_n is a function that sums numbers from 1 to n.\n    >>> f(30)\n    465\n    >>> f(100)\n    5050\n    >>> f(5)\n    15\n    >>> f(10)\n    55\n    >>> f(1)\n    1\n    \"\"\"\n    return arg1 + arg1\n\n\ndef check(candidate):\n    assert candidate(1) == 1\n    assert candidate(6) == 21\n    assert candidate(11) == 66\n    assert candidate(30) == 465\n    assert candidate(100) == 5050\n\ndef test_check():\n    check(f)\n\ntest_check()\n",
      "timestamp": 1674255481,
      "stdout": "",
      "stderr": "Traceback (most recent call last):\n  File \"/tmp/tmpz343riai.py\", line 27, in <module>\n    test_check()\n  File \"/tmp/tmpz343riai.py\", line 25, in test_check\n    check(f)\n  File \"/tmp/tmpz343riai.py\", line 18, in check\n    assert candidate(1) == 1\nAssertionError\n",
      "exit_code": 1,
      "status": "Exception"
    },
    {
      "program": "def f(arg1: int) -> int:\n    \"\"\"sum_to_n is a function that sums numbers from 1 to n.\n    >>> f(30)\n    465\n    >>> f(100)\n    5050\n    >>> f(5)\n    15\n    >>> f(10)\n    55\n    >>> f(1)\n    1\n    \"\"\"\n    return arg1 + arg1\n\n\ndef check(candidate):\n    assert candidate(1) == 1\n    assert candidate(6) == 21\n    assert candidate(11) == 66\n    assert candidate(30) == 465\n    assert candidate(100) == 5050\n\ndef test_check():\n    check(f)\n\ntest_check()\n",
      "timestamp": 1674255481,
      "stdout": "",
      "stderr": "Traceback (most recent call last):\n  File \"/tmp/tmpz343riai.py\", line 27, in <module>\n    test_check()\n  File \"/tmp/tmpz343riai.py\", line 25, in test_check\n    check(f)\n  File \"/tmp/tmpz343riai.py\", line 18, in check\n    assert candidate(1) == 1\nAssertionError\n",
      "exit_code": 1,
      "status": "Exception"
    },
    {
      "program": "def f(arg1: int) -> int:\n    \"\"\"sum_to_n is a function that sums numbers from 1 to n.\n    >>> f(30)\n    465\n    >>> f(100)\n    5050\n    >>> f(5)\n    15\n    >>> f(10)\n    55\n    >>> f(1)\n    1\n    \"\"\"\n    return arg1 + arg1\n\n\ndef check(candidate):\n    assert candidate(1) == 1\n    assert candidate(6) == 21\n    assert candidate(11) == 66\n    assert candidate(30) == 465\n    assert candidate(100) == 5050\n\ndef test_check():\n    check(f)\n\ntest_check()\n",
      "timestamp": 1674255481,
      "stdout": "",
      "stderr": "Traceback (most recent call last):\n  File \"/tmp/tmpz343riai.py\", line 27, in <module>\n    test_check()\n  File \"/tmp/tmpz343riai.py\", line 25, in test_check\n    check(f)\n  File \"/tmp/tmpz343riai.py\", line 18, in check\n    assert candidate(1) == 1\nAssertionError\n",
      "exit_code": 1,
      "status": "Exception"
    },
    {
      "program": "def f(arg1: int) -> int:\n    \"\"\"sum_to_n is a function that sums numbers from 1 to n.\n    >>> f(30)\n    465\n    >>> f(100)\n    5050\n    >>> f(5)\n    15\n    >>> f(10)\n    55\n    >>> f(1)\n    1\n    \"\"\"\n    return arg1 + arg1\n\ndef check(candidate):\n    assert candidate(1) == 1\n    assert candidate(6) == 21\n    assert candidate(11) == 66\n    assert candidate(30) == 465\n    assert candidate(100) == 5050\n\ndef test_check():\n    check(f)\n\ntest_check()\n",
      "timestamp": 1674255481,
      "stdout": "",
      "stderr": "Traceback (most recent call last):\n  File \"/tmp/tmpqi7p269_.py\", line 26, in <module>\n    test_check()\n  File \"/tmp/tmpqi7p269_.py\", line 24, in test_check\n    check(f)\n  File \"/tmp/tmpqi7p269_.py\", line 17, in check\n    assert candidate(1) == 1\nAssertionError\n",
      "exit_code": 1,
      "status": "Exception"
    },
    {
      "program": "def f(arg1: int) -> int:\n    \"\"\"sum_to_n is a function that sums numbers from 1 to n.\n    >>> f(30)\n    465\n    >>> f(100)\n    5050\n    >>> f(5)\n    15\n    >>> f(10)\n    55\n    >>> f(1)\n    1\n    \"\"\"\n    return arg1 + arg1\n\n\ndef check(candidate):\n    assert candidate(1) == 1\n    assert candidate(6) == 21\n    assert candidate(11) == 66\n    assert candidate(30) == 465\n    assert candidate(100) == 5050\n\ndef test_check():\n    check(f)\n\ntest_check()\n",
      "timestamp": 1674255481,
      "stdout": "",
      "stderr": "Traceback (most recent call last):\n  File \"/tmp/tmpz343riai.py\", line 27, in <module>\n    test_check()\n  File \"/tmp/tmpz343riai.py\", line 25, in test_check\n    check(f)\n  File \"/tmp/tmpz343riai.py\", line 18, in check\n    assert candidate(1) == 1\nAssertionError\n",
      "exit_code": 1,
      "status": "Exception"
    },
    {
      "program": "def f(arg1: int) -> int:\n    \"\"\"sum_to_n is a function that sums numbers from 1 to n.\n    >>> f(30)\n    465\n    >>> f(100)\n    5050\n    >>> f(5)\n    15\n    >>> f(10)\n    55\n    >>> f(1)\n    1\n    \"\"\"\n    return arg1 + arg1\n\n\ndef check(candidate):\n    assert candidate(1) == 1\n    assert candidate(6) == 21\n    assert candidate(11) == 66\n    assert candidate(30) == 465\n    assert candidate(100) == 5050\n\ndef test_check():\n    check(f)\n\ntest_check()\n",
      "timestamp": 1674255481,
      "stdout": "",
      "stderr": "Traceback (most recent call last):\n  File \"/tmp/tmpz343riai.py\", line 27, in <module>\n    test_check()\n  File \"/tmp/tmpz343riai.py\", line 25, in test_check\n    check(f)\n  File \"/tmp/tmpz343riai.py\", line 18, in check\n    assert candidate(1) == 1\nAssertionError\n",
      "exit_code": 1,
      "status": "Exception"
    },
    {
      "program": "def f(arg1: int) -> int:\n    \"\"\"sum_to_n is a function that sums numbers from 1 to n.\n    >>> f(30)\n    465\n    >>> f(100)\n    5050\n    >>> f(5)\n    15\n    >>> f(10)\n    55\n    >>> f(1)\n    1\n    \"\"\"\n    return arg1 + arg1\n\n\ndef check(candidate):\n    assert candidate(1) == 1\n    assert candidate(6) == 21\n    assert candidate(11) == 66\n    assert candidate(30) == 465\n    assert candidate(100) == 5050\n\ndef test_check():\n    check(f)\n\ntest_check()\n",
      "timestamp": 1674255481,
      "stdout": "",
      "stderr": "Traceback (most recent call last):\n  File \"/tmp/tmpz343riai.py\", line 27, in <module>\n    test_check()\n  File \"/tmp/tmpz343riai.py\", line 25, in test_check\n    check(f)\n  File \"/tmp/tmpz343riai.py\", line 18, in check\n    assert candidate(1) == 1\nAssertionError\n",
      "exit_code": 1,
      "status": "Exception"
    },
    {
      "program": "def f(arg1: int) -> int:\n    \"\"\"sum_to_n is a function that sums numbers from 1 to n.\n    >>> f(30)\n    465\n    >>> f(100)\n    5050\n    >>> f(5)\n    15\n    >>> f(10)\n    55\n    >>> f(1)\n    1\n    \"\"\"\n    return arg1 + arg1\n\n\ndef check(candidate):\n    assert candidate(1) == 1\n    assert candidate(6) == 21\n    assert candidate(11) == 66\n    assert candidate(30) == 465\n    assert candidate(100) == 5050\n\ndef test_check():\n    check(f)\n\ntest_check()\n",
      "timestamp": 1674255481,
      "stdout": "",
      "stderr": "Traceback (most recent call last):\n  File \"/tmp/tmpz343riai.py\", line 27, in <module>\n    test_check()\n  File \"/tmp/tmpz343riai.py\", line 25, in test_check\n    check(f)\n  File \"/tmp/tmpz343riai.py\", line 18, in check\n    assert candidate(1) == 1\nAssertionError\n",
      "exit_code": 1,
      "status": "Exception"
    },
    {
      "program": "def f(arg1: int) -> int:\n    \"\"\"sum_to_n is a function that sums numbers from 1 to n.\n    >>> f(30)\n    465\n    >>> f(100)\n    5050\n    >>> f(5)\n    15\n    >>> f(10)\n    55\n    >>> f(1)\n    1\n    \"\"\"\n    return arg1 + arg1\n\ndef check(candidate):\n    assert candidate(1) == 1\n    assert candidate(6) == 21\n    assert candidate(11) == 66\n    assert candidate(30) == 465\n    assert candidate(100) == 5050\n\ndef test_check():\n    check(f)\n\ntest_check()\n",
      "timestamp": 1674255481,
      "stdout": "",
      "stderr": "Traceback (most recent call last):\n  File \"/tmp/tmpqi7p269_.py\", line 26, in <module>\n    test_check()\n  File \"/tmp/tmpqi7p269_.py\", line 24, in test_check\n    check(f)\n  File \"/tmp/tmpqi7p269_.py\", line 17, in check\n    assert candidate(1) == 1\nAssertionError\n",
      "exit_code": 1,
      "status": "Exception"
    },
    {
      "program": "def f(arg1: int) -> int:\n    \"\"\"sum_to_n is a function that sums numbers from 1 to n.\n    >>> f(30)\n    465\n    >>> f(100)\n    5050\n    >>> f(5)\n    15\n    >>> f(10)\n    55\n    >>> f(1)\n    1\n    \"\"\"\n    return arg1 + arg1\n\n\ndef check(candidate):\n    assert candidate(1) == 1\n    assert candidate(6) == 21\n    assert candidate(11) == 66\n    assert candidate(30) == 465\n    assert candidate(100) == 5050\n\ndef test_check():\n    check(f)\n\ntest_check()\n",
      "timestamp": 1674255481,
      "stdout": "",
      "stderr": "Traceback (most recent call last):\n  File \"/tmp/tmpz343riai.py\", line 27, in <module>\n    test_check()\n  File \"/tmp/tmpz343riai.py\", line 25, in test_check\n    check(f)\n  File \"/tmp/tmpz343riai.py\", line 18, in check\n    assert candidate(1) == 1\nAssertionError\n",
      "exit_code": 1,
      "status": "Exception"
    },
    {
      "program": "def f(arg1: int) -> int:\n    \"\"\"sum_to_n is a function that sums numbers from 1 to n.\n    >>> f(30)\n    465\n    >>> f(100)\n    5050\n    >>> f(5)\n    15\n    >>> f(10)\n    55\n    >>> f(1)\n    1\n    \"\"\"\n    return arg1 + arg1\n\n\ndef check(candidate):\n    assert candidate(1) == 1\n    assert candidate(6) == 21\n    assert candidate(11) == 66\n    assert candidate(30) == 465\n    assert candidate(100) == 5050\n\ndef test_check():\n    check(f)\n\ntest_check()\n",
      "timestamp": 1674255481,
      "stdout": "",
      "stderr": "Traceback (most recent call last):\n  File \"/tmp/tmpz343riai.py\", line 27, in <module>\n    test_check()\n  File \"/tmp/tmpz343riai.py\", line 25, in test_check\n    check(f)\n  File \"/tmp/tmpz343riai.py\", line 18, in check\n    assert candidate(1) == 1\nAssertionError\n",
      "exit_code": 1,
      "status": "Exception"
    },
    {
      "program": "def f(arg1: int) -> int:\n    \"\"\"sum_to_n is a function that sums numbers from 1 to n.\n    >>> f(30)\n    465\n    >>> f(100)\n    5050\n    >>> f(5)\n    15\n    >>> f(10)\n    55\n    >>> f(1)\n    1\n    \"\"\"\n    return arg1 + arg1\n\n\ndef check(candidate):\n    assert candidate(1) == 1\n    assert candidate(6) == 21\n    assert candidate(11) == 66\n    assert candidate(30) == 465\n    assert candidate(100) == 5050\n\ndef test_check():\n    check(f)\n\ntest_check()\n",
      "timestamp": 1674255481,
      "stdout": "",
      "stderr": "Traceback (most recent call last):\n  File \"/tmp/tmpz343riai.py\", line 27, in <module>\n    test_check()\n  File \"/tmp/tmpz343riai.py\", line 25, in test_check\n    check(f)\n  File \"/tmp/tmpz343riai.py\", line 18, in check\n    assert candidate(1) == 1\nAssertionError\n",
      "exit_code": 1,
      "status": "Exception"
    },
    {
      "program": "def f(arg1: int) -> int:\n    \"\"\"sum_to_n is a function that sums numbers from 1 to n.\n    >>> f(30)\n    465\n    >>> f(100)\n    5050\n    >>> f(5)\n    15\n    >>> f(10)\n    55\n    >>> f(1)\n    1\n    \"\"\"\n    return arg1 + arg1\n\n\ndef check(candidate):\n    assert candidate(1) == 1\n    assert candidate(6) == 21\n    assert candidate(11) == 66\n    assert candidate(30) == 465\n    assert candidate(100) == 5050\n\ndef test_check():\n    check(f)\n\ntest_check()\n",
      "timestamp": 1674255481,
      "stdout": "",
      "stderr": "Traceback (most recent call last):\n  File \"/tmp/tmpz343riai.py\", line 27, in <module>\n    test_check()\n  File \"/tmp/tmpz343riai.py\", line 25, in test_check\n    check(f)\n  File \"/tmp/tmpz343riai.py\", line 18, in check\n    assert candidate(1) == 1\nAssertionError\n",
      "exit_code": 1,
      "status": "Exception"
    },
    {
      "program": "def f(arg1: int) -> int:\n    \"\"\"sum_to_n is a function that sums numbers from 1 to n.\n    >>> f(30)\n    465\n    >>> f(100)\n    5050\n    >>> f(5)\n    15\n    >>> f(10)\n    55\n    >>> f(1)\n    1\n    \"\"\"\n    return arg1 + arg1\n\n\ndef check(candidate):\n    assert candidate(1) == 1\n    assert candidate(6) == 21\n    assert candidate(11) == 66\n    assert candidate(30) == 465\n    assert candidate(100) == 5050\n\ndef test_check():\n    check(f)\n\ntest_check()\n",
      "timestamp": 1674255481,
      "stdout": "",
      "stderr": "Traceback (most recent call last):\n  File \"/tmp/tmpz343riai.py\", line 27, in <module>\n    test_check()\n  File \"/tmp/tmpz343riai.py\", line 25, in test_check\n    check(f)\n  File \"/tmp/tmpz343riai.py\", line 18, in check\n    assert candidate(1) == 1\nAssertionError\n",
      "exit_code": 1,
      "status": "Exception"
    },
    {
      "program": "def f(arg1: int) -> int:\n    \"\"\"sum_to_n is a function that sums numbers from 1 to n.\n    >>> f(30)\n    465\n    >>> f(100)\n    5050\n    >>> f(5)\n    15\n    >>> f(10)\n    55\n    >>> f(1)\n    1\n    \"\"\"\n    return arg1 + arg1\n\ndef check(candidate):\n    assert candidate(1) == 1\n    assert candidate(6) == 21\n    assert candidate(11) == 66\n    assert candidate(30) == 465\n    assert candidate(100) == 5050\n\ndef test_check():\n    check(f)\n\ntest_check()\n",
      "timestamp": 1674255481,
      "stdout": "",
      "stderr": "Traceback (most recent call last):\n  File \"/tmp/tmpqi7p269_.py\", line 26, in <module>\n    test_check()\n  File \"/tmp/tmpqi7p269_.py\", line 24, in test_check\n    check(f)\n  File \"/tmp/tmpqi7p269_.py\", line 17, in check\n    assert candidate(1) == 1\nAssertionError\n",
      "exit_code": 1,
      "status": "Exception"
    },
    {
      "program": "def f(arg1: int) -> int:\n    \"\"\"sum_to_n is a function that sums numbers from 1 to n.\n    >>> f(30)\n    465\n    >>> f(100)\n    5050\n    >>> f(5)\n    15\n    >>> f(10)\n    55\n    >>> f(1)\n    1\n    \"\"\"\n    return arg1 + arg1\n\n\ndef check(candidate):\n    assert candidate(1) == 1\n    assert candidate(6) == 21\n    assert candidate(11) == 66\n    assert candidate(30) == 465\n    assert candidate(100) == 5050\n\ndef test_check():\n    check(f)\n\ntest_check()\n",
      "timestamp": 1674255481,
      "stdout": "",
      "stderr": "Traceback (most recent call last):\n  File \"/tmp/tmpz343riai.py\", line 27, in <module>\n    test_check()\n  File \"/tmp/tmpz343riai.py\", line 25, in test_check\n    check(f)\n  File \"/tmp/tmpz343riai.py\", line 18, in check\n    assert candidate(1) == 1\nAssertionError\n",
      "exit_code": 1,
      "status": "Exception"
    },
    {
      "program": "def f(arg1: int) -> int:\n    \"\"\"sum_to_n is a function that sums numbers from 1 to n.\n    >>> f(30)\n    465\n    >>> f(100)\n    5050\n    >>> f(5)\n    15\n    >>> f(10)\n    55\n    >>> f(1)\n    1\n    \"\"\"\n    return arg1 + arg1\n\n\ndef check(candidate):\n    assert candidate(1) == 1\n    assert candidate(6) == 21\n    assert candidate(11) == 66\n    assert candidate(30) == 465\n    assert candidate(100) == 5050\n\ndef test_check():\n    check(f)\n\ntest_check()\n",
      "timestamp": 1674255481,
      "stdout": "",
      "stderr": "Traceback (most recent call last):\n  File \"/tmp/tmpz343riai.py\", line 27, in <module>\n    test_check()\n  File \"/tmp/tmpz343riai.py\", line 25, in test_check\n    check(f)\n  File \"/tmp/tmpz343riai.py\", line 18, in check\n    assert candidate(1) == 1\nAssertionError\n",
      "exit_code": 1,
      "status": "Exception"
    },
    {
      "program": "def f(arg1: int) -> int:\n    \"\"\"sum_to_n is a function that sums numbers from 1 to n.\n    >>> f(30)\n    465\n    >>> f(100)\n    5050\n    >>> f(5)\n    15\n    >>> f(10)\n    55\n    >>> f(1)\n    1\n    \"\"\"\n    return arg1 + arg1\n\n\ndef check(candidate):\n    assert candidate(1) == 1\n    assert candidate(6) == 21\n    assert candidate(11) == 66\n    assert candidate(30) == 465\n    assert candidate(100) == 5050\n\ndef test_check():\n    check(f)\n\ntest_check()\n",
      "timestamp": 1674255481,
      "stdout": "",
      "stderr": "Traceback (most recent call last):\n  File \"/tmp/tmpz343riai.py\", line 27, in <module>\n    test_check()\n  File \"/tmp/tmpz343riai.py\", line 25, in test_check\n    check(f)\n  File \"/tmp/tmpz343riai.py\", line 18, in check\n    assert candidate(1) == 1\nAssertionError\n",
      "exit_code": 1,
      "status": "Exception"
    },
    {
      "program": "def f(arg1: int) -> int:\n    \"\"\"sum_to_n is a function that sums numbers from 1 to n.\n    >>> f(30)\n    465\n    >>> f(100)\n    5050\n    >>> f(5)\n    15\n    >>> f(10)\n    55\n    >>> f(1)\n    1\n    \"\"\"\n    return arg1 + arg1\n\n\ndef check(candidate):\n    assert candidate(1) == 1\n    assert candidate(6) == 21\n    assert candidate(11) == 66\n    assert candidate(30) == 465\n    assert candidate(100) == 5050\n\ndef test_check():\n    check(f)\n\ntest_check()\n",
      "timestamp": 1674255481,
      "stdout": "",
      "stderr": "Traceback (most recent call last):\n  File \"/tmp/tmpz343riai.py\", line 27, in <module>\n    test_check()\n  File \"/tmp/tmpz343riai.py\", line 25, in test_check\n    check(f)\n  File \"/tmp/tmpz343riai.py\", line 18, in check\n    assert candidate(1) == 1\nAssertionError\n",
      "exit_code": 1,
      "status": "Exception"
    },
    {
      "program": "def f(arg1: int) -> int:\n    \"\"\"sum_to_n is a function that sums numbers from 1 to n.\n    >>> f(30)\n    465\n    >>> f(100)\n    5050\n    >>> f(5)\n    15\n    >>> f(10)\n    55\n    >>> f(1)\n    1\n    \"\"\"\n    return arg1 + arg1\n\n\ndef check(candidate):\n    assert candidate(1) == 1\n    assert candidate(6) == 21\n    assert candidate(11) == 66\n    assert candidate(30) == 465\n    assert candidate(100) == 5050\n\ndef test_check():\n    check(f)\n\ntest_check()\n",
      "timestamp": 1674255481,
      "stdout": "",
      "stderr": "Traceback (most recent call last):\n  File \"/tmp/tmpz343riai.py\", line 27, in <module>\n    test_check()\n  File \"/tmp/tmpz343riai.py\", line 25, in test_check\n    check(f)\n  File \"/tmp/tmpz343riai.py\", line 18, in check\n    assert candidate(1) == 1\nAssertionError\n",
      "exit_code": 1,
      "status": "Exception"
    },
    {
      "program": "def f(arg1: int) -> int:\n    \"\"\"sum_to_n is a function that sums numbers from 1 to n.\n    >>> f(30)\n    465\n    >>> f(100)\n    5050\n    >>> f(5)\n    15\n    >>> f(10)\n    55\n    >>> f(1)\n    1\n    \"\"\"\n    return arg1 + arg1\n\ndef check(candidate):\n    assert candidate(1) == 1\n    assert candidate(6) == 21\n    assert candidate(11) == 66\n    assert candidate(30) == 465\n    assert candidate(100) == 5050\n\ndef test_check():\n    check(f)\n\ntest_check()\n",
      "timestamp": 1674255481,
      "stdout": "",
      "stderr": "Traceback (most recent call last):\n  File \"/tmp/tmpqi7p269_.py\", line 26, in <module>\n    test_check()\n  File \"/tmp/tmpqi7p269_.py\", line 24, in test_check\n    check(f)\n  File \"/tmp/tmpqi7p269_.py\", line 17, in check\n    assert candidate(1) == 1\nAssertionError\n",
      "exit_code": 1,
      "status": "Exception"
    },
    {
      "program": "def f(arg1: int) -> int:\n    \"\"\"sum_to_n is a function that sums numbers from 1 to n.\n    >>> f(30)\n    465\n    >>> f(100)\n    5050\n    >>> f(5)\n    15\n    >>> f(10)\n    55\n    >>> f(1)\n    1\n    \"\"\"\n    return arg1 + arg1\n\n\ndef check(candidate):\n    assert candidate(1) == 1\n    assert candidate(6) == 21\n    assert candidate(11) == 66\n    assert candidate(30) == 465\n    assert candidate(100) == 5050\n\ndef test_check():\n    check(f)\n\ntest_check()\n",
      "timestamp": 1674255481,
      "stdout": "",
      "stderr": "Traceback (most recent call last):\n  File \"/tmp/tmpz343riai.py\", line 27, in <module>\n    test_check()\n  File \"/tmp/tmpz343riai.py\", line 25, in test_check\n    check(f)\n  File \"/tmp/tmpz343riai.py\", line 18, in check\n    assert candidate(1) == 1\nAssertionError\n",
      "exit_code": 1,
      "status": "Exception"
    },
    {
      "program": "def f(arg1: int) -> int:\n    \"\"\"sum_to_n is a function that sums numbers from 1 to n.\n    >>> f(30)\n    465\n    >>> f(100)\n    5050\n    >>> f(5)\n    15\n    >>> f(10)\n    55\n    >>> f(1)\n    1\n    \"\"\"\n    return arg1 + arg1\n\n\ndef check(candidate):\n    assert candidate(1) == 1\n    assert candidate(6) == 21\n    assert candidate(11) == 66\n    assert candidate(30) == 465\n    assert candidate(100) == 5050\n\ndef test_check():\n    check(f)\n\ntest_check()\n",
      "timestamp": 1674255481,
      "stdout": "",
      "stderr": "Traceback (most recent call last):\n  File \"/tmp/tmpz343riai.py\", line 27, in <module>\n    test_check()\n  File \"/tmp/tmpz343riai.py\", line 25, in test_check\n    check(f)\n  File \"/tmp/tmpz343riai.py\", line 18, in check\n    assert candidate(1) == 1\nAssertionError\n",
      "exit_code": 1,
      "status": "Exception"
    },
    {
      "program": "def f(arg1: int) -> int:\n    \"\"\"sum_to_n is a function that sums numbers from 1 to n.\n    >>> f(30)\n    465\n    >>> f(100)\n    5050\n    >>> f(5)\n    15\n    >>> f(10)\n    55\n    >>> f(1)\n    1\n    \"\"\"\n    return arg1 + arg1\n\n\ndef check(candidate):\n    assert candidate(1) == 1\n    assert candidate(6) == 21\n    assert candidate(11) == 66\n    assert candidate(30) == 465\n    assert candidate(100) == 5050\n\ndef test_check():\n    check(f)\n\ntest_check()\n",
      "timestamp": 1674255481,
      "stdout": "",
      "stderr": "Traceback (most recent call last):\n  File \"/tmp/tmpz343riai.py\", line 27, in <module>\n    test_check()\n  File \"/tmp/tmpz343riai.py\", line 25, in test_check\n    check(f)\n  File \"/tmp/tmpz343riai.py\", line 18, in check\n    assert candidate(1) == 1\nAssertionError\n",
      "exit_code": 1,
      "status": "Exception"
    },
    {
      "program": "def f(arg1: int) -> int:\n    \"\"\"sum_to_n is a function that sums numbers from 1 to n.\n    >>> f(30)\n    465\n    >>> f(100)\n    5050\n    >>> f(5)\n    15\n    >>> f(10)\n    55\n    >>> f(1)\n    1\n    \"\"\"\n    return arg1 + arg1\n\n\ndef check(candidate):\n    assert candidate(1) == 1\n    assert candidate(6) == 21\n    assert candidate(11) == 66\n    assert candidate(30) == 465\n    assert candidate(100) == 5050\n\ndef test_check():\n    check(f)\n\ntest_check()\n",
      "timestamp": 1674255481,
      "stdout": "",
      "stderr": "Traceback (most recent call last):\n  File \"/tmp/tmpz343riai.py\", line 27, in <module>\n    test_check()\n  File \"/tmp/tmpz343riai.py\", line 25, in test_check\n    check(f)\n  File \"/tmp/tmpz343riai.py\", line 18, in check\n    assert candidate(1) == 1\nAssertionError\n",
      "exit_code": 1,
      "status": "Exception"
    },
    {
      "program": "def f(arg1: int) -> int:\n    \"\"\"sum_to_n is a function that sums numbers from 1 to n.\n    >>> f(30)\n    465\n    >>> f(100)\n    5050\n    >>> f(5)\n    15\n    >>> f(10)\n    55\n    >>> f(1)\n    1\n    \"\"\"\n    return arg1 + arg1\n\n\ndef check(candidate):\n    assert candidate(1) == 1\n    assert candidate(6) == 21\n    assert candidate(11) == 66\n    assert candidate(30) == 465\n    assert candidate(100) == 5050\n\ndef test_check():\n    check(f)\n\ntest_check()\n",
      "timestamp": 1674255481,
      "stdout": "",
      "stderr": "Traceback (most recent call last):\n  File \"/tmp/tmpz343riai.py\", line 27, in <module>\n    test_check()\n  File \"/tmp/tmpz343riai.py\", line 25, in test_check\n    check(f)\n  File \"/tmp/tmpz343riai.py\", line 18, in check\n    assert candidate(1) == 1\nAssertionError\n",
      "exit_code": 1,
      "status": "Exception"
    },
    {
      "program": "def f(arg1: int) -> int:\n    \"\"\"sum_to_n is a function that sums numbers from 1 to n.\n    >>> f(30)\n    465\n    >>> f(100)\n    5050\n    >>> f(5)\n    15\n    >>> f(10)\n    55\n    >>> f(1)\n    1\n    \"\"\"\n    return arg1 + arg1\n\n\ndef check(candidate):\n    assert candidate(1) == 1\n    assert candidate(6) == 21\n    assert candidate(11) == 66\n    assert candidate(30) == 465\n    assert candidate(100) == 5050\n\ndef test_check():\n    check(f)\n\ntest_check()\n",
      "timestamp": 1674255481,
      "stdout": "",
      "stderr": "Traceback (most recent call last):\n  File \"/tmp/tmpz343riai.py\", line 27, in <module>\n    test_check()\n  File \"/tmp/tmpz343riai.py\", line 25, in test_check\n    check(f)\n  File \"/tmp/tmpz343riai.py\", line 18, in check\n    assert candidate(1) == 1\nAssertionError\n",
      "exit_code": 1,
      "status": "Exception"
    },
    {
      "program": "def f(arg1: int) -> int:\n    \"\"\"sum_to_n is a function that sums numbers from 1 to n.\n    >>> f(30)\n    465\n    >>> f(100)\n    5050\n    >>> f(5)\n    15\n    >>> f(10)\n    55\n    >>> f(1)\n    1\n    \"\"\"\n    return arg1 + arg1\n\n\ndef check(candidate):\n    assert candidate(1) == 1\n    assert candidate(6) == 21\n    assert candidate(11) == 66\n    assert candidate(30) == 465\n    assert candidate(100) == 5050\n\ndef test_check():\n    check(f)\n\ntest_check()\n",
      "timestamp": 1674255481,
      "stdout": "",
      "stderr": "Traceback (most recent call last):\n  File \"/tmp/tmpz343riai.py\", line 27, in <module>\n    test_check()\n  File \"/tmp/tmpz343riai.py\", line 25, in test_check\n    check(f)\n  File \"/tmp/tmpz343riai.py\", line 18, in check\n    assert candidate(1) == 1\nAssertionError\n",
      "exit_code": 1,
      "status": "Exception"
    },
    {
      "program": "def f(arg1: int) -> int:\n    \"\"\"sum_to_n is a function that sums numbers from 1 to n.\n    >>> f(30)\n    465\n    >>> f(100)\n    5050\n    >>> f(5)\n    15\n    >>> f(10)\n    55\n    >>> f(1)\n    1\n    \"\"\"\n    return arg1 + arg1\n\n\ndef check(candidate):\n    assert candidate(1) == 1\n    assert candidate(6) == 21\n    assert candidate(11) == 66\n    assert candidate(30) == 465\n    assert candidate(100) == 5050\n\ndef test_check():\n    check(f)\n\ntest_check()\n",
      "timestamp": 1674255481,
      "stdout": "",
      "stderr": "Traceback (most recent call last):\n  File \"/tmp/tmpz343riai.py\", line 27, in <module>\n    test_check()\n  File \"/tmp/tmpz343riai.py\", line 25, in test_check\n    check(f)\n  File \"/tmp/tmpz343riai.py\", line 18, in check\n    assert candidate(1) == 1\nAssertionError\n",
      "exit_code": 1,
      "status": "Exception"
    },
    {
      "program": "def f(arg1: int) -> int:\n    \"\"\"sum_to_n is a function that sums numbers from 1 to n.\n    >>> f(30)\n    465\n    >>> f(100)\n    5050\n    >>> f(5)\n    15\n    >>> f(10)\n    55\n    >>> f(1)\n    1\n    \"\"\"\n    return arg1 + arg1\n\ndef check(candidate):\n    assert candidate(1) == 1\n    assert candidate(6) == 21\n    assert candidate(11) == 66\n    assert candidate(30) == 465\n    assert candidate(100) == 5050\n\ndef test_check():\n    check(f)\n\ntest_check()\n",
      "timestamp": 1674255481,
      "stdout": "",
      "stderr": "Traceback (most recent call last):\n  File \"/tmp/tmpqi7p269_.py\", line 26, in <module>\n    test_check()\n  File \"/tmp/tmpqi7p269_.py\", line 24, in test_check\n    check(f)\n  File \"/tmp/tmpqi7p269_.py\", line 17, in check\n    assert candidate(1) == 1\nAssertionError\n",
      "exit_code": 1,
      "status": "Exception"
    },
    {
      "program": "def f(arg1: int) -> int:\n    \"\"\"sum_to_n is a function that sums numbers from 1 to n.\n    >>> f(30)\n    465\n    >>> f(100)\n    5050\n    >>> f(5)\n    15\n    >>> f(10)\n    55\n    >>> f(1)\n    1\n    \"\"\"\n    return arg1 + arg1\n\n\ndef check(candidate):\n    assert candidate(1) == 1\n    assert candidate(6) == 21\n    assert candidate(11) == 66\n    assert candidate(30) == 465\n    assert candidate(100) == 5050\n\ndef test_check():\n    check(f)\n\ntest_check()\n",
      "timestamp": 1674255481,
      "stdout": "",
      "stderr": "Traceback (most recent call last):\n  File \"/tmp/tmpz343riai.py\", line 27, in <module>\n    test_check()\n  File \"/tmp/tmpz343riai.py\", line 25, in test_check\n    check(f)\n  File \"/tmp/tmpz343riai.py\", line 18, in check\n    assert candidate(1) == 1\nAssertionError\n",
      "exit_code": 1,
      "status": "Exception"
    },
    {
      "program": "def f(arg1: int) -> int:\n    \"\"\"sum_to_n is a function that sums numbers from 1 to n.\n    >>> f(30)\n    465\n    >>> f(100)\n    5050\n    >>> f(5)\n    15\n    >>> f(10)\n    55\n    >>> f(1)\n    1\n    \"\"\"\n    return arg1 + arg1\n\n\ndef check(candidate):\n    assert candidate(1) == 1\n    assert candidate(6) == 21\n    assert candidate(11) == 66\n    assert candidate(30) == 465\n    assert candidate(100) == 5050\n\ndef test_check():\n    check(f)\n\ntest_check()\n",
      "timestamp": 1674255481,
      "stdout": "",
      "stderr": "Traceback (most recent call last):\n  File \"/tmp/tmpz343riai.py\", line 27, in <module>\n    test_check()\n  File \"/tmp/tmpz343riai.py\", line 25, in test_check\n    check(f)\n  File \"/tmp/tmpz343riai.py\", line 18, in check\n    assert candidate(1) == 1\nAssertionError\n",
      "exit_code": 1,
      "status": "Exception"
    },
    {
      "program": "def f(arg1: int) -> int:\n    \"\"\"sum_to_n is a function that sums numbers from 1 to n.\n    >>> f(30)\n    465\n    >>> f(100)\n    5050\n    >>> f(5)\n    15\n    >>> f(10)\n    55\n    >>> f(1)\n    1\n    \"\"\"\n    return arg1 + arg1\n\n\ndef check(candidate):\n    assert candidate(1) == 1\n    assert candidate(6) == 21\n    assert candidate(11) == 66\n    assert candidate(30) == 465\n    assert candidate(100) == 5050\n\ndef test_check():\n    check(f)\n\ntest_check()\n",
      "timestamp": 1674255481,
      "stdout": "",
      "stderr": "Traceback (most recent call last):\n  File \"/tmp/tmpz343riai.py\", line 27, in <module>\n    test_check()\n  File \"/tmp/tmpz343riai.py\", line 25, in test_check\n    check(f)\n  File \"/tmp/tmpz343riai.py\", line 18, in check\n    assert candidate(1) == 1\nAssertionError\n",
      "exit_code": 1,
      "status": "Exception"
    },
    {
      "program": "def f(arg1: int) -> int:\n    \"\"\"sum_to_n is a function that sums numbers from 1 to n.\n    >>> f(30)\n    465\n    >>> f(100)\n    5050\n    >>> f(5)\n    15\n    >>> f(10)\n    55\n    >>> f(1)\n    1\n    \"\"\"\n    return arg1 + 1\n\n\ndef check(candidate):\n    assert candidate(1) == 1\n    assert candidate(6) == 21\n    assert candidate(11) == 66\n    assert candidate(30) == 465\n    assert candidate(100) == 5050\n\ndef test_check():\n    check(f)\n\ntest_check()\n",
      "timestamp": 1674255481,
      "stdout": "",
      "stderr": "Traceback (most recent call last):\n  File \"/tmp/tmpsmlumq_d.py\", line 27, in <module>\n    test_check()\n  File \"/tmp/tmpsmlumq_d.py\", line 25, in test_check\n    check(f)\n  File \"/tmp/tmpsmlumq_d.py\", line 18, in check\n    assert candidate(1) == 1\nAssertionError\n",
      "exit_code": 1,
      "status": "Exception"
    },
    {
      "program": "def f(arg1: int) -> int:\n    \"\"\"sum_to_n is a function that sums numbers from 1 to n.\n    >>> f(30)\n    465\n    >>> f(100)\n    5050\n    >>> f(5)\n    15\n    >>> f(10)\n    55\n    >>> f(1)\n    1\n    \"\"\"\n    return arg1 + 1\n\n\ndef check(candidate):\n    assert candidate(1) == 1\n    assert candidate(6) == 21\n    assert candidate(11) == 66\n    assert candidate(30) == 465\n    assert candidate(100) == 5050\n\ndef test_check():\n    check(f)\n\ntest_check()\n",
      "timestamp": 1674255481,
      "stdout": "",
      "stderr": "Traceback (most recent call last):\n  File \"/tmp/tmpsmlumq_d.py\", line 27, in <module>\n    test_check()\n  File \"/tmp/tmpsmlumq_d.py\", line 25, in test_check\n    check(f)\n  File \"/tmp/tmpsmlumq_d.py\", line 18, in check\n    assert candidate(1) == 1\nAssertionError\n",
      "exit_code": 1,
      "status": "Exception"
    },
    {
      "program": "def f(arg1: int) -> int:\n    \"\"\"sum_to_n is a function that sums numbers from 1 to n.\n    >>> f(30)\n    465\n    >>> f(100)\n    5050\n    >>> f(5)\n    15\n    >>> f(10)\n    55\n    >>> f(1)\n    1\n    \"\"\"\n    return arg1 + arg1\n\n\ndef check(candidate):\n    assert candidate(1) == 1\n    assert candidate(6) == 21\n    assert candidate(11) == 66\n    assert candidate(30) == 465\n    assert candidate(100) == 5050\n\ndef test_check():\n    check(f)\n\ntest_check()\n",
      "timestamp": 1674255481,
      "stdout": "",
      "stderr": "Traceback (most recent call last):\n  File \"/tmp/tmpz343riai.py\", line 27, in <module>\n    test_check()\n  File \"/tmp/tmpz343riai.py\", line 25, in test_check\n    check(f)\n  File \"/tmp/tmpz343riai.py\", line 18, in check\n    assert candidate(1) == 1\nAssertionError\n",
      "exit_code": 1,
      "status": "Exception"
    },
    {
      "program": "def f(arg1: int) -> int:\n    \"\"\"sum_to_n is a function that sums numbers from 1 to n.\n    >>> f(30)\n    465\n    >>> f(100)\n    5050\n    >>> f(5)\n    15\n    >>> f(10)\n    55\n    >>> f(1)\n    1\n    \"\"\"\n    return arg1 + arg1\n\n\ndef check(candidate):\n    assert candidate(1) == 1\n    assert candidate(6) == 21\n    assert candidate(11) == 66\n    assert candidate(30) == 465\n    assert candidate(100) == 5050\n\ndef test_check():\n    check(f)\n\ntest_check()\n",
      "timestamp": 1674255481,
      "stdout": "",
      "stderr": "Traceback (most recent call last):\n  File \"/tmp/tmpz343riai.py\", line 27, in <module>\n    test_check()\n  File \"/tmp/tmpz343riai.py\", line 25, in test_check\n    check(f)\n  File \"/tmp/tmpz343riai.py\", line 18, in check\n    assert candidate(1) == 1\nAssertionError\n",
      "exit_code": 1,
      "status": "Exception"
    },
    {
      "program": "def f(arg1: int) -> int:\n    \"\"\"sum_to_n is a function that sums numbers from 1 to n.\n    >>> f(30)\n    465\n    >>> f(100)\n    5050\n    >>> f(5)\n    15\n    >>> f(10)\n    55\n    >>> f(1)\n    1\n    \"\"\"\n    return arg1 + arg1\n\n\ndef check(candidate):\n    assert candidate(1) == 1\n    assert candidate(6) == 21\n    assert candidate(11) == 66\n    assert candidate(30) == 465\n    assert candidate(100) == 5050\n\ndef test_check():\n    check(f)\n\ntest_check()\n",
      "timestamp": 1674255481,
      "stdout": "",
      "stderr": "Traceback (most recent call last):\n  File \"/tmp/tmpz343riai.py\", line 27, in <module>\n    test_check()\n  File \"/tmp/tmpz343riai.py\", line 25, in test_check\n    check(f)\n  File \"/tmp/tmpz343riai.py\", line 18, in check\n    assert candidate(1) == 1\nAssertionError\n",
      "exit_code": 1,
      "status": "Exception"
    },
    {
      "program": "def f(arg1: int) -> int:\n    \"\"\"sum_to_n is a function that sums numbers from 1 to n.\n    >>> f(30)\n    465\n    >>> f(100)\n    5050\n    >>> f(5)\n    15\n    >>> f(10)\n    55\n    >>> f(1)\n    1\n    \"\"\"\n    return arg1 + arg1\n\n\ndef check(candidate):\n    assert candidate(1) == 1\n    assert candidate(6) == 21\n    assert candidate(11) == 66\n    assert candidate(30) == 465\n    assert candidate(100) == 5050\n\ndef test_check():\n    check(f)\n\ntest_check()\n",
      "timestamp": 1674255481,
      "stdout": "",
      "stderr": "Traceback (most recent call last):\n  File \"/tmp/tmpz343riai.py\", line 27, in <module>\n    test_check()\n  File \"/tmp/tmpz343riai.py\", line 25, in test_check\n    check(f)\n  File \"/tmp/tmpz343riai.py\", line 18, in check\n    assert candidate(1) == 1\nAssertionError\n",
      "exit_code": 1,
      "status": "Exception"
    },
    {
      "program": "def f(arg1: int) -> int:\n    \"\"\"sum_to_n is a function that sums numbers from 1 to n.\n    >>> f(30)\n    465\n    >>> f(100)\n    5050\n    >>> f(5)\n    15\n    >>> f(10)\n    55\n    >>> f(1)\n    1\n    \"\"\"\n    return arg1 + arg1\n\ndef check(candidate):\n    assert candidate(1) == 1\n    assert candidate(6) == 21\n    assert candidate(11) == 66\n    assert candidate(30) == 465\n    assert candidate(100) == 5050\n\ndef test_check():\n    check(f)\n\ntest_check()\n",
      "timestamp": 1674255481,
      "stdout": "",
      "stderr": "Traceback (most recent call last):\n  File \"/tmp/tmpqi7p269_.py\", line 26, in <module>\n    test_check()\n  File \"/tmp/tmpqi7p269_.py\", line 24, in test_check\n    check(f)\n  File \"/tmp/tmpqi7p269_.py\", line 17, in check\n    assert candidate(1) == 1\nAssertionError\n",
      "exit_code": 1,
      "status": "Exception"
    },
    {
      "program": "def f(arg1: int) -> int:\n    \"\"\"sum_to_n is a function that sums numbers from 1 to n.\n    >>> f(30)\n    465\n    >>> f(100)\n    5050\n    >>> f(5)\n    15\n    >>> f(10)\n    55\n    >>> f(1)\n    1\n    \"\"\"\n    return arg1 + 1\n\n\ndef check(candidate):\n    assert candidate(1) == 1\n    assert candidate(6) == 21\n    assert candidate(11) == 66\n    assert candidate(30) == 465\n    assert candidate(100) == 5050\n\ndef test_check():\n    check(f)\n\ntest_check()\n",
      "timestamp": 1674255481,
      "stdout": "",
      "stderr": "Traceback (most recent call last):\n  File \"/tmp/tmpsmlumq_d.py\", line 27, in <module>\n    test_check()\n  File \"/tmp/tmpsmlumq_d.py\", line 25, in test_check\n    check(f)\n  File \"/tmp/tmpsmlumq_d.py\", line 18, in check\n    assert candidate(1) == 1\nAssertionError\n",
      "exit_code": 1,
      "status": "Exception"
    },
    {
      "program": "def f(arg1: int) -> int:\n    \"\"\"sum_to_n is a function that sums numbers from 1 to n.\n    >>> f(30)\n    465\n    >>> f(100)\n    5050\n    >>> f(5)\n    15\n    >>> f(10)\n    55\n    >>> f(1)\n    1\n    \"\"\"\n    return arg1 + arg1\n\n\ndef check(candidate):\n    assert candidate(1) == 1\n    assert candidate(6) == 21\n    assert candidate(11) == 66\n    assert candidate(30) == 465\n    assert candidate(100) == 5050\n\ndef test_check():\n    check(f)\n\ntest_check()\n",
      "timestamp": 1674255481,
      "stdout": "",
      "stderr": "Traceback (most recent call last):\n  File \"/tmp/tmpz343riai.py\", line 27, in <module>\n    test_check()\n  File \"/tmp/tmpz343riai.py\", line 25, in test_check\n    check(f)\n  File \"/tmp/tmpz343riai.py\", line 18, in check\n    assert candidate(1) == 1\nAssertionError\n",
      "exit_code": 1,
      "status": "Exception"
    },
    {
      "program": "def f(arg1: int) -> int:\n    \"\"\"sum_to_n is a function that sums numbers from 1 to n.\n    >>> f(30)\n    465\n    >>> f(100)\n    5050\n    >>> f(5)\n    15\n    >>> f(10)\n    55\n    >>> f(1)\n    1\n    \"\"\"\n    return arg1 + arg1\n\n\ndef check(candidate):\n    assert candidate(1) == 1\n    assert candidate(6) == 21\n    assert candidate(11) == 66\n    assert candidate(30) == 465\n    assert candidate(100) == 5050\n\ndef test_check():\n    check(f)\n\ntest_check()\n",
      "timestamp": 1674255481,
      "stdout": "",
      "stderr": "Traceback (most recent call last):\n  File \"/tmp/tmpz343riai.py\", line 27, in <module>\n    test_check()\n  File \"/tmp/tmpz343riai.py\", line 25, in test_check\n    check(f)\n  File \"/tmp/tmpz343riai.py\", line 18, in check\n    assert candidate(1) == 1\nAssertionError\n",
      "exit_code": 1,
      "status": "Exception"
    },
    {
      "program": "def f(arg1: int) -> int:\n    \"\"\"sum_to_n is a function that sums numbers from 1 to n.\n    >>> f(30)\n    465\n    >>> f(100)\n    5050\n    >>> f(5)\n    15\n    >>> f(10)\n    55\n    >>> f(1)\n    1\n    \"\"\"\n    return arg1 + arg1\n\ndef check(candidate):\n    assert candidate(1) == 1\n    assert candidate(6) == 21\n    assert candidate(11) == 66\n    assert candidate(30) == 465\n    assert candidate(100) == 5050\n\ndef test_check():\n    check(f)\n\ntest_check()\n",
      "timestamp": 1674255481,
      "stdout": "",
      "stderr": "Traceback (most recent call last):\n  File \"/tmp/tmpqi7p269_.py\", line 26, in <module>\n    test_check()\n  File \"/tmp/tmpqi7p269_.py\", line 24, in test_check\n    check(f)\n  File \"/tmp/tmpqi7p269_.py\", line 17, in check\n    assert candidate(1) == 1\nAssertionError\n",
      "exit_code": 1,
      "status": "Exception"
    },
    {
      "program": "def f(arg1: int) -> int:\n    \"\"\"sum_to_n is a function that sums numbers from 1 to n.\n    >>> f(30)\n    465\n    >>> f(100)\n    5050\n    >>> f(5)\n    15\n    >>> f(10)\n    55\n    >>> f(1)\n    1\n    \"\"\"\n    return arg1 + arg1\n\n\ndef check(candidate):\n    assert candidate(1) == 1\n    assert candidate(6) == 21\n    assert candidate(11) == 66\n    assert candidate(30) == 465\n    assert candidate(100) == 5050\n\ndef test_check():\n    check(f)\n\ntest_check()\n",
      "timestamp": 1674255481,
      "stdout": "",
      "stderr": "Traceback (most recent call last):\n  File \"/tmp/tmpz343riai.py\", line 27, in <module>\n    test_check()\n  File \"/tmp/tmpz343riai.py\", line 25, in test_check\n    check(f)\n  File \"/tmp/tmpz343riai.py\", line 18, in check\n    assert candidate(1) == 1\nAssertionError\n",
      "exit_code": 1,
      "status": "Exception"
    },
    {
      "program": "def f(arg1: int) -> int:\n    \"\"\"sum_to_n is a function that sums numbers from 1 to n.\n    >>> f(30)\n    465\n    >>> f(100)\n    5050\n    >>> f(5)\n    15\n    >>> f(10)\n    55\n    >>> f(1)\n    1\n    \"\"\"\n    return arg1 + arg1\n\n\ndef check(candidate):\n    assert candidate(1) == 1\n    assert candidate(6) == 21\n    assert candidate(11) == 66\n    assert candidate(30) == 465\n    assert candidate(100) == 5050\n\ndef test_check():\n    check(f)\n\ntest_check()\n",
      "timestamp": 1674255481,
      "stdout": "",
      "stderr": "Traceback (most recent call last):\n  File \"/tmp/tmpz343riai.py\", line 27, in <module>\n    test_check()\n  File \"/tmp/tmpz343riai.py\", line 25, in test_check\n    check(f)\n  File \"/tmp/tmpz343riai.py\", line 18, in check\n    assert candidate(1) == 1\nAssertionError\n",
      "exit_code": 1,
      "status": "Exception"
    },
    {
      "program": "def f(arg1: int) -> int:\n    \"\"\"sum_to_n is a function that sums numbers from 1 to n.\n    >>> f(30)\n    465\n    >>> f(100)\n    5050\n    >>> f(5)\n    15\n    >>> f(10)\n    55\n    >>> f(1)\n    1\n    \"\"\"\n    return arg1 + 1\n\n\ndef check(candidate):\n    assert candidate(1) == 1\n    assert candidate(6) == 21\n    assert candidate(11) == 66\n    assert candidate(30) == 465\n    assert candidate(100) == 5050\n\ndef test_check():\n    check(f)\n\ntest_check()\n",
      "timestamp": 1674255481,
      "stdout": "",
      "stderr": "Traceback (most recent call last):\n  File \"/tmp/tmpsmlumq_d.py\", line 27, in <module>\n    test_check()\n  File \"/tmp/tmpsmlumq_d.py\", line 25, in test_check\n    check(f)\n  File \"/tmp/tmpsmlumq_d.py\", line 18, in check\n    assert candidate(1) == 1\nAssertionError\n",
      "exit_code": 1,
      "status": "Exception"
    },
    {
      "program": "def f(arg1: int) -> int:\n    \"\"\"sum_to_n is a function that sums numbers from 1 to n.\n    >>> f(30)\n    465\n    >>> f(100)\n    5050\n    >>> f(5)\n    15\n    >>> f(10)\n    55\n    >>> f(1)\n    1\n    \"\"\"\n    return arg1 + arg1\n\n\ndef check(candidate):\n    assert candidate(1) == 1\n    assert candidate(6) == 21\n    assert candidate(11) == 66\n    assert candidate(30) == 465\n    assert candidate(100) == 5050\n\ndef test_check():\n    check(f)\n\ntest_check()\n",
      "timestamp": 1674255481,
      "stdout": "",
      "stderr": "Traceback (most recent call last):\n  File \"/tmp/tmpz343riai.py\", line 27, in <module>\n    test_check()\n  File \"/tmp/tmpz343riai.py\", line 25, in test_check\n    check(f)\n  File \"/tmp/tmpz343riai.py\", line 18, in check\n    assert candidate(1) == 1\nAssertionError\n",
      "exit_code": 1,
      "status": "Exception"
    },
    {
      "program": "def f(arg1: int) -> int:\n    \"\"\"sum_to_n is a function that sums numbers from 1 to n.\n    >>> f(30)\n    465\n    >>> f(100)\n    5050\n    >>> f(5)\n    15\n    >>> f(10)\n    55\n    >>> f(1)\n    1\n    \"\"\"\n    return arg1 + arg1\n\n\ndef check(candidate):\n    assert candidate(1) == 1\n    assert candidate(6) == 21\n    assert candidate(11) == 66\n    assert candidate(30) == 465\n    assert candidate(100) == 5050\n\ndef test_check():\n    check(f)\n\ntest_check()\n",
      "timestamp": 1674255481,
      "stdout": "",
      "stderr": "Traceback (most recent call last):\n  File \"/tmp/tmpz343riai.py\", line 27, in <module>\n    test_check()\n  File \"/tmp/tmpz343riai.py\", line 25, in test_check\n    check(f)\n  File \"/tmp/tmpz343riai.py\", line 18, in check\n    assert candidate(1) == 1\nAssertionError\n",
      "exit_code": 1,
      "status": "Exception"
    },
    {
      "program": "def f(arg1: int) -> int:\n    \"\"\"sum_to_n is a function that sums numbers from 1 to n.\n    >>> f(30)\n    465\n    >>> f(100)\n    5050\n    >>> f(5)\n    15\n    >>> f(10)\n    55\n    >>> f(1)\n    1\n    \"\"\"\n    return arg1 + arg1\n\n\ndef check(candidate):\n    assert candidate(1) == 1\n    assert candidate(6) == 21\n    assert candidate(11) == 66\n    assert candidate(30) == 465\n    assert candidate(100) == 5050\n\ndef test_check():\n    check(f)\n\ntest_check()\n",
      "timestamp": 1674255481,
      "stdout": "",
      "stderr": "Traceback (most recent call last):\n  File \"/tmp/tmpz343riai.py\", line 27, in <module>\n    test_check()\n  File \"/tmp/tmpz343riai.py\", line 25, in test_check\n    check(f)\n  File \"/tmp/tmpz343riai.py\", line 18, in check\n    assert candidate(1) == 1\nAssertionError\n",
      "exit_code": 1,
      "status": "Exception"
    },
    {
      "program": "def f(arg1: int) -> int:\n    \"\"\"sum_to_n is a function that sums numbers from 1 to n.\n    >>> f(30)\n    465\n    >>> f(100)\n    5050\n    >>> f(5)\n    15\n    >>> f(10)\n    55\n    >>> f(1)\n    1\n    \"\"\"\n    return arg1 + arg1\n<|endoftext|>                              \ndef check(candidate):\n    assert candidate(1) == 1\n    assert candidate(6) == 21\n    assert candidate(11) == 66\n    assert candidate(30) == 465\n    assert candidate(100) == 5050\n\ndef test_check():\n    check(f)\n\ntest_check()\n",
      "timestamp": 1674255481,
      "stdout": "",
      "stderr": "  File \"/tmp/tmp_848gvzn.py\", line 15\n    <|endoftext|>                              \n    ^\nSyntaxError: invalid syntax\n",
      "exit_code": 1,
      "status": "SyntaxError"
    },
    {
      "program": "def f(arg1: int) -> int:\n    \"\"\"sum_to_n is a function that sums numbers from 1 to n.\n    >>> f(30)\n    465\n    >>> f(100)\n    5050\n    >>> f(5)\n    15\n    >>> f(10)\n    55\n    >>> f(1)\n    1\n    \"\"\"\n    return arg1 + arg1\n\n\ndef check(candidate):\n    assert candidate(1) == 1\n    assert candidate(6) == 21\n    assert candidate(11) == 66\n    assert candidate(30) == 465\n    assert candidate(100) == 5050\n\ndef test_check():\n    check(f)\n\ntest_check()\n",
      "timestamp": 1674255481,
      "stdout": "",
      "stderr": "Traceback (most recent call last):\n  File \"/tmp/tmpz343riai.py\", line 27, in <module>\n    test_check()\n  File \"/tmp/tmpz343riai.py\", line 25, in test_check\n    check(f)\n  File \"/tmp/tmpz343riai.py\", line 18, in check\n    assert candidate(1) == 1\nAssertionError\n",
      "exit_code": 1,
      "status": "Exception"
    },
    {
      "program": "def f(arg1: int) -> int:\n    \"\"\"sum_to_n is a function that sums numbers from 1 to n.\n    >>> f(30)\n    465\n    >>> f(100)\n    5050\n    >>> f(5)\n    15\n    >>> f(10)\n    55\n    >>> f(1)\n    1\n    \"\"\"\n    return arg1 + arg1\n\n\ndef check(candidate):\n    assert candidate(1) == 1\n    assert candidate(6) == 21\n    assert candidate(11) == 66\n    assert candidate(30) == 465\n    assert candidate(100) == 5050\n\ndef test_check():\n    check(f)\n\ntest_check()\n",
      "timestamp": 1674255481,
      "stdout": "",
      "stderr": "Traceback (most recent call last):\n  File \"/tmp/tmpz343riai.py\", line 27, in <module>\n    test_check()\n  File \"/tmp/tmpz343riai.py\", line 25, in test_check\n    check(f)\n  File \"/tmp/tmpz343riai.py\", line 18, in check\n    assert candidate(1) == 1\nAssertionError\n",
      "exit_code": 1,
      "status": "Exception"
    },
    {
      "program": "def f(arg1: int) -> int:\n    \"\"\"sum_to_n is a function that sums numbers from 1 to n.\n    >>> f(30)\n    465\n    >>> f(100)\n    5050\n    >>> f(5)\n    15\n    >>> f(10)\n    55\n    >>> f(1)\n    1\n    \"\"\"\n    return arg1 + arg1\n\n\ndef check(candidate):\n    assert candidate(1) == 1\n    assert candidate(6) == 21\n    assert candidate(11) == 66\n    assert candidate(30) == 465\n    assert candidate(100) == 5050\n\ndef test_check():\n    check(f)\n\ntest_check()\n",
      "timestamp": 1674255481,
      "stdout": "",
      "stderr": "Traceback (most recent call last):\n  File \"/tmp/tmpz343riai.py\", line 27, in <module>\n    test_check()\n  File \"/tmp/tmpz343riai.py\", line 25, in test_check\n    check(f)\n  File \"/tmp/tmpz343riai.py\", line 18, in check\n    assert candidate(1) == 1\nAssertionError\n",
      "exit_code": 1,
      "status": "Exception"
    },
    {
      "program": "def f(arg1: int) -> int:\n    \"\"\"sum_to_n is a function that sums numbers from 1 to n.\n    >>> f(30)\n    465\n    >>> f(100)\n    5050\n    >>> f(5)\n    15\n    >>> f(10)\n    55\n    >>> f(1)\n    1\n    \"\"\"\n    return arg1 + arg1\n\ndef check(candidate):\n    assert candidate(1) == 1\n    assert candidate(6) == 21\n    assert candidate(11) == 66\n    assert candidate(30) == 465\n    assert candidate(100) == 5050\n\ndef test_check():\n    check(f)\n\ntest_check()\n",
      "timestamp": 1674255481,
      "stdout": "",
      "stderr": "Traceback (most recent call last):\n  File \"/tmp/tmpqi7p269_.py\", line 26, in <module>\n    test_check()\n  File \"/tmp/tmpqi7p269_.py\", line 24, in test_check\n    check(f)\n  File \"/tmp/tmpqi7p269_.py\", line 17, in check\n    assert candidate(1) == 1\nAssertionError\n",
      "exit_code": 1,
      "status": "Exception"
    },
    {
      "program": "def f(arg1: int) -> int:\n    \"\"\"sum_to_n is a function that sums numbers from 1 to n.\n    >>> f(30)\n    465\n    >>> f(100)\n    5050\n    >>> f(5)\n    15\n    >>> f(10)\n    55\n    >>> f(1)\n    1\n    \"\"\"\n    return arg1 + arg1\n\n\ndef check(candidate):\n    assert candidate(1) == 1\n    assert candidate(6) == 21\n    assert candidate(11) == 66\n    assert candidate(30) == 465\n    assert candidate(100) == 5050\n\ndef test_check():\n    check(f)\n\ntest_check()\n",
      "timestamp": 1674255481,
      "stdout": "",
      "stderr": "Traceback (most recent call last):\n  File \"/tmp/tmpz343riai.py\", line 27, in <module>\n    test_check()\n  File \"/tmp/tmpz343riai.py\", line 25, in test_check\n    check(f)\n  File \"/tmp/tmpz343riai.py\", line 18, in check\n    assert candidate(1) == 1\nAssertionError\n",
      "exit_code": 1,
      "status": "Exception"
    },
    {
      "program": "def f(arg1: int) -> int:\n    \"\"\"sum_to_n is a function that sums numbers from 1 to n.\n    >>> f(30)\n    465\n    >>> f(100)\n    5050\n    >>> f(5)\n    15\n    >>> f(10)\n    55\n    >>> f(1)\n    1\n    \"\"\"\n    return arg1 + arg1\n\n\ndef check(candidate):\n    assert candidate(1) == 1\n    assert candidate(6) == 21\n    assert candidate(11) == 66\n    assert candidate(30) == 465\n    assert candidate(100) == 5050\n\ndef test_check():\n    check(f)\n\ntest_check()\n",
      "timestamp": 1674255481,
      "stdout": "",
      "stderr": "Traceback (most recent call last):\n  File \"/tmp/tmpz343riai.py\", line 27, in <module>\n    test_check()\n  File \"/tmp/tmpz343riai.py\", line 25, in test_check\n    check(f)\n  File \"/tmp/tmpz343riai.py\", line 18, in check\n    assert candidate(1) == 1\nAssertionError\n",
      "exit_code": 1,
      "status": "Exception"
    },
    {
      "program": "def f(arg1: int) -> int:\n    \"\"\"sum_to_n is a function that sums numbers from 1 to n.\n    >>> f(30)\n    465\n    >>> f(100)\n    5050\n    >>> f(5)\n    15\n    >>> f(10)\n    55\n    >>> f(1)\n    1\n    \"\"\"\n    return arg1 + arg1\n\ndef check(candidate):\n    assert candidate(1) == 1\n    assert candidate(6) == 21\n    assert candidate(11) == 66\n    assert candidate(30) == 465\n    assert candidate(100) == 5050\n\ndef test_check():\n    check(f)\n\ntest_check()\n",
      "timestamp": 1674255481,
      "stdout": "",
      "stderr": "Traceback (most recent call last):\n  File \"/tmp/tmpqi7p269_.py\", line 26, in <module>\n    test_check()\n  File \"/tmp/tmpqi7p269_.py\", line 24, in test_check\n    check(f)\n  File \"/tmp/tmpqi7p269_.py\", line 17, in check\n    assert candidate(1) == 1\nAssertionError\n",
      "exit_code": 1,
      "status": "Exception"
    },
    {
      "program": "def f(arg1: int) -> int:\n    \"\"\"sum_to_n is a function that sums numbers from 1 to n.\n    >>> f(30)\n    465\n    >>> f(100)\n    5050\n    >>> f(5)\n    15\n    >>> f(10)\n    55\n    >>> f(1)\n    1\n    \"\"\"\n    return arg1 + arg1\n\ndef check(candidate):\n    assert candidate(1) == 1\n    assert candidate(6) == 21\n    assert candidate(11) == 66\n    assert candidate(30) == 465\n    assert candidate(100) == 5050\n\ndef test_check():\n    check(f)\n\ntest_check()\n",
      "timestamp": 1674255481,
      "stdout": "",
      "stderr": "Traceback (most recent call last):\n  File \"/tmp/tmpqi7p269_.py\", line 26, in <module>\n    test_check()\n  File \"/tmp/tmpqi7p269_.py\", line 24, in test_check\n    check(f)\n  File \"/tmp/tmpqi7p269_.py\", line 17, in check\n    assert candidate(1) == 1\nAssertionError\n",
      "exit_code": 1,
      "status": "Exception"
    },
    {
      "program": "def f(arg1: int) -> int:\n    \"\"\"sum_to_n is a function that sums numbers from 1 to n.\n    >>> f(30)\n    465\n    >>> f(100)\n    5050\n    >>> f(5)\n    15\n    >>> f(10)\n    55\n    >>> f(1)\n    1\n    \"\"\"\n    return arg1 + arg1\n\n\ndef check(candidate):\n    assert candidate(1) == 1\n    assert candidate(6) == 21\n    assert candidate(11) == 66\n    assert candidate(30) == 465\n    assert candidate(100) == 5050\n\ndef test_check():\n    check(f)\n\ntest_check()\n",
      "timestamp": 1674255481,
      "stdout": "",
      "stderr": "Traceback (most recent call last):\n  File \"/tmp/tmpz343riai.py\", line 27, in <module>\n    test_check()\n  File \"/tmp/tmpz343riai.py\", line 25, in test_check\n    check(f)\n  File \"/tmp/tmpz343riai.py\", line 18, in check\n    assert candidate(1) == 1\nAssertionError\n",
      "exit_code": 1,
      "status": "Exception"
    },
    {
      "program": "def f(arg1: int) -> int:\n    \"\"\"sum_to_n is a function that sums numbers from 1 to n.\n    >>> f(30)\n    465\n    >>> f(100)\n    5050\n    >>> f(5)\n    15\n    >>> f(10)\n    55\n    >>> f(1)\n    1\n    \"\"\"\n    return arg1 + arg1\n\n\ndef check(candidate):\n    assert candidate(1) == 1\n    assert candidate(6) == 21\n    assert candidate(11) == 66\n    assert candidate(30) == 465\n    assert candidate(100) == 5050\n\ndef test_check():\n    check(f)\n\ntest_check()\n",
      "timestamp": 1674255481,
      "stdout": "",
      "stderr": "Traceback (most recent call last):\n  File \"/tmp/tmpz343riai.py\", line 27, in <module>\n    test_check()\n  File \"/tmp/tmpz343riai.py\", line 25, in test_check\n    check(f)\n  File \"/tmp/tmpz343riai.py\", line 18, in check\n    assert candidate(1) == 1\nAssertionError\n",
      "exit_code": 1,
      "status": "Exception"
    },
    {
      "program": "def f(arg1: int) -> int:\n    \"\"\"sum_to_n is a function that sums numbers from 1 to n.\n    >>> f(30)\n    465\n    >>> f(100)\n    5050\n    >>> f(5)\n    15\n    >>> f(10)\n    55\n    >>> f(1)\n    1\n    \"\"\"\n    return arg1 + arg1\n\n\ndef check(candidate):\n    assert candidate(1) == 1\n    assert candidate(6) == 21\n    assert candidate(11) == 66\n    assert candidate(30) == 465\n    assert candidate(100) == 5050\n\ndef test_check():\n    check(f)\n\ntest_check()\n",
      "timestamp": 1674255481,
      "stdout": "",
      "stderr": "Traceback (most recent call last):\n  File \"/tmp/tmpz343riai.py\", line 27, in <module>\n    test_check()\n  File \"/tmp/tmpz343riai.py\", line 25, in test_check\n    check(f)\n  File \"/tmp/tmpz343riai.py\", line 18, in check\n    assert candidate(1) == 1\nAssertionError\n",
      "exit_code": 1,
      "status": "Exception"
    },
    {
      "program": "def f(arg1: int) -> int:\n    \"\"\"sum_to_n is a function that sums numbers from 1 to n.\n    >>> f(30)\n    465\n    >>> f(100)\n    5050\n    >>> f(5)\n    15\n    >>> f(10)\n    55\n    >>> f(1)\n    1\n    \"\"\"\n    return arg1 + arg1\n\n\ndef check(candidate):\n    assert candidate(1) == 1\n    assert candidate(6) == 21\n    assert candidate(11) == 66\n    assert candidate(30) == 465\n    assert candidate(100) == 5050\n\ndef test_check():\n    check(f)\n\ntest_check()\n",
      "timestamp": 1674255481,
      "stdout": "",
      "stderr": "Traceback (most recent call last):\n  File \"/tmp/tmpz343riai.py\", line 27, in <module>\n    test_check()\n  File \"/tmp/tmpz343riai.py\", line 25, in test_check\n    check(f)\n  File \"/tmp/tmpz343riai.py\", line 18, in check\n    assert candidate(1) == 1\nAssertionError\n",
      "exit_code": 1,
      "status": "Exception"
    },
    {
      "program": "def f(arg1: int) -> int:\n    \"\"\"sum_to_n is a function that sums numbers from 1 to n.\n    >>> f(30)\n    465\n    >>> f(100)\n    5050\n    >>> f(5)\n    15\n    >>> f(10)\n    55\n    >>> f(1)\n    1\n    \"\"\"\n    return arg1 + arg1\n\n\ndef check(candidate):\n    assert candidate(1) == 1\n    assert candidate(6) == 21\n    assert candidate(11) == 66\n    assert candidate(30) == 465\n    assert candidate(100) == 5050\n\ndef test_check():\n    check(f)\n\ntest_check()\n",
      "timestamp": 1674255481,
      "stdout": "",
      "stderr": "Traceback (most recent call last):\n  File \"/tmp/tmpz343riai.py\", line 27, in <module>\n    test_check()\n  File \"/tmp/tmpz343riai.py\", line 25, in test_check\n    check(f)\n  File \"/tmp/tmpz343riai.py\", line 18, in check\n    assert candidate(1) == 1\nAssertionError\n",
      "exit_code": 1,
      "status": "Exception"
    },
    {
      "program": "def f(arg1: int) -> int:\n    \"\"\"sum_to_n is a function that sums numbers from 1 to n.\n    >>> f(30)\n    465\n    >>> f(100)\n    5050\n    >>> f(5)\n    15\n    >>> f(10)\n    55\n    >>> f(1)\n    1\n    \"\"\"\n    return arg1 + arg1\n\n\ndef check(candidate):\n    assert candidate(1) == 1\n    assert candidate(6) == 21\n    assert candidate(11) == 66\n    assert candidate(30) == 465\n    assert candidate(100) == 5050\n\ndef test_check():\n    check(f)\n\ntest_check()\n",
      "timestamp": 1674255481,
      "stdout": "",
      "stderr": "Traceback (most recent call last):\n  File \"/tmp/tmpz343riai.py\", line 27, in <module>\n    test_check()\n  File \"/tmp/tmpz343riai.py\", line 25, in test_check\n    check(f)\n  File \"/tmp/tmpz343riai.py\", line 18, in check\n    assert candidate(1) == 1\nAssertionError\n",
      "exit_code": 1,
      "status": "Exception"
    },
    {
      "program": "def f(arg1: int) -> int:\n    \"\"\"sum_to_n is a function that sums numbers from 1 to n.\n    >>> f(30)\n    465\n    >>> f(100)\n    5050\n    >>> f(5)\n    15\n    >>> f(10)\n    55\n    >>> f(1)\n    1\n    \"\"\"\n    return arg1 + arg1\n\n\ndef check(candidate):\n    assert candidate(1) == 1\n    assert candidate(6) == 21\n    assert candidate(11) == 66\n    assert candidate(30) == 465\n    assert candidate(100) == 5050\n\ndef test_check():\n    check(f)\n\ntest_check()\n",
      "timestamp": 1674255481,
      "stdout": "",
      "stderr": "Traceback (most recent call last):\n  File \"/tmp/tmpz343riai.py\", line 27, in <module>\n    test_check()\n  File \"/tmp/tmpz343riai.py\", line 25, in test_check\n    check(f)\n  File \"/tmp/tmpz343riai.py\", line 18, in check\n    assert candidate(1) == 1\nAssertionError\n",
      "exit_code": 1,
      "status": "Exception"
    },
    {
      "program": "def f(arg1: int) -> int:\n    \"\"\"sum_to_n is a function that sums numbers from 1 to n.\n    >>> f(30)\n    465\n    >>> f(100)\n    5050\n    >>> f(5)\n    15\n    >>> f(10)\n    55\n    >>> f(1)\n    1\n    \"\"\"\n    return arg1 + arg1\n\ndef check(candidate):\n    assert candidate(1) == 1\n    assert candidate(6) == 21\n    assert candidate(11) == 66\n    assert candidate(30) == 465\n    assert candidate(100) == 5050\n\ndef test_check():\n    check(f)\n\ntest_check()\n",
      "timestamp": 1674255481,
      "stdout": "",
      "stderr": "Traceback (most recent call last):\n  File \"/tmp/tmpqi7p269_.py\", line 26, in <module>\n    test_check()\n  File \"/tmp/tmpqi7p269_.py\", line 24, in test_check\n    check(f)\n  File \"/tmp/tmpqi7p269_.py\", line 17, in check\n    assert candidate(1) == 1\nAssertionError\n",
      "exit_code": 1,
      "status": "Exception"
    },
    {
      "program": "def f(arg1: int) -> int:\n    \"\"\"sum_to_n is a function that sums numbers from 1 to n.\n    >>> f(30)\n    465\n    >>> f(100)\n    5050\n    >>> f(5)\n    15\n    >>> f(10)\n    55\n    >>> f(1)\n    1\n    \"\"\"\n    return arg1 + arg1\n\n\ndef check(candidate):\n    assert candidate(1) == 1\n    assert candidate(6) == 21\n    assert candidate(11) == 66\n    assert candidate(30) == 465\n    assert candidate(100) == 5050\n\ndef test_check():\n    check(f)\n\ntest_check()\n",
      "timestamp": 1674255481,
      "stdout": "",
      "stderr": "Traceback (most recent call last):\n  File \"/tmp/tmpz343riai.py\", line 27, in <module>\n    test_check()\n  File \"/tmp/tmpz343riai.py\", line 25, in test_check\n    check(f)\n  File \"/tmp/tmpz343riai.py\", line 18, in check\n    assert candidate(1) == 1\nAssertionError\n",
      "exit_code": 1,
      "status": "Exception"
    },
    {
      "program": "def f(arg1: int) -> int:\n    \"\"\"sum_to_n is a function that sums numbers from 1 to n.\n    >>> f(30)\n    465\n    >>> f(100)\n    5050\n    >>> f(5)\n    15\n    >>> f(10)\n    55\n    >>> f(1)\n    1\n    \"\"\"\n    return arg1 + arg1\n\n\ndef check(candidate):\n    assert candidate(1) == 1\n    assert candidate(6) == 21\n    assert candidate(11) == 66\n    assert candidate(30) == 465\n    assert candidate(100) == 5050\n\ndef test_check():\n    check(f)\n\ntest_check()\n",
      "timestamp": 1674255481,
      "stdout": "",
      "stderr": "Traceback (most recent call last):\n  File \"/tmp/tmpz343riai.py\", line 27, in <module>\n    test_check()\n  File \"/tmp/tmpz343riai.py\", line 25, in test_check\n    check(f)\n  File \"/tmp/tmpz343riai.py\", line 18, in check\n    assert candidate(1) == 1\nAssertionError\n",
      "exit_code": 1,
      "status": "Exception"
    },
    {
      "program": "def f(arg1: int) -> int:\n    \"\"\"sum_to_n is a function that sums numbers from 1 to n.\n    >>> f(30)\n    465\n    >>> f(100)\n    5050\n    >>> f(5)\n    15\n    >>> f(10)\n    55\n    >>> f(1)\n    1\n    \"\"\"\n    return arg1 + arg1\n\n\ndef check(candidate):\n    assert candidate(1) == 1\n    assert candidate(6) == 21\n    assert candidate(11) == 66\n    assert candidate(30) == 465\n    assert candidate(100) == 5050\n\ndef test_check():\n    check(f)\n\ntest_check()\n",
      "timestamp": 1674255481,
      "stdout": "",
      "stderr": "Traceback (most recent call last):\n  File \"/tmp/tmpz343riai.py\", line 27, in <module>\n    test_check()\n  File \"/tmp/tmpz343riai.py\", line 25, in test_check\n    check(f)\n  File \"/tmp/tmpz343riai.py\", line 18, in check\n    assert candidate(1) == 1\nAssertionError\n",
      "exit_code": 1,
      "status": "Exception"
    },
    {
      "program": "def f(arg1: int) -> int:\n    \"\"\"sum_to_n is a function that sums numbers from 1 to n.\n    >>> f(30)\n    465\n    >>> f(100)\n    5050\n    >>> f(5)\n    15\n    >>> f(10)\n    55\n    >>> f(1)\n    1\n    \"\"\"\n    return arg1 + arg1\n\ndef check(candidate):\n    assert candidate(1) == 1\n    assert candidate(6) == 21\n    assert candidate(11) == 66\n    assert candidate(30) == 465\n    assert candidate(100) == 5050\n\ndef test_check():\n    check(f)\n\ntest_check()\n",
      "timestamp": 1674255481,
      "stdout": "",
      "stderr": "Traceback (most recent call last):\n  File \"/tmp/tmpqi7p269_.py\", line 26, in <module>\n    test_check()\n  File \"/tmp/tmpqi7p269_.py\", line 24, in test_check\n    check(f)\n  File \"/tmp/tmpqi7p269_.py\", line 17, in check\n    assert candidate(1) == 1\nAssertionError\n",
      "exit_code": 1,
      "status": "Exception"
    },
    {
      "program": "def f(arg1: int) -> int:\n    \"\"\"sum_to_n is a function that sums numbers from 1 to n.\n    >>> f(30)\n    465\n    >>> f(100)\n    5050\n    >>> f(5)\n    15\n    >>> f(10)\n    55\n    >>> f(1)\n    1\n    \"\"\"\n    return arg1 + arg1\n\n\ndef check(candidate):\n    assert candidate(1) == 1\n    assert candidate(6) == 21\n    assert candidate(11) == 66\n    assert candidate(30) == 465\n    assert candidate(100) == 5050\n\ndef test_check():\n    check(f)\n\ntest_check()\n",
      "timestamp": 1674255481,
      "stdout": "",
      "stderr": "Traceback (most recent call last):\n  File \"/tmp/tmpz343riai.py\", line 27, in <module>\n    test_check()\n  File \"/tmp/tmpz343riai.py\", line 25, in test_check\n    check(f)\n  File \"/tmp/tmpz343riai.py\", line 18, in check\n    assert candidate(1) == 1\nAssertionError\n",
      "exit_code": 1,
      "status": "Exception"
    },
    {
      "program": "def f(arg1: int) -> int:\n    \"\"\"sum_to_n is a function that sums numbers from 1 to n.\n    >>> f(30)\n    465\n    >>> f(100)\n    5050\n    >>> f(5)\n    15\n    >>> f(10)\n    55\n    >>> f(1)\n    1\n    \"\"\"\n    return arg1 + arg1\n\n\ndef check(candidate):\n    assert candidate(1) == 1\n    assert candidate(6) == 21\n    assert candidate(11) == 66\n    assert candidate(30) == 465\n    assert candidate(100) == 5050\n\ndef test_check():\n    check(f)\n\ntest_check()\n",
      "timestamp": 1674255481,
      "stdout": "",
      "stderr": "Traceback (most recent call last):\n  File \"/tmp/tmpz343riai.py\", line 27, in <module>\n    test_check()\n  File \"/tmp/tmpz343riai.py\", line 25, in test_check\n    check(f)\n  File \"/tmp/tmpz343riai.py\", line 18, in check\n    assert candidate(1) == 1\nAssertionError\n",
      "exit_code": 1,
      "status": "Exception"
    },
    {
      "program": "def f(arg1: int) -> int:\n    \"\"\"sum_to_n is a function that sums numbers from 1 to n.\n    >>> f(30)\n    465\n    >>> f(100)\n    5050\n    >>> f(5)\n    15\n    >>> f(10)\n    55\n    >>> f(1)\n    1\n    \"\"\"\n    return arg1 + arg1\n\n\ndef check(candidate):\n    assert candidate(1) == 1\n    assert candidate(6) == 21\n    assert candidate(11) == 66\n    assert candidate(30) == 465\n    assert candidate(100) == 5050\n\ndef test_check():\n    check(f)\n\ntest_check()\n",
      "timestamp": 1674255481,
      "stdout": "",
      "stderr": "Traceback (most recent call last):\n  File \"/tmp/tmpz343riai.py\", line 27, in <module>\n    test_check()\n  File \"/tmp/tmpz343riai.py\", line 25, in test_check\n    check(f)\n  File \"/tmp/tmpz343riai.py\", line 18, in check\n    assert candidate(1) == 1\nAssertionError\n",
      "exit_code": 1,
      "status": "Exception"
    },
    {
      "program": "def f(arg1: int) -> int:\n    \"\"\"sum_to_n is a function that sums numbers from 1 to n.\n    >>> f(30)\n    465\n    >>> f(100)\n    5050\n    >>> f(5)\n    15\n    >>> f(10)\n    55\n    >>> f(1)\n    1\n    \"\"\"\n    return arg1 + arg1\n\n\ndef check(candidate):\n    assert candidate(1) == 1\n    assert candidate(6) == 21\n    assert candidate(11) == 66\n    assert candidate(30) == 465\n    assert candidate(100) == 5050\n\ndef test_check():\n    check(f)\n\ntest_check()\n",
      "timestamp": 1674255481,
      "stdout": "",
      "stderr": "Traceback (most recent call last):\n  File \"/tmp/tmpz343riai.py\", line 27, in <module>\n    test_check()\n  File \"/tmp/tmpz343riai.py\", line 25, in test_check\n    check(f)\n  File \"/tmp/tmpz343riai.py\", line 18, in check\n    assert candidate(1) == 1\nAssertionError\n",
      "exit_code": 1,
      "status": "Exception"
    },
    {
      "program": "def f(arg1: int) -> int:\n    \"\"\"sum_to_n is a function that sums numbers from 1 to n.\n    >>> f(30)\n    465\n    >>> f(100)\n    5050\n    >>> f(5)\n    15\n    >>> f(10)\n    55\n    >>> f(1)\n    1\n    \"\"\"\n    return arg1 + arg1\n\n\ndef check(candidate):\n    assert candidate(1) == 1\n    assert candidate(6) == 21\n    assert candidate(11) == 66\n    assert candidate(30) == 465\n    assert candidate(100) == 5050\n\ndef test_check():\n    check(f)\n\ntest_check()\n",
      "timestamp": 1674255481,
      "stdout": "",
      "stderr": "Traceback (most recent call last):\n  File \"/tmp/tmpz343riai.py\", line 27, in <module>\n    test_check()\n  File \"/tmp/tmpz343riai.py\", line 25, in test_check\n    check(f)\n  File \"/tmp/tmpz343riai.py\", line 18, in check\n    assert candidate(1) == 1\nAssertionError\n",
      "exit_code": 1,
      "status": "Exception"
    },
    {
      "program": "def f(arg1: int) -> int:\n    \"\"\"sum_to_n is a function that sums numbers from 1 to n.\n    >>> f(30)\n    465\n    >>> f(100)\n    5050\n    >>> f(5)\n    15\n    >>> f(10)\n    55\n    >>> f(1)\n    1\n    \"\"\"\n    return arg1 + arg1\n\n\ndef check(candidate):\n    assert candidate(1) == 1\n    assert candidate(6) == 21\n    assert candidate(11) == 66\n    assert candidate(30) == 465\n    assert candidate(100) == 5050\n\ndef test_check():\n    check(f)\n\ntest_check()\n",
      "timestamp": 1674255481,
      "stdout": "",
      "stderr": "Traceback (most recent call last):\n  File \"/tmp/tmpz343riai.py\", line 27, in <module>\n    test_check()\n  File \"/tmp/tmpz343riai.py\", line 25, in test_check\n    check(f)\n  File \"/tmp/tmpz343riai.py\", line 18, in check\n    assert candidate(1) == 1\nAssertionError\n",
      "exit_code": 1,
      "status": "Exception"
    },
    {
      "program": "def f(arg1: int) -> int:\n    \"\"\"sum_to_n is a function that sums numbers from 1 to n.\n    >>> f(30)\n    465\n    >>> f(100)\n    5050\n    >>> f(5)\n    15\n    >>> f(10)\n    55\n    >>> f(1)\n    1\n    \"\"\"\n    return arg1 + arg1\n\n\ndef check(candidate):\n    assert candidate(1) == 1\n    assert candidate(6) == 21\n    assert candidate(11) == 66\n    assert candidate(30) == 465\n    assert candidate(100) == 5050\n\ndef test_check():\n    check(f)\n\ntest_check()\n",
      "timestamp": 1674255481,
      "stdout": "",
      "stderr": "Traceback (most recent call last):\n  File \"/tmp/tmpz343riai.py\", line 27, in <module>\n    test_check()\n  File \"/tmp/tmpz343riai.py\", line 25, in test_check\n    check(f)\n  File \"/tmp/tmpz343riai.py\", line 18, in check\n    assert candidate(1) == 1\nAssertionError\n",
      "exit_code": 1,
      "status": "Exception"
    },
    {
      "program": "def f(arg1: int) -> int:\n    \"\"\"sum_to_n is a function that sums numbers from 1 to n.\n    >>> f(30)\n    465\n    >>> f(100)\n    5050\n    >>> f(5)\n    15\n    >>> f(10)\n    55\n    >>> f(1)\n    1\n    \"\"\"\n    return arg1 + arg1\n\n\ndef check(candidate):\n    assert candidate(1) == 1\n    assert candidate(6) == 21\n    assert candidate(11) == 66\n    assert candidate(30) == 465\n    assert candidate(100) == 5050\n\ndef test_check():\n    check(f)\n\ntest_check()\n",
      "timestamp": 1674255481,
      "stdout": "",
      "stderr": "Traceback (most recent call last):\n  File \"/tmp/tmpz343riai.py\", line 27, in <module>\n    test_check()\n  File \"/tmp/tmpz343riai.py\", line 25, in test_check\n    check(f)\n  File \"/tmp/tmpz343riai.py\", line 18, in check\n    assert candidate(1) == 1\nAssertionError\n",
      "exit_code": 1,
      "status": "Exception"
    },
    {
      "program": "def f(arg1: int) -> int:\n    \"\"\"sum_to_n is a function that sums numbers from 1 to n.\n    >>> f(30)\n    465\n    >>> f(100)\n    5050\n    >>> f(5)\n    15\n    >>> f(10)\n    55\n    >>> f(1)\n    1\n    \"\"\"\n    return arg1 + arg1\n\n\ndef check(candidate):\n    assert candidate(1) == 1\n    assert candidate(6) == 21\n    assert candidate(11) == 66\n    assert candidate(30) == 465\n    assert candidate(100) == 5050\n\ndef test_check():\n    check(f)\n\ntest_check()\n",
      "timestamp": 1674255481,
      "stdout": "",
      "stderr": "Traceback (most recent call last):\n  File \"/tmp/tmpz343riai.py\", line 27, in <module>\n    test_check()\n  File \"/tmp/tmpz343riai.py\", line 25, in test_check\n    check(f)\n  File \"/tmp/tmpz343riai.py\", line 18, in check\n    assert candidate(1) == 1\nAssertionError\n",
      "exit_code": 1,
      "status": "Exception"
    },
    {
      "program": "def f(arg1: int) -> int:\n    \"\"\"sum_to_n is a function that sums numbers from 1 to n.\n    >>> f(30)\n    465\n    >>> f(100)\n    5050\n    >>> f(5)\n    15\n    >>> f(10)\n    55\n    >>> f(1)\n    1\n    \"\"\"\n    return arg1 + arg1\n\n\ndef check(candidate):\n    assert candidate(1) == 1\n    assert candidate(6) == 21\n    assert candidate(11) == 66\n    assert candidate(30) == 465\n    assert candidate(100) == 5050\n\ndef test_check():\n    check(f)\n\ntest_check()\n",
      "timestamp": 1674255481,
      "stdout": "",
      "stderr": "Traceback (most recent call last):\n  File \"/tmp/tmpz343riai.py\", line 27, in <module>\n    test_check()\n  File \"/tmp/tmpz343riai.py\", line 25, in test_check\n    check(f)\n  File \"/tmp/tmpz343riai.py\", line 18, in check\n    assert candidate(1) == 1\nAssertionError\n",
      "exit_code": 1,
      "status": "Exception"
    },
    {
      "program": "def f(arg1: int) -> int:\n    \"\"\"sum_to_n is a function that sums numbers from 1 to n.\n    >>> f(30)\n    465\n    >>> f(100)\n    5050\n    >>> f(5)\n    15\n    >>> f(10)\n    55\n    >>> f(1)\n    1\n    \"\"\"\n    return arg1 + arg1\n\n\ndef check(candidate):\n    assert candidate(1) == 1\n    assert candidate(6) == 21\n    assert candidate(11) == 66\n    assert candidate(30) == 465\n    assert candidate(100) == 5050\n\ndef test_check():\n    check(f)\n\ntest_check()\n",
      "timestamp": 1674255481,
      "stdout": "",
      "stderr": "Traceback (most recent call last):\n  File \"/tmp/tmpz343riai.py\", line 27, in <module>\n    test_check()\n  File \"/tmp/tmpz343riai.py\", line 25, in test_check\n    check(f)\n  File \"/tmp/tmpz343riai.py\", line 18, in check\n    assert candidate(1) == 1\nAssertionError\n",
      "exit_code": 1,
      "status": "Exception"
    },
    {
      "program": "def f(arg1: int) -> int:\n    \"\"\"sum_to_n is a function that sums numbers from 1 to n.\n    >>> f(30)\n    465\n    >>> f(100)\n    5050\n    >>> f(5)\n    15\n    >>> f(10)\n    55\n    >>> f(1)\n    1\n    \"\"\"\n    return arg1 + arg1\n\n\ndef check(candidate):\n    assert candidate(1) == 1\n    assert candidate(6) == 21\n    assert candidate(11) == 66\n    assert candidate(30) == 465\n    assert candidate(100) == 5050\n\ndef test_check():\n    check(f)\n\ntest_check()\n",
      "timestamp": 1674255481,
      "stdout": "",
      "stderr": "Traceback (most recent call last):\n  File \"/tmp/tmpz343riai.py\", line 27, in <module>\n    test_check()\n  File \"/tmp/tmpz343riai.py\", line 25, in test_check\n    check(f)\n  File \"/tmp/tmpz343riai.py\", line 18, in check\n    assert candidate(1) == 1\nAssertionError\n",
      "exit_code": 1,
      "status": "Exception"
    },
    {
      "program": "def f(arg1: int) -> int:\n    \"\"\"sum_to_n is a function that sums numbers from 1 to n.\n    >>> f(30)\n    465\n    >>> f(100)\n    5050\n    >>> f(5)\n    15\n    >>> f(10)\n    55\n    >>> f(1)\n    1\n    \"\"\"\n    return arg1 + arg1\n\n\ndef check(candidate):\n    assert candidate(1) == 1\n    assert candidate(6) == 21\n    assert candidate(11) == 66\n    assert candidate(30) == 465\n    assert candidate(100) == 5050\n\ndef test_check():\n    check(f)\n\ntest_check()\n",
      "timestamp": 1674255481,
      "stdout": "",
      "stderr": "Traceback (most recent call last):\n  File \"/tmp/tmpz343riai.py\", line 27, in <module>\n    test_check()\n  File \"/tmp/tmpz343riai.py\", line 25, in test_check\n    check(f)\n  File \"/tmp/tmpz343riai.py\", line 18, in check\n    assert candidate(1) == 1\nAssertionError\n",
      "exit_code": 1,
      "status": "Exception"
    },
    {
      "program": "def f(arg1: int) -> int:\n    \"\"\"sum_to_n is a function that sums numbers from 1 to n.\n    >>> f(30)\n    465\n    >>> f(100)\n    5050\n    >>> f(5)\n    15\n    >>> f(10)\n    55\n    >>> f(1)\n    1\n    \"\"\"\n    return arg1 + arg1\n\n\ndef check(candidate):\n    assert candidate(1) == 1\n    assert candidate(6) == 21\n    assert candidate(11) == 66\n    assert candidate(30) == 465\n    assert candidate(100) == 5050\n\ndef test_check():\n    check(f)\n\ntest_check()\n",
      "timestamp": 1674255481,
      "stdout": "",
      "stderr": "Traceback (most recent call last):\n  File \"/tmp/tmpz343riai.py\", line 27, in <module>\n    test_check()\n  File \"/tmp/tmpz343riai.py\", line 25, in test_check\n    check(f)\n  File \"/tmp/tmpz343riai.py\", line 18, in check\n    assert candidate(1) == 1\nAssertionError\n",
      "exit_code": 1,
      "status": "Exception"
    },
    {
      "program": "def f(arg1: int) -> int:\n    \"\"\"sum_to_n is a function that sums numbers from 1 to n.\n    >>> f(30)\n    465\n    >>> f(100)\n    5050\n    >>> f(5)\n    15\n    >>> f(10)\n    55\n    >>> f(1)\n    1\n    \"\"\"\n    return arg1 + arg1\n\n\ndef check(candidate):\n    assert candidate(1) == 1\n    assert candidate(6) == 21\n    assert candidate(11) == 66\n    assert candidate(30) == 465\n    assert candidate(100) == 5050\n\ndef test_check():\n    check(f)\n\ntest_check()\n",
      "timestamp": 1674255481,
      "stdout": "",
      "stderr": "Traceback (most recent call last):\n  File \"/tmp/tmpz343riai.py\", line 27, in <module>\n    test_check()\n  File \"/tmp/tmpz343riai.py\", line 25, in test_check\n    check(f)\n  File \"/tmp/tmpz343riai.py\", line 18, in check\n    assert candidate(1) == 1\nAssertionError\n",
      "exit_code": 1,
      "status": "Exception"
    },
    {
      "program": "def f(arg1: int) -> int:\n    \"\"\"sum_to_n is a function that sums numbers from 1 to n.\n    >>> f(30)\n    465\n    >>> f(100)\n    5050\n    >>> f(5)\n    15\n    >>> f(10)\n    55\n    >>> f(1)\n    1\n    \"\"\"\n    return arg1 + arg1\n\n\ndef check(candidate):\n    assert candidate(1) == 1\n    assert candidate(6) == 21\n    assert candidate(11) == 66\n    assert candidate(30) == 465\n    assert candidate(100) == 5050\n\ndef test_check():\n    check(f)\n\ntest_check()\n",
      "timestamp": 1674255481,
      "stdout": "",
      "stderr": "Traceback (most recent call last):\n  File \"/tmp/tmpz343riai.py\", line 27, in <module>\n    test_check()\n  File \"/tmp/tmpz343riai.py\", line 25, in test_check\n    check(f)\n  File \"/tmp/tmpz343riai.py\", line 18, in check\n    assert candidate(1) == 1\nAssertionError\n",
      "exit_code": 1,
      "status": "Exception"
    },
    {
      "program": "def f(arg1: int) -> int:\n    \"\"\"sum_to_n is a function that sums numbers from 1 to n.\n    >>> f(30)\n    465\n    >>> f(100)\n    5050\n    >>> f(5)\n    15\n    >>> f(10)\n    55\n    >>> f(1)\n    1\n    \"\"\"\n    return arg1 + 1\n\n\ndef check(candidate):\n    assert candidate(1) == 1\n    assert candidate(6) == 21\n    assert candidate(11) == 66\n    assert candidate(30) == 465\n    assert candidate(100) == 5050\n\ndef test_check():\n    check(f)\n\ntest_check()\n",
      "timestamp": 1674255481,
      "stdout": "",
      "stderr": "Traceback (most recent call last):\n  File \"/tmp/tmpsmlumq_d.py\", line 27, in <module>\n    test_check()\n  File \"/tmp/tmpsmlumq_d.py\", line 25, in test_check\n    check(f)\n  File \"/tmp/tmpsmlumq_d.py\", line 18, in check\n    assert candidate(1) == 1\nAssertionError\n",
      "exit_code": 1,
      "status": "Exception"
    },
    {
      "program": "def f(arg1: int) -> int:\n    \"\"\"sum_to_n is a function that sums numbers from 1 to n.\n    >>> f(30)\n    465\n    >>> f(100)\n    5050\n    >>> f(5)\n    15\n    >>> f(10)\n    55\n    >>> f(1)\n    1\n    \"\"\"\n    return arg1 + arg1\n\n\ndef check(candidate):\n    assert candidate(1) == 1\n    assert candidate(6) == 21\n    assert candidate(11) == 66\n    assert candidate(30) == 465\n    assert candidate(100) == 5050\n\ndef test_check():\n    check(f)\n\ntest_check()\n",
      "timestamp": 1674255481,
      "stdout": "",
      "stderr": "Traceback (most recent call last):\n  File \"/tmp/tmpz343riai.py\", line 27, in <module>\n    test_check()\n  File \"/tmp/tmpz343riai.py\", line 25, in test_check\n    check(f)\n  File \"/tmp/tmpz343riai.py\", line 18, in check\n    assert candidate(1) == 1\nAssertionError\n",
      "exit_code": 1,
      "status": "Exception"
    },
    {
      "program": "def f(arg1: int) -> int:\n    \"\"\"sum_to_n is a function that sums numbers from 1 to n.\n    >>> f(30)\n    465\n    >>> f(100)\n    5050\n    >>> f(5)\n    15\n    >>> f(10)\n    55\n    >>> f(1)\n    1\n    \"\"\"\n    return arg1 + arg1\n\n\ndef check(candidate):\n    assert candidate(1) == 1\n    assert candidate(6) == 21\n    assert candidate(11) == 66\n    assert candidate(30) == 465\n    assert candidate(100) == 5050\n\ndef test_check():\n    check(f)\n\ntest_check()\n",
      "timestamp": 1674255481,
      "stdout": "",
      "stderr": "Traceback (most recent call last):\n  File \"/tmp/tmpz343riai.py\", line 27, in <module>\n    test_check()\n  File \"/tmp/tmpz343riai.py\", line 25, in test_check\n    check(f)\n  File \"/tmp/tmpz343riai.py\", line 18, in check\n    assert candidate(1) == 1\nAssertionError\n",
      "exit_code": 1,
      "status": "Exception"
    },
    {
      "program": "def f(arg1: int) -> int:\n    \"\"\"sum_to_n is a function that sums numbers from 1 to n.\n    >>> f(30)\n    465\n    >>> f(100)\n    5050\n    >>> f(5)\n    15\n    >>> f(10)\n    55\n    >>> f(1)\n    1\n    \"\"\"\n    return arg1 + 1\n\n\ndef check(candidate):\n    assert candidate(1) == 1\n    assert candidate(6) == 21\n    assert candidate(11) == 66\n    assert candidate(30) == 465\n    assert candidate(100) == 5050\n\ndef test_check():\n    check(f)\n\ntest_check()\n",
      "timestamp": 1674255481,
      "stdout": "",
      "stderr": "Traceback (most recent call last):\n  File \"/tmp/tmpsmlumq_d.py\", line 27, in <module>\n    test_check()\n  File \"/tmp/tmpsmlumq_d.py\", line 25, in test_check\n    check(f)\n  File \"/tmp/tmpsmlumq_d.py\", line 18, in check\n    assert candidate(1) == 1\nAssertionError\n",
      "exit_code": 1,
      "status": "Exception"
    },
    {
      "program": "def f(arg1: int) -> int:\n    \"\"\"sum_to_n is a function that sums numbers from 1 to n.\n    >>> f(30)\n    465\n    >>> f(100)\n    5050\n    >>> f(5)\n    15\n    >>> f(10)\n    55\n    >>> f(1)\n    1\n    \"\"\"\n    return arg1 + arg1\n\n\ndef check(candidate):\n    assert candidate(1) == 1\n    assert candidate(6) == 21\n    assert candidate(11) == 66\n    assert candidate(30) == 465\n    assert candidate(100) == 5050\n\ndef test_check():\n    check(f)\n\ntest_check()\n",
      "timestamp": 1674255481,
      "stdout": "",
      "stderr": "Traceback (most recent call last):\n  File \"/tmp/tmpz343riai.py\", line 27, in <module>\n    test_check()\n  File \"/tmp/tmpz343riai.py\", line 25, in test_check\n    check(f)\n  File \"/tmp/tmpz343riai.py\", line 18, in check\n    assert candidate(1) == 1\nAssertionError\n",
      "exit_code": 1,
      "status": "Exception"
    },
    {
      "program": "def f(arg1: int) -> int:\n    \"\"\"sum_to_n is a function that sums numbers from 1 to n.\n    >>> f(30)\n    465\n    >>> f(100)\n    5050\n    >>> f(5)\n    15\n    >>> f(10)\n    55\n    >>> f(1)\n    1\n    \"\"\"\n    return arg1 + arg1\n\n\ndef check(candidate):\n    assert candidate(1) == 1\n    assert candidate(6) == 21\n    assert candidate(11) == 66\n    assert candidate(30) == 465\n    assert candidate(100) == 5050\n\ndef test_check():\n    check(f)\n\ntest_check()\n",
      "timestamp": 1674255481,
      "stdout": "",
      "stderr": "Traceback (most recent call last):\n  File \"/tmp/tmpz343riai.py\", line 27, in <module>\n    test_check()\n  File \"/tmp/tmpz343riai.py\", line 25, in test_check\n    check(f)\n  File \"/tmp/tmpz343riai.py\", line 18, in check\n    assert candidate(1) == 1\nAssertionError\n",
      "exit_code": 1,
      "status": "Exception"
    },
    {
      "program": "def f(arg1: int) -> int:\n    \"\"\"sum_to_n is a function that sums numbers from 1 to n.\n    >>> f(30)\n    465\n    >>> f(100)\n    5050\n    >>> f(5)\n    15\n    >>> f(10)\n    55\n    >>> f(1)\n    1\n    \"\"\"\n    return arg1 + arg1\n\n\ndef check(candidate):\n    assert candidate(1) == 1\n    assert candidate(6) == 21\n    assert candidate(11) == 66\n    assert candidate(30) == 465\n    assert candidate(100) == 5050\n\ndef test_check():\n    check(f)\n\ntest_check()\n",
      "timestamp": 1674255481,
      "stdout": "",
      "stderr": "Traceback (most recent call last):\n  File \"/tmp/tmpz343riai.py\", line 27, in <module>\n    test_check()\n  File \"/tmp/tmpz343riai.py\", line 25, in test_check\n    check(f)\n  File \"/tmp/tmpz343riai.py\", line 18, in check\n    assert candidate(1) == 1\nAssertionError\n",
      "exit_code": 1,
      "status": "Exception"
    },
    {
      "program": "def f(arg1: int) -> int:\n    \"\"\"sum_to_n is a function that sums numbers from 1 to n.\n    >>> f(30)\n    465\n    >>> f(100)\n    5050\n    >>> f(5)\n    15\n    >>> f(10)\n    55\n    >>> f(1)\n    1\n    \"\"\"\n    return arg1 + arg1\n\n\ndef check(candidate):\n    assert candidate(1) == 1\n    assert candidate(6) == 21\n    assert candidate(11) == 66\n    assert candidate(30) == 465\n    assert candidate(100) == 5050\n\ndef test_check():\n    check(f)\n\ntest_check()\n",
      "timestamp": 1674255481,
      "stdout": "",
      "stderr": "Traceback (most recent call last):\n  File \"/tmp/tmpz343riai.py\", line 27, in <module>\n    test_check()\n  File \"/tmp/tmpz343riai.py\", line 25, in test_check\n    check(f)\n  File \"/tmp/tmpz343riai.py\", line 18, in check\n    assert candidate(1) == 1\nAssertionError\n",
      "exit_code": 1,
      "status": "Exception"
    },
    {
      "program": "def f(arg1: int) -> int:\n    \"\"\"sum_to_n is a function that sums numbers from 1 to n.\n    >>> f(30)\n    465\n    >>> f(100)\n    5050\n    >>> f(5)\n    15\n    >>> f(10)\n    55\n    >>> f(1)\n    1\n    \"\"\"\n    return arg1 + arg1\n\n\ndef check(candidate):\n    assert candidate(1) == 1\n    assert candidate(6) == 21\n    assert candidate(11) == 66\n    assert candidate(30) == 465\n    assert candidate(100) == 5050\n\ndef test_check():\n    check(f)\n\ntest_check()\n",
      "timestamp": 1674255481,
      "stdout": "",
      "stderr": "Traceback (most recent call last):\n  File \"/tmp/tmpz343riai.py\", line 27, in <module>\n    test_check()\n  File \"/tmp/tmpz343riai.py\", line 25, in test_check\n    check(f)\n  File \"/tmp/tmpz343riai.py\", line 18, in check\n    assert candidate(1) == 1\nAssertionError\n",
      "exit_code": 1,
      "status": "Exception"
    },
    {
      "program": "def f(arg1: int) -> int:\n    \"\"\"sum_to_n is a function that sums numbers from 1 to n.\n    >>> f(30)\n    465\n    >>> f(100)\n    5050\n    >>> f(5)\n    15\n    >>> f(10)\n    55\n    >>> f(1)\n    1\n    \"\"\"\n    return arg1 + arg1\n\n\ndef check(candidate):\n    assert candidate(1) == 1\n    assert candidate(6) == 21\n    assert candidate(11) == 66\n    assert candidate(30) == 465\n    assert candidate(100) == 5050\n\ndef test_check():\n    check(f)\n\ntest_check()\n",
      "timestamp": 1674255481,
      "stdout": "",
      "stderr": "Traceback (most recent call last):\n  File \"/tmp/tmpz343riai.py\", line 27, in <module>\n    test_check()\n  File \"/tmp/tmpz343riai.py\", line 25, in test_check\n    check(f)\n  File \"/tmp/tmpz343riai.py\", line 18, in check\n    assert candidate(1) == 1\nAssertionError\n",
      "exit_code": 1,
      "status": "Exception"
    },
    {
      "program": "def f(arg1: int) -> int:\n    \"\"\"sum_to_n is a function that sums numbers from 1 to n.\n    >>> f(30)\n    465\n    >>> f(100)\n    5050\n    >>> f(5)\n    15\n    >>> f(10)\n    55\n    >>> f(1)\n    1\n    \"\"\"\n    return arg1 + arg1\n\n\ndef check(candidate):\n    assert candidate(1) == 1\n    assert candidate(6) == 21\n    assert candidate(11) == 66\n    assert candidate(30) == 465\n    assert candidate(100) == 5050\n\ndef test_check():\n    check(f)\n\ntest_check()\n",
      "timestamp": 1674255481,
      "stdout": "",
      "stderr": "Traceback (most recent call last):\n  File \"/tmp/tmpz343riai.py\", line 27, in <module>\n    test_check()\n  File \"/tmp/tmpz343riai.py\", line 25, in test_check\n    check(f)\n  File \"/tmp/tmpz343riai.py\", line 18, in check\n    assert candidate(1) == 1\nAssertionError\n",
      "exit_code": 1,
      "status": "Exception"
    },
    {
      "program": "def f(arg1: int) -> int:\n    \"\"\"sum_to_n is a function that sums numbers from 1 to n.\n    >>> f(30)\n    465\n    >>> f(100)\n    5050\n    >>> f(5)\n    15\n    >>> f(10)\n    55\n    >>> f(1)\n    1\n    \"\"\"\n    return arg1 + arg1\n\n\ndef check(candidate):\n    assert candidate(1) == 1\n    assert candidate(6) == 21\n    assert candidate(11) == 66\n    assert candidate(30) == 465\n    assert candidate(100) == 5050\n\ndef test_check():\n    check(f)\n\ntest_check()\n",
      "timestamp": 1674255481,
      "stdout": "",
      "stderr": "Traceback (most recent call last):\n  File \"/tmp/tmpz343riai.py\", line 27, in <module>\n    test_check()\n  File \"/tmp/tmpz343riai.py\", line 25, in test_check\n    check(f)\n  File \"/tmp/tmpz343riai.py\", line 18, in check\n    assert candidate(1) == 1\nAssertionError\n",
      "exit_code": 1,
      "status": "Exception"
    },
    {
      "program": "def f(arg1: int) -> int:\n    \"\"\"sum_to_n is a function that sums numbers from 1 to n.\n    >>> f(30)\n    465\n    >>> f(100)\n    5050\n    >>> f(5)\n    15\n    >>> f(10)\n    55\n    >>> f(1)\n    1\n    \"\"\"\n    return arg1 + arg1\n\ndef check(candidate):\n    assert candidate(1) == 1\n    assert candidate(6) == 21\n    assert candidate(11) == 66\n    assert candidate(30) == 465\n    assert candidate(100) == 5050\n\ndef test_check():\n    check(f)\n\ntest_check()\n",
      "timestamp": 1674255481,
      "stdout": "",
      "stderr": "Traceback (most recent call last):\n  File \"/tmp/tmpqi7p269_.py\", line 26, in <module>\n    test_check()\n  File \"/tmp/tmpqi7p269_.py\", line 24, in test_check\n    check(f)\n  File \"/tmp/tmpqi7p269_.py\", line 17, in check\n    assert candidate(1) == 1\nAssertionError\n",
      "exit_code": 1,
      "status": "Exception"
    },
    {
      "program": "def f(arg1: int) -> int:\n    \"\"\"sum_to_n is a function that sums numbers from 1 to n.\n    >>> f(30)\n    465\n    >>> f(100)\n    5050\n    >>> f(5)\n    15\n    >>> f(10)\n    55\n    >>> f(1)\n    1\n    \"\"\"\n    return arg1 + arg1\n\n\ndef check(candidate):\n    assert candidate(1) == 1\n    assert candidate(6) == 21\n    assert candidate(11) == 66\n    assert candidate(30) == 465\n    assert candidate(100) == 5050\n\ndef test_check():\n    check(f)\n\ntest_check()\n",
      "timestamp": 1674255481,
      "stdout": "",
      "stderr": "Traceback (most recent call last):\n  File \"/tmp/tmpz343riai.py\", line 27, in <module>\n    test_check()\n  File \"/tmp/tmpz343riai.py\", line 25, in test_check\n    check(f)\n  File \"/tmp/tmpz343riai.py\", line 18, in check\n    assert candidate(1) == 1\nAssertionError\n",
      "exit_code": 1,
      "status": "Exception"
    },
    {
      "program": "def f(arg1: int) -> int:\n    \"\"\"sum_to_n is a function that sums numbers from 1 to n.\n    >>> f(30)\n    465\n    >>> f(100)\n    5050\n    >>> f(5)\n    15\n    >>> f(10)\n    55\n    >>> f(1)\n    1\n    \"\"\"\n    return arg1 + arg1\n\n\ndef check(candidate):\n    assert candidate(1) == 1\n    assert candidate(6) == 21\n    assert candidate(11) == 66\n    assert candidate(30) == 465\n    assert candidate(100) == 5050\n\ndef test_check():\n    check(f)\n\ntest_check()\n",
      "timestamp": 1674255481,
      "stdout": "",
      "stderr": "Traceback (most recent call last):\n  File \"/tmp/tmpz343riai.py\", line 27, in <module>\n    test_check()\n  File \"/tmp/tmpz343riai.py\", line 25, in test_check\n    check(f)\n  File \"/tmp/tmpz343riai.py\", line 18, in check\n    assert candidate(1) == 1\nAssertionError\n",
      "exit_code": 1,
      "status": "Exception"
    },
    {
      "program": "def f(arg1: int) -> int:\n    \"\"\"sum_to_n is a function that sums numbers from 1 to n.\n    >>> f(30)\n    465\n    >>> f(100)\n    5050\n    >>> f(5)\n    15\n    >>> f(10)\n    55\n    >>> f(1)\n    1\n    \"\"\"\n    return arg1 + arg1\n\n\ndef check(candidate):\n    assert candidate(1) == 1\n    assert candidate(6) == 21\n    assert candidate(11) == 66\n    assert candidate(30) == 465\n    assert candidate(100) == 5050\n\ndef test_check():\n    check(f)\n\ntest_check()\n",
      "timestamp": 1674255481,
      "stdout": "",
      "stderr": "Traceback (most recent call last):\n  File \"/tmp/tmpz343riai.py\", line 27, in <module>\n    test_check()\n  File \"/tmp/tmpz343riai.py\", line 25, in test_check\n    check(f)\n  File \"/tmp/tmpz343riai.py\", line 18, in check\n    assert candidate(1) == 1\nAssertionError\n",
      "exit_code": 1,
      "status": "Exception"
    },
    {
      "program": "def f(arg1: int) -> int:\n    \"\"\"sum_to_n is a function that sums numbers from 1 to n.\n    >>> f(30)\n    465\n    >>> f(100)\n    5050\n    >>> f(5)\n    15\n    >>> f(10)\n    55\n    >>> f(1)\n    1\n    \"\"\"\n    return arg1 + arg1\n\n\ndef check(candidate):\n    assert candidate(1) == 1\n    assert candidate(6) == 21\n    assert candidate(11) == 66\n    assert candidate(30) == 465\n    assert candidate(100) == 5050\n\ndef test_check():\n    check(f)\n\ntest_check()\n",
      "timestamp": 1674255481,
      "stdout": "",
      "stderr": "Traceback (most recent call last):\n  File \"/tmp/tmpz343riai.py\", line 27, in <module>\n    test_check()\n  File \"/tmp/tmpz343riai.py\", line 25, in test_check\n    check(f)\n  File \"/tmp/tmpz343riai.py\", line 18, in check\n    assert candidate(1) == 1\nAssertionError\n",
      "exit_code": 1,
      "status": "Exception"
    },
    {
      "program": "def f(arg1: int) -> int:\n    \"\"\"sum_to_n is a function that sums numbers from 1 to n.\n    >>> f(30)\n    465\n    >>> f(100)\n    5050\n    >>> f(5)\n    15\n    >>> f(10)\n    55\n    >>> f(1)\n    1\n    \"\"\"\n    return arg1 + arg1\n\ndef check(candidate):\n    assert candidate(1) == 1\n    assert candidate(6) == 21\n    assert candidate(11) == 66\n    assert candidate(30) == 465\n    assert candidate(100) == 5050\n\ndef test_check():\n    check(f)\n\ntest_check()\n",
      "timestamp": 1674255481,
      "stdout": "",
      "stderr": "Traceback (most recent call last):\n  File \"/tmp/tmpqi7p269_.py\", line 26, in <module>\n    test_check()\n  File \"/tmp/tmpqi7p269_.py\", line 24, in test_check\n    check(f)\n  File \"/tmp/tmpqi7p269_.py\", line 17, in check\n    assert candidate(1) == 1\nAssertionError\n",
      "exit_code": 1,
      "status": "Exception"
    },
    {
      "program": "def f(arg1: int) -> int:\n    \"\"\"sum_to_n is a function that sums numbers from 1 to n.\n    >>> f(30)\n    465\n    >>> f(100)\n    5050\n    >>> f(5)\n    15\n    >>> f(10)\n    55\n    >>> f(1)\n    1\n    \"\"\"\n    return arg1 + arg1\n\n\ndef check(candidate):\n    assert candidate(1) == 1\n    assert candidate(6) == 21\n    assert candidate(11) == 66\n    assert candidate(30) == 465\n    assert candidate(100) == 5050\n\ndef test_check():\n    check(f)\n\ntest_check()\n",
      "timestamp": 1674255481,
      "stdout": "",
      "stderr": "Traceback (most recent call last):\n  File \"/tmp/tmpz343riai.py\", line 27, in <module>\n    test_check()\n  File \"/tmp/tmpz343riai.py\", line 25, in test_check\n    check(f)\n  File \"/tmp/tmpz343riai.py\", line 18, in check\n    assert candidate(1) == 1\nAssertionError\n",
      "exit_code": 1,
      "status": "Exception"
    },
    {
      "program": "def f(arg1: int) -> int:\n    \"\"\"sum_to_n is a function that sums numbers from 1 to n.\n    >>> f(30)\n    465\n    >>> f(100)\n    5050\n    >>> f(5)\n    15\n    >>> f(10)\n    55\n    >>> f(1)\n    1\n    \"\"\"\n    return arg1 + arg1\n\n\ndef check(candidate):\n    assert candidate(1) == 1\n    assert candidate(6) == 21\n    assert candidate(11) == 66\n    assert candidate(30) == 465\n    assert candidate(100) == 5050\n\ndef test_check():\n    check(f)\n\ntest_check()\n",
      "timestamp": 1674255481,
      "stdout": "",
      "stderr": "Traceback (most recent call last):\n  File \"/tmp/tmpz343riai.py\", line 27, in <module>\n    test_check()\n  File \"/tmp/tmpz343riai.py\", line 25, in test_check\n    check(f)\n  File \"/tmp/tmpz343riai.py\", line 18, in check\n    assert candidate(1) == 1\nAssertionError\n",
      "exit_code": 1,
      "status": "Exception"
    },
    {
      "program": "def f(arg1: int) -> int:\n    \"\"\"sum_to_n is a function that sums numbers from 1 to n.\n    >>> f(30)\n    465\n    >>> f(100)\n    5050\n    >>> f(5)\n    15\n    >>> f(10)\n    55\n    >>> f(1)\n    1\n    \"\"\"\n    return arg1 + arg1\n\n\ndef check(candidate):\n    assert candidate(1) == 1\n    assert candidate(6) == 21\n    assert candidate(11) == 66\n    assert candidate(30) == 465\n    assert candidate(100) == 5050\n\ndef test_check():\n    check(f)\n\ntest_check()\n",
      "timestamp": 1674255481,
      "stdout": "",
      "stderr": "Traceback (most recent call last):\n  File \"/tmp/tmpz343riai.py\", line 27, in <module>\n    test_check()\n  File \"/tmp/tmpz343riai.py\", line 25, in test_check\n    check(f)\n  File \"/tmp/tmpz343riai.py\", line 18, in check\n    assert candidate(1) == 1\nAssertionError\n",
      "exit_code": 1,
      "status": "Exception"
    },
    {
      "program": "def f(arg1: int) -> int:\n    \"\"\"sum_to_n is a function that sums numbers from 1 to n.\n    >>> f(30)\n    465\n    >>> f(100)\n    5050\n    >>> f(5)\n    15\n    >>> f(10)\n    55\n    >>> f(1)\n    1\n    \"\"\"\n    return arg1 + arg1\n\n\ndef check(candidate):\n    assert candidate(1) == 1\n    assert candidate(6) == 21\n    assert candidate(11) == 66\n    assert candidate(30) == 465\n    assert candidate(100) == 5050\n\ndef test_check():\n    check(f)\n\ntest_check()\n",
      "timestamp": 1674255481,
      "stdout": "",
      "stderr": "Traceback (most recent call last):\n  File \"/tmp/tmpz343riai.py\", line 27, in <module>\n    test_check()\n  File \"/tmp/tmpz343riai.py\", line 25, in test_check\n    check(f)\n  File \"/tmp/tmpz343riai.py\", line 18, in check\n    assert candidate(1) == 1\nAssertionError\n",
      "exit_code": 1,
      "status": "Exception"
    },
    {
      "program": "def f(arg1: int) -> int:\n    \"\"\"sum_to_n is a function that sums numbers from 1 to n.\n    >>> f(30)\n    465\n    >>> f(100)\n    5050\n    >>> f(5)\n    15\n    >>> f(10)\n    55\n    >>> f(1)\n    1\n    \"\"\"\n    return arg1 + arg1\n\n\ndef check(candidate):\n    assert candidate(1) == 1\n    assert candidate(6) == 21\n    assert candidate(11) == 66\n    assert candidate(30) == 465\n    assert candidate(100) == 5050\n\ndef test_check():\n    check(f)\n\ntest_check()\n",
      "timestamp": 1674255481,
      "stdout": "",
      "stderr": "Traceback (most recent call last):\n  File \"/tmp/tmpz343riai.py\", line 27, in <module>\n    test_check()\n  File \"/tmp/tmpz343riai.py\", line 25, in test_check\n    check(f)\n  File \"/tmp/tmpz343riai.py\", line 18, in check\n    assert candidate(1) == 1\nAssertionError\n",
      "exit_code": 1,
      "status": "Exception"
    },
    {
      "program": "def f(arg1: int) -> int:\n    \"\"\"sum_to_n is a function that sums numbers from 1 to n.\n    >>> f(30)\n    465\n    >>> f(100)\n    5050\n    >>> f(5)\n    15\n    >>> f(10)\n    55\n    >>> f(1)\n    1\n    \"\"\"\n    return arg1 + arg1\n\n\ndef check(candidate):\n    assert candidate(1) == 1\n    assert candidate(6) == 21\n    assert candidate(11) == 66\n    assert candidate(30) == 465\n    assert candidate(100) == 5050\n\ndef test_check():\n    check(f)\n\ntest_check()\n",
      "timestamp": 1674255481,
      "stdout": "",
      "stderr": "Traceback (most recent call last):\n  File \"/tmp/tmpz343riai.py\", line 27, in <module>\n    test_check()\n  File \"/tmp/tmpz343riai.py\", line 25, in test_check\n    check(f)\n  File \"/tmp/tmpz343riai.py\", line 18, in check\n    assert candidate(1) == 1\nAssertionError\n",
      "exit_code": 1,
      "status": "Exception"
    },
    {
      "program": "def f(arg1: int) -> int:\n    \"\"\"sum_to_n is a function that sums numbers from 1 to n.\n    >>> f(30)\n    465\n    >>> f(100)\n    5050\n    >>> f(5)\n    15\n    >>> f(10)\n    55\n    >>> f(1)\n    1\n    \"\"\"\n    return arg1 + arg1\n\n\ndef check(candidate):\n    assert candidate(1) == 1\n    assert candidate(6) == 21\n    assert candidate(11) == 66\n    assert candidate(30) == 465\n    assert candidate(100) == 5050\n\ndef test_check():\n    check(f)\n\ntest_check()\n",
      "timestamp": 1674255481,
      "stdout": "",
      "stderr": "Traceback (most recent call last):\n  File \"/tmp/tmpz343riai.py\", line 27, in <module>\n    test_check()\n  File \"/tmp/tmpz343riai.py\", line 25, in test_check\n    check(f)\n  File \"/tmp/tmpz343riai.py\", line 18, in check\n    assert candidate(1) == 1\nAssertionError\n",
      "exit_code": 1,
      "status": "Exception"
    },
    {
      "program": "def f(arg1: int) -> int:\n    \"\"\"sum_to_n is a function that sums numbers from 1 to n.\n    >>> f(30)\n    465\n    >>> f(100)\n    5050\n    >>> f(5)\n    15\n    >>> f(10)\n    55\n    >>> f(1)\n    1\n    \"\"\"\n    return arg1 + arg1\n\n\ndef check(candidate):\n    assert candidate(1) == 1\n    assert candidate(6) == 21\n    assert candidate(11) == 66\n    assert candidate(30) == 465\n    assert candidate(100) == 5050\n\ndef test_check():\n    check(f)\n\ntest_check()\n",
      "timestamp": 1674255481,
      "stdout": "",
      "stderr": "Traceback (most recent call last):\n  File \"/tmp/tmpz343riai.py\", line 27, in <module>\n    test_check()\n  File \"/tmp/tmpz343riai.py\", line 25, in test_check\n    check(f)\n  File \"/tmp/tmpz343riai.py\", line 18, in check\n    assert candidate(1) == 1\nAssertionError\n",
      "exit_code": 1,
      "status": "Exception"
    },
    {
      "program": "def f(arg1: int) -> int:\n    \"\"\"sum_to_n is a function that sums numbers from 1 to n.\n    >>> f(30)\n    465\n    >>> f(100)\n    5050\n    >>> f(5)\n    15\n    >>> f(10)\n    55\n    >>> f(1)\n    1\n    \"\"\"\n    return arg1 + arg1\n\n\ndef check(candidate):\n    assert candidate(1) == 1\n    assert candidate(6) == 21\n    assert candidate(11) == 66\n    assert candidate(30) == 465\n    assert candidate(100) == 5050\n\ndef test_check():\n    check(f)\n\ntest_check()\n",
      "timestamp": 1674255481,
      "stdout": "",
      "stderr": "Traceback (most recent call last):\n  File \"/tmp/tmpz343riai.py\", line 27, in <module>\n    test_check()\n  File \"/tmp/tmpz343riai.py\", line 25, in test_check\n    check(f)\n  File \"/tmp/tmpz343riai.py\", line 18, in check\n    assert candidate(1) == 1\nAssertionError\n",
      "exit_code": 1,
      "status": "Exception"
    },
    {
      "program": "def f(arg1: int) -> int:\n    \"\"\"sum_to_n is a function that sums numbers from 1 to n.\n    >>> f(30)\n    465\n    >>> f(100)\n    5050\n    >>> f(5)\n    15\n    >>> f(10)\n    55\n    >>> f(1)\n    1\n    \"\"\"\n    return arg1 + arg1\n\ndef check(candidate):\n    assert candidate(1) == 1\n    assert candidate(6) == 21\n    assert candidate(11) == 66\n    assert candidate(30) == 465\n    assert candidate(100) == 5050\n\ndef test_check():\n    check(f)\n\ntest_check()\n",
      "timestamp": 1674255481,
      "stdout": "",
      "stderr": "Traceback (most recent call last):\n  File \"/tmp/tmpqi7p269_.py\", line 26, in <module>\n    test_check()\n  File \"/tmp/tmpqi7p269_.py\", line 24, in test_check\n    check(f)\n  File \"/tmp/tmpqi7p269_.py\", line 17, in check\n    assert candidate(1) == 1\nAssertionError\n",
      "exit_code": 1,
      "status": "Exception"
    },
    {
      "program": "def f(arg1: int) -> int:\n    \"\"\"sum_to_n is a function that sums numbers from 1 to n.\n    >>> f(30)\n    465\n    >>> f(100)\n    5050\n    >>> f(5)\n    15\n    >>> f(10)\n    55\n    >>> f(1)\n    1\n    \"\"\"\n    return arg1 + arg1\n\n\ndef check(candidate):\n    assert candidate(1) == 1\n    assert candidate(6) == 21\n    assert candidate(11) == 66\n    assert candidate(30) == 465\n    assert candidate(100) == 5050\n\ndef test_check():\n    check(f)\n\ntest_check()\n",
      "timestamp": 1674255481,
      "stdout": "",
      "stderr": "Traceback (most recent call last):\n  File \"/tmp/tmpz343riai.py\", line 27, in <module>\n    test_check()\n  File \"/tmp/tmpz343riai.py\", line 25, in test_check\n    check(f)\n  File \"/tmp/tmpz343riai.py\", line 18, in check\n    assert candidate(1) == 1\nAssertionError\n",
      "exit_code": 1,
      "status": "Exception"
    },
    {
      "program": "def f(arg1: int) -> int:\n    \"\"\"sum_to_n is a function that sums numbers from 1 to n.\n    >>> f(30)\n    465\n    >>> f(100)\n    5050\n    >>> f(5)\n    15\n    >>> f(10)\n    55\n    >>> f(1)\n    1\n    \"\"\"\n    return arg1 + arg1\n\ndef check(candidate):\n    assert candidate(1) == 1\n    assert candidate(6) == 21\n    assert candidate(11) == 66\n    assert candidate(30) == 465\n    assert candidate(100) == 5050\n\ndef test_check():\n    check(f)\n\ntest_check()\n",
      "timestamp": 1674255481,
      "stdout": "",
      "stderr": "Traceback (most recent call last):\n  File \"/tmp/tmpqi7p269_.py\", line 26, in <module>\n    test_check()\n  File \"/tmp/tmpqi7p269_.py\", line 24, in test_check\n    check(f)\n  File \"/tmp/tmpqi7p269_.py\", line 17, in check\n    assert candidate(1) == 1\nAssertionError\n",
      "exit_code": 1,
      "status": "Exception"
    },
    {
      "program": "def f(arg1: int) -> int:\n    \"\"\"sum_to_n is a function that sums numbers from 1 to n.\n    >>> f(30)\n    465\n    >>> f(100)\n    5050\n    >>> f(5)\n    15\n    >>> f(10)\n    55\n    >>> f(1)\n    1\n    \"\"\"\n    return arg1 + arg1\n\n\ndef check(candidate):\n    assert candidate(1) == 1\n    assert candidate(6) == 21\n    assert candidate(11) == 66\n    assert candidate(30) == 465\n    assert candidate(100) == 5050\n\ndef test_check():\n    check(f)\n\ntest_check()\n",
      "timestamp": 1674255481,
      "stdout": "",
      "stderr": "Traceback (most recent call last):\n  File \"/tmp/tmpz343riai.py\", line 27, in <module>\n    test_check()\n  File \"/tmp/tmpz343riai.py\", line 25, in test_check\n    check(f)\n  File \"/tmp/tmpz343riai.py\", line 18, in check\n    assert candidate(1) == 1\nAssertionError\n",
      "exit_code": 1,
      "status": "Exception"
    },
    {
      "program": "def f(arg1: int) -> int:\n    \"\"\"sum_to_n is a function that sums numbers from 1 to n.\n    >>> f(30)\n    465\n    >>> f(100)\n    5050\n    >>> f(5)\n    15\n    >>> f(10)\n    55\n    >>> f(1)\n    1\n    \"\"\"\n    return arg1 + arg1\n\n\ndef check(candidate):\n    assert candidate(1) == 1\n    assert candidate(6) == 21\n    assert candidate(11) == 66\n    assert candidate(30) == 465\n    assert candidate(100) == 5050\n\ndef test_check():\n    check(f)\n\ntest_check()\n",
      "timestamp": 1674255481,
      "stdout": "",
      "stderr": "Traceback (most recent call last):\n  File \"/tmp/tmpz343riai.py\", line 27, in <module>\n    test_check()\n  File \"/tmp/tmpz343riai.py\", line 25, in test_check\n    check(f)\n  File \"/tmp/tmpz343riai.py\", line 18, in check\n    assert candidate(1) == 1\nAssertionError\n",
      "exit_code": 1,
      "status": "Exception"
    },
    {
      "program": "def f(arg1: int) -> int:\n    \"\"\"sum_to_n is a function that sums numbers from 1 to n.\n    >>> f(30)\n    465\n    >>> f(100)\n    5050\n    >>> f(5)\n    15\n    >>> f(10)\n    55\n    >>> f(1)\n    1\n    \"\"\"\n    return arg1 + arg1\n\n\ndef check(candidate):\n    assert candidate(1) == 1\n    assert candidate(6) == 21\n    assert candidate(11) == 66\n    assert candidate(30) == 465\n    assert candidate(100) == 5050\n\ndef test_check():\n    check(f)\n\ntest_check()\n",
      "timestamp": 1674255481,
      "stdout": "",
      "stderr": "Traceback (most recent call last):\n  File \"/tmp/tmpz343riai.py\", line 27, in <module>\n    test_check()\n  File \"/tmp/tmpz343riai.py\", line 25, in test_check\n    check(f)\n  File \"/tmp/tmpz343riai.py\", line 18, in check\n    assert candidate(1) == 1\nAssertionError\n",
      "exit_code": 1,
      "status": "Exception"
    },
    {
      "program": "def f(arg1: int) -> int:\n    \"\"\"sum_to_n is a function that sums numbers from 1 to n.\n    >>> f(30)\n    465\n    >>> f(100)\n    5050\n    >>> f(5)\n    15\n    >>> f(10)\n    55\n    >>> f(1)\n    1\n    \"\"\"\n    return arg1 + arg1\n\n\ndef check(candidate):\n    assert candidate(1) == 1\n    assert candidate(6) == 21\n    assert candidate(11) == 66\n    assert candidate(30) == 465\n    assert candidate(100) == 5050\n\ndef test_check():\n    check(f)\n\ntest_check()\n",
      "timestamp": 1674255481,
      "stdout": "",
      "stderr": "Traceback (most recent call last):\n  File \"/tmp/tmpz343riai.py\", line 27, in <module>\n    test_check()\n  File \"/tmp/tmpz343riai.py\", line 25, in test_check\n    check(f)\n  File \"/tmp/tmpz343riai.py\", line 18, in check\n    assert candidate(1) == 1\nAssertionError\n",
      "exit_code": 1,
      "status": "Exception"
    },
    {
      "program": "def f(arg1: int) -> int:\n    \"\"\"sum_to_n is a function that sums numbers from 1 to n.\n    >>> f(30)\n    465\n    >>> f(100)\n    5050\n    >>> f(5)\n    15\n    >>> f(10)\n    55\n    >>> f(1)\n    1\n    \"\"\"\n    return arg1 + arg1\n\ndef check(candidate):\n    assert candidate(1) == 1\n    assert candidate(6) == 21\n    assert candidate(11) == 66\n    assert candidate(30) == 465\n    assert candidate(100) == 5050\n\ndef test_check():\n    check(f)\n\ntest_check()\n",
      "timestamp": 1674255481,
      "stdout": "",
      "stderr": "Traceback (most recent call last):\n  File \"/tmp/tmpqi7p269_.py\", line 26, in <module>\n    test_check()\n  File \"/tmp/tmpqi7p269_.py\", line 24, in test_check\n    check(f)\n  File \"/tmp/tmpqi7p269_.py\", line 17, in check\n    assert candidate(1) == 1\nAssertionError\n",
      "exit_code": 1,
      "status": "Exception"
    },
    {
      "program": "def f(arg1: int) -> int:\n    \"\"\"sum_to_n is a function that sums numbers from 1 to n.\n    >>> f(30)\n    465\n    >>> f(100)\n    5050\n    >>> f(5)\n    15\n    >>> f(10)\n    55\n    >>> f(1)\n    1\n    \"\"\"\n    return arg1 + arg1\n\n\ndef check(candidate):\n    assert candidate(1) == 1\n    assert candidate(6) == 21\n    assert candidate(11) == 66\n    assert candidate(30) == 465\n    assert candidate(100) == 5050\n\ndef test_check():\n    check(f)\n\ntest_check()\n",
      "timestamp": 1674255481,
      "stdout": "",
      "stderr": "Traceback (most recent call last):\n  File \"/tmp/tmpz343riai.py\", line 27, in <module>\n    test_check()\n  File \"/tmp/tmpz343riai.py\", line 25, in test_check\n    check(f)\n  File \"/tmp/tmpz343riai.py\", line 18, in check\n    assert candidate(1) == 1\nAssertionError\n",
      "exit_code": 1,
      "status": "Exception"
    },
    {
      "program": "def f(arg1: int) -> int:\n    \"\"\"sum_to_n is a function that sums numbers from 1 to n.\n    >>> f(30)\n    465\n    >>> f(100)\n    5050\n    >>> f(5)\n    15\n    >>> f(10)\n    55\n    >>> f(1)\n    1\n    \"\"\"\n    return arg1 + arg1\n\n\ndef check(candidate):\n    assert candidate(1) == 1\n    assert candidate(6) == 21\n    assert candidate(11) == 66\n    assert candidate(30) == 465\n    assert candidate(100) == 5050\n\ndef test_check():\n    check(f)\n\ntest_check()\n",
      "timestamp": 1674255481,
      "stdout": "",
      "stderr": "Traceback (most recent call last):\n  File \"/tmp/tmpz343riai.py\", line 27, in <module>\n    test_check()\n  File \"/tmp/tmpz343riai.py\", line 25, in test_check\n    check(f)\n  File \"/tmp/tmpz343riai.py\", line 18, in check\n    assert candidate(1) == 1\nAssertionError\n",
      "exit_code": 1,
      "status": "Exception"
    },
    {
      "program": "def f(arg1: int) -> int:\n    \"\"\"sum_to_n is a function that sums numbers from 1 to n.\n    >>> f(30)\n    465\n    >>> f(100)\n    5050\n    >>> f(5)\n    15\n    >>> f(10)\n    55\n    >>> f(1)\n    1\n    \"\"\"\n    return arg1 + arg1\n\n\ndef check(candidate):\n    assert candidate(1) == 1\n    assert candidate(6) == 21\n    assert candidate(11) == 66\n    assert candidate(30) == 465\n    assert candidate(100) == 5050\n\ndef test_check():\n    check(f)\n\ntest_check()\n",
      "timestamp": 1674255481,
      "stdout": "",
      "stderr": "Traceback (most recent call last):\n  File \"/tmp/tmpz343riai.py\", line 27, in <module>\n    test_check()\n  File \"/tmp/tmpz343riai.py\", line 25, in test_check\n    check(f)\n  File \"/tmp/tmpz343riai.py\", line 18, in check\n    assert candidate(1) == 1\nAssertionError\n",
      "exit_code": 1,
      "status": "Exception"
    },
    {
      "program": "def f(arg1: int) -> int:\n    \"\"\"sum_to_n is a function that sums numbers from 1 to n.\n    >>> f(30)\n    465\n    >>> f(100)\n    5050\n    >>> f(5)\n    15\n    >>> f(10)\n    55\n    >>> f(1)\n    1\n    \"\"\"\n    return arg1 + arg1\n\n\ndef check(candidate):\n    assert candidate(1) == 1\n    assert candidate(6) == 21\n    assert candidate(11) == 66\n    assert candidate(30) == 465\n    assert candidate(100) == 5050\n\ndef test_check():\n    check(f)\n\ntest_check()\n",
      "timestamp": 1674255481,
      "stdout": "",
      "stderr": "Traceback (most recent call last):\n  File \"/tmp/tmpz343riai.py\", line 27, in <module>\n    test_check()\n  File \"/tmp/tmpz343riai.py\", line 25, in test_check\n    check(f)\n  File \"/tmp/tmpz343riai.py\", line 18, in check\n    assert candidate(1) == 1\nAssertionError\n",
      "exit_code": 1,
      "status": "Exception"
    },
    {
      "program": "def f(arg1: int) -> int:\n    \"\"\"sum_to_n is a function that sums numbers from 1 to n.\n    >>> f(30)\n    465\n    >>> f(100)\n    5050\n    >>> f(5)\n    15\n    >>> f(10)\n    55\n    >>> f(1)\n    1\n    \"\"\"\n    return arg1 + arg1\n\ndef check(candidate):\n    assert candidate(1) == 1\n    assert candidate(6) == 21\n    assert candidate(11) == 66\n    assert candidate(30) == 465\n    assert candidate(100) == 5050\n\ndef test_check():\n    check(f)\n\ntest_check()\n",
      "timestamp": 1674255481,
      "stdout": "",
      "stderr": "Traceback (most recent call last):\n  File \"/tmp/tmpqi7p269_.py\", line 26, in <module>\n    test_check()\n  File \"/tmp/tmpqi7p269_.py\", line 24, in test_check\n    check(f)\n  File \"/tmp/tmpqi7p269_.py\", line 17, in check\n    assert candidate(1) == 1\nAssertionError\n",
      "exit_code": 1,
      "status": "Exception"
    },
    {
      "program": "def f(arg1: int) -> int:\n    \"\"\"sum_to_n is a function that sums numbers from 1 to n.\n    >>> f(30)\n    465\n    >>> f(100)\n    5050\n    >>> f(5)\n    15\n    >>> f(10)\n    55\n    >>> f(1)\n    1\n    \"\"\"\n    return arg1 + arg1\n\n\ndef check(candidate):\n    assert candidate(1) == 1\n    assert candidate(6) == 21\n    assert candidate(11) == 66\n    assert candidate(30) == 465\n    assert candidate(100) == 5050\n\ndef test_check():\n    check(f)\n\ntest_check()\n",
      "timestamp": 1674255481,
      "stdout": "",
      "stderr": "Traceback (most recent call last):\n  File \"/tmp/tmpz343riai.py\", line 27, in <module>\n    test_check()\n  File \"/tmp/tmpz343riai.py\", line 25, in test_check\n    check(f)\n  File \"/tmp/tmpz343riai.py\", line 18, in check\n    assert candidate(1) == 1\nAssertionError\n",
      "exit_code": 1,
      "status": "Exception"
    },
    {
      "program": "def f(arg1: int) -> int:\n    \"\"\"sum_to_n is a function that sums numbers from 1 to n.\n    >>> f(30)\n    465\n    >>> f(100)\n    5050\n    >>> f(5)\n    15\n    >>> f(10)\n    55\n    >>> f(1)\n    1\n    \"\"\"\n    return arg1 + 1\n\ndef check(candidate):\n    assert candidate(1) == 1\n    assert candidate(6) == 21\n    assert candidate(11) == 66\n    assert candidate(30) == 465\n    assert candidate(100) == 5050\n\ndef test_check():\n    check(f)\n\ntest_check()\n",
      "timestamp": 1674255481,
      "stdout": "",
      "stderr": "Traceback (most recent call last):\n  File \"/tmp/tmpbcjzz_hx.py\", line 26, in <module>\n    test_check()\n  File \"/tmp/tmpbcjzz_hx.py\", line 24, in test_check\n    check(f)\n  File \"/tmp/tmpbcjzz_hx.py\", line 17, in check\n    assert candidate(1) == 1\nAssertionError\n",
      "exit_code": 1,
      "status": "Exception"
    },
    {
      "program": "def f(arg1: int) -> int:\n    \"\"\"sum_to_n is a function that sums numbers from 1 to n.\n    >>> f(30)\n    465\n    >>> f(100)\n    5050\n    >>> f(5)\n    15\n    >>> f(10)\n    55\n    >>> f(1)\n    1\n    \"\"\"\n    return arg1 + arg1\n\n\ndef check(candidate):\n    assert candidate(1) == 1\n    assert candidate(6) == 21\n    assert candidate(11) == 66\n    assert candidate(30) == 465\n    assert candidate(100) == 5050\n\ndef test_check():\n    check(f)\n\ntest_check()\n",
      "timestamp": 1674255481,
      "stdout": "",
      "stderr": "Traceback (most recent call last):\n  File \"/tmp/tmpz343riai.py\", line 27, in <module>\n    test_check()\n  File \"/tmp/tmpz343riai.py\", line 25, in test_check\n    check(f)\n  File \"/tmp/tmpz343riai.py\", line 18, in check\n    assert candidate(1) == 1\nAssertionError\n",
      "exit_code": 1,
      "status": "Exception"
    },
    {
      "program": "def f(arg1: int) -> int:\n    \"\"\"sum_to_n is a function that sums numbers from 1 to n.\n    >>> f(30)\n    465\n    >>> f(100)\n    5050\n    >>> f(5)\n    15\n    >>> f(10)\n    55\n    >>> f(1)\n    1\n    \"\"\"\n    return arg1 + arg1\n\ndef check(candidate):\n    assert candidate(1) == 1\n    assert candidate(6) == 21\n    assert candidate(11) == 66\n    assert candidate(30) == 465\n    assert candidate(100) == 5050\n\ndef test_check():\n    check(f)\n\ntest_check()\n",
      "timestamp": 1674255481,
      "stdout": "",
      "stderr": "Traceback (most recent call last):\n  File \"/tmp/tmpqi7p269_.py\", line 26, in <module>\n    test_check()\n  File \"/tmp/tmpqi7p269_.py\", line 24, in test_check\n    check(f)\n  File \"/tmp/tmpqi7p269_.py\", line 17, in check\n    assert candidate(1) == 1\nAssertionError\n",
      "exit_code": 1,
      "status": "Exception"
    },
    {
      "program": "def f(arg1: int) -> int:\n    \"\"\"sum_to_n is a function that sums numbers from 1 to n.\n    >>> f(30)\n    465\n    >>> f(100)\n    5050\n    >>> f(5)\n    15\n    >>> f(10)\n    55\n    >>> f(1)\n    1\n    \"\"\"\n    return arg1 + arg1\n\n\ndef check(candidate):\n    assert candidate(1) == 1\n    assert candidate(6) == 21\n    assert candidate(11) == 66\n    assert candidate(30) == 465\n    assert candidate(100) == 5050\n\ndef test_check():\n    check(f)\n\ntest_check()\n",
      "timestamp": 1674255481,
      "stdout": "",
      "stderr": "Traceback (most recent call last):\n  File \"/tmp/tmpz343riai.py\", line 27, in <module>\n    test_check()\n  File \"/tmp/tmpz343riai.py\", line 25, in test_check\n    check(f)\n  File \"/tmp/tmpz343riai.py\", line 18, in check\n    assert candidate(1) == 1\nAssertionError\n",
      "exit_code": 1,
      "status": "Exception"
    },
    {
      "program": "def f(arg1: int) -> int:\n    \"\"\"sum_to_n is a function that sums numbers from 1 to n.\n    >>> f(30)\n    465\n    >>> f(100)\n    5050\n    >>> f(5)\n    15\n    >>> f(10)\n    55\n    >>> f(1)\n    1\n    \"\"\"\n    return arg1 + arg1\n\ndef check(candidate):\n    assert candidate(1) == 1\n    assert candidate(6) == 21\n    assert candidate(11) == 66\n    assert candidate(30) == 465\n    assert candidate(100) == 5050\n\ndef test_check():\n    check(f)\n\ntest_check()\n",
      "timestamp": 1674255481,
      "stdout": "",
      "stderr": "Traceback (most recent call last):\n  File \"/tmp/tmpqi7p269_.py\", line 26, in <module>\n    test_check()\n  File \"/tmp/tmpqi7p269_.py\", line 24, in test_check\n    check(f)\n  File \"/tmp/tmpqi7p269_.py\", line 17, in check\n    assert candidate(1) == 1\nAssertionError\n",
      "exit_code": 1,
      "status": "Exception"
    },
    {
      "program": "def f(arg1: int) -> int:\n    \"\"\"sum_to_n is a function that sums numbers from 1 to n.\n    >>> f(30)\n    465\n    >>> f(100)\n    5050\n    >>> f(5)\n    15\n    >>> f(10)\n    55\n    >>> f(1)\n    1\n    \"\"\"\n    return arg1 + arg1\n\n\ndef check(candidate):\n    assert candidate(1) == 1\n    assert candidate(6) == 21\n    assert candidate(11) == 66\n    assert candidate(30) == 465\n    assert candidate(100) == 5050\n\ndef test_check():\n    check(f)\n\ntest_check()\n",
      "timestamp": 1674255481,
      "stdout": "",
      "stderr": "Traceback (most recent call last):\n  File \"/tmp/tmpz343riai.py\", line 27, in <module>\n    test_check()\n  File \"/tmp/tmpz343riai.py\", line 25, in test_check\n    check(f)\n  File \"/tmp/tmpz343riai.py\", line 18, in check\n    assert candidate(1) == 1\nAssertionError\n",
      "exit_code": 1,
      "status": "Exception"
    },
    {
      "program": "def f(arg1: int) -> int:\n    \"\"\"sum_to_n is a function that sums numbers from 1 to n.\n    >>> f(30)\n    465\n    >>> f(100)\n    5050\n    >>> f(5)\n    15\n    >>> f(10)\n    55\n    >>> f(1)\n    1\n    \"\"\"\n    return arg1 + arg1\n\ndef check(candidate):\n    assert candidate(1) == 1\n    assert candidate(6) == 21\n    assert candidate(11) == 66\n    assert candidate(30) == 465\n    assert candidate(100) == 5050\n\ndef test_check():\n    check(f)\n\ntest_check()\n",
      "timestamp": 1674255481,
      "stdout": "",
      "stderr": "Traceback (most recent call last):\n  File \"/tmp/tmpqi7p269_.py\", line 26, in <module>\n    test_check()\n  File \"/tmp/tmpqi7p269_.py\", line 24, in test_check\n    check(f)\n  File \"/tmp/tmpqi7p269_.py\", line 17, in check\n    assert candidate(1) == 1\nAssertionError\n",
      "exit_code": 1,
      "status": "Exception"
    },
    {
      "program": "def f(arg1: int) -> int:\n    \"\"\"sum_to_n is a function that sums numbers from 1 to n.\n    >>> f(30)\n    465\n    >>> f(100)\n    5050\n    >>> f(5)\n    15\n    >>> f(10)\n    55\n    >>> f(1)\n    1\n    \"\"\"\n    return arg1 + arg1\n\n\ndef check(candidate):\n    assert candidate(1) == 1\n    assert candidate(6) == 21\n    assert candidate(11) == 66\n    assert candidate(30) == 465\n    assert candidate(100) == 5050\n\ndef test_check():\n    check(f)\n\ntest_check()\n",
      "timestamp": 1674255481,
      "stdout": "",
      "stderr": "Traceback (most recent call last):\n  File \"/tmp/tmpz343riai.py\", line 27, in <module>\n    test_check()\n  File \"/tmp/tmpz343riai.py\", line 25, in test_check\n    check(f)\n  File \"/tmp/tmpz343riai.py\", line 18, in check\n    assert candidate(1) == 1\nAssertionError\n",
      "exit_code": 1,
      "status": "Exception"
    },
    {
      "program": "def f(arg1: int) -> int:\n    \"\"\"sum_to_n is a function that sums numbers from 1 to n.\n    >>> f(30)\n    465\n    >>> f(100)\n    5050\n    >>> f(5)\n    15\n    >>> f(10)\n    55\n    >>> f(1)\n    1\n    \"\"\"\n    return arg1 + arg1\n\n\ndef check(candidate):\n    assert candidate(1) == 1\n    assert candidate(6) == 21\n    assert candidate(11) == 66\n    assert candidate(30) == 465\n    assert candidate(100) == 5050\n\ndef test_check():\n    check(f)\n\ntest_check()\n",
      "timestamp": 1674255481,
      "stdout": "",
      "stderr": "Traceback (most recent call last):\n  File \"/tmp/tmpz343riai.py\", line 27, in <module>\n    test_check()\n  File \"/tmp/tmpz343riai.py\", line 25, in test_check\n    check(f)\n  File \"/tmp/tmpz343riai.py\", line 18, in check\n    assert candidate(1) == 1\nAssertionError\n",
      "exit_code": 1,
      "status": "Exception"
    },
    {
      "program": "def f(arg1: int) -> int:\n    \"\"\"sum_to_n is a function that sums numbers from 1 to n.\n    >>> f(30)\n    465\n    >>> f(100)\n    5050\n    >>> f(5)\n    15\n    >>> f(10)\n    55\n    >>> f(1)\n    1\n    \"\"\"\n    return arg1 + arg1\n\n\ndef check(candidate):\n    assert candidate(1) == 1\n    assert candidate(6) == 21\n    assert candidate(11) == 66\n    assert candidate(30) == 465\n    assert candidate(100) == 5050\n\ndef test_check():\n    check(f)\n\ntest_check()\n",
      "timestamp": 1674255481,
      "stdout": "",
      "stderr": "Traceback (most recent call last):\n  File \"/tmp/tmpz343riai.py\", line 27, in <module>\n    test_check()\n  File \"/tmp/tmpz343riai.py\", line 25, in test_check\n    check(f)\n  File \"/tmp/tmpz343riai.py\", line 18, in check\n    assert candidate(1) == 1\nAssertionError\n",
      "exit_code": 1,
      "status": "Exception"
    },
    {
      "program": "def f(arg1: int) -> int:\n    \"\"\"sum_to_n is a function that sums numbers from 1 to n.\n    >>> f(30)\n    465\n    >>> f(100)\n    5050\n    >>> f(5)\n    15\n    >>> f(10)\n    55\n    >>> f(1)\n    1\n    \"\"\"\n    return arg1 + arg1\n\n\ndef check(candidate):\n    assert candidate(1) == 1\n    assert candidate(6) == 21\n    assert candidate(11) == 66\n    assert candidate(30) == 465\n    assert candidate(100) == 5050\n\ndef test_check():\n    check(f)\n\ntest_check()\n",
      "timestamp": 1674255481,
      "stdout": "",
      "stderr": "Traceback (most recent call last):\n  File \"/tmp/tmpz343riai.py\", line 27, in <module>\n    test_check()\n  File \"/tmp/tmpz343riai.py\", line 25, in test_check\n    check(f)\n  File \"/tmp/tmpz343riai.py\", line 18, in check\n    assert candidate(1) == 1\nAssertionError\n",
      "exit_code": 1,
      "status": "Exception"
    },
    {
      "program": "def f(arg1: int) -> int:\n    \"\"\"sum_to_n is a function that sums numbers from 1 to n.\n    >>> f(30)\n    465\n    >>> f(100)\n    5050\n    >>> f(5)\n    15\n    >>> f(10)\n    55\n    >>> f(1)\n    1\n    \"\"\"\n    return arg1 + arg1\n\n\ndef check(candidate):\n    assert candidate(1) == 1\n    assert candidate(6) == 21\n    assert candidate(11) == 66\n    assert candidate(30) == 465\n    assert candidate(100) == 5050\n\ndef test_check():\n    check(f)\n\ntest_check()\n",
      "timestamp": 1674255481,
      "stdout": "",
      "stderr": "Traceback (most recent call last):\n  File \"/tmp/tmpz343riai.py\", line 27, in <module>\n    test_check()\n  File \"/tmp/tmpz343riai.py\", line 25, in test_check\n    check(f)\n  File \"/tmp/tmpz343riai.py\", line 18, in check\n    assert candidate(1) == 1\nAssertionError\n",
      "exit_code": 1,
      "status": "Exception"
    },
    {
      "program": "def f(arg1: int) -> int:\n    \"\"\"sum_to_n is a function that sums numbers from 1 to n.\n    >>> f(30)\n    465\n    >>> f(100)\n    5050\n    >>> f(5)\n    15\n    >>> f(10)\n    55\n    >>> f(1)\n    1\n    \"\"\"\n    return arg1 + arg1\n\n\ndef check(candidate):\n    assert candidate(1) == 1\n    assert candidate(6) == 21\n    assert candidate(11) == 66\n    assert candidate(30) == 465\n    assert candidate(100) == 5050\n\ndef test_check():\n    check(f)\n\ntest_check()\n",
      "timestamp": 1674255481,
      "stdout": "",
      "stderr": "Traceback (most recent call last):\n  File \"/tmp/tmpz343riai.py\", line 27, in <module>\n    test_check()\n  File \"/tmp/tmpz343riai.py\", line 25, in test_check\n    check(f)\n  File \"/tmp/tmpz343riai.py\", line 18, in check\n    assert candidate(1) == 1\nAssertionError\n",
      "exit_code": 1,
      "status": "Exception"
    },
    {
      "program": "def f(arg1: int) -> int:\n    \"\"\"sum_to_n is a function that sums numbers from 1 to n.\n    >>> f(30)\n    465\n    >>> f(100)\n    5050\n    >>> f(5)\n    15\n    >>> f(10)\n    55\n    >>> f(1)\n    1\n    \"\"\"\n    return arg1 + arg1\n\n\ndef check(candidate):\n    assert candidate(1) == 1\n    assert candidate(6) == 21\n    assert candidate(11) == 66\n    assert candidate(30) == 465\n    assert candidate(100) == 5050\n\ndef test_check():\n    check(f)\n\ntest_check()\n",
      "timestamp": 1674255481,
      "stdout": "",
      "stderr": "Traceback (most recent call last):\n  File \"/tmp/tmpz343riai.py\", line 27, in <module>\n    test_check()\n  File \"/tmp/tmpz343riai.py\", line 25, in test_check\n    check(f)\n  File \"/tmp/tmpz343riai.py\", line 18, in check\n    assert candidate(1) == 1\nAssertionError\n",
      "exit_code": 1,
      "status": "Exception"
    },
    {
      "program": "def f(arg1: int) -> int:\n    \"\"\"sum_to_n is a function that sums numbers from 1 to n.\n    >>> f(30)\n    465\n    >>> f(100)\n    5050\n    >>> f(5)\n    15\n    >>> f(10)\n    55\n    >>> f(1)\n    1\n    \"\"\"\n    return arg1 + arg1\n\n\ndef check(candidate):\n    assert candidate(1) == 1\n    assert candidate(6) == 21\n    assert candidate(11) == 66\n    assert candidate(30) == 465\n    assert candidate(100) == 5050\n\ndef test_check():\n    check(f)\n\ntest_check()\n",
      "timestamp": 1674255481,
      "stdout": "",
      "stderr": "Traceback (most recent call last):\n  File \"/tmp/tmpz343riai.py\", line 27, in <module>\n    test_check()\n  File \"/tmp/tmpz343riai.py\", line 25, in test_check\n    check(f)\n  File \"/tmp/tmpz343riai.py\", line 18, in check\n    assert candidate(1) == 1\nAssertionError\n",
      "exit_code": 1,
      "status": "Exception"
    },
    {
      "program": "def f(arg1: int) -> int:\n    \"\"\"sum_to_n is a function that sums numbers from 1 to n.\n    >>> f(30)\n    465\n    >>> f(100)\n    5050\n    >>> f(5)\n    15\n    >>> f(10)\n    55\n    >>> f(1)\n    1\n    \"\"\"\n    return arg1 + arg1\n\n\ndef check(candidate):\n    assert candidate(1) == 1\n    assert candidate(6) == 21\n    assert candidate(11) == 66\n    assert candidate(30) == 465\n    assert candidate(100) == 5050\n\ndef test_check():\n    check(f)\n\ntest_check()\n",
      "timestamp": 1674255481,
      "stdout": "",
      "stderr": "Traceback (most recent call last):\n  File \"/tmp/tmpz343riai.py\", line 27, in <module>\n    test_check()\n  File \"/tmp/tmpz343riai.py\", line 25, in test_check\n    check(f)\n  File \"/tmp/tmpz343riai.py\", line 18, in check\n    assert candidate(1) == 1\nAssertionError\n",
      "exit_code": 1,
      "status": "Exception"
    },
    {
      "program": "def f(arg1: int) -> int:\n    \"\"\"sum_to_n is a function that sums numbers from 1 to n.\n    >>> f(30)\n    465\n    >>> f(100)\n    5050\n    >>> f(5)\n    15\n    >>> f(10)\n    55\n    >>> f(1)\n    1\n    \"\"\"\n    return arg1 + arg1\n\n\ndef check(candidate):\n    assert candidate(1) == 1\n    assert candidate(6) == 21\n    assert candidate(11) == 66\n    assert candidate(30) == 465\n    assert candidate(100) == 5050\n\ndef test_check():\n    check(f)\n\ntest_check()\n",
      "timestamp": 1674255481,
      "stdout": "",
      "stderr": "Traceback (most recent call last):\n  File \"/tmp/tmpz343riai.py\", line 27, in <module>\n    test_check()\n  File \"/tmp/tmpz343riai.py\", line 25, in test_check\n    check(f)\n  File \"/tmp/tmpz343riai.py\", line 18, in check\n    assert candidate(1) == 1\nAssertionError\n",
      "exit_code": 1,
      "status": "Exception"
    },
    {
      "program": "def f(arg1: int) -> int:\n    \"\"\"sum_to_n is a function that sums numbers from 1 to n.\n    >>> f(30)\n    465\n    >>> f(100)\n    5050\n    >>> f(5)\n    15\n    >>> f(10)\n    55\n    >>> f(1)\n    1\n    \"\"\"\n    return arg1 + arg1\n\n\ndef check(candidate):\n    assert candidate(1) == 1\n    assert candidate(6) == 21\n    assert candidate(11) == 66\n    assert candidate(30) == 465\n    assert candidate(100) == 5050\n\ndef test_check():\n    check(f)\n\ntest_check()\n",
      "timestamp": 1674255481,
      "stdout": "",
      "stderr": "Traceback (most recent call last):\n  File \"/tmp/tmpz343riai.py\", line 27, in <module>\n    test_check()\n  File \"/tmp/tmpz343riai.py\", line 25, in test_check\n    check(f)\n  File \"/tmp/tmpz343riai.py\", line 18, in check\n    assert candidate(1) == 1\nAssertionError\n",
      "exit_code": 1,
      "status": "Exception"
    },
    {
      "program": "def f(arg1: int) -> int:\n    \"\"\"sum_to_n is a function that sums numbers from 1 to n.\n    >>> f(30)\n    465\n    >>> f(100)\n    5050\n    >>> f(5)\n    15\n    >>> f(10)\n    55\n    >>> f(1)\n    1\n    \"\"\"\n    return arg1 + arg1\n\n\ndef check(candidate):\n    assert candidate(1) == 1\n    assert candidate(6) == 21\n    assert candidate(11) == 66\n    assert candidate(30) == 465\n    assert candidate(100) == 5050\n\ndef test_check():\n    check(f)\n\ntest_check()\n",
      "timestamp": 1674255481,
      "stdout": "",
      "stderr": "Traceback (most recent call last):\n  File \"/tmp/tmpz343riai.py\", line 27, in <module>\n    test_check()\n  File \"/tmp/tmpz343riai.py\", line 25, in test_check\n    check(f)\n  File \"/tmp/tmpz343riai.py\", line 18, in check\n    assert candidate(1) == 1\nAssertionError\n",
      "exit_code": 1,
      "status": "Exception"
    },
    {
      "program": "def f(arg1: int) -> int:\n    \"\"\"sum_to_n is a function that sums numbers from 1 to n.\n    >>> f(30)\n    465\n    >>> f(100)\n    5050\n    >>> f(5)\n    15\n    >>> f(10)\n    55\n    >>> f(1)\n    1\n    \"\"\"\n    return arg1 + arg1\n\n\ndef check(candidate):\n    assert candidate(1) == 1\n    assert candidate(6) == 21\n    assert candidate(11) == 66\n    assert candidate(30) == 465\n    assert candidate(100) == 5050\n\ndef test_check():\n    check(f)\n\ntest_check()\n",
      "timestamp": 1674255481,
      "stdout": "",
      "stderr": "Traceback (most recent call last):\n  File \"/tmp/tmpz343riai.py\", line 27, in <module>\n    test_check()\n  File \"/tmp/tmpz343riai.py\", line 25, in test_check\n    check(f)\n  File \"/tmp/tmpz343riai.py\", line 18, in check\n    assert candidate(1) == 1\nAssertionError\n",
      "exit_code": 1,
      "status": "Exception"
    },
    {
      "program": "def f(arg1: int) -> int:\n    \"\"\"sum_to_n is a function that sums numbers from 1 to n.\n    >>> f(30)\n    465\n    >>> f(100)\n    5050\n    >>> f(5)\n    15\n    >>> f(10)\n    55\n    >>> f(1)\n    1\n    \"\"\"\n    return arg1 + arg1\n\n\ndef check(candidate):\n    assert candidate(1) == 1\n    assert candidate(6) == 21\n    assert candidate(11) == 66\n    assert candidate(30) == 465\n    assert candidate(100) == 5050\n\ndef test_check():\n    check(f)\n\ntest_check()\n",
      "timestamp": 1674255481,
      "stdout": "",
      "stderr": "Traceback (most recent call last):\n  File \"/tmp/tmpz343riai.py\", line 27, in <module>\n    test_check()\n  File \"/tmp/tmpz343riai.py\", line 25, in test_check\n    check(f)\n  File \"/tmp/tmpz343riai.py\", line 18, in check\n    assert candidate(1) == 1\nAssertionError\n",
      "exit_code": 1,
      "status": "Exception"
    },
    {
      "program": "def f(arg1: int) -> int:\n    \"\"\"sum_to_n is a function that sums numbers from 1 to n.\n    >>> f(30)\n    465\n    >>> f(100)\n    5050\n    >>> f(5)\n    15\n    >>> f(10)\n    55\n    >>> f(1)\n    1\n    \"\"\"\n    return arg1 + arg1\n\n\ndef check(candidate):\n    assert candidate(1) == 1\n    assert candidate(6) == 21\n    assert candidate(11) == 66\n    assert candidate(30) == 465\n    assert candidate(100) == 5050\n\ndef test_check():\n    check(f)\n\ntest_check()\n",
      "timestamp": 1674255481,
      "stdout": "",
      "stderr": "Traceback (most recent call last):\n  File \"/tmp/tmpz343riai.py\", line 27, in <module>\n    test_check()\n  File \"/tmp/tmpz343riai.py\", line 25, in test_check\n    check(f)\n  File \"/tmp/tmpz343riai.py\", line 18, in check\n    assert candidate(1) == 1\nAssertionError\n",
      "exit_code": 1,
      "status": "Exception"
    },
    {
      "program": "def f(arg1: int) -> int:\n    \"\"\"sum_to_n is a function that sums numbers from 1 to n.\n    >>> f(30)\n    465\n    >>> f(100)\n    5050\n    >>> f(5)\n    15\n    >>> f(10)\n    55\n    >>> f(1)\n    1\n    \"\"\"\n    return arg1 + arg1\n\n\ndef check(candidate):\n    assert candidate(1) == 1\n    assert candidate(6) == 21\n    assert candidate(11) == 66\n    assert candidate(30) == 465\n    assert candidate(100) == 5050\n\ndef test_check():\n    check(f)\n\ntest_check()\n",
      "timestamp": 1674255481,
      "stdout": "",
      "stderr": "Traceback (most recent call last):\n  File \"/tmp/tmpz343riai.py\", line 27, in <module>\n    test_check()\n  File \"/tmp/tmpz343riai.py\", line 25, in test_check\n    check(f)\n  File \"/tmp/tmpz343riai.py\", line 18, in check\n    assert candidate(1) == 1\nAssertionError\n",
      "exit_code": 1,
      "status": "Exception"
    },
    {
      "program": "def f(arg1: int) -> int:\n    \"\"\"sum_to_n is a function that sums numbers from 1 to n.\n    >>> f(30)\n    465\n    >>> f(100)\n    5050\n    >>> f(5)\n    15\n    >>> f(10)\n    55\n    >>> f(1)\n    1\n    \"\"\"\n    return arg1 + arg1\n\ndef check(candidate):\n    assert candidate(1) == 1\n    assert candidate(6) == 21\n    assert candidate(11) == 66\n    assert candidate(30) == 465\n    assert candidate(100) == 5050\n\ndef test_check():\n    check(f)\n\ntest_check()\n",
      "timestamp": 1674255481,
      "stdout": "",
      "stderr": "Traceback (most recent call last):\n  File \"/tmp/tmpqi7p269_.py\", line 26, in <module>\n    test_check()\n  File \"/tmp/tmpqi7p269_.py\", line 24, in test_check\n    check(f)\n  File \"/tmp/tmpqi7p269_.py\", line 17, in check\n    assert candidate(1) == 1\nAssertionError\n",
      "exit_code": 1,
      "status": "Exception"
    },
    {
      "program": "def f(arg1: int) -> int:\n    \"\"\"sum_to_n is a function that sums numbers from 1 to n.\n    >>> f(30)\n    465\n    >>> f(100)\n    5050\n    >>> f(5)\n    15\n    >>> f(10)\n    55\n    >>> f(1)\n    1\n    \"\"\"\n    return arg1 + arg1\n\n\ndef check(candidate):\n    assert candidate(1) == 1\n    assert candidate(6) == 21\n    assert candidate(11) == 66\n    assert candidate(30) == 465\n    assert candidate(100) == 5050\n\ndef test_check():\n    check(f)\n\ntest_check()\n",
      "timestamp": 1674255481,
      "stdout": "",
      "stderr": "Traceback (most recent call last):\n  File \"/tmp/tmpz343riai.py\", line 27, in <module>\n    test_check()\n  File \"/tmp/tmpz343riai.py\", line 25, in test_check\n    check(f)\n  File \"/tmp/tmpz343riai.py\", line 18, in check\n    assert candidate(1) == 1\nAssertionError\n",
      "exit_code": 1,
      "status": "Exception"
    },
    {
      "program": "def f(arg1: int) -> int:\n    \"\"\"sum_to_n is a function that sums numbers from 1 to n.\n    >>> f(30)\n    465\n    >>> f(100)\n    5050\n    >>> f(5)\n    15\n    >>> f(10)\n    55\n    >>> f(1)\n    1\n    \"\"\"\n    return arg1 + arg1\n\n\ndef check(candidate):\n    assert candidate(1) == 1\n    assert candidate(6) == 21\n    assert candidate(11) == 66\n    assert candidate(30) == 465\n    assert candidate(100) == 5050\n\ndef test_check():\n    check(f)\n\ntest_check()\n",
      "timestamp": 1674255481,
      "stdout": "",
      "stderr": "Traceback (most recent call last):\n  File \"/tmp/tmpz343riai.py\", line 27, in <module>\n    test_check()\n  File \"/tmp/tmpz343riai.py\", line 25, in test_check\n    check(f)\n  File \"/tmp/tmpz343riai.py\", line 18, in check\n    assert candidate(1) == 1\nAssertionError\n",
      "exit_code": 1,
      "status": "Exception"
    },
    {
      "program": "def f(arg1: int) -> int:\n    \"\"\"sum_to_n is a function that sums numbers from 1 to n.\n    >>> f(30)\n    465\n    >>> f(100)\n    5050\n    >>> f(5)\n    15\n    >>> f(10)\n    55\n    >>> f(1)\n    1\n    \"\"\"\n    return arg1 + arg1\n\ndef check(candidate):\n    assert candidate(1) == 1\n    assert candidate(6) == 21\n    assert candidate(11) == 66\n    assert candidate(30) == 465\n    assert candidate(100) == 5050\n\ndef test_check():\n    check(f)\n\ntest_check()\n",
      "timestamp": 1674255481,
      "stdout": "",
      "stderr": "Traceback (most recent call last):\n  File \"/tmp/tmpqi7p269_.py\", line 26, in <module>\n    test_check()\n  File \"/tmp/tmpqi7p269_.py\", line 24, in test_check\n    check(f)\n  File \"/tmp/tmpqi7p269_.py\", line 17, in check\n    assert candidate(1) == 1\nAssertionError\n",
      "exit_code": 1,
      "status": "Exception"
    },
    {
      "program": "def f(arg1: int) -> int:\n    \"\"\"sum_to_n is a function that sums numbers from 1 to n.\n    >>> f(30)\n    465\n    >>> f(100)\n    5050\n    >>> f(5)\n    15\n    >>> f(10)\n    55\n    >>> f(1)\n    1\n    \"\"\"\n    return arg1 + arg1\n\n\ndef check(candidate):\n    assert candidate(1) == 1\n    assert candidate(6) == 21\n    assert candidate(11) == 66\n    assert candidate(30) == 465\n    assert candidate(100) == 5050\n\ndef test_check():\n    check(f)\n\ntest_check()\n",
      "timestamp": 1674255481,
      "stdout": "",
      "stderr": "Traceback (most recent call last):\n  File \"/tmp/tmpz343riai.py\", line 27, in <module>\n    test_check()\n  File \"/tmp/tmpz343riai.py\", line 25, in test_check\n    check(f)\n  File \"/tmp/tmpz343riai.py\", line 18, in check\n    assert candidate(1) == 1\nAssertionError\n",
      "exit_code": 1,
      "status": "Exception"
    },
    {
      "program": "def f(arg1: int) -> int:\n    \"\"\"sum_to_n is a function that sums numbers from 1 to n.\n    >>> f(30)\n    465\n    >>> f(100)\n    5050\n    >>> f(5)\n    15\n    >>> f(10)\n    55\n    >>> f(1)\n    1\n    \"\"\"\n    return arg1 + arg1\n\n\ndef check(candidate):\n    assert candidate(1) == 1\n    assert candidate(6) == 21\n    assert candidate(11) == 66\n    assert candidate(30) == 465\n    assert candidate(100) == 5050\n\ndef test_check():\n    check(f)\n\ntest_check()\n",
      "timestamp": 1674255481,
      "stdout": "",
      "stderr": "Traceback (most recent call last):\n  File \"/tmp/tmpz343riai.py\", line 27, in <module>\n    test_check()\n  File \"/tmp/tmpz343riai.py\", line 25, in test_check\n    check(f)\n  File \"/tmp/tmpz343riai.py\", line 18, in check\n    assert candidate(1) == 1\nAssertionError\n",
      "exit_code": 1,
      "status": "Exception"
    },
    {
      "program": "def f(arg1: int) -> int:\n    \"\"\"sum_to_n is a function that sums numbers from 1 to n.\n    >>> f(30)\n    465\n    >>> f(100)\n    5050\n    >>> f(5)\n    15\n    >>> f(10)\n    55\n    >>> f(1)\n    1\n    \"\"\"\n    return arg1 + arg1\n\n\ndef check(candidate):\n    assert candidate(1) == 1\n    assert candidate(6) == 21\n    assert candidate(11) == 66\n    assert candidate(30) == 465\n    assert candidate(100) == 5050\n\ndef test_check():\n    check(f)\n\ntest_check()\n",
      "timestamp": 1674255481,
      "stdout": "",
      "stderr": "Traceback (most recent call last):\n  File \"/tmp/tmpz343riai.py\", line 27, in <module>\n    test_check()\n  File \"/tmp/tmpz343riai.py\", line 25, in test_check\n    check(f)\n  File \"/tmp/tmpz343riai.py\", line 18, in check\n    assert candidate(1) == 1\nAssertionError\n",
      "exit_code": 1,
      "status": "Exception"
    },
    {
      "program": "def f(arg1: int) -> int:\n    \"\"\"sum_to_n is a function that sums numbers from 1 to n.\n    >>> f(30)\n    465\n    >>> f(100)\n    5050\n    >>> f(5)\n    15\n    >>> f(10)\n    55\n    >>> f(1)\n    1\n    \"\"\"\n    return arg1 + arg1\n\n\ndef check(candidate):\n    assert candidate(1) == 1\n    assert candidate(6) == 21\n    assert candidate(11) == 66\n    assert candidate(30) == 465\n    assert candidate(100) == 5050\n\ndef test_check():\n    check(f)\n\ntest_check()\n",
      "timestamp": 1674255481,
      "stdout": "",
      "stderr": "Traceback (most recent call last):\n  File \"/tmp/tmpz343riai.py\", line 27, in <module>\n    test_check()\n  File \"/tmp/tmpz343riai.py\", line 25, in test_check\n    check(f)\n  File \"/tmp/tmpz343riai.py\", line 18, in check\n    assert candidate(1) == 1\nAssertionError\n",
      "exit_code": 1,
      "status": "Exception"
    },
    {
      "program": "def f(arg1: int) -> int:\n    \"\"\"sum_to_n is a function that sums numbers from 1 to n.\n    >>> f(30)\n    465\n    >>> f(100)\n    5050\n    >>> f(5)\n    15\n    >>> f(10)\n    55\n    >>> f(1)\n    1\n    \"\"\"\n    return arg1 + arg1\n\n\ndef check(candidate):\n    assert candidate(1) == 1\n    assert candidate(6) == 21\n    assert candidate(11) == 66\n    assert candidate(30) == 465\n    assert candidate(100) == 5050\n\ndef test_check():\n    check(f)\n\ntest_check()\n",
      "timestamp": 1674255481,
      "stdout": "",
      "stderr": "Traceback (most recent call last):\n  File \"/tmp/tmpz343riai.py\", line 27, in <module>\n    test_check()\n  File \"/tmp/tmpz343riai.py\", line 25, in test_check\n    check(f)\n  File \"/tmp/tmpz343riai.py\", line 18, in check\n    assert candidate(1) == 1\nAssertionError\n",
      "exit_code": 1,
      "status": "Exception"
    }
  ]
}