{
  "name": "HumanEval_114_minSubArraySum",
  "language": "fs",
  "prompt": "//Given an array of integers nums, find the minimum sum of any non-empty sub-array\n// of nums.\n// Example\n// minSubArraySum([2, 3, 4, 1, 2, 4]) == 1\n// minSubArraySum([-1, -2, -3]) == -6\nlet minSubArraySum (nums: int list): int  = \n",
  "tests": "let test() = \n  let candidate = minSubArraySum\n  assert (candidate [2; 3; 4; 1; 2; 4] = 1)\n  assert (candidate [-1; -2; -3] = -6)\n  assert (candidate [-1; -2; -3; 2; -10] = -14)\n  assert (candidate [-9999999999999999] = -9999999999999999)\n  assert (candidate [0; 10; 20; 1000000] = 0)\n  assert (candidate [-1; -2; -3; 10; -5] = -6)\n  assert (candidate [100; -1; -2; -3; 10; -5] = -6)\n  assert (candidate [10; 11; 13; 8; 3; 4] = 3)\n  assert (candidate [100; -33; 32; -1; 0; -2] = -33)\n  assert (candidate [-10] = -10)\n  assert (candidate [7] = 7)\n  assert (candidate [1; -1] = -1)\n  0\n\ntest()",
  "stop_tokens": [
    "\n(*",
    "\n//",
    "\ntype",
    "\n\n"
  ],
  "results": [
    {
      "program": "//Given an array of integers nums, find the minimum sum of any non-empty sub-array\n// of nums.\n// Example\n// minSubArraySum([2, 3, 4, 1, 2, 4]) == 1\n// minSubArraySum([-1, -2, -3]) == -6\nlet minSubArraySum (nums: int list): int  = \n    nums.reduce((sum, num) => sum + num)\nlet test() = \n  let candidate = minSubArraySum\n  assert (candidate [2; 3; 4; 1; 2; 4] = 1)\n  assert (candidate [-1; -2; -3] = -6)\n  assert (candidate [-1; -2; -3; 2; -10] = -14)\n  assert (candidate [-9999999999999999] = -9999999999999999)\n  assert (candidate [0; 10; 20; 1000000] = 0)\n  assert (candidate [-1; -2; -3; 10; -5] = -6)\n  assert (candidate [100; -1; -2; -3; 10; -5] = -6)\n  assert (candidate [10; 11; 13; 8; 3; 4] = 3)\n  assert (candidate [100; -33; 32; -1; 0; -2] = -33)\n  assert (candidate [-10] = -10)\n  assert (candidate [7] = 7)\n  assert (candidate [1; -1] = -1)\n  0\n\ntest()",
      "timestamp": 1675790540,
      "stdout": "",
      "stderr": "\n\n/tmp/tmpw27kv0h8.fsx(13,23): error FS1147: This number is outside the allowable range for 32-bit signed integers\n\n\n\n/tmp/tmpw27kv0h8.fsx(13,28): error FS1147: This number is outside the allowable range for 32-bit signed integers\n\n",
      "exit_code": 1,
      "status": "Exception"
    },
    {
      "program": "//Given an array of integers nums, find the minimum sum of any non-empty sub-array\n// of nums.\n// Example\n// minSubArraySum([2, 3, 4, 1, 2, 4]) == 1\n// minSubArraySum([-1, -2, -3]) == -6\nlet minSubArraySum (nums: int list): int  = \n    nums.reduce((sum, val) => sum + val, 0)\nlet test() = \n  let candidate = minSubArraySum\n  assert (candidate [2; 3; 4; 1; 2; 4] = 1)\n  assert (candidate [-1; -2; -3] = -6)\n  assert (candidate [-1; -2; -3; 2; -10] = -14)\n  assert (candidate [-9999999999999999] = -9999999999999999)\n  assert (candidate [0; 10; 20; 1000000] = 0)\n  assert (candidate [-1; -2; -3; 10; -5] = -6)\n  assert (candidate [100; -1; -2; -3; 10; -5] = -6)\n  assert (candidate [10; 11; 13; 8; 3; 4] = 3)\n  assert (candidate [100; -33; 32; -1; 0; -2] = -33)\n  assert (candidate [-10] = -10)\n  assert (candidate [7] = 7)\n  assert (candidate [1; -1] = -1)\n  0\n\ntest()",
      "timestamp": 1675790540,
      "stdout": "",
      "stderr": "\n\n/tmp/tmpza_3lthu.fsx(7,23): error FS0010: Unexpected keyword 'val' in expression\n\n\n\n/tmp/tmpza_3lthu.fsx(13,23): error FS1147: This number is outside the allowable range for 32-bit signed integers\n\n",
      "exit_code": 1,
      "status": "Exception"
    },
    {
      "program": "//Given an array of integers nums, find the minimum sum of any non-empty sub-array\n// of nums.\n// Example\n// minSubArraySum([2, 3, 4, 1, 2, 4]) == 1\n// minSubArraySum([-1, -2, -3]) == -6\nlet minSubArraySum (nums: int list): int  = \n  nums.reduce((sum, val) => sum + val, 0)\nlet test() = \n  let candidate = minSubArraySum\n  assert (candidate [2; 3; 4; 1; 2; 4] = 1)\n  assert (candidate [-1; -2; -3] = -6)\n  assert (candidate [-1; -2; -3; 2; -10] = -14)\n  assert (candidate [-9999999999999999] = -9999999999999999)\n  assert (candidate [0; 10; 20; 1000000] = 0)\n  assert (candidate [-1; -2; -3; 10; -5] = -6)\n  assert (candidate [100; -1; -2; -3; 10; -5] = -6)\n  assert (candidate [10; 11; 13; 8; 3; 4] = 3)\n  assert (candidate [100; -33; 32; -1; 0; -2] = -33)\n  assert (candidate [-10] = -10)\n  assert (candidate [7] = 7)\n  assert (candidate [1; -1] = -1)\n  0\n\ntest()",
      "timestamp": 1675790540,
      "stdout": "",
      "stderr": "\n\n/tmp/tmpesfk9igj.fsx(7,21): error FS0010: Unexpected keyword 'val' in expression\n\n\n\n/tmp/tmpesfk9igj.fsx(13,23): error FS1147: This number is outside the allowable range for 32-bit signed integers\n\n",
      "exit_code": 1,
      "status": "Exception"
    },
    {
      "program": "//Given an array of integers nums, find the minimum sum of any non-empty sub-array\n// of nums.\n// Example\n// minSubArraySum([2, 3, 4, 1, 2, 4]) == 1\n// minSubArraySum([-1, -2, -3]) == -6\nlet minSubArraySum (nums: int list): int  = \n  min(nums)\nlet test() = \n  let candidate = minSubArraySum\n  assert (candidate [2; 3; 4; 1; 2; 4] = 1)\n  assert (candidate [-1; -2; -3] = -6)\n  assert (candidate [-1; -2; -3; 2; -10] = -14)\n  assert (candidate [-9999999999999999] = -9999999999999999)\n  assert (candidate [0; 10; 20; 1000000] = 0)\n  assert (candidate [-1; -2; -3; 10; -5] = -6)\n  assert (candidate [100; -1; -2; -3; 10; -5] = -6)\n  assert (candidate [10; 11; 13; 8; 3; 4] = 3)\n  assert (candidate [100; -33; 32; -1; 0; -2] = -33)\n  assert (candidate [-10] = -10)\n  assert (candidate [7] = 7)\n  assert (candidate [1; -1] = -1)\n  0\n\ntest()",
      "timestamp": 1675790540,
      "stdout": "",
      "stderr": "\n\n/tmp/tmpiojdhiv6.fsx(13,23): error FS1147: This number is outside the allowable range for 32-bit signed integers\n\n\n\n/tmp/tmpiojdhiv6.fsx(13,28): error FS1147: This number is outside the allowable range for 32-bit signed integers\n\n",
      "exit_code": 1,
      "status": "Exception"
    },
    {
      "program": "//Given an array of integers nums, find the minimum sum of any non-empty sub-array\n// of nums.\n// Example\n// minSubArraySum([2, 3, 4, 1, 2, 4]) == 1\n// minSubArraySum([-1, -2, -3]) == -6\nlet minSubArraySum (nums: int list): int  = \n  nums.reduce((sum, val) => sum + val, 0)\nlet test() = \n  let candidate = minSubArraySum\n  assert (candidate [2; 3; 4; 1; 2; 4] = 1)\n  assert (candidate [-1; -2; -3] = -6)\n  assert (candidate [-1; -2; -3; 2; -10] = -14)\n  assert (candidate [-9999999999999999] = -9999999999999999)\n  assert (candidate [0; 10; 20; 1000000] = 0)\n  assert (candidate [-1; -2; -3; 10; -5] = -6)\n  assert (candidate [100; -1; -2; -3; 10; -5] = -6)\n  assert (candidate [10; 11; 13; 8; 3; 4] = 3)\n  assert (candidate [100; -33; 32; -1; 0; -2] = -33)\n  assert (candidate [-10] = -10)\n  assert (candidate [7] = 7)\n  assert (candidate [1; -1] = -1)\n  0\n\ntest()",
      "timestamp": 1675790540,
      "stdout": "",
      "stderr": "\n\n/tmp/tmpesfk9igj.fsx(7,21): error FS0010: Unexpected keyword 'val' in expression\n\n\n\n/tmp/tmpesfk9igj.fsx(13,23): error FS1147: This number is outside the allowable range for 32-bit signed integers\n\n",
      "exit_code": 1,
      "status": "Exception"
    },
    {
      "program": "//Given an array of integers nums, find the minimum sum of any non-empty sub-array\n// of nums.\n// Example\n// minSubArraySum([2, 3, 4, 1, 2, 4]) == 1\n// minSubArraySum([-1, -2, -3]) == -6\nlet minSubArraySum (nums: int list): int  = \n  nums.reduce((sum, val) => sum + val, 0)\nlet test() = \n  let candidate = minSubArraySum\n  assert (candidate [2; 3; 4; 1; 2; 4] = 1)\n  assert (candidate [-1; -2; -3] = -6)\n  assert (candidate [-1; -2; -3; 2; -10] = -14)\n  assert (candidate [-9999999999999999] = -9999999999999999)\n  assert (candidate [0; 10; 20; 1000000] = 0)\n  assert (candidate [-1; -2; -3; 10; -5] = -6)\n  assert (candidate [100; -1; -2; -3; 10; -5] = -6)\n  assert (candidate [10; 11; 13; 8; 3; 4] = 3)\n  assert (candidate [100; -33; 32; -1; 0; -2] = -33)\n  assert (candidate [-10] = -10)\n  assert (candidate [7] = 7)\n  assert (candidate [1; -1] = -1)\n  0\n\ntest()",
      "timestamp": 1675790540,
      "stdout": "",
      "stderr": "\n\n/tmp/tmpesfk9igj.fsx(7,21): error FS0010: Unexpected keyword 'val' in expression\n\n\n\n/tmp/tmpesfk9igj.fsx(13,23): error FS1147: This number is outside the allowable range for 32-bit signed integers\n\n",
      "exit_code": 1,
      "status": "Exception"
    },
    {
      "program": "//Given an array of integers nums, find the minimum sum of any non-empty sub-array\n// of nums.\n// Example\n// minSubArraySum([2, 3, 4, 1, 2, 4]) == 1\n// minSubArraySum([-1, -2, -3]) == -6\nlet minSubArraySum (nums: int list): int  = \n  nums.reduce((sum, val) => sum + val, 0);\nlet test() = \n  let candidate = minSubArraySum\n  assert (candidate [2; 3; 4; 1; 2; 4] = 1)\n  assert (candidate [-1; -2; -3] = -6)\n  assert (candidate [-1; -2; -3; 2; -10] = -14)\n  assert (candidate [-9999999999999999] = -9999999999999999)\n  assert (candidate [0; 10; 20; 1000000] = 0)\n  assert (candidate [-1; -2; -3; 10; -5] = -6)\n  assert (candidate [100; -1; -2; -3; 10; -5] = -6)\n  assert (candidate [10; 11; 13; 8; 3; 4] = 3)\n  assert (candidate [100; -33; 32; -1; 0; -2] = -33)\n  assert (candidate [-10] = -10)\n  assert (candidate [7] = 7)\n  assert (candidate [1; -1] = -1)\n  0\n\ntest()",
      "timestamp": 1675790540,
      "stdout": "",
      "stderr": "\n\n/tmp/tmp71mdp18l.fsx(7,21): error FS0010: Unexpected keyword 'val' in expression\n\n\n\n/tmp/tmp71mdp18l.fsx(13,23): error FS1147: This number is outside the allowable range for 32-bit signed integers\n\n",
      "exit_code": 1,
      "status": "Exception"
    },
    {
      "program": "//Given an array of integers nums, find the minimum sum of any non-empty sub-array\n// of nums.\n// Example\n// minSubArraySum([2, 3, 4, 1, 2, 4]) == 1\n// minSubArraySum([-1, -2, -3]) == -6\nlet minSubArraySum (nums: int list): int  = \n  nums.reduce((sum, val) => sum + val, 0)\nlet test() = \n  let candidate = minSubArraySum\n  assert (candidate [2; 3; 4; 1; 2; 4] = 1)\n  assert (candidate [-1; -2; -3] = -6)\n  assert (candidate [-1; -2; -3; 2; -10] = -14)\n  assert (candidate [-9999999999999999] = -9999999999999999)\n  assert (candidate [0; 10; 20; 1000000] = 0)\n  assert (candidate [-1; -2; -3; 10; -5] = -6)\n  assert (candidate [100; -1; -2; -3; 10; -5] = -6)\n  assert (candidate [10; 11; 13; 8; 3; 4] = 3)\n  assert (candidate [100; -33; 32; -1; 0; -2] = -33)\n  assert (candidate [-10] = -10)\n  assert (candidate [7] = 7)\n  assert (candidate [1; -1] = -1)\n  0\n\ntest()",
      "timestamp": 1675790540,
      "stdout": "",
      "stderr": "\n\n/tmp/tmpesfk9igj.fsx(7,21): error FS0010: Unexpected keyword 'val' in expression\n\n\n\n/tmp/tmpesfk9igj.fsx(13,23): error FS1147: This number is outside the allowable range for 32-bit signed integers\n\n",
      "exit_code": 1,
      "status": "Exception"
    },
    {
      "program": "//Given an array of integers nums, find the minimum sum of any non-empty sub-array\n// of nums.\n// Example\n// minSubArraySum([2, 3, 4, 1, 2, 4]) == 1\n// minSubArraySum([-1, -2, -3]) == -6\nlet minSubArraySum (nums: int list): int  = \n  nums.reduce((sum, val) => sum + val, 0);\nlet test() = \n  let candidate = minSubArraySum\n  assert (candidate [2; 3; 4; 1; 2; 4] = 1)\n  assert (candidate [-1; -2; -3] = -6)\n  assert (candidate [-1; -2; -3; 2; -10] = -14)\n  assert (candidate [-9999999999999999] = -9999999999999999)\n  assert (candidate [0; 10; 20; 1000000] = 0)\n  assert (candidate [-1; -2; -3; 10; -5] = -6)\n  assert (candidate [100; -1; -2; -3; 10; -5] = -6)\n  assert (candidate [10; 11; 13; 8; 3; 4] = 3)\n  assert (candidate [100; -33; 32; -1; 0; -2] = -33)\n  assert (candidate [-10] = -10)\n  assert (candidate [7] = 7)\n  assert (candidate [1; -1] = -1)\n  0\n\ntest()",
      "timestamp": 1675790540,
      "stdout": "",
      "stderr": "\n\n/tmp/tmp71mdp18l.fsx(7,21): error FS0010: Unexpected keyword 'val' in expression\n\n\n\n/tmp/tmp71mdp18l.fsx(13,23): error FS1147: This number is outside the allowable range for 32-bit signed integers\n\n",
      "exit_code": 1,
      "status": "Exception"
    },
    {
      "program": "//Given an array of integers nums, find the minimum sum of any non-empty sub-array\n// of nums.\n// Example\n// minSubArraySum([2, 3, 4, 1, 2, 4]) == 1\n// minSubArraySum([-1, -2, -3]) == -6\nlet minSubArraySum (nums: int list): int  = \n  nums.reduce((sum, val) => sum + val, 0)\nlet test() = \n  let candidate = minSubArraySum\n  assert (candidate [2; 3; 4; 1; 2; 4] = 1)\n  assert (candidate [-1; -2; -3] = -6)\n  assert (candidate [-1; -2; -3; 2; -10] = -14)\n  assert (candidate [-9999999999999999] = -9999999999999999)\n  assert (candidate [0; 10; 20; 1000000] = 0)\n  assert (candidate [-1; -2; -3; 10; -5] = -6)\n  assert (candidate [100; -1; -2; -3; 10; -5] = -6)\n  assert (candidate [10; 11; 13; 8; 3; 4] = 3)\n  assert (candidate [100; -33; 32; -1; 0; -2] = -33)\n  assert (candidate [-10] = -10)\n  assert (candidate [7] = 7)\n  assert (candidate [1; -1] = -1)\n  0\n\ntest()",
      "timestamp": 1675790540,
      "stdout": "",
      "stderr": "\n\n/tmp/tmpesfk9igj.fsx(7,21): error FS0010: Unexpected keyword 'val' in expression\n\n\n\n/tmp/tmpesfk9igj.fsx(13,23): error FS1147: This number is outside the allowable range for 32-bit signed integers\n\n",
      "exit_code": 1,
      "status": "Exception"
    },
    {
      "program": "//Given an array of integers nums, find the minimum sum of any non-empty sub-array\n// of nums.\n// Example\n// minSubArraySum([2, 3, 4, 1, 2, 4]) == 1\n// minSubArraySum([-1, -2, -3]) == -6\nlet minSubArraySum (nums: int list): int  = \n  nums.reduce((sum, num) => sum + num, 0);\nlet test() = \n  let candidate = minSubArraySum\n  assert (candidate [2; 3; 4; 1; 2; 4] = 1)\n  assert (candidate [-1; -2; -3] = -6)\n  assert (candidate [-1; -2; -3; 2; -10] = -14)\n  assert (candidate [-9999999999999999] = -9999999999999999)\n  assert (candidate [0; 10; 20; 1000000] = 0)\n  assert (candidate [-1; -2; -3; 10; -5] = -6)\n  assert (candidate [100; -1; -2; -3; 10; -5] = -6)\n  assert (candidate [10; 11; 13; 8; 3; 4] = 3)\n  assert (candidate [100; -33; 32; -1; 0; -2] = -33)\n  assert (candidate [-10] = -10)\n  assert (candidate [7] = 7)\n  assert (candidate [1; -1] = -1)\n  0\n\ntest()",
      "timestamp": 1675790540,
      "stdout": "",
      "stderr": "\n\n/tmp/tmpnat07pia.fsx(13,23): error FS1147: This number is outside the allowable range for 32-bit signed integers\n\n\n\n/tmp/tmpnat07pia.fsx(13,28): error FS1147: This number is outside the allowable range for 32-bit signed integers\n\n",
      "exit_code": 1,
      "status": "Exception"
    },
    {
      "program": "//Given an array of integers nums, find the minimum sum of any non-empty sub-array\n// of nums.\n// Example\n// minSubArraySum([2, 3, 4, 1, 2, 4]) == 1\n// minSubArraySum([-1, -2, -3]) == -6\nlet minSubArraySum (nums: int list): int  = \n  nums.reduce((sum, num) => sum + num, 0)\nlet test() = \n  let candidate = minSubArraySum\n  assert (candidate [2; 3; 4; 1; 2; 4] = 1)\n  assert (candidate [-1; -2; -3] = -6)\n  assert (candidate [-1; -2; -3; 2; -10] = -14)\n  assert (candidate [-9999999999999999] = -9999999999999999)\n  assert (candidate [0; 10; 20; 1000000] = 0)\n  assert (candidate [-1; -2; -3; 10; -5] = -6)\n  assert (candidate [100; -1; -2; -3; 10; -5] = -6)\n  assert (candidate [10; 11; 13; 8; 3; 4] = 3)\n  assert (candidate [100; -33; 32; -1; 0; -2] = -33)\n  assert (candidate [-10] = -10)\n  assert (candidate [7] = 7)\n  assert (candidate [1; -1] = -1)\n  0\n\ntest()",
      "timestamp": 1675790540,
      "stdout": "",
      "stderr": "\n\n/tmp/tmpp3f3_srm.fsx(13,23): error FS1147: This number is outside the allowable range for 32-bit signed integers\n\n\n\n/tmp/tmpp3f3_srm.fsx(13,28): error FS1147: This number is outside the allowable range for 32-bit signed integers\n\n",
      "exit_code": 1,
      "status": "Exception"
    },
    {
      "program": "//Given an array of integers nums, find the minimum sum of any non-empty sub-array\n// of nums.\n// Example\n// minSubArraySum([2, 3, 4, 1, 2, 4]) == 1\n// minSubArraySum([-1, -2, -3]) == -6\nlet minSubArraySum (nums: int list): int  = \n  nums.reduce((sum, val) => sum + val, 0)\nlet test() = \n  let candidate = minSubArraySum\n  assert (candidate [2; 3; 4; 1; 2; 4] = 1)\n  assert (candidate [-1; -2; -3] = -6)\n  assert (candidate [-1; -2; -3; 2; -10] = -14)\n  assert (candidate [-9999999999999999] = -9999999999999999)\n  assert (candidate [0; 10; 20; 1000000] = 0)\n  assert (candidate [-1; -2; -3; 10; -5] = -6)\n  assert (candidate [100; -1; -2; -3; 10; -5] = -6)\n  assert (candidate [10; 11; 13; 8; 3; 4] = 3)\n  assert (candidate [100; -33; 32; -1; 0; -2] = -33)\n  assert (candidate [-10] = -10)\n  assert (candidate [7] = 7)\n  assert (candidate [1; -1] = -1)\n  0\n\ntest()",
      "timestamp": 1675790540,
      "stdout": "",
      "stderr": "\n\n/tmp/tmpesfk9igj.fsx(7,21): error FS0010: Unexpected keyword 'val' in expression\n\n\n\n/tmp/tmpesfk9igj.fsx(13,23): error FS1147: This number is outside the allowable range for 32-bit signed integers\n\n",
      "exit_code": 1,
      "status": "Exception"
    },
    {
      "program": "//Given an array of integers nums, find the minimum sum of any non-empty sub-array\n// of nums.\n// Example\n// minSubArraySum([2, 3, 4, 1, 2, 4]) == 1\n// minSubArraySum([-1, -2, -3]) == -6\nlet minSubArraySum (nums: int list): int  = \n  nums.reduce((sum, num) => sum + num, 0);\nlet test() = \n  let candidate = minSubArraySum\n  assert (candidate [2; 3; 4; 1; 2; 4] = 1)\n  assert (candidate [-1; -2; -3] = -6)\n  assert (candidate [-1; -2; -3; 2; -10] = -14)\n  assert (candidate [-9999999999999999] = -9999999999999999)\n  assert (candidate [0; 10; 20; 1000000] = 0)\n  assert (candidate [-1; -2; -3; 10; -5] = -6)\n  assert (candidate [100; -1; -2; -3; 10; -5] = -6)\n  assert (candidate [10; 11; 13; 8; 3; 4] = 3)\n  assert (candidate [100; -33; 32; -1; 0; -2] = -33)\n  assert (candidate [-10] = -10)\n  assert (candidate [7] = 7)\n  assert (candidate [1; -1] = -1)\n  0\n\ntest()",
      "timestamp": 1675790540,
      "stdout": "",
      "stderr": "\n\n/tmp/tmpnat07pia.fsx(13,23): error FS1147: This number is outside the allowable range for 32-bit signed integers\n\n\n\n/tmp/tmpnat07pia.fsx(13,28): error FS1147: This number is outside the allowable range for 32-bit signed integers\n\n",
      "exit_code": 1,
      "status": "Exception"
    },
    {
      "program": "//Given an array of integers nums, find the minimum sum of any non-empty sub-array\n// of nums.\n// Example\n// minSubArraySum([2, 3, 4, 1, 2, 4]) == 1\n// minSubArraySum([-1, -2, -3]) == -6\nlet minSubArraySum (nums: int list): int  = \n  nums.reduce((sum, val) => sum + val, 0);\nlet test() = \n  let candidate = minSubArraySum\n  assert (candidate [2; 3; 4; 1; 2; 4] = 1)\n  assert (candidate [-1; -2; -3] = -6)\n  assert (candidate [-1; -2; -3; 2; -10] = -14)\n  assert (candidate [-9999999999999999] = -9999999999999999)\n  assert (candidate [0; 10; 20; 1000000] = 0)\n  assert (candidate [-1; -2; -3; 10; -5] = -6)\n  assert (candidate [100; -1; -2; -3; 10; -5] = -6)\n  assert (candidate [10; 11; 13; 8; 3; 4] = 3)\n  assert (candidate [100; -33; 32; -1; 0; -2] = -33)\n  assert (candidate [-10] = -10)\n  assert (candidate [7] = 7)\n  assert (candidate [1; -1] = -1)\n  0\n\ntest()",
      "timestamp": 1675790540,
      "stdout": "",
      "stderr": "\n\n/tmp/tmp71mdp18l.fsx(7,21): error FS0010: Unexpected keyword 'val' in expression\n\n\n\n/tmp/tmp71mdp18l.fsx(13,23): error FS1147: This number is outside the allowable range for 32-bit signed integers\n\n",
      "exit_code": 1,
      "status": "Exception"
    },
    {
      "program": "//Given an array of integers nums, find the minimum sum of any non-empty sub-array\n// of nums.\n// Example\n// minSubArraySum([2, 3, 4, 1, 2, 4]) == 1\n// minSubArraySum([-1, -2, -3]) == -6\nlet minSubArraySum (nums: int list): int  = \n  nums.reduce((sum, i) => sum + i, 0)\nlet test() = \n  let candidate = minSubArraySum\n  assert (candidate [2; 3; 4; 1; 2; 4] = 1)\n  assert (candidate [-1; -2; -3] = -6)\n  assert (candidate [-1; -2; -3; 2; -10] = -14)\n  assert (candidate [-9999999999999999] = -9999999999999999)\n  assert (candidate [0; 10; 20; 1000000] = 0)\n  assert (candidate [-1; -2; -3; 10; -5] = -6)\n  assert (candidate [100; -1; -2; -3; 10; -5] = -6)\n  assert (candidate [10; 11; 13; 8; 3; 4] = 3)\n  assert (candidate [100; -33; 32; -1; 0; -2] = -33)\n  assert (candidate [-10] = -10)\n  assert (candidate [7] = 7)\n  assert (candidate [1; -1] = -1)\n  0\n\ntest()",
      "timestamp": 1675790540,
      "stdout": "",
      "stderr": "\n\n/tmp/tmpafbkwaj7.fsx(13,23): error FS1147: This number is outside the allowable range for 32-bit signed integers\n\n\n\n/tmp/tmpafbkwaj7.fsx(13,28): error FS1147: This number is outside the allowable range for 32-bit signed integers\n\n",
      "exit_code": 1,
      "status": "Exception"
    },
    {
      "program": "//Given an array of integers nums, find the minimum sum of any non-empty sub-array\n// of nums.\n// Example\n// minSubArraySum([2, 3, 4, 1, 2, 4]) == 1\n// minSubArraySum([-1, -2, -3]) == -6\nlet minSubArraySum (nums: int list): int  = \n  nums.reduce((sum, val) => sum + val, 0)\nlet test() = \n  let candidate = minSubArraySum\n  assert (candidate [2; 3; 4; 1; 2; 4] = 1)\n  assert (candidate [-1; -2; -3] = -6)\n  assert (candidate [-1; -2; -3; 2; -10] = -14)\n  assert (candidate [-9999999999999999] = -9999999999999999)\n  assert (candidate [0; 10; 20; 1000000] = 0)\n  assert (candidate [-1; -2; -3; 10; -5] = -6)\n  assert (candidate [100; -1; -2; -3; 10; -5] = -6)\n  assert (candidate [10; 11; 13; 8; 3; 4] = 3)\n  assert (candidate [100; -33; 32; -1; 0; -2] = -33)\n  assert (candidate [-10] = -10)\n  assert (candidate [7] = 7)\n  assert (candidate [1; -1] = -1)\n  0\n\ntest()",
      "timestamp": 1675790540,
      "stdout": "",
      "stderr": "\n\n/tmp/tmpesfk9igj.fsx(7,21): error FS0010: Unexpected keyword 'val' in expression\n\n\n\n/tmp/tmpesfk9igj.fsx(13,23): error FS1147: This number is outside the allowable range for 32-bit signed integers\n\n",
      "exit_code": 1,
      "status": "Exception"
    },
    {
      "program": "//Given an array of integers nums, find the minimum sum of any non-empty sub-array\n// of nums.\n// Example\n// minSubArraySum([2, 3, 4, 1, 2, 4]) == 1\n// minSubArraySum([-1, -2, -3]) == -6\nlet minSubArraySum (nums: int list): int  = \n  nums.reduce((sum, val) => sum + val, 0)\nlet test() = \n  let candidate = minSubArraySum\n  assert (candidate [2; 3; 4; 1; 2; 4] = 1)\n  assert (candidate [-1; -2; -3] = -6)\n  assert (candidate [-1; -2; -3; 2; -10] = -14)\n  assert (candidate [-9999999999999999] = -9999999999999999)\n  assert (candidate [0; 10; 20; 1000000] = 0)\n  assert (candidate [-1; -2; -3; 10; -5] = -6)\n  assert (candidate [100; -1; -2; -3; 10; -5] = -6)\n  assert (candidate [10; 11; 13; 8; 3; 4] = 3)\n  assert (candidate [100; -33; 32; -1; 0; -2] = -33)\n  assert (candidate [-10] = -10)\n  assert (candidate [7] = 7)\n  assert (candidate [1; -1] = -1)\n  0\n\ntest()",
      "timestamp": 1675790540,
      "stdout": "",
      "stderr": "\n\n/tmp/tmpesfk9igj.fsx(7,21): error FS0010: Unexpected keyword 'val' in expression\n\n\n\n/tmp/tmpesfk9igj.fsx(13,23): error FS1147: This number is outside the allowable range for 32-bit signed integers\n\n",
      "exit_code": 1,
      "status": "Exception"
    },
    {
      "program": "//Given an array of integers nums, find the minimum sum of any non-empty sub-array\n// of nums.\n// Example\n// minSubArraySum([2, 3, 4, 1, 2, 4]) == 1\n// minSubArraySum([-1, -2, -3]) == -6\nlet minSubArraySum (nums: int list): int  = \n  nums.reduce((sum, val) => sum + val, 0)\nlet test() = \n  let candidate = minSubArraySum\n  assert (candidate [2; 3; 4; 1; 2; 4] = 1)\n  assert (candidate [-1; -2; -3] = -6)\n  assert (candidate [-1; -2; -3; 2; -10] = -14)\n  assert (candidate [-9999999999999999] = -9999999999999999)\n  assert (candidate [0; 10; 20; 1000000] = 0)\n  assert (candidate [-1; -2; -3; 10; -5] = -6)\n  assert (candidate [100; -1; -2; -3; 10; -5] = -6)\n  assert (candidate [10; 11; 13; 8; 3; 4] = 3)\n  assert (candidate [100; -33; 32; -1; 0; -2] = -33)\n  assert (candidate [-10] = -10)\n  assert (candidate [7] = 7)\n  assert (candidate [1; -1] = -1)\n  0\n\ntest()",
      "timestamp": 1675790540,
      "stdout": "",
      "stderr": "\n\n/tmp/tmpesfk9igj.fsx(7,21): error FS0010: Unexpected keyword 'val' in expression\n\n\n\n/tmp/tmpesfk9igj.fsx(13,23): error FS1147: This number is outside the allowable range for 32-bit signed integers\n\n",
      "exit_code": 1,
      "status": "Exception"
    },
    {
      "program": "//Given an array of integers nums, find the minimum sum of any non-empty sub-array\n// of nums.\n// Example\n// minSubArraySum([2, 3, 4, 1, 2, 4]) == 1\n// minSubArraySum([-1, -2, -3]) == -6\nlet minSubArraySum (nums: int list): int  = \n  nums.reduce((sum, val) => sum + val, 0)\nlet test() = \n  let candidate = minSubArraySum\n  assert (candidate [2; 3; 4; 1; 2; 4] = 1)\n  assert (candidate [-1; -2; -3] = -6)\n  assert (candidate [-1; -2; -3; 2; -10] = -14)\n  assert (candidate [-9999999999999999] = -9999999999999999)\n  assert (candidate [0; 10; 20; 1000000] = 0)\n  assert (candidate [-1; -2; -3; 10; -5] = -6)\n  assert (candidate [100; -1; -2; -3; 10; -5] = -6)\n  assert (candidate [10; 11; 13; 8; 3; 4] = 3)\n  assert (candidate [100; -33; 32; -1; 0; -2] = -33)\n  assert (candidate [-10] = -10)\n  assert (candidate [7] = 7)\n  assert (candidate [1; -1] = -1)\n  0\n\ntest()",
      "timestamp": 1675790540,
      "stdout": "",
      "stderr": "\n\n/tmp/tmpesfk9igj.fsx(7,21): error FS0010: Unexpected keyword 'val' in expression\n\n\n\n/tmp/tmpesfk9igj.fsx(13,23): error FS1147: This number is outside the allowable range for 32-bit signed integers\n\n",
      "exit_code": 1,
      "status": "Exception"
    }
  ]
}