{
  "name": "HumanEval_27_flip_case",
  "language": "fs",
  "prompt": "//For a given string, flip lowercase characters to uppercase and uppercase to lowercase.\n// >>> flip_case('Hello')\n// 'hELLO'\nlet flip_case (string: string): string  = \n",
  "tests": "let test() = \n  let candidate = flip_case\n  assert (candidate \"\" = \"\")\n  assert (candidate \"Hello!\" = \"hELLO!\")\n  assert (candidate \"These violent delights have violent ends\" = \"tHESE VIOLENT DELIGHTS HAVE VIOLENT ENDS\")\n  0\n\ntest()",
  "stop_tokens": [
    "\n(*",
    "\n//",
    "\ntype",
    "\n\n"
  ],
  "results": [
    {
      "program": "//For a given string, flip lowercase characters to uppercase and uppercase to lowercase.\n// >>> flip_case('Hello')\n// 'hELLO'\nlet flip_case (string: string): string  = \n  string.toLowerCase()\n  .toUpperCase()\n  .toLowerCase()\n  .toUpperCase()\n  .toLowerCase();\nlet test() = \n  let candidate = flip_case\n  assert (candidate \"\" = \"\")\n  assert (candidate \"Hello!\" = \"hELLO!\")\n  assert (candidate \"These violent delights have violent ends\" = \"tHESE VIOLENT DELIGHTS HAVE VIOLENT ENDS\")\n  0\n\ntest()",
      "timestamp": 1675795274,
      "stdout": "",
      "stderr": "\n\n/tmp/tmpd889odql.fsx(6,3): error FS0010: Unexpected symbol '.' in binding. Expected incomplete structured construct at or before this point or other token.\n\n",
      "exit_code": 1,
      "status": "Exception"
    },
    {
      "program": "//For a given string, flip lowercase characters to uppercase and uppercase to lowercase.\n// >>> flip_case('Hello')\n// 'hELLO'\nlet flip_case (string: string): string  = \n  string.toLowerCase()\n  .toUpperCase()\n  .toLowerCase();\nlet test() = \n  let candidate = flip_case\n  assert (candidate \"\" = \"\")\n  assert (candidate \"Hello!\" = \"hELLO!\")\n  assert (candidate \"These violent delights have violent ends\" = \"tHESE VIOLENT DELIGHTS HAVE VIOLENT ENDS\")\n  0\n\ntest()",
      "timestamp": 1675795274,
      "stdout": "",
      "stderr": "\n\n/tmp/tmpgfv3yjwk.fsx(6,3): error FS0010: Unexpected symbol '.' in binding. Expected incomplete structured construct at or before this point or other token.\n\n",
      "exit_code": 1,
      "status": "Exception"
    },
    {
      "program": "//For a given string, flip lowercase characters to uppercase and uppercase to lowercase.\n// >>> flip_case('Hello')\n// 'hELLO'\nlet flip_case (string: string): string  = \n  string.toLowerCase()\n  .toUpperCase()\n  .toLowerCase()\n  .toUpperCase();\nlet test() = \n  let candidate = flip_case\n  assert (candidate \"\" = \"\")\n  assert (candidate \"Hello!\" = \"hELLO!\")\n  assert (candidate \"These violent delights have violent ends\" = \"tHESE VIOLENT DELIGHTS HAVE VIOLENT ENDS\")\n  0\n\ntest()",
      "timestamp": 1675795274,
      "stdout": "",
      "stderr": "\n\n/tmp/tmp8ey9_h9c.fsx(6,3): error FS0010: Unexpected symbol '.' in binding. Expected incomplete structured construct at or before this point or other token.\n\n",
      "exit_code": 1,
      "status": "Exception"
    },
    {
      "program": "//For a given string, flip lowercase characters to uppercase and uppercase to lowercase.\n// >>> flip_case('Hello')\n// 'hELLO'\nlet flip_case (string: string): string  = \n  string.toLowerCase().toUpperCase()\nlet test() = \n  let candidate = flip_case\n  assert (candidate \"\" = \"\")\n  assert (candidate \"Hello!\" = \"hELLO!\")\n  assert (candidate \"These violent delights have violent ends\" = \"tHESE VIOLENT DELIGHTS HAVE VIOLENT ENDS\")\n  0\n\ntest()",
      "timestamp": 1675795274,
      "stdout": "",
      "stderr": "\n\n/tmp/tmp8rkw7y5m.fsx(5,10): error FS0039: The type 'String' does not define the field, constructor or member 'toLowerCase'. Maybe you want one of the following:\n   ToLower\n   ToLowerInvariant\n\n",
      "exit_code": 1,
      "status": "Exception"
    },
    {
      "program": "//For a given string, flip lowercase characters to uppercase and uppercase to lowercase.\n// >>> flip_case('Hello')\n// 'hELLO'\nlet flip_case (string: string): string  = \n  string.toLowerCase()\n  .toUpperCase()\n  .toLowerCase();\nlet test() = \n  let candidate = flip_case\n  assert (candidate \"\" = \"\")\n  assert (candidate \"Hello!\" = \"hELLO!\")\n  assert (candidate \"These violent delights have violent ends\" = \"tHESE VIOLENT DELIGHTS HAVE VIOLENT ENDS\")\n  0\n\ntest()",
      "timestamp": 1675795274,
      "stdout": "",
      "stderr": "\n\n/tmp/tmpgfv3yjwk.fsx(6,3): error FS0010: Unexpected symbol '.' in binding. Expected incomplete structured construct at or before this point or other token.\n\n",
      "exit_code": 1,
      "status": "Exception"
    },
    {
      "program": "//For a given string, flip lowercase characters to uppercase and uppercase to lowercase.\n// >>> flip_case('Hello')\n// 'hELLO'\nlet flip_case (string: string): string  = \n  string.toLowerCase()\n  .toUpperCase()\n  .toLowerCase()\n  .toUpperCase();\nlet test() = \n  let candidate = flip_case\n  assert (candidate \"\" = \"\")\n  assert (candidate \"Hello!\" = \"hELLO!\")\n  assert (candidate \"These violent delights have violent ends\" = \"tHESE VIOLENT DELIGHTS HAVE VIOLENT ENDS\")\n  0\n\ntest()",
      "timestamp": 1675795274,
      "stdout": "",
      "stderr": "\n\n/tmp/tmp8ey9_h9c.fsx(6,3): error FS0010: Unexpected symbol '.' in binding. Expected incomplete structured construct at or before this point or other token.\n\n",
      "exit_code": 1,
      "status": "Exception"
    },
    {
      "program": "//For a given string, flip lowercase characters to uppercase and uppercase to lowercase.\n// >>> flip_case('Hello')\n// 'hELLO'\nlet flip_case (string: string): string  = \n  string.toLowerCase()\n  .toUpperCase()\n  .toLowerCase();\nlet test() = \n  let candidate = flip_case\n  assert (candidate \"\" = \"\")\n  assert (candidate \"Hello!\" = \"hELLO!\")\n  assert (candidate \"These violent delights have violent ends\" = \"tHESE VIOLENT DELIGHTS HAVE VIOLENT ENDS\")\n  0\n\ntest()",
      "timestamp": 1675795274,
      "stdout": "",
      "stderr": "\n\n/tmp/tmpgfv3yjwk.fsx(6,3): error FS0010: Unexpected symbol '.' in binding. Expected incomplete structured construct at or before this point or other token.\n\n",
      "exit_code": 1,
      "status": "Exception"
    },
    {
      "program": "//For a given string, flip lowercase characters to uppercase and uppercase to lowercase.\n// >>> flip_case('Hello')\n// 'hELLO'\nlet flip_case (string: string): string  = \n  string.toLowerCase()\n  .toUpperCase()\n  .toLowerCase()\n  .toUpperCase();\nlet test() = \n  let candidate = flip_case\n  assert (candidate \"\" = \"\")\n  assert (candidate \"Hello!\" = \"hELLO!\")\n  assert (candidate \"These violent delights have violent ends\" = \"tHESE VIOLENT DELIGHTS HAVE VIOLENT ENDS\")\n  0\n\ntest()",
      "timestamp": 1675795274,
      "stdout": "",
      "stderr": "\n\n/tmp/tmp8ey9_h9c.fsx(6,3): error FS0010: Unexpected symbol '.' in binding. Expected incomplete structured construct at or before this point or other token.\n\n",
      "exit_code": 1,
      "status": "Exception"
    },
    {
      "program": "//For a given string, flip lowercase characters to uppercase and uppercase to lowercase.\n// >>> flip_case('Hello')\n// 'hELLO'\nlet flip_case (string: string): string  = \n  string.toLowerCase().toUpperCase().toLowerCase();\nlet test() = \n  let candidate = flip_case\n  assert (candidate \"\" = \"\")\n  assert (candidate \"Hello!\" = \"hELLO!\")\n  assert (candidate \"These violent delights have violent ends\" = \"tHESE VIOLENT DELIGHTS HAVE VIOLENT ENDS\")\n  0\n\ntest()",
      "timestamp": 1675795274,
      "stdout": "",
      "stderr": "\n\n/tmp/tmpdznxky43.fsx(5,10): error FS0039: The type 'String' does not define the field, constructor or member 'toLowerCase'. Maybe you want one of the following:\n   ToLower\n   ToLowerInvariant\n\n",
      "exit_code": 1,
      "status": "Exception"
    },
    {
      "program": "//For a given string, flip lowercase characters to uppercase and uppercase to lowercase.\n// >>> flip_case('Hello')\n// 'hELLO'\nlet flip_case (string: string): string  = \n  string.toLowerCase()\n  .toUpperCase()\n  .toLowerCase()\nlet test() = \n  let candidate = flip_case\n  assert (candidate \"\" = \"\")\n  assert (candidate \"Hello!\" = \"hELLO!\")\n  assert (candidate \"These violent delights have violent ends\" = \"tHESE VIOLENT DELIGHTS HAVE VIOLENT ENDS\")\n  0\n\ntest()",
      "timestamp": 1675795274,
      "stdout": "",
      "stderr": "\n\n/tmp/tmpr5ams1fq.fsx(6,3): error FS0010: Unexpected symbol '.' in binding. Expected incomplete structured construct at or before this point or other token.\n\n",
      "exit_code": 1,
      "status": "Exception"
    },
    {
      "program": "//For a given string, flip lowercase characters to uppercase and uppercase to lowercase.\n// >>> flip_case('Hello')\n// 'hELLO'\nlet flip_case (string: string): string  = \n  string.toLowerCase().toUpperCase().toLowerCase();\nlet test() = \n  let candidate = flip_case\n  assert (candidate \"\" = \"\")\n  assert (candidate \"Hello!\" = \"hELLO!\")\n  assert (candidate \"These violent delights have violent ends\" = \"tHESE VIOLENT DELIGHTS HAVE VIOLENT ENDS\")\n  0\n\ntest()",
      "timestamp": 1675795274,
      "stdout": "",
      "stderr": "\n\n/tmp/tmpdznxky43.fsx(5,10): error FS0039: The type 'String' does not define the field, constructor or member 'toLowerCase'. Maybe you want one of the following:\n   ToLower\n   ToLowerInvariant\n\n",
      "exit_code": 1,
      "status": "Exception"
    },
    {
      "program": "//For a given string, flip lowercase characters to uppercase and uppercase to lowercase.\n// >>> flip_case('Hello')\n// 'hELLO'\nlet flip_case (string: string): string  = \n  string.toLowerCase().toUpperCase().toLowerCase();\nlet test() = \n  let candidate = flip_case\n  assert (candidate \"\" = \"\")\n  assert (candidate \"Hello!\" = \"hELLO!\")\n  assert (candidate \"These violent delights have violent ends\" = \"tHESE VIOLENT DELIGHTS HAVE VIOLENT ENDS\")\n  0\n\ntest()",
      "timestamp": 1675795274,
      "stdout": "",
      "stderr": "\n\n/tmp/tmpdznxky43.fsx(5,10): error FS0039: The type 'String' does not define the field, constructor or member 'toLowerCase'. Maybe you want one of the following:\n   ToLower\n   ToLowerInvariant\n\n",
      "exit_code": 1,
      "status": "Exception"
    },
    {
      "program": "//For a given string, flip lowercase characters to uppercase and uppercase to lowercase.\n// >>> flip_case('Hello')\n// 'hELLO'\nlet flip_case (string: string): string  = \n  string.toLowerCase()\n  .toUpperCase()\n  .toLowerCase();\nlet test() = \n  let candidate = flip_case\n  assert (candidate \"\" = \"\")\n  assert (candidate \"Hello!\" = \"hELLO!\")\n  assert (candidate \"These violent delights have violent ends\" = \"tHESE VIOLENT DELIGHTS HAVE VIOLENT ENDS\")\n  0\n\ntest()",
      "timestamp": 1675795274,
      "stdout": "",
      "stderr": "\n\n/tmp/tmpgfv3yjwk.fsx(6,3): error FS0010: Unexpected symbol '.' in binding. Expected incomplete structured construct at or before this point or other token.\n\n",
      "exit_code": 1,
      "status": "Exception"
    },
    {
      "program": "//For a given string, flip lowercase characters to uppercase and uppercase to lowercase.\n// >>> flip_case('Hello')\n// 'hELLO'\nlet flip_case (string: string): string  = \n  string.toLowerCase().toUpperCase()\nlet test() = \n  let candidate = flip_case\n  assert (candidate \"\" = \"\")\n  assert (candidate \"Hello!\" = \"hELLO!\")\n  assert (candidate \"These violent delights have violent ends\" = \"tHESE VIOLENT DELIGHTS HAVE VIOLENT ENDS\")\n  0\n\ntest()",
      "timestamp": 1675795274,
      "stdout": "",
      "stderr": "\n\n/tmp/tmp8rkw7y5m.fsx(5,10): error FS0039: The type 'String' does not define the field, constructor or member 'toLowerCase'. Maybe you want one of the following:\n   ToLower\n   ToLowerInvariant\n\n",
      "exit_code": 1,
      "status": "Exception"
    },
    {
      "program": "//For a given string, flip lowercase characters to uppercase and uppercase to lowercase.\n// >>> flip_case('Hello')\n// 'hELLO'\nlet flip_case (string: string): string  = \n  string.toLowerCase()\n  .toUpperCase()\n  .toLowerCase();\nlet test() = \n  let candidate = flip_case\n  assert (candidate \"\" = \"\")\n  assert (candidate \"Hello!\" = \"hELLO!\")\n  assert (candidate \"These violent delights have violent ends\" = \"tHESE VIOLENT DELIGHTS HAVE VIOLENT ENDS\")\n  0\n\ntest()",
      "timestamp": 1675795274,
      "stdout": "",
      "stderr": "\n\n/tmp/tmpgfv3yjwk.fsx(6,3): error FS0010: Unexpected symbol '.' in binding. Expected incomplete structured construct at or before this point or other token.\n\n",
      "exit_code": 1,
      "status": "Exception"
    },
    {
      "program": "//For a given string, flip lowercase characters to uppercase and uppercase to lowercase.\n// >>> flip_case('Hello')\n// 'hELLO'\nlet flip_case (string: string): string  = \n  string.toLowerCase()\n  .toUpperCase()\n  .toLowerCase()\n  .toUpperCase();\nlet test() = \n  let candidate = flip_case\n  assert (candidate \"\" = \"\")\n  assert (candidate \"Hello!\" = \"hELLO!\")\n  assert (candidate \"These violent delights have violent ends\" = \"tHESE VIOLENT DELIGHTS HAVE VIOLENT ENDS\")\n  0\n\ntest()",
      "timestamp": 1675795274,
      "stdout": "",
      "stderr": "\n\n/tmp/tmp8ey9_h9c.fsx(6,3): error FS0010: Unexpected symbol '.' in binding. Expected incomplete structured construct at or before this point or other token.\n\n",
      "exit_code": 1,
      "status": "Exception"
    },
    {
      "program": "//For a given string, flip lowercase characters to uppercase and uppercase to lowercase.\n// >>> flip_case('Hello')\n// 'hELLO'\nlet flip_case (string: string): string  = \n  string.toLowerCase()\n  .toUpperCase()\n  .toLowerCase();\nlet test() = \n  let candidate = flip_case\n  assert (candidate \"\" = \"\")\n  assert (candidate \"Hello!\" = \"hELLO!\")\n  assert (candidate \"These violent delights have violent ends\" = \"tHESE VIOLENT DELIGHTS HAVE VIOLENT ENDS\")\n  0\n\ntest()",
      "timestamp": 1675795274,
      "stdout": "",
      "stderr": "\n\n/tmp/tmpgfv3yjwk.fsx(6,3): error FS0010: Unexpected symbol '.' in binding. Expected incomplete structured construct at or before this point or other token.\n\n",
      "exit_code": 1,
      "status": "Exception"
    },
    {
      "program": "//For a given string, flip lowercase characters to uppercase and uppercase to lowercase.\n// >>> flip_case('Hello')\n// 'hELLO'\nlet flip_case (string: string): string  = \n    string.toLowerCase()\n    .toUpperCase()\n    .toLowerCase()\n    .toUpperCase();\nlet test() = \n  let candidate = flip_case\n  assert (candidate \"\" = \"\")\n  assert (candidate \"Hello!\" = \"hELLO!\")\n  assert (candidate \"These violent delights have violent ends\" = \"tHESE VIOLENT DELIGHTS HAVE VIOLENT ENDS\")\n  0\n\ntest()",
      "timestamp": 1675795274,
      "stdout": "",
      "stderr": "\n\n/tmp/tmpizckd8q1.fsx(6,5): error FS0010: Unexpected symbol '.' in binding. Expected incomplete structured construct at or before this point or other token.\n\n",
      "exit_code": 1,
      "status": "Exception"
    },
    {
      "program": "//For a given string, flip lowercase characters to uppercase and uppercase to lowercase.\n// >>> flip_case('Hello')\n// 'hELLO'\nlet flip_case (string: string): string  = \n  string.toLowerCase()\n  .toUpperCase()\n  .toLowerCase();\nlet test() = \n  let candidate = flip_case\n  assert (candidate \"\" = \"\")\n  assert (candidate \"Hello!\" = \"hELLO!\")\n  assert (candidate \"These violent delights have violent ends\" = \"tHESE VIOLENT DELIGHTS HAVE VIOLENT ENDS\")\n  0\n\ntest()",
      "timestamp": 1675795274,
      "stdout": "",
      "stderr": "\n\n/tmp/tmpgfv3yjwk.fsx(6,3): error FS0010: Unexpected symbol '.' in binding. Expected incomplete structured construct at or before this point or other token.\n\n",
      "exit_code": 1,
      "status": "Exception"
    },
    {
      "program": "//For a given string, flip lowercase characters to uppercase and uppercase to lowercase.\n// >>> flip_case('Hello')\n// 'hELLO'\nlet flip_case (string: string): string  = \n  string.toLowerCase()\n  .toUpperCase()\n  .toLowerCase();\nlet test() = \n  let candidate = flip_case\n  assert (candidate \"\" = \"\")\n  assert (candidate \"Hello!\" = \"hELLO!\")\n  assert (candidate \"These violent delights have violent ends\" = \"tHESE VIOLENT DELIGHTS HAVE VIOLENT ENDS\")\n  0\n\ntest()",
      "timestamp": 1675795274,
      "stdout": "",
      "stderr": "\n\n/tmp/tmpgfv3yjwk.fsx(6,3): error FS0010: Unexpected symbol '.' in binding. Expected incomplete structured construct at or before this point or other token.\n\n",
      "exit_code": 1,
      "status": "Exception"
    }
  ]
}