{
  "name": "HumanEval_138_is_equal_to_sum_even",
  "language": "fs",
  "prompt": "//Evaluate whether the given number n can be written as the sum of exactly 4 positive even numbers\n// Example\n// is_equal_to_sum_even(4) == False\n// is_equal_to_sum_even(6) == False\n// is_equal_to_sum_even(8) == True\nlet is_equal_to_sum_even n = \n",
  "tests": "let test() = \n  let candidate = is_equal_to_sum_even\n  assert (candidate 4 = false)\n  assert (candidate 6 = false)\n  assert (candidate 8 = true)\n  assert (candidate 10 = true)\n  assert (candidate 11 = false)\n  assert (candidate 12 = true)\n  assert (candidate 13 = false)\n  assert (candidate 16 = true)\n  0\n\ntest()",
  "stop_tokens": [
    "\n(*",
    "\n//",
    "\ntype",
    "\n\n"
  ],
  "results": [
    {
      "program": "//Evaluate whether the given number n can be written as the sum of exactly 4 positive even numbers\n// Example\n// is_equal_to_sum_even(4) == False\n// is_equal_to_sum_even(6) == False\n// is_equal_to_sum_even(8) == True\nlet is_equal_to_sum_even n = \n    is_equal_to_sum_even(4)\nlet is_equal_to_sum_even_2 = is_equal_to_sum_even(6)\nlet is_equal_to_sum_even_3 = is_equal_to_sum_even(8)\nlet test() = \n  let candidate = is_equal_to_sum_even\n  assert (candidate 4 = false)\n  assert (candidate 6 = false)\n  assert (candidate 8 = true)\n  assert (candidate 10 = true)\n  assert (candidate 11 = false)\n  assert (candidate 12 = true)\n  assert (candidate 13 = false)\n  assert (candidate 16 = true)\n  0\n\ntest()",
      "timestamp": 1675797084,
      "stdout": "",
      "stderr": "\n\n/tmp/tmpa4m6g0zs.fsx(7,5): error FS0039: The value or constructor 'is_equal_to_sum_even' is not defined.\n\n",
      "exit_code": 1,
      "status": "Exception"
    },
    {
      "program": "//Evaluate whether the given number n can be written as the sum of exactly 4 positive even numbers\n// Example\n// is_equal_to_sum_even(4) == False\n// is_equal_to_sum_even(6) == False\n// is_equal_to_sum_even(8) == True\nlet is_equal_to_sum_even n = \n\tis_equal_to_sum_even(4) == True\nlet is_equal_to_sum_even n2 = \n\tis_equal_to_sum_even(6) == True\nlet is_equal_to_sum_even n3 = \n\tis_equal_to_sum_even(8) == True\nlet test() = \n  let candidate = is_equal_to_sum_even\n  assert (candidate 4 = false)\n  assert (candidate 6 = false)\n  assert (candidate 8 = true)\n  assert (candidate 10 = true)\n  assert (candidate 11 = false)\n  assert (candidate 12 = true)\n  assert (candidate 13 = false)\n  assert (candidate 16 = true)\n  0\n\ntest()",
      "timestamp": 1675797084,
      "stdout": "",
      "stderr": "\n\n/tmp/tmp5wuyi2ru.fsx(7,1): error FS1161: TABs are not allowed in F# code unless the #indent \"off\" option is used\n\n\n\n/tmp/tmp5wuyi2ru.fsx(8,1): error FS1161: TABs are not allowed in F# code unless the #indent \"off\" option is used\n\n",
      "exit_code": 1,
      "status": "Exception"
    },
    {
      "program": "//Evaluate whether the given number n can be written as the sum of exactly 4 positive even numbers\n// Example\n// is_equal_to_sum_even(4) == False\n// is_equal_to_sum_even(6) == False\n// is_equal_to_sum_even(8) == True\nlet is_equal_to_sum_even n = \n\t(n > 0) ? \n\t\t(n % 2 == 0) :\n\t\t(n % 2 == 1)\nlet is_equal_to_sum_even_result = \n\t(is_equal_to_sum_even(n))\nlet is_equal_to_sum_even_result_value = \n\t(is_equal_to_sum_even_result)\nlet test() = \n  let candidate = is_equal_to_sum_even\n  assert (candidate 4 = false)\n  assert (candidate 6 = false)\n  assert (candidate 8 = true)\n  assert (candidate 10 = true)\n  assert (candidate 11 = false)\n  assert (candidate 12 = true)\n  assert (candidate 13 = false)\n  assert (candidate 16 = true)\n  0\n\ntest()",
      "timestamp": 1675797084,
      "stdout": "",
      "stderr": "\n\n/tmp/tmp90qdfl_l.fsx(7,1): error FS1161: TABs are not allowed in F# code unless the #indent \"off\" option is used\n\n\n\n/tmp/tmp90qdfl_l.fsx(7,1): error FS1161: TABs are not allowed in F# code unless the #indent \"off\" option is used\n\n",
      "exit_code": 1,
      "status": "Exception"
    },
    {
      "program": "//Evaluate whether the given number n can be written as the sum of exactly 4 positive even numbers\n// Example\n// is_equal_to_sum_even(4) == False\n// is_equal_to_sum_even(6) == False\n// is_equal_to_sum_even(8) == True\nlet is_equal_to_sum_even n = \n  (n % 2 == 0)\n  && (n % 4 == 0)\n  && (n % 6 == 0)\n  && (n % 8 == 0)\n  && (n % 10 == 0)\n  && (n % 100 == 0)\n  && (n % 1000 == 0)\n  && (n % 10000 == 0)\n  && (n % 100000 == 0)\n  && (n % 1000000 == 0)\n  && (n % 10000000 == 0)\n  && (n % 100000000 == 0)\n  && (n % 1000000000 == 0)\n  && (n % 10000000000 == 0)\n  && (n % 100000000000 == 0)\n  && (n % 1000000000000 == 0)\n  && (n % 10000000000000 == 0)\n  && (n % 100000000000000 == 0)\n  && (n % 1000000000000000 == 0)\n  && (n % 10000000000000000 == 0)\n  && (n % 100000000000000000 == 0)\n  && (n % 1000000000000000000 == 0)\n  && (n % 100000000000000000 == 0)\n  && (n % 1000000000000000000 == 0)\n  && (n % 100000000000000000 == 0)\n  && (n % 1000000000000000000 == 0)\n  && (n % 100000000000000000 == 0)\n  && (n % 1000000000000000000 == 0)\n  && (n % 100000000000000000 == 0)\n  && (n % 1000000000000000000 == 0)\n  && (n % 100000000000000000 == 0)\n  && (n % 1000000000000000000 == 0)\n  && (n % 100000000000000000 == 0)\n  && (n % 1000000000000000000 == 0)\n  && (n % 100000000000000000 == 0)\n  && (n % 1000000000000000000 == 0)\n  && (n % 100000000000000000 == 0)\n  && (n % 1000000000000000000 == 0)\n  && (n % 100000000000000000 == 0)\n  && (n % 1000000000000000000 == 0)\n  && (n % 100000000000000000 == 0)\n  && (n % 1000000000000000000 == 0)\n  && (n % 100000000000000000 == 0)\n  && (n % 1000000000000000000 == 0)\n  && (n % 100000000000000000 == 0)\n  && (n % 1000000000000000000\nlet test() = \n  let candidate = is_equal_to_sum_even\n  assert (candidate 4 = false)\n  assert (candidate 6 = false)\n  assert (candidate 8 = true)\n  assert (candidate 10 = true)\n  assert (candidate 11 = false)\n  assert (candidate 12 = true)\n  assert (candidate 13 = false)\n  assert (candidate 16 = true)\n  0\n\ntest()",
      "timestamp": 1675797084,
      "stdout": "",
      "stderr": "\n\n/tmp/tmpcxxi51y7.fsx(20,11): error FS1147: This number is outside the allowable range for 32-bit signed integers\n\n\n\n/tmp/tmpcxxi51y7.fsx(21,11): error FS1147: This number is outside the allowable range for 32-bit signed integers\n\n",
      "exit_code": 1,
      "status": "Exception"
    },
    {
      "program": "//Evaluate whether the given number n can be written as the sum of exactly 4 positive even numbers\n// Example\n// is_equal_to_sum_even(4) == False\n// is_equal_to_sum_even(6) == False\n// is_equal_to_sum_even(8) == True\nlet is_equal_to_sum_even n = \n    is_equal_to_sum_even(4)\nlet is_equal_to_sum_even_2 = \n    is_equal_to_sum_even(6)\nlet is_equal_to_sum_even_3 = \n    is_equal_to_sum_even(8)\nlet test() = \n  let candidate = is_equal_to_sum_even\n  assert (candidate 4 = false)\n  assert (candidate 6 = false)\n  assert (candidate 8 = true)\n  assert (candidate 10 = true)\n  assert (candidate 11 = false)\n  assert (candidate 12 = true)\n  assert (candidate 13 = false)\n  assert (candidate 16 = true)\n  0\n\ntest()",
      "timestamp": 1675797084,
      "stdout": "",
      "stderr": "\n\n/tmp/tmptsu0s_o2.fsx(7,5): error FS0039: The value or constructor 'is_equal_to_sum_even' is not defined.\n\n",
      "exit_code": 1,
      "status": "Exception"
    },
    {
      "program": "//Evaluate whether the given number n can be written as the sum of exactly 4 positive even numbers\n// Example\n// is_equal_to_sum_even(4) == False\n// is_equal_to_sum_even(6) == False\n// is_equal_to_sum_even(8) == True\nlet is_equal_to_sum_even n = \n    is_equal_to_sum_even(4)\nlet sum_even = is_equal_to_sum_even(6)\nlet sum_even_2 = is_equal_to_sum_even(8)\nlet test() = \n  let candidate = is_equal_to_sum_even\n  assert (candidate 4 = false)\n  assert (candidate 6 = false)\n  assert (candidate 8 = true)\n  assert (candidate 10 = true)\n  assert (candidate 11 = false)\n  assert (candidate 12 = true)\n  assert (candidate 13 = false)\n  assert (candidate 16 = true)\n  0\n\ntest()",
      "timestamp": 1675797084,
      "stdout": "",
      "stderr": "\n\n/tmp/tmpsrhhbivf.fsx(7,5): error FS0039: The value or constructor 'is_equal_to_sum_even' is not defined.\n\n",
      "exit_code": 1,
      "status": "Exception"
    },
    {
      "program": "//Evaluate whether the given number n can be written as the sum of exactly 4 positive even numbers\n// Example\n// is_equal_to_sum_even(4) == False\n// is_equal_to_sum_even(6) == False\n// is_equal_to_sum_even(8) == True\nlet is_equal_to_sum_even n = \n\t(n % 2 == 0)\n\t&& (n % 3 == 0)\n\t&& (n % 5 == 0)\n\t&& (n % 7 == 0)\n\t&& (n % 11 == 0)\n\t&& (n % 13 == 0)\n\t&& (n % 17 == 0)\n\t&& (n % 19 == 0)\n\t&& (n % 23 == 0)\n\t&& (n % 29 == 0)\n\t&& (n % 31 == 0)\n\t&& (n % 37 == 0)\n\t&& (n % 41 == 0)\n\t&& (n % 43 == 0)\n\t&& (n % 47 == 0)\n\t&& (n % 53 == 0)\n\t&& (n % 59 == 0)\n\t&& (n % 61 == 0)\n\t&& (n % 67 == 0)\n\t&& (n % 71 == 0)\n\t&& (n % 73 == 0)\n\t&& (n % 79 == 0)\n\t&& (n % 83 == 0)\n\t&& (n % 89 == 0)\n\t&& (n % 97 == 0)\n\t&& (n % 101 == 0)\n\t&& (n % 103 == 0)\n\t&& (n % 107 == 0)\n\t&& (n % 109 == 0)\n\t&& (n % 113 == 0)\n\t&& (n % 127 == 0)\n\t&& (n % 131 == 0)\n\t&& (n % 137 == 0)\n\t&& (n % 139 == 0)\n\t&& (n % 143 == 0)\n\t&& (n % 147 == 0)\n\t&& (n % 149 == 0)\n\t&& (n % 151 == 0)\n\t&& (n % 157 == 0)\n\t&& (n % 163 == 0)\n\t&& (n % 167 == 0)\n\t&& (n % 169 == 0)\n\t&& (n % 171 == 0)\n\t&& (n % 177 == 0)\n\t&& (n % 181 == 0)\n\t&& (n % 187 == 0)\n\t&& (n % 191 == 0)\n\t&& (n % 193 == 0)\n\t&& (n % 197 == 0)\n\t&& (n % 199 == 0)\n\t&& (n % 211 == 0)\n\t&& (\nlet test() = \n  let candidate = is_equal_to_sum_even\n  assert (candidate 4 = false)\n  assert (candidate 6 = false)\n  assert (candidate 8 = true)\n  assert (candidate 10 = true)\n  assert (candidate 11 = false)\n  assert (candidate 12 = true)\n  assert (candidate 13 = false)\n  assert (candidate 16 = true)\n  0\n\ntest()",
      "timestamp": 1675797084,
      "stdout": "",
      "stderr": "\n\n/tmp/tmpyr3p8efa.fsx(7,1): error FS1161: TABs are not allowed in F# code unless the #indent \"off\" option is used\n\n\n\n/tmp/tmpyr3p8efa.fsx(7,1): error FS1161: TABs are not allowed in F# code unless the #indent \"off\" option is used\n\n",
      "exit_code": 1,
      "status": "Exception"
    },
    {
      "program": "//Evaluate whether the given number n can be written as the sum of exactly 4 positive even numbers\n// Example\n// is_equal_to_sum_even(4) == False\n// is_equal_to_sum_even(6) == False\n// is_equal_to_sum_even(8) == True\nlet is_equal_to_sum_even n = \n  is_equal_to_sum_even(4)\n  is_equal_to_sum_even(6)\n  is_equal_to_sum_even(8)\nlet test() = \n  let candidate = is_equal_to_sum_even\n  assert (candidate 4 = false)\n  assert (candidate 6 = false)\n  assert (candidate 8 = true)\n  assert (candidate 10 = true)\n  assert (candidate 11 = false)\n  assert (candidate 12 = true)\n  assert (candidate 13 = false)\n  assert (candidate 16 = true)\n  0\n\ntest()",
      "timestamp": 1675797084,
      "stdout": "",
      "stderr": "\n\n/tmp/tmpross_zcd.fsx(7,3): error FS0039: The value or constructor 'is_equal_to_sum_even' is not defined.\n\n",
      "exit_code": 1,
      "status": "Exception"
    },
    {
      "program": "//Evaluate whether the given number n can be written as the sum of exactly 4 positive even numbers\n// Example\n// is_equal_to_sum_even(4) == False\n// is_equal_to_sum_even(6) == False\n// is_equal_to_sum_even(8) == True\nlet is_equal_to_sum_even n = \n\t(n % 2) == 0\n\t&& (n % 3) == 0\n\t&& (n % 5) == 0\n\t&& (n % 7) == 0\n\t&& (n % 11) == 0\n\t&& (n % 13) == 0\n\t&& (n % 17) == 0\n\t&& (n % 19) == 0\n\t&& (n % 23) == 0\n\t&& (n % 29) == 0\n\t&& (n % 31) == 0\n\t&& (n % 37) == 0\n\t&& (n % 41) == 0\n\t&& (n % 43) == 0\n\t&& (n % 47) == 0\n\t&& (n % 53) == 0\n\t&& (n % 59) == 0\n\t&& (n % 61) == 0\n\t&& (n % 67) == 0\n\t&& (n % 71) == 0\n\t&& (n % 73) == 0\n\t&& (n % 79) == 0\n\t&& (n % 81) == 0\n\t&& (n % 83) == 0\n\t&& (n % 89) == 0\n\t&& (n % 91) == 0\n\t&& (n % 93) == 0\n\t&& (n % 97) == 0\n\t&& (n % 101) == 0\n\t&& (n % 103) == 0\n\t&& (n % 107) == 0\n\t&& (n % 109) == 0\n\t&& (n % 113) == 0\n\t&& (n % 127) == 0\n\t&& (n % 131) == 0\n\t&& (n % 137) == 0\n\t&& (n % 139) == 0\n\t&& (n % 151) == 0\n\t&& (n % 157) == 0\n\t&& (n % 163) == 0\n\t&& (n % 167) == 0\n\t&& (n % 169) == 0\n\t&& (n % 171) == 0\n\t&& (n % 177) == 0\n\t&& (n % 181) == 0\n\t&& (n % 191) == 0\n\t&& (n % 193) == 0\n\t&& (n % 197) == 0\n\t&& (n % 199) == 0\n\t&& (n % 211) == 0\n\t&& (n % 223) == 0\n\t&& (\nlet test() = \n  let candidate = is_equal_to_sum_even\n  assert (candidate 4 = false)\n  assert (candidate 6 = false)\n  assert (candidate 8 = true)\n  assert (candidate 10 = true)\n  assert (candidate 11 = false)\n  assert (candidate 12 = true)\n  assert (candidate 13 = false)\n  assert (candidate 16 = true)\n  0\n\ntest()",
      "timestamp": 1675797084,
      "stdout": "",
      "stderr": "\n\n/tmp/tmp7nwbfu29.fsx(7,1): error FS1161: TABs are not allowed in F# code unless the #indent \"off\" option is used\n\n\n\n/tmp/tmp7nwbfu29.fsx(7,1): error FS1161: TABs are not allowed in F# code unless the #indent \"off\" option is used\n\n",
      "exit_code": 1,
      "status": "Exception"
    },
    {
      "program": "//Evaluate whether the given number n can be written as the sum of exactly 4 positive even numbers\n// Example\n// is_equal_to_sum_even(4) == False\n// is_equal_to_sum_even(6) == False\n// is_equal_to_sum_even(8) == True\nlet is_equal_to_sum_even n = \n    (n > 0)\n    ? (n % 4 == 0)\n    : (n % 4 == 1)\n    ? (n % 4 == 2)\n    : (n % 4 == 3)\n    ? (n % 4 == 4)\n    : (n % 4 == 5)\n    ? (n % 4 == 6)\n    : (n % 4 == 7)\n    ? (n % 4 == 8)\n    : (n % 4 == 9)\n    ? (n % 4 == 10)\n    : (n % 4 == 11)\n    ? (n % 4 == 12)\n    : (n % 4 == 13)\n    ? (n % 4 == 14)\n    : (n % 4 == 15)\n    ? (n % 4 == 16)\n    : (n % 4 == 17)\n    ? (n % 4 == 18)\n    : (n % 4 == 19)\n    ? (n % 4 == 20)\n    : (n % 4 == 21)\n    ? (n % 4 == 22)\n    : (n % 4 == 23)\n    ? (n % 4 == 24)\n    : (n % 4 == 25)\n    ? (n % 4 == 26)\n    : (n % 4 == 27)\n    ? (n % 4 == 28)\n    : (n % 4 == 29)\n    ? (n % 4 == 30)\n    : (n % 4 == 31)\n    ? (n % 4 == 32)\n    : (n % 4 == 33)\n    ? (n % 4 == 34)\n    : (n % 4 == 35)\n    ? (n % 4 == 36)\n    : (n % 4 == 37)\n    ? (n % 4 == 38)\n    : (n % 4 == 39)\n    ? (n % 4 == 40)\n    : (n % 4 == 41)\n    ? (n % 4 == 42)\n    : (n % 4 == 43)\n    ? (n % 4 == 44)\n    : (n % 4 == 45)\n    ? (n % 4 == 46)\n    : (n % 4 == 47)\n    ? (n % 4 == 48)\n    : (n % 4 == 49)\n    ? (n %\nlet test() = \n  let candidate = is_equal_to_sum_even\n  assert (candidate 4 = false)\n  assert (candidate 6 = false)\n  assert (candidate 8 = true)\n  assert (candidate 10 = true)\n  assert (candidate 11 = false)\n  assert (candidate 12 = true)\n  assert (candidate 13 = false)\n  assert (candidate 16 = true)\n  0\n\ntest()",
      "timestamp": 1675797084,
      "stdout": "",
      "stderr": "\n\n/tmp/tmp4v_1ck__.fsx(8,8): error FS0010: Unexpected identifier in expression\n\n\n\n/tmp/tmp4v_1ck__.fsx(59,1): warning FS0058: Possible incorrect indentation: this token is offside of context started at position (6:1). Try indenting this token further or using standard formatting conventions.\n\n",
      "exit_code": 1,
      "status": "Exception"
    },
    {
      "program": "//Evaluate whether the given number n can be written as the sum of exactly 4 positive even numbers\n// Example\n// is_equal_to_sum_even(4) == False\n// is_equal_to_sum_even(6) == False\n// is_equal_to_sum_even(8) == True\nlet is_equal_to_sum_even n = \n    is_equal_to_sum_even(4)\nlet sum_even = is_equal_to_sum_even(6)\nlet test() = \n  let candidate = is_equal_to_sum_even\n  assert (candidate 4 = false)\n  assert (candidate 6 = false)\n  assert (candidate 8 = true)\n  assert (candidate 10 = true)\n  assert (candidate 11 = false)\n  assert (candidate 12 = true)\n  assert (candidate 13 = false)\n  assert (candidate 16 = true)\n  0\n\ntest()",
      "timestamp": 1675797084,
      "stdout": "",
      "stderr": "\n\n/tmp/tmppb4musey.fsx(7,5): error FS0039: The value or constructor 'is_equal_to_sum_even' is not defined.\n\n",
      "exit_code": 1,
      "status": "Exception"
    },
    {
      "program": "//Evaluate whether the given number n can be written as the sum of exactly 4 positive even numbers\n// Example\n// is_equal_to_sum_even(4) == False\n// is_equal_to_sum_even(6) == False\n// is_equal_to_sum_even(8) == True\nlet is_equal_to_sum_even n = \n  is_equal_to_sum_even(4)\nlet is_equal_to_sum_even_n = is_equal_to_sum_even(n)\nlet test() = \n  let candidate = is_equal_to_sum_even\n  assert (candidate 4 = false)\n  assert (candidate 6 = false)\n  assert (candidate 8 = true)\n  assert (candidate 10 = true)\n  assert (candidate 11 = false)\n  assert (candidate 12 = true)\n  assert (candidate 13 = false)\n  assert (candidate 16 = true)\n  0\n\ntest()",
      "timestamp": 1675797084,
      "stdout": "",
      "stderr": "\n\n/tmp/tmp3hifeyjl.fsx(7,3): error FS0039: The value or constructor 'is_equal_to_sum_even' is not defined.\n\n",
      "exit_code": 1,
      "status": "Exception"
    },
    {
      "program": "//Evaluate whether the given number n can be written as the sum of exactly 4 positive even numbers\n// Example\n// is_equal_to_sum_even(4) == False\n// is_equal_to_sum_even(6) == False\n// is_equal_to_sum_even(8) == True\nlet is_equal_to_sum_even n = \n    (n % 2 == 0) && (n % 3 == 0) && (n % 5 == 0) && (n % 7 == 0) && (n % 9 == 0) && (n % 11 == 0) && (n % 13 == 0) && (n % 17 == 0) && (n % 19 == 0) && (n % 23 == 0) && (n % 29 == 0) && (n % 31 == 0) && (n % 37 == 0) && (n % 41 == 0) && (n % 43 == 0) && (n % 47 == 0) && (n % 53 == 0) && (n % 59 == 0) && (n % 61 == 0) && (n % 67 == 0) && (n % 71 == 0) && (n % 73 == 0) && (n % 79 == 0) && (n % 83 == 0) && (n % 89 == 0) && (n % 97 == 0) && (n % 101 == 0) && (n % 103 == 0) && (n % 107 == 0) && (n % 109 == 0) && (n % 113 == 0) && (n % 127 == 0) && (n % 131 == 0) && (n % 137 == 0) && (n % 139 == 0) && (n % 143 == 0) && (n % 147 == 0) && (n % 151 == 0) && (n % 157 == 0) && (n % 163 == 0) && (n % 167 == 0) && (n % 169 == 0) && (n % 181 == 0) && (n % 191 == 0) && (n % 193 == 0) && (n % 197 == 0) && (n % 199 == 0) && (n % 211 == 0) && (n % 223 == 0) && (n % 227 == 0) && (n % 229 == 0) && (n % 233 == 0) && (n % 239 == 0) && (n % 241 == 0) && (n % 251 == 0) && (n % 257 == 0) && (n % 263 == 0) && (n % 269 == 0) && (n % 271 == 0) && (n % 277 == 0) && (n % 281 == 0) && (n % 283 == 0) && (n % 293 == 0) && (n % 307 == 0)\nlet test() = \n  let candidate = is_equal_to_sum_even\n  assert (candidate 4 = false)\n  assert (candidate 6 = false)\n  assert (candidate 8 = true)\n  assert (candidate 10 = true)\n  assert (candidate 11 = false)\n  assert (candidate 12 = true)\n  assert (candidate 13 = false)\n  assert (candidate 16 = true)\n  0\n\ntest()",
      "timestamp": 1675797084,
      "stdout": "",
      "stderr": "\n\n/tmp/tmp913zhvb4.fsx(7,12): error FS0043: The type 'int' does not support the operator '=='\n\n",
      "exit_code": 1,
      "status": "Exception"
    },
    {
      "program": "//Evaluate whether the given number n can be written as the sum of exactly 4 positive even numbers\n// Example\n// is_equal_to_sum_even(4) == False\n// is_equal_to_sum_even(6) == False\n// is_equal_to_sum_even(8) == True\nlet is_equal_to_sum_even n = \n  (n % 2 == 0)\n  && (n % 3 == 0)\n  && (n % 5 == 0)\n  && (n % 7 == 0)\n  && (n % 9 == 0)\n  && (n % 11 == 0)\n  && (n % 13 == 0)\n  && (n % 17 == 0)\n  && (n % 19 == 0)\n  && (n % 23 == 0)\n  && (n % 29 == 0)\n  && (n % 31 == 0)\n  && (n % 37 == 0)\n  && (n % 41 == 0)\n  && (n % 43 == 0)\n  && (n % 47 == 0)\n  && (n % 53 == 0)\n  && (n % 59 == 0)\n  && (n % 61 == 0)\n  && (n % 67 == 0)\n  && (n % 71 == 0)\n  && (n % 73 == 0)\n  && (n % 79 == 0)\n  && (n % 83 == 0)\n  && (n % 89 == 0)\n  && (n % 97 == 0)\n  && (n % 101 == 0)\n  && (n % 103 == 0)\n  && (n % 107 == 0)\n  && (n % 109 == 0)\n  && (n % 113 == 0)\n  && (n % 127 == 0)\n  && (n % 131 == 0)\n  && (n % 137 == 0)\n  && (n % 139 == 0)\n  && (n % 143 == 0)\n  && (n % 147 == 0)\n  && (n % 151 == 0)\n  && (n % 157 == 0)\n  && (n % 163 == 0)\n  && (n % 167 == 0)\n  && (n % 169 == 0)\n  && (n % 181 == 0)\n  && (n % 191 == 0)\n  && (n % 193 == 0)\n  && (n % 197 == 0)\n  && (n % 199 == 0)\n  && (n % 211 == 0)\n  && (n % 223 == 0)\n  && (n % 227 == 0)\n  && (n % 229 == 0)\n  && (\nlet test() = \n  let candidate = is_equal_to_sum_even\n  assert (candidate 4 = false)\n  assert (candidate 6 = false)\n  assert (candidate 8 = true)\n  assert (candidate 10 = true)\n  assert (candidate 11 = false)\n  assert (candidate 12 = true)\n  assert (candidate 13 = false)\n  assert (candidate 16 = true)\n  0\n\ntest()",
      "timestamp": 1675797084,
      "stdout": "",
      "stderr": "\n\n/tmp/tmp0qxgmuzg.fsx(59,1): warning FS0058: Possible incorrect indentation: this token is offside of context started at position (6:1). Try indenting this token further or using standard formatting conventions.\n\n\n\n/tmp/tmp0qxgmuzg.fsx(59,1): warning FS0058: Possible incorrect indentation: this token is offside of context started at position (6:1). Try indenting this token further or using standard formatting conventions.\n\n\n\n/tmp/tmp0qxgmuzg.fsx(59,1): warning FS0058: Possible incorrect indentation: this token is offside of context started at position (6:1). Try indenting this token further or using standard formatting conventions.\n\n\n\n/tmp/tmp0qxgmuzg.fsx(71,1): warning FS0058: Possible incorrect indentation: this token is offside of context started at position (6:1). Try indenting this token further or using standard formatting conventions.\n\n\n\n/tmp/tmp0qxgmuzg.fsx(71,1): warning FS0058: Possible incorrect indentation: this token is offside of context started at position (6:1). Try indenting this token further or using standard formatting conventions.\n\n\n\n/tmp/tmp0qxgmuzg.fsx(58,6): error FS0583: Unmatched '('\n\n",
      "exit_code": 1,
      "status": "Exception"
    },
    {
      "program": "//Evaluate whether the given number n can be written as the sum of exactly 4 positive even numbers\n// Example\n// is_equal_to_sum_even(4) == False\n// is_equal_to_sum_even(6) == False\n// is_equal_to_sum_even(8) == True\nlet is_equal_to_sum_even n = \n    (n % 2 == 0)\n    ? (n % 4 == 0)\n    : (n % 4 == 1)\n    ? (n % 4 == 2)\n    : (n % 4 == 3)\n    ? (n % 4 == 4)\n    : (n % 4 == 5)\n    ? (n % 4 == 6)\n    : (n % 4 == 7)\n    ? (n % 4 == 8)\n    : (n % 4 == 9)\n    ? (n % 4 == 10)\n    : (n % 4 == 11)\n    ? (n % 4 == 12)\n    : (n % 4 == 13)\n    ? (n % 4 == 14)\n    : (n % 4 == 15)\n    ? (n % 4 == 16)\n    : (n % 4 == 17)\n    ? (n % 4 == 18)\n    : (n % 4 == 19)\n    ? (n % 4 == 20)\n    : (n % 4 == 21)\n    ? (n % 4 == 22)\n    : (n % 4 == 23)\n    ? (n % 4 == 24)\n    : (n % 4 == 25)\n    ? (n % 4 == 26)\n    : (n % 4 == 27)\n    ? (n % 4 == 28)\n    : (n % 4 == 29)\n    ? (n % 4 == 30)\n    : (n % 4 == 31)\n    ? (n % 4 == 32)\n    : (n % 4 == 33)\n    ? (n % 4 == 34)\n    : (n % 4 == 35)\n    ? (n % 4 == 36)\n    : (n % 4 == 37)\n    ? (n % 4 == 38)\n    : (n % 4 == 39)\n    ? (n % 4 == 40)\n    : (n % 4 == 41)\n    ? (n % 4 == 42)\n    : (n % 4 == 43)\n    ? (n % 4 == 44)\n    : (n % 4 == 45)\n    ? (n % 4 == 46)\n    : (n % 4 == 47)\n    ? (n % 4 == 48)\n    : (n % 4 == 49)\n    ? (\nlet test() = \n  let candidate = is_equal_to_sum_even\n  assert (candidate 4 = false)\n  assert (candidate 6 = false)\n  assert (candidate 8 = true)\n  assert (candidate 10 = true)\n  assert (candidate 11 = false)\n  assert (candidate 12 = true)\n  assert (candidate 13 = false)\n  assert (candidate 16 = true)\n  0\n\ntest()",
      "timestamp": 1675797084,
      "stdout": "",
      "stderr": "\n\n/tmp/tmp1qg62xkz.fsx(8,8): error FS0010: Unexpected identifier in expression\n\n\n\n/tmp/tmp1qg62xkz.fsx(59,1): warning FS0058: Possible incorrect indentation: this token is offside of context started at position (6:1). Try indenting this token further or using standard formatting conventions.\n\n\n\n/tmp/tmp1qg62xkz.fsx(59,1): warning FS0058: Possible incorrect indentation: this token is offside of context started at position (6:1). Try indenting this token further or using standard formatting conventions.\n\n\n\n/tmp/tmp1qg62xkz.fsx(59,1): warning FS0058: Possible incorrect indentation: this token is offside of context started at position (6:1). Try indenting this token further or using standard formatting conventions.\n\n\n\n/tmp/tmp1qg62xkz.fsx(71,1): warning FS0058: Possible incorrect indentation: this token is offside of context started at position (6:1). Try indenting this token further or using standard formatting conventions.\n\n\n\n/tmp/tmp1qg62xkz.fsx(71,1): warning FS0058: Possible incorrect indentation: this token is offside of context started at position (6:1). Try indenting this token further or using standard formatting conventions.\n\n",
      "exit_code": 1,
      "status": "Exception"
    },
    {
      "program": "//Evaluate whether the given number n can be written as the sum of exactly 4 positive even numbers\n// Example\n// is_equal_to_sum_even(4) == False\n// is_equal_to_sum_even(6) == False\n// is_equal_to_sum_even(8) == True\nlet is_equal_to_sum_even n = \n\t(n % 2 == 0)\n\t&& (n % 3 == 0)\n\t&& (n % 5 == 0)\n\t&& (n % 7 == 0)\n\t&& (n % 9 == 0)\n\t&& (n % 11 == 0)\n\t&& (n % 13 == 0)\n\t&& (n % 17 == 0)\n\t&& (n % 19 == 0)\n\t&& (n % 23 == 0)\n\t&& (n % 29 == 0)\n\t&& (n % 31 == 0)\n\t&& (n % 37 == 0)\n\t&& (n % 41 == 0)\n\t&& (n % 43 == 0)\n\t&& (n % 47 == 0)\n\t&& (n % 53 == 0)\n\t&& (n % 59 == 0)\n\t&& (n % 61 == 0)\n\t&& (n % 67 == 0)\n\t&& (n % 71 == 0)\n\t&& (n % 73 == 0)\n\t&& (n % 79 == 0)\n\t&& (n % 83 == 0)\n\t&& (n % 89 == 0)\n\t&& (n % 97 == 0)\n\t&& (n % 101 == 0)\n\t&& (n % 103 == 0)\n\t&& (n % 107 == 0)\n\t&& (n % 109 == 0)\n\t&& (n % 113 == 0)\n\t&& (n % 127 == 0)\n\t&& (n % 131 == 0)\n\t&& (n % 137 == 0)\n\t&& (n % 139 == 0)\n\t&& (n % 143 == 0)\n\t&& (n % 147 == 0)\n\t&& (n % 151 == 0)\n\t&& (n % 157 == 0)\n\t&& (n % 163 == 0)\n\t&& (n % 167 == 0)\n\t&& (n % 169 == 0)\n\t&& (n % 173 == 0)\n\t&& (n % 179 == 0)\n\t&& (n % 181 == 0)\n\t&& (n % 187 == 0)\n\t&& (n % 191 == 0)\n\t&& (n % 193 == 0)\n\t&& (n % 197 == 0)\n\t&& (n % 199 == 0)\n\t&& (n % 211 == 0)\n\t&& (\nlet test() = \n  let candidate = is_equal_to_sum_even\n  assert (candidate 4 = false)\n  assert (candidate 6 = false)\n  assert (candidate 8 = true)\n  assert (candidate 10 = true)\n  assert (candidate 11 = false)\n  assert (candidate 12 = true)\n  assert (candidate 13 = false)\n  assert (candidate 16 = true)\n  0\n\ntest()",
      "timestamp": 1675797084,
      "stdout": "",
      "stderr": "\n\n/tmp/tmpqy_iw74n.fsx(7,1): error FS1161: TABs are not allowed in F# code unless the #indent \"off\" option is used\n\n\n\n/tmp/tmpqy_iw74n.fsx(7,1): error FS1161: TABs are not allowed in F# code unless the #indent \"off\" option is used\n\n",
      "exit_code": 1,
      "status": "Exception"
    },
    {
      "program": "//Evaluate whether the given number n can be written as the sum of exactly 4 positive even numbers\n// Example\n// is_equal_to_sum_even(4) == False\n// is_equal_to_sum_even(6) == False\n// is_equal_to_sum_even(8) == True\nlet is_equal_to_sum_even n = \n    (n % 2 == 0)\n    && (n % 3 == 0)\n    && (n % 5 == 0)\n    && (n % 7 == 0)\n    && (n % 11 == 0)\n    && (n % 13 == 0)\n    && (n % 17 == 0)\n    && (n % 19 == 0)\n    && (n % 23 == 0)\n    && (n % 29 == 0)\n    && (n % 31 == 0)\n    && (n % 37 == 0)\n    && (n % 41 == 0)\n    && (n % 43 == 0)\n    && (n % 47 == 0)\n    && (n % 53 == 0)\n    && (n % 59 == 0)\n    && (n % 61 == 0)\n    && (n % 67 == 0)\n    && (n % 71 == 0)\n    && (n % 73 == 0)\n    && (n % 79 == 0)\n    && (n % 81 == 0)\n    && (n % 83 == 0)\n    && (n % 87 == 0)\n    && (n % 91 == 0)\n    && (n % 93 == 0)\n    && (n % 97 == 0)\n    && (n % 101 == 0)\n    && (n % 103 == 0)\n    && (n % 107 == 0)\n    && (n % 111 == 0)\n    && (n % 113 == 0)\n    && (n % 127 == 0)\n    && (n % 131 == 0)\n    && (n % 137 == 0)\n    && (n % 141 == 0)\n    && (n % 143 == 0)\n    && (n % 147 == 0)\n    && (n % 151 == 0)\n    && (n % 157 == 0)\n    && (n % 163 == 0)\n    && (n % 167 == 0)\n    && (n % 171 == 0)\n    && (n % 177 == 0)\n    && (n % 181 == 0)\n    && (n % 187 == 0)\n    && (n % 191 == 0)\n    && (n % 193 == 0)\n    && (n % 197 == 0)\n    && (n % 199 == 0)\n    && (\nlet test() = \n  let candidate = is_equal_to_sum_even\n  assert (candidate 4 = false)\n  assert (candidate 6 = false)\n  assert (candidate 8 = true)\n  assert (candidate 10 = true)\n  assert (candidate 11 = false)\n  assert (candidate 12 = true)\n  assert (candidate 13 = false)\n  assert (candidate 16 = true)\n  0\n\ntest()",
      "timestamp": 1675797084,
      "stdout": "",
      "stderr": "\n\n/tmp/tmptf1rmo8t.fsx(59,1): warning FS0058: Possible incorrect indentation: this token is offside of context started at position (6:1). Try indenting this token further or using standard formatting conventions.\n\n\n\n/tmp/tmptf1rmo8t.fsx(59,1): warning FS0058: Possible incorrect indentation: this token is offside of context started at position (6:1). Try indenting this token further or using standard formatting conventions.\n\n\n\n/tmp/tmptf1rmo8t.fsx(59,1): warning FS0058: Possible incorrect indentation: this token is offside of context started at position (6:1). Try indenting this token further or using standard formatting conventions.\n\n\n\n/tmp/tmptf1rmo8t.fsx(71,1): warning FS0058: Possible incorrect indentation: this token is offside of context started at position (6:1). Try indenting this token further or using standard formatting conventions.\n\n\n\n/tmp/tmptf1rmo8t.fsx(71,1): warning FS0058: Possible incorrect indentation: this token is offside of context started at position (6:1). Try indenting this token further or using standard formatting conventions.\n\n\n\n/tmp/tmptf1rmo8t.fsx(58,8): error FS0583: Unmatched '('\n\n",
      "exit_code": 1,
      "status": "Exception"
    },
    {
      "program": "//Evaluate whether the given number n can be written as the sum of exactly 4 positive even numbers\n// Example\n// is_equal_to_sum_even(4) == False\n// is_equal_to_sum_even(6) == False\n// is_equal_to_sum_even(8) == True\nlet is_equal_to_sum_even n = \n\t(n % 2 == 0) ? true : false;\nlet test() = \n  let candidate = is_equal_to_sum_even\n  assert (candidate 4 = false)\n  assert (candidate 6 = false)\n  assert (candidate 8 = true)\n  assert (candidate 10 = true)\n  assert (candidate 11 = false)\n  assert (candidate 12 = true)\n  assert (candidate 13 = false)\n  assert (candidate 16 = true)\n  0\n\ntest()",
      "timestamp": 1675797084,
      "stdout": "",
      "stderr": "\n\n/tmp/tmpen6r37f8.fsx(7,1): error FS1161: TABs are not allowed in F# code unless the #indent \"off\" option is used\n\n",
      "exit_code": 1,
      "status": "Exception"
    },
    {
      "program": "//Evaluate whether the given number n can be written as the sum of exactly 4 positive even numbers\n// Example\n// is_equal_to_sum_even(4) == False\n// is_equal_to_sum_even(6) == False\n// is_equal_to_sum_even(8) == True\nlet is_equal_to_sum_even n = \n  is_equal_to_sum_even(4)\nlet sum_even = is_equal_to_sum_even(6)\nlet test() = \n  let candidate = is_equal_to_sum_even\n  assert (candidate 4 = false)\n  assert (candidate 6 = false)\n  assert (candidate 8 = true)\n  assert (candidate 10 = true)\n  assert (candidate 11 = false)\n  assert (candidate 12 = true)\n  assert (candidate 13 = false)\n  assert (candidate 16 = true)\n  0\n\ntest()",
      "timestamp": 1675797084,
      "stdout": "",
      "stderr": "\n\n/tmp/tmplsus5jfu.fsx(7,3): error FS0039: The value or constructor 'is_equal_to_sum_even' is not defined.\n\n",
      "exit_code": 1,
      "status": "Exception"
    },
    {
      "program": "//Evaluate whether the given number n can be written as the sum of exactly 4 positive even numbers\n// Example\n// is_equal_to_sum_even(4) == False\n// is_equal_to_sum_even(6) == False\n// is_equal_to_sum_even(8) == True\nlet is_equal_to_sum_even n = \n\tis_equal_to_sum_even(4)\nlet sum_even = is_equal_to_sum_even(6)\nlet sum_even_is_equal_to_sum_even = sum_even == sum_even_is_equal_to_sum_even\nlet test() = \n  let candidate = is_equal_to_sum_even\n  assert (candidate 4 = false)\n  assert (candidate 6 = false)\n  assert (candidate 8 = true)\n  assert (candidate 10 = true)\n  assert (candidate 11 = false)\n  assert (candidate 12 = true)\n  assert (candidate 13 = false)\n  assert (candidate 16 = true)\n  0\n\ntest()",
      "timestamp": 1675797084,
      "stdout": "",
      "stderr": "\n\n/tmp/tmpz9imgjdz.fsx(7,1): error FS1161: TABs are not allowed in F# code unless the #indent \"off\" option is used\n\n",
      "exit_code": 1,
      "status": "Exception"
    }
  ]
}