{
  "name": "HumanEval_0_has_close_elements",
  "language": "fs",
  "prompt": "//Check if in given list of numbers, are any two numbers closer to each other than\n// given threshold.\n// >>> has_close_elements([1.0, 2.0, 3.0], 0.5)\n// False\n// >>> has_close_elements([1.0, 2.8, 3.0, 4.0, 5.0, 2.0], 0.3)\n// True\nlet has_close_elements numbers threshold = \n",
  "tests": "let test() = \n  let candidate = has_close_elements\n  assert (candidate [1.0; 2.0; 3.9; 4.0; 5.0; 2.2] 0.3 = true)\n  assert (candidate [1.0; 2.0; 3.9; 4.0; 5.0; 2.2] 0.05 = false)\n  assert (candidate [1.0; 2.0; 5.9; 4.0; 5.0] 0.95 = true)\n  assert (candidate [1.0; 2.0; 5.9; 4.0; 5.0] 0.8 = false)\n  assert (candidate [1.0; 2.0; 3.0; 4.0; 5.0; 2.0] 0.1 = true)\n  assert (candidate [1.1; 2.2; 3.1; 4.1; 5.1] 1.0 = true)\n  assert (candidate [1.1; 2.2; 3.1; 4.1; 5.1] 0.5 = false)\n  0\n\ntest()",
  "stop_tokens": [
    "\n(*",
    "\n//",
    "\ntype",
    "\n\n"
  ],
  "results": [
    {
      "program": "//Check if in given list of numbers, are any two numbers closer to each other than\n// given threshold.\n// >>> has_close_elements([1.0, 2.0, 3.0], 0.5)\n// False\n// >>> has_close_elements([1.0, 2.8, 3.0, 4.0, 5.0, 2.0], 0.3)\n// True\nlet has_close_elements numbers threshold = \n  [1.0, 2.0, 3.0, 4.0, 5.0, 2.0];\nlet test() = \n  let candidate = has_close_elements\n  assert (candidate [1.0; 2.0; 3.9; 4.0; 5.0; 2.2] 0.3 = true)\n  assert (candidate [1.0; 2.0; 3.9; 4.0; 5.0; 2.2] 0.05 = false)\n  assert (candidate [1.0; 2.0; 5.9; 4.0; 5.0] 0.95 = true)\n  assert (candidate [1.0; 2.0; 5.9; 4.0; 5.0] 0.8 = false)\n  assert (candidate [1.0; 2.0; 3.0; 4.0; 5.0; 2.0] 0.1 = true)\n  assert (candidate [1.1; 2.2; 3.1; 4.1; 5.1] 1.0 = true)\n  assert (candidate [1.1; 2.2; 3.1; 4.1; 5.1] 0.5 = false)\n  0\n\ntest()",
      "timestamp": 1675795408,
      "stdout": "",
      "stderr": "\n\n/tmp/tmpigte_1po.fsx(11,58): error FS0001: This expression was expected to have type\n    '(float * float * float * float * float * float) list'    \nbut here has type\n    'bool'    \n\n",
      "exit_code": 1,
      "status": "Exception"
    },
    {
      "program": "//Check if in given list of numbers, are any two numbers closer to each other than\n// given threshold.\n// >>> has_close_elements([1.0, 2.0, 3.0], 0.5)\n// False\n// >>> has_close_elements([1.0, 2.8, 3.0, 4.0, 5.0, 2.0], 0.3)\n// True\nlet has_close_elements numbers threshold = \n  [1.0, 2.0, 3.0, 4.0, 5.0, 2.0]\nlet has_close_elements_list = numbers.map(numbers, has_close_elements)\nlet test() = \n  let candidate = has_close_elements\n  assert (candidate [1.0; 2.0; 3.9; 4.0; 5.0; 2.2] 0.3 = true)\n  assert (candidate [1.0; 2.0; 3.9; 4.0; 5.0; 2.2] 0.05 = false)\n  assert (candidate [1.0; 2.0; 5.9; 4.0; 5.0] 0.95 = true)\n  assert (candidate [1.0; 2.0; 5.9; 4.0; 5.0] 0.8 = false)\n  assert (candidate [1.0; 2.0; 3.0; 4.0; 5.0; 2.0] 0.1 = true)\n  assert (candidate [1.1; 2.2; 3.1; 4.1; 5.1] 1.0 = true)\n  assert (candidate [1.1; 2.2; 3.1; 4.1; 5.1] 0.5 = false)\n  0\n\ntest()",
      "timestamp": 1675795408,
      "stdout": "",
      "stderr": "\n\n/tmp/tmp_sf7aj7e.fsx(9,31): error FS0039: The value, namespace, type or module 'numbers' is not defined.\n\n",
      "exit_code": 1,
      "status": "Exception"
    },
    {
      "program": "//Check if in given list of numbers, are any two numbers closer to each other than\n// given threshold.\n// >>> has_close_elements([1.0, 2.0, 3.0], 0.5)\n// False\n// >>> has_close_elements([1.0, 2.8, 3.0, 4.0, 5.0, 2.0], 0.3)\n// True\nlet has_close_elements numbers threshold = \n  [1.0, 2.0, 3.0, 4.0, 5.0, 2.0]\nlet has_close_elements_threshold = has_close_elements(threshold, 0.3)\nlet test() = \n  let candidate = has_close_elements\n  assert (candidate [1.0; 2.0; 3.9; 4.0; 5.0; 2.2] 0.3 = true)\n  assert (candidate [1.0; 2.0; 3.9; 4.0; 5.0; 2.2] 0.05 = false)\n  assert (candidate [1.0; 2.0; 5.9; 4.0; 5.0] 0.95 = true)\n  assert (candidate [1.0; 2.0; 5.9; 4.0; 5.0] 0.8 = false)\n  assert (candidate [1.0; 2.0; 3.0; 4.0; 5.0; 2.0] 0.1 = true)\n  assert (candidate [1.1; 2.2; 3.1; 4.1; 5.1] 1.0 = true)\n  assert (candidate [1.1; 2.2; 3.1; 4.1; 5.1] 0.5 = false)\n  0\n\ntest()",
      "timestamp": 1675795408,
      "stdout": "",
      "stderr": "\n\n/tmp/tmpu7eo94g9.fsx(9,55): error FS0039: The value or constructor 'threshold' is not defined.\n\n",
      "exit_code": 1,
      "status": "Exception"
    },
    {
      "program": "//Check if in given list of numbers, are any two numbers closer to each other than\n// given threshold.\n// >>> has_close_elements([1.0, 2.0, 3.0], 0.5)\n// False\n// >>> has_close_elements([1.0, 2.8, 3.0, 4.0, 5.0, 2.0], 0.3)\n// True\nlet has_close_elements numbers threshold = \n  [1.0, 2.0, 3.0, 4.0, 5.0, 2.0]\nlet test() = \n  let candidate = has_close_elements\n  assert (candidate [1.0; 2.0; 3.9; 4.0; 5.0; 2.2] 0.3 = true)\n  assert (candidate [1.0; 2.0; 3.9; 4.0; 5.0; 2.2] 0.05 = false)\n  assert (candidate [1.0; 2.0; 5.9; 4.0; 5.0] 0.95 = true)\n  assert (candidate [1.0; 2.0; 5.9; 4.0; 5.0] 0.8 = false)\n  assert (candidate [1.0; 2.0; 3.0; 4.0; 5.0; 2.0] 0.1 = true)\n  assert (candidate [1.1; 2.2; 3.1; 4.1; 5.1] 1.0 = true)\n  assert (candidate [1.1; 2.2; 3.1; 4.1; 5.1] 0.5 = false)\n  0\n\ntest()",
      "timestamp": 1675795408,
      "stdout": "",
      "stderr": "\n\n/tmp/tmp292k9h8w.fsx(11,58): error FS0001: This expression was expected to have type\n    '(float * float * float * float * float * float) list'    \nbut here has type\n    'bool'    \n\n",
      "exit_code": 1,
      "status": "Exception"
    },
    {
      "program": "//Check if in given list of numbers, are any two numbers closer to each other than\n// given threshold.\n// >>> has_close_elements([1.0, 2.0, 3.0], 0.5)\n// False\n// >>> has_close_elements([1.0, 2.8, 3.0, 4.0, 5.0, 2.0], 0.3)\n// True\nlet has_close_elements numbers threshold = \n  [1.0, 2.0, 3.0, 4.0, 5.0, 2.0]\nlet has_close_elements_threshold = has_close_elements(threshold, 0.5)\nlet test() = \n  let candidate = has_close_elements\n  assert (candidate [1.0; 2.0; 3.9; 4.0; 5.0; 2.2] 0.3 = true)\n  assert (candidate [1.0; 2.0; 3.9; 4.0; 5.0; 2.2] 0.05 = false)\n  assert (candidate [1.0; 2.0; 5.9; 4.0; 5.0] 0.95 = true)\n  assert (candidate [1.0; 2.0; 5.9; 4.0; 5.0] 0.8 = false)\n  assert (candidate [1.0; 2.0; 3.0; 4.0; 5.0; 2.0] 0.1 = true)\n  assert (candidate [1.1; 2.2; 3.1; 4.1; 5.1] 1.0 = true)\n  assert (candidate [1.1; 2.2; 3.1; 4.1; 5.1] 0.5 = false)\n  0\n\ntest()",
      "timestamp": 1675795408,
      "stdout": "",
      "stderr": "\n\n/tmp/tmpex928whz.fsx(9,55): error FS0039: The value or constructor 'threshold' is not defined.\n\n",
      "exit_code": 1,
      "status": "Exception"
    },
    {
      "program": "//Check if in given list of numbers, are any two numbers closer to each other than\n// given threshold.\n// >>> has_close_elements([1.0, 2.0, 3.0], 0.5)\n// False\n// >>> has_close_elements([1.0, 2.8, 3.0, 4.0, 5.0, 2.0], 0.3)\n// True\nlet has_close_elements numbers threshold = \n  [1.0, 2.0, 3.0, 4.0, 5.0, 2.0];\nlet has_close_elements_2 = \n  [1.0, 2.8, 3.0, 4.0, 5.0, 2.0];\nlet test() = \n  let candidate = has_close_elements\n  assert (candidate [1.0; 2.0; 3.9; 4.0; 5.0; 2.2] 0.3 = true)\n  assert (candidate [1.0; 2.0; 3.9; 4.0; 5.0; 2.2] 0.05 = false)\n  assert (candidate [1.0; 2.0; 5.9; 4.0; 5.0] 0.95 = true)\n  assert (candidate [1.0; 2.0; 5.9; 4.0; 5.0] 0.8 = false)\n  assert (candidate [1.0; 2.0; 3.0; 4.0; 5.0; 2.0] 0.1 = true)\n  assert (candidate [1.1; 2.2; 3.1; 4.1; 5.1] 1.0 = true)\n  assert (candidate [1.1; 2.2; 3.1; 4.1; 5.1] 0.5 = false)\n  0\n\ntest()",
      "timestamp": 1675795408,
      "stdout": "",
      "stderr": "\n\n/tmp/tmplzw1b841.fsx(13,58): error FS0001: This expression was expected to have type\n    '(float * float * float * float * float * float) list'    \nbut here has type\n    'bool'    \n\n",
      "exit_code": 1,
      "status": "Exception"
    },
    {
      "program": "//Check if in given list of numbers, are any two numbers closer to each other than\n// given threshold.\n// >>> has_close_elements([1.0, 2.0, 3.0], 0.5)\n// False\n// >>> has_close_elements([1.0, 2.8, 3.0, 4.0, 5.0, 2.0], 0.3)\n// True\nlet has_close_elements numbers threshold = \n  [1.0, 2.0, 3.0, 4.0, 5.0, 2.0];\nlet test() = \n  let candidate = has_close_elements\n  assert (candidate [1.0; 2.0; 3.9; 4.0; 5.0; 2.2] 0.3 = true)\n  assert (candidate [1.0; 2.0; 3.9; 4.0; 5.0; 2.2] 0.05 = false)\n  assert (candidate [1.0; 2.0; 5.9; 4.0; 5.0] 0.95 = true)\n  assert (candidate [1.0; 2.0; 5.9; 4.0; 5.0] 0.8 = false)\n  assert (candidate [1.0; 2.0; 3.0; 4.0; 5.0; 2.0] 0.1 = true)\n  assert (candidate [1.1; 2.2; 3.1; 4.1; 5.1] 1.0 = true)\n  assert (candidate [1.1; 2.2; 3.1; 4.1; 5.1] 0.5 = false)\n  0\n\ntest()",
      "timestamp": 1675795408,
      "stdout": "",
      "stderr": "\n\n/tmp/tmpigte_1po.fsx(11,58): error FS0001: This expression was expected to have type\n    '(float * float * float * float * float * float) list'    \nbut here has type\n    'bool'    \n\n",
      "exit_code": 1,
      "status": "Exception"
    },
    {
      "program": "//Check if in given list of numbers, are any two numbers closer to each other than\n// given threshold.\n// >>> has_close_elements([1.0, 2.0, 3.0], 0.5)\n// False\n// >>> has_close_elements([1.0, 2.8, 3.0, 4.0, 5.0, 2.0], 0.3)\n// True\nlet has_close_elements numbers threshold = \n  [1.0, 2.0, 3.0, 4.0, 5.0, 2.0]\nlet has_close_elements_threshold = \n  [1.0, 2.0, 3.0, 4.0, 5.0, 2.0]\nlet test() = \n  let candidate = has_close_elements\n  assert (candidate [1.0; 2.0; 3.9; 4.0; 5.0; 2.2] 0.3 = true)\n  assert (candidate [1.0; 2.0; 3.9; 4.0; 5.0; 2.2] 0.05 = false)\n  assert (candidate [1.0; 2.0; 5.9; 4.0; 5.0] 0.95 = true)\n  assert (candidate [1.0; 2.0; 5.9; 4.0; 5.0] 0.8 = false)\n  assert (candidate [1.0; 2.0; 3.0; 4.0; 5.0; 2.0] 0.1 = true)\n  assert (candidate [1.1; 2.2; 3.1; 4.1; 5.1] 1.0 = true)\n  assert (candidate [1.1; 2.2; 3.1; 4.1; 5.1] 0.5 = false)\n  0\n\ntest()",
      "timestamp": 1675795408,
      "stdout": "",
      "stderr": "\n\n/tmp/tmp2kc6_56g.fsx(13,58): error FS0001: This expression was expected to have type\n    '(float * float * float * float * float * float) list'    \nbut here has type\n    'bool'    \n\n",
      "exit_code": 1,
      "status": "Exception"
    },
    {
      "program": "//Check if in given list of numbers, are any two numbers closer to each other than\n// given threshold.\n// >>> has_close_elements([1.0, 2.0, 3.0], 0.5)\n// False\n// >>> has_close_elements([1.0, 2.8, 3.0, 4.0, 5.0, 2.0], 0.3)\n// True\nlet has_close_elements numbers threshold = \n  [1.0, 2.0, 3.0, 4.0, 5.0, 2.0]\nlet has_close_elements_threshold = has_close_elements(threshold, 0.5)\nlet test() = \n  let candidate = has_close_elements\n  assert (candidate [1.0; 2.0; 3.9; 4.0; 5.0; 2.2] 0.3 = true)\n  assert (candidate [1.0; 2.0; 3.9; 4.0; 5.0; 2.2] 0.05 = false)\n  assert (candidate [1.0; 2.0; 5.9; 4.0; 5.0] 0.95 = true)\n  assert (candidate [1.0; 2.0; 5.9; 4.0; 5.0] 0.8 = false)\n  assert (candidate [1.0; 2.0; 3.0; 4.0; 5.0; 2.0] 0.1 = true)\n  assert (candidate [1.1; 2.2; 3.1; 4.1; 5.1] 1.0 = true)\n  assert (candidate [1.1; 2.2; 3.1; 4.1; 5.1] 0.5 = false)\n  0\n\ntest()",
      "timestamp": 1675795408,
      "stdout": "",
      "stderr": "\n\n/tmp/tmpex928whz.fsx(9,55): error FS0039: The value or constructor 'threshold' is not defined.\n\n",
      "exit_code": 1,
      "status": "Exception"
    },
    {
      "program": "//Check if in given list of numbers, are any two numbers closer to each other than\n// given threshold.\n// >>> has_close_elements([1.0, 2.0, 3.0], 0.5)\n// False\n// >>> has_close_elements([1.0, 2.8, 3.0, 4.0, 5.0, 2.0], 0.3)\n// True\nlet has_close_elements numbers threshold = \n  [1.0, 2.0, 3.0, 4.0, 5.0, 2.0]\nlet has_close_elements_list = [\n  [1.0, 2.0, 3.0, 4.0, 5.0, 2.0],\n  [1.0, 2.8, 3.0, 4.0, 5.0, 2.0],\n  [1.0, 2.0, 3.0, 4.0, 5.0, 2.0],\n  [1.0, 2.0, 3.0, 4.0, 5.0, 2.0],\n  [1.0, 2.0, 3.0, 4.0, 5.0, 2.0],\n  [1.0, 2.0, 3.0, 4.0, 5.0, 2.0],\n  [1.0, 2.0, 3.0, 4.0, 5.0, 2.0],\n  [1.0, 2.0, 3.0, 4.0, 5.0, 2.0],\n  [1.0, 2.0, 3.0, 4.0, 5.0, 2.0],\n  [1.0, 2.0, 3.0, 4.0, 5.0, 2.0],\n  [1.0, 2.0, 3.0, 4.0, 5.0, 2.0],\n  [1.0, 2.0, 3.0, 4.0, 5.0, 2.0],\n  [1.0, 2.0, 3.0, 4.0, 5.0, 2.0],\n  [1.0, 2.0, 3.0, 4.0, 5.0, 2.0],\n  [1.0, 2.0, 3.0, 4.0, 5.0, 2.0],\n  [1.0, 2.0, 3.0, 4.0, 5.0, 2.0],\n  [1.0, 2.0, 3.0, 4.0, 5.0, 2.0],\n  [1.0, 2.0, 3.0,\nlet test() = \n  let candidate = has_close_elements\n  assert (candidate [1.0; 2.0; 3.9; 4.0; 5.0; 2.2] 0.3 = true)\n  assert (candidate [1.0; 2.0; 3.9; 4.0; 5.0; 2.2] 0.05 = false)\n  assert (candidate [1.0; 2.0; 5.9; 4.0; 5.0] 0.95 = true)\n  assert (candidate [1.0; 2.0; 5.9; 4.0; 5.0] 0.8 = false)\n  assert (candidate [1.0; 2.0; 3.0; 4.0; 5.0; 2.0] 0.1 = true)\n  assert (candidate [1.1; 2.2; 3.1; 4.1; 5.1] 1.0 = true)\n  assert (candidate [1.1; 2.2; 3.1; 4.1; 5.1] 0.5 = false)\n  0\n\ntest()",
      "timestamp": 1675795408,
      "stdout": "",
      "stderr": "\n\n/tmp/tmppsp7nyr5.fsx(28,1): warning FS0058: Possible incorrect indentation: this token is offside of context started at position (9:1). Try indenting this token further or using standard formatting conventions.\n\n\n\n/tmp/tmppsp7nyr5.fsx(28,1): warning FS0058: Possible incorrect indentation: this token is offside of context started at position (9:1). Try indenting this token further or using standard formatting conventions.\n\n\n\n/tmp/tmppsp7nyr5.fsx(39,1): warning FS0058: Possible incorrect indentation: this token is offside of context started at position (9:1). Try indenting this token further or using standard formatting conventions.\n\n\n\n/tmp/tmppsp7nyr5.fsx(39,1): warning FS0058: Possible incorrect indentation: this token is offside of context started at position (9:1). Try indenting this token further or using standard formatting conventions.\n\n\n\n/tmp/tmppsp7nyr5.fsx(39,1): error FS0010: Incomplete structured construct at or before this point in expression. Expected ']' or other token.\n\n",
      "exit_code": 1,
      "status": "Exception"
    },
    {
      "program": "//Check if in given list of numbers, are any two numbers closer to each other than\n// given threshold.\n// >>> has_close_elements([1.0, 2.0, 3.0], 0.5)\n// False\n// >>> has_close_elements([1.0, 2.8, 3.0, 4.0, 5.0, 2.0], 0.3)\n// True\nlet has_close_elements numbers threshold = \n  [1.0, 2.0, 3.0, 4.0, 5.0, 2.0]\nlet has_close_elements_list = numbers.map(numbers, has_close_elements)\nlet test() = \n  let candidate = has_close_elements\n  assert (candidate [1.0; 2.0; 3.9; 4.0; 5.0; 2.2] 0.3 = true)\n  assert (candidate [1.0; 2.0; 3.9; 4.0; 5.0; 2.2] 0.05 = false)\n  assert (candidate [1.0; 2.0; 5.9; 4.0; 5.0] 0.95 = true)\n  assert (candidate [1.0; 2.0; 5.9; 4.0; 5.0] 0.8 = false)\n  assert (candidate [1.0; 2.0; 3.0; 4.0; 5.0; 2.0] 0.1 = true)\n  assert (candidate [1.1; 2.2; 3.1; 4.1; 5.1] 1.0 = true)\n  assert (candidate [1.1; 2.2; 3.1; 4.1; 5.1] 0.5 = false)\n  0\n\ntest()",
      "timestamp": 1675795408,
      "stdout": "",
      "stderr": "\n\n/tmp/tmp_sf7aj7e.fsx(9,31): error FS0039: The value, namespace, type or module 'numbers' is not defined.\n\n",
      "exit_code": 1,
      "status": "Exception"
    },
    {
      "program": "//Check if in given list of numbers, are any two numbers closer to each other than\n// given threshold.\n// >>> has_close_elements([1.0, 2.0, 3.0], 0.5)\n// False\n// >>> has_close_elements([1.0, 2.8, 3.0, 4.0, 5.0, 2.0], 0.3)\n// True\nlet has_close_elements numbers threshold = \n  [1.0, 2.0, 3.0, 4.0, 5.0, 2.0]\nlet has_close_elements_threshold = \n  [1.0, 2.0, 3.0, 4.0, 5.0, 2.0]\nlet test() = \n  let candidate = has_close_elements\n  assert (candidate [1.0; 2.0; 3.9; 4.0; 5.0; 2.2] 0.3 = true)\n  assert (candidate [1.0; 2.0; 3.9; 4.0; 5.0; 2.2] 0.05 = false)\n  assert (candidate [1.0; 2.0; 5.9; 4.0; 5.0] 0.95 = true)\n  assert (candidate [1.0; 2.0; 5.9; 4.0; 5.0] 0.8 = false)\n  assert (candidate [1.0; 2.0; 3.0; 4.0; 5.0; 2.0] 0.1 = true)\n  assert (candidate [1.1; 2.2; 3.1; 4.1; 5.1] 1.0 = true)\n  assert (candidate [1.1; 2.2; 3.1; 4.1; 5.1] 0.5 = false)\n  0\n\ntest()",
      "timestamp": 1675795408,
      "stdout": "",
      "stderr": "\n\n/tmp/tmp2kc6_56g.fsx(13,58): error FS0001: This expression was expected to have type\n    '(float * float * float * float * float * float) list'    \nbut here has type\n    'bool'    \n\n",
      "exit_code": 1,
      "status": "Exception"
    },
    {
      "program": "//Check if in given list of numbers, are any two numbers closer to each other than\n// given threshold.\n// >>> has_close_elements([1.0, 2.0, 3.0], 0.5)\n// False\n// >>> has_close_elements([1.0, 2.8, 3.0, 4.0, 5.0, 2.0], 0.3)\n// True\nlet has_close_elements numbers threshold = \n  [1.0, 2.0, 3.0, 4.0, 5.0, 2.0];\nlet test() = \n  let candidate = has_close_elements\n  assert (candidate [1.0; 2.0; 3.9; 4.0; 5.0; 2.2] 0.3 = true)\n  assert (candidate [1.0; 2.0; 3.9; 4.0; 5.0; 2.2] 0.05 = false)\n  assert (candidate [1.0; 2.0; 5.9; 4.0; 5.0] 0.95 = true)\n  assert (candidate [1.0; 2.0; 5.9; 4.0; 5.0] 0.8 = false)\n  assert (candidate [1.0; 2.0; 3.0; 4.0; 5.0; 2.0] 0.1 = true)\n  assert (candidate [1.1; 2.2; 3.1; 4.1; 5.1] 1.0 = true)\n  assert (candidate [1.1; 2.2; 3.1; 4.1; 5.1] 0.5 = false)\n  0\n\ntest()",
      "timestamp": 1675795408,
      "stdout": "",
      "stderr": "\n\n/tmp/tmpigte_1po.fsx(11,58): error FS0001: This expression was expected to have type\n    '(float * float * float * float * float * float) list'    \nbut here has type\n    'bool'    \n\n",
      "exit_code": 1,
      "status": "Exception"
    },
    {
      "program": "//Check if in given list of numbers, are any two numbers closer to each other than\n// given threshold.\n// >>> has_close_elements([1.0, 2.0, 3.0], 0.5)\n// False\n// >>> has_close_elements([1.0, 2.8, 3.0, 4.0, 5.0, 2.0], 0.3)\n// True\nlet has_close_elements numbers threshold = \n  [1.0, 2.0, 3.0, 4.0, 5.0, 2.0];\nlet test() = \n  let candidate = has_close_elements\n  assert (candidate [1.0; 2.0; 3.9; 4.0; 5.0; 2.2] 0.3 = true)\n  assert (candidate [1.0; 2.0; 3.9; 4.0; 5.0; 2.2] 0.05 = false)\n  assert (candidate [1.0; 2.0; 5.9; 4.0; 5.0] 0.95 = true)\n  assert (candidate [1.0; 2.0; 5.9; 4.0; 5.0] 0.8 = false)\n  assert (candidate [1.0; 2.0; 3.0; 4.0; 5.0; 2.0] 0.1 = true)\n  assert (candidate [1.1; 2.2; 3.1; 4.1; 5.1] 1.0 = true)\n  assert (candidate [1.1; 2.2; 3.1; 4.1; 5.1] 0.5 = false)\n  0\n\ntest()",
      "timestamp": 1675795408,
      "stdout": "",
      "stderr": "\n\n/tmp/tmpigte_1po.fsx(11,58): error FS0001: This expression was expected to have type\n    '(float * float * float * float * float * float) list'    \nbut here has type\n    'bool'    \n\n",
      "exit_code": 1,
      "status": "Exception"
    },
    {
      "program": "//Check if in given list of numbers, are any two numbers closer to each other than\n// given threshold.\n// >>> has_close_elements([1.0, 2.0, 3.0], 0.5)\n// False\n// >>> has_close_elements([1.0, 2.8, 3.0, 4.0, 5.0, 2.0], 0.3)\n// True\nlet has_close_elements numbers threshold = \n  [1.0, 2.0, 3.0, 4.0, 5.0, 2.0];\nlet test() = \n  let candidate = has_close_elements\n  assert (candidate [1.0; 2.0; 3.9; 4.0; 5.0; 2.2] 0.3 = true)\n  assert (candidate [1.0; 2.0; 3.9; 4.0; 5.0; 2.2] 0.05 = false)\n  assert (candidate [1.0; 2.0; 5.9; 4.0; 5.0] 0.95 = true)\n  assert (candidate [1.0; 2.0; 5.9; 4.0; 5.0] 0.8 = false)\n  assert (candidate [1.0; 2.0; 3.0; 4.0; 5.0; 2.0] 0.1 = true)\n  assert (candidate [1.1; 2.2; 3.1; 4.1; 5.1] 1.0 = true)\n  assert (candidate [1.1; 2.2; 3.1; 4.1; 5.1] 0.5 = false)\n  0\n\ntest()",
      "timestamp": 1675795408,
      "stdout": "",
      "stderr": "\n\n/tmp/tmpigte_1po.fsx(11,58): error FS0001: This expression was expected to have type\n    '(float * float * float * float * float * float) list'    \nbut here has type\n    'bool'    \n\n",
      "exit_code": 1,
      "status": "Exception"
    },
    {
      "program": "//Check if in given list of numbers, are any two numbers closer to each other than\n// given threshold.\n// >>> has_close_elements([1.0, 2.0, 3.0], 0.5)\n// False\n// >>> has_close_elements([1.0, 2.8, 3.0, 4.0, 5.0, 2.0], 0.3)\n// True\nlet has_close_elements numbers threshold = \n  [1.0, 2.0, 3.0, 4.0, 5.0, 2.0]\nlet has_close_elements_threshold = has_close_elements(threshold, 0.3)\nlet test() = \n  let candidate = has_close_elements\n  assert (candidate [1.0; 2.0; 3.9; 4.0; 5.0; 2.2] 0.3 = true)\n  assert (candidate [1.0; 2.0; 3.9; 4.0; 5.0; 2.2] 0.05 = false)\n  assert (candidate [1.0; 2.0; 5.9; 4.0; 5.0] 0.95 = true)\n  assert (candidate [1.0; 2.0; 5.9; 4.0; 5.0] 0.8 = false)\n  assert (candidate [1.0; 2.0; 3.0; 4.0; 5.0; 2.0] 0.1 = true)\n  assert (candidate [1.1; 2.2; 3.1; 4.1; 5.1] 1.0 = true)\n  assert (candidate [1.1; 2.2; 3.1; 4.1; 5.1] 0.5 = false)\n  0\n\ntest()",
      "timestamp": 1675795408,
      "stdout": "",
      "stderr": "\n\n/tmp/tmpu7eo94g9.fsx(9,55): error FS0039: The value or constructor 'threshold' is not defined.\n\n",
      "exit_code": 1,
      "status": "Exception"
    },
    {
      "program": "//Check if in given list of numbers, are any two numbers closer to each other than\n// given threshold.\n// >>> has_close_elements([1.0, 2.0, 3.0], 0.5)\n// False\n// >>> has_close_elements([1.0, 2.8, 3.0, 4.0, 5.0, 2.0], 0.3)\n// True\nlet has_close_elements numbers threshold = \n  [1.0, 2.0, 3.0, 4.0, 5.0, 2.0]\nlet has_close_elements_threshold = has_close_elements(threshold, 0.3)\nlet test() = \n  let candidate = has_close_elements\n  assert (candidate [1.0; 2.0; 3.9; 4.0; 5.0; 2.2] 0.3 = true)\n  assert (candidate [1.0; 2.0; 3.9; 4.0; 5.0; 2.2] 0.05 = false)\n  assert (candidate [1.0; 2.0; 5.9; 4.0; 5.0] 0.95 = true)\n  assert (candidate [1.0; 2.0; 5.9; 4.0; 5.0] 0.8 = false)\n  assert (candidate [1.0; 2.0; 3.0; 4.0; 5.0; 2.0] 0.1 = true)\n  assert (candidate [1.1; 2.2; 3.1; 4.1; 5.1] 1.0 = true)\n  assert (candidate [1.1; 2.2; 3.1; 4.1; 5.1] 0.5 = false)\n  0\n\ntest()",
      "timestamp": 1675795408,
      "stdout": "",
      "stderr": "\n\n/tmp/tmpu7eo94g9.fsx(9,55): error FS0039: The value or constructor 'threshold' is not defined.\n\n",
      "exit_code": 1,
      "status": "Exception"
    },
    {
      "program": "//Check if in given list of numbers, are any two numbers closer to each other than\n// given threshold.\n// >>> has_close_elements([1.0, 2.0, 3.0], 0.5)\n// False\n// >>> has_close_elements([1.0, 2.8, 3.0, 4.0, 5.0, 2.0], 0.3)\n// True\nlet has_close_elements numbers threshold = \n  [1.0, 2.0, 3.0, 4.0, 5.0, 2.0]\nlet has_close_elements_2numbers threshold = \n  [1.0, 2.0, 3.0, 4.0, 5.0, 2.0]\nlet test() = \n  let candidate = has_close_elements\n  assert (candidate [1.0; 2.0; 3.9; 4.0; 5.0; 2.2] 0.3 = true)\n  assert (candidate [1.0; 2.0; 3.9; 4.0; 5.0; 2.2] 0.05 = false)\n  assert (candidate [1.0; 2.0; 5.9; 4.0; 5.0] 0.95 = true)\n  assert (candidate [1.0; 2.0; 5.9; 4.0; 5.0] 0.8 = false)\n  assert (candidate [1.0; 2.0; 3.0; 4.0; 5.0; 2.0] 0.1 = true)\n  assert (candidate [1.1; 2.2; 3.1; 4.1; 5.1] 1.0 = true)\n  assert (candidate [1.1; 2.2; 3.1; 4.1; 5.1] 0.5 = false)\n  0\n\ntest()",
      "timestamp": 1675795408,
      "stdout": "",
      "stderr": "\n\n/tmp/tmp1ju06_51.fsx(13,58): error FS0001: This expression was expected to have type\n    '(float * float * float * float * float * float) list'    \nbut here has type\n    'bool'    \n\n",
      "exit_code": 1,
      "status": "Exception"
    },
    {
      "program": "//Check if in given list of numbers, are any two numbers closer to each other than\n// given threshold.\n// >>> has_close_elements([1.0, 2.0, 3.0], 0.5)\n// False\n// >>> has_close_elements([1.0, 2.8, 3.0, 4.0, 5.0, 2.0], 0.3)\n// True\nlet has_close_elements numbers threshold = \n  [1.0, 2.0, 3.0, 4.0, 5.0, 2.0]\nlet test() = \n  let candidate = has_close_elements\n  assert (candidate [1.0; 2.0; 3.9; 4.0; 5.0; 2.2] 0.3 = true)\n  assert (candidate [1.0; 2.0; 3.9; 4.0; 5.0; 2.2] 0.05 = false)\n  assert (candidate [1.0; 2.0; 5.9; 4.0; 5.0] 0.95 = true)\n  assert (candidate [1.0; 2.0; 5.9; 4.0; 5.0] 0.8 = false)\n  assert (candidate [1.0; 2.0; 3.0; 4.0; 5.0; 2.0] 0.1 = true)\n  assert (candidate [1.1; 2.2; 3.1; 4.1; 5.1] 1.0 = true)\n  assert (candidate [1.1; 2.2; 3.1; 4.1; 5.1] 0.5 = false)\n  0\n\ntest()",
      "timestamp": 1675795408,
      "stdout": "",
      "stderr": "\n\n/tmp/tmp292k9h8w.fsx(11,58): error FS0001: This expression was expected to have type\n    '(float * float * float * float * float * float) list'    \nbut here has type\n    'bool'    \n\n",
      "exit_code": 1,
      "status": "Exception"
    },
    {
      "program": "//Check if in given list of numbers, are any two numbers closer to each other than\n// given threshold.\n// >>> has_close_elements([1.0, 2.0, 3.0], 0.5)\n// False\n// >>> has_close_elements([1.0, 2.8, 3.0, 4.0, 5.0, 2.0], 0.3)\n// True\nlet has_close_elements numbers threshold = \n  [1.0, 2.0, 3.0, 4.0, 5.0, 2.0]\nlet has_close_elements_threshold = \n  [1.0, 2.0, 3.0, 4.0, 5.0, 2.0]\nlet test() = \n  let candidate = has_close_elements\n  assert (candidate [1.0; 2.0; 3.9; 4.0; 5.0; 2.2] 0.3 = true)\n  assert (candidate [1.0; 2.0; 3.9; 4.0; 5.0; 2.2] 0.05 = false)\n  assert (candidate [1.0; 2.0; 5.9; 4.0; 5.0] 0.95 = true)\n  assert (candidate [1.0; 2.0; 5.9; 4.0; 5.0] 0.8 = false)\n  assert (candidate [1.0; 2.0; 3.0; 4.0; 5.0; 2.0] 0.1 = true)\n  assert (candidate [1.1; 2.2; 3.1; 4.1; 5.1] 1.0 = true)\n  assert (candidate [1.1; 2.2; 3.1; 4.1; 5.1] 0.5 = false)\n  0\n\ntest()",
      "timestamp": 1675795408,
      "stdout": "",
      "stderr": "\n\n/tmp/tmp2kc6_56g.fsx(13,58): error FS0001: This expression was expected to have type\n    '(float * float * float * float * float * float) list'    \nbut here has type\n    'bool'    \n\n",
      "exit_code": 1,
      "status": "Exception"
    }
  ]
}