{
  "name": "HumanEval_42_incr_list",
  "language": "fs",
  "prompt": "//Return list with elements incremented by 1.\n// >>> incr_list([1, 2, 3])\n// [2, 3, 4]\n// >>> incr_list([5, 3, 5, 2, 3, 3, 9, 0, 123])\n// [6, 4, 6, 3, 4, 4, 10, 1, 124]\nlet incr_list l = \n",
  "tests": "let test() = \n  let candidate = incr_list\n  assert (candidate [] = [])\n  assert (candidate [3; 2; 1] = [4; 3; 2])\n  assert (candidate [5; 2; 5; 2; 3; 3; 9; 0; 123] = [6; 3; 6; 3; 4; 4; 10; 1; 124])\n  0\n\ntest()",
  "stop_tokens": [
    "\n(*",
    "\n//",
    "\ntype",
    "\n\n"
  ],
  "results": [
    {
      "program": "//Return list with elements incremented by 1.\n// >>> incr_list([1, 2, 3])\n// [2, 3, 4]\n// >>> incr_list([5, 3, 5, 2, 3, 3, 9, 0, 123])\n// [6, 4, 6, 3, 4, 4, 10, 1, 124]\nlet incr_list l = \n  [1, 2, 3]\n  .map(i => i + 1)\n  .map(i => i + 1)\n  .map(i => i + 1)\n  .map(i => i + 1)\n  .map(i => i + 1)\n  .map(i => i + 1)\n  .map(i => i + 1)\n  .map(i => i + 1)\n  .map(i => i + 1)\n  .map(i => i + 1)\n  .map(i => i + 1)\n  .map(i => i + 1)\n  .map(i => i + 1)\n  .map(i => i + 1)\n  .map(i => i + 1)\n  .map(i => i + 1)\n  .map(i => i + 1)\n  .map(i => i + 1)\n  .map(i => i + 1)\n  .map(i => i + 1)\n  .map(i => i + 1)\n  .map(i => i + 1)\n  .map(i => i + 1)\n  .map(i => i + 1)\n  .map(i => i + 1)\n  .map(i => i + 1)\n  .map(i => i + 1)\n  .map(i => i + 1)\n  .map(i => i + 1)\n  .map(i => i + 1)\n  .map(i => i + 1)\n  .map(i => i + 1)\n  .map(i => i + 1)\n  .map(i => i + 1)\n  .map(i => i + 1)\n  .map(i => i + 1)\n  .map(i => i + 1)\n  .map(i => i + 1)\n  .map(i => i + 1)\n  .map(i => i + 1)\n  .map(i => i + 1)\n  .map(i => i + 1)\n  .map(i => i + 1)\n  .map(i => i + 1)\n  .map(i => i + 1)\n  .map(i => i +\nlet test() = \n  let candidate = incr_list\n  assert (candidate [] = [])\n  assert (candidate [3; 2; 1] = [4; 3; 2])\n  assert (candidate [5; 2; 5; 2; 3; 3; 9; 0; 123] = [6; 3; 6; 3; 4; 4; 10; 1; 124])\n  0\n\ntest()",
      "timestamp": 1675797122,
      "stdout": "",
      "stderr": "\n\n/tmp/tmp5memdkeb.fsx(8,3): error FS0010: Unexpected symbol '.' in binding. Expected incomplete structured construct at or before this point or other token.\n\n\n\n/tmp/tmp5memdkeb.fsx(54,1): warning FS0058: Possible incorrect indentation: this token is offside of context started at position (6:1). Try indenting this token further or using standard formatting conventions.\n\n\n\n/tmp/tmp5memdkeb.fsx(54,1): warning FS0058: Possible incorrect indentation: this token is offside of context started at position (6:1). Try indenting this token further or using standard formatting conventions.\n\n\n\n/tmp/tmp5memdkeb.fsx(61,1): warning FS0058: Possible incorrect indentation: this token is offside of context started at position (6:1). Try indenting this token further or using standard formatting conventions.\n\n\n\n/tmp/tmp5memdkeb.fsx(61,1): warning FS0058: Possible incorrect indentation: this token is offside of context started at position (6:1). Try indenting this token further or using standard formatting conventions.\n\n",
      "exit_code": 1,
      "status": "Exception"
    },
    {
      "program": "//Return list with elements incremented by 1.\n// >>> incr_list([1, 2, 3])\n// [2, 3, 4]\n// >>> incr_list([5, 3, 5, 2, 3, 3, 9, 0, 123])\n// [6, 4, 6, 3, 4, 4, 10, 1, 124]\nlet incr_list l = \n  [1, 2, 3, 4, 5, 6, 7, 8, 9, 10, 11, 12, 13, 14, 15, 16, 17, 18, 19, 20, 21, 22, 23, 24, 25, 26, 27, 28, 29, 30, 31, 32, 33, 34, 35, 36, 37, 38, 39, 40, 41, 42, 43, 44, 45, 46, 47, 48, 49, 50, 51, 52, 53, 54, 55, 56, 57, 58, 59, 60, 61, 62, 63, 64, 65, 66, 67, 68, 69, 70, 71, 72, 73, 74, 75, 76, 77, 78, 79, 80, 81, 82, 83, 84, 85, 86, 87, 88, 89, 90, 91, 92, 93, 94, 95, 96, 97, 98, 99, 100, 101, 102, 103, 104, 105, 106, 107, 108, 109, 110, 111, 112, 113, 114, 115, 116, 117, 118, 119, 120, 121, 122]\nlet test() = \n  let candidate = incr_list\n  assert (candidate [] = [])\n  assert (candidate [3; 2; 1] = [4; 3; 2])\n  assert (candidate [5; 2; 5; 2; 3; 3; 9; 0; 123] = [6; 3; 6; 3; 4; 4; 10; 1; 124])\n  0\n\ntest()",
      "timestamp": 1675797122,
      "stdout": "",
      "stderr": "\n\n/tmp/tmpjc1d6de7.fsx(11,34): error FS0001: This expression was expected to have type\n    'int * int * int * int * int * int * int * int * int * int * int * int * int * int * int * int * int * int * int * int * int * int * int * int * int * int * int * int * int * int * int * int * int * int * int * int * int * int * int * int * int * int * int * int * int * int * int * int * int * int * int * int * int * int * int * int * int * int * int * int * int * int * int * int * int * int * int * int * int * int * int * int * int * int * int * int * int * int * int * int * int * int * int * int * int * int * int * int * int * int * int * int * int * int * int * int * int * int * int * int * int * int * int * int * int * int * int * int * int * int * int * int * int * int * int * int * int * int * int * int * int * int'    \nbut here has type\n    'int'    \n\n",
      "exit_code": 1,
      "status": "Exception"
    },
    {
      "program": "//Return list with elements incremented by 1.\n// >>> incr_list([1, 2, 3])\n// [2, 3, 4]\n// >>> incr_list([5, 3, 5, 2, 3, 3, 9, 0, 123])\n// [6, 4, 6, 3, 4, 4, 10, 1, 124]\nlet incr_list l = \n  [1, 2, 3]\n  .map(i => i + 1)\n  .filter(i => i > 0)\n  .map(i => i + 1)\n  .filter(i => i > 0)\n  .map(i => i + 1)\n  .filter(i => i > 0)\n  .map(i => i + 1)\n  .filter(i => i > 0)\n  .map(i => i + 1)\n  .filter(i => i > 0)\n  .map(i => i + 1)\n  .filter(i => i > 0)\n  .map(i => i + 1)\n  .filter(i => i > 0)\n  .map(i => i + 1)\n  .filter(i => i > 0)\n  .map(i => i + 1)\n  .filter(i => i > 0)\n  .map(i => i + 1)\n  .filter(i => i > 0)\n  .map(i => i + 1)\n  .filter(i => i > 0)\n  .map(i => i + 1)\n  .filter(i => i > 0)\n  .map(i => i + 1)\n  .filter(i => i > 0)\n  .map(i => i + 1)\n  .filter(i => i > 0)\n  .map(i => i + 1)\n  .filter(i => i > 0)\n  .map(i => i + 1)\n  .filter(i => i > 0)\n  .map(i => i + 1)\n  .filter(i => i > 0)\n  .map(i => i + 1)\n  .filter(i => i > 0)\n  .map(i => i + 1)\n  .filter(i => i > 0)\n  .map(i => i + 1)\n  .filter(i => i > 0)\n  .map(i => i + 1)\n  .filter(i => i > 0)\n  .map(i => i + 1)\n  .filter(i => i > 0)\n  .map(i => i + 1)\n  .filter(i => i >\nlet test() = \n  let candidate = incr_list\n  assert (candidate [] = [])\n  assert (candidate [3; 2; 1] = [4; 3; 2])\n  assert (candidate [5; 2; 5; 2; 3; 3; 9; 0; 123] = [6; 3; 6; 3; 4; 4; 10; 1; 124])\n  0\n\ntest()",
      "timestamp": 1675797122,
      "stdout": "",
      "stderr": "\n\n/tmp/tmpnsgl3wjy.fsx(8,3): error FS0010: Unexpected symbol '.' in binding. Expected incomplete structured construct at or before this point or other token.\n\n\n\n/tmp/tmpnsgl3wjy.fsx(54,1): warning FS0058: Possible incorrect indentation: this token is offside of context started at position (6:1). Try indenting this token further or using standard formatting conventions.\n\n",
      "exit_code": 1,
      "status": "Exception"
    },
    {
      "program": "//Return list with elements incremented by 1.\n// >>> incr_list([1, 2, 3])\n// [2, 3, 4]\n// >>> incr_list([5, 3, 5, 2, 3, 3, 9, 0, 123])\n// [6, 4, 6, 3, 4, 4, 10, 1, 124]\nlet incr_list l = \n  [1, 2, 3, 4, 5, 6, 7, 8, 9, 10, 11, 12, 13, 14, 15, 16, 17, 18, 19, 20, 21, 22, 23, 24, 25, 26, 27, 28, 29, 30, 31, 32, 33, 34, 35, 36, 37, 38, 39, 40, 41, 42, 43, 44, 45, 46, 47, 48, 49, 50, 51, 52, 53, 54, 55, 56, 57, 58, 59, 60, 61, 62, 63, 64, 65, 66, 67, 68, 69, 70, 71, 72, 73, 74, 75, 76, 77, 78, 79, 80, 81, 82, 83, 84, 85, 86, 87, 88, 89, 90, 91, 92, 93, 94, 95, 96, 97, 98, 99, 100, 101, 102, 103, 104, 105, 106, 107, 108, 109, 110, 111, 112, 113, 114, 115, 116, 117, 118, 119, 120, 121, 122]\nlet test() = \n  let candidate = incr_list\n  assert (candidate [] = [])\n  assert (candidate [3; 2; 1] = [4; 3; 2])\n  assert (candidate [5; 2; 5; 2; 3; 3; 9; 0; 123] = [6; 3; 6; 3; 4; 4; 10; 1; 124])\n  0\n\ntest()",
      "timestamp": 1675797122,
      "stdout": "",
      "stderr": "\n\n/tmp/tmpjc1d6de7.fsx(11,34): error FS0001: This expression was expected to have type\n    'int * int * int * int * int * int * int * int * int * int * int * int * int * int * int * int * int * int * int * int * int * int * int * int * int * int * int * int * int * int * int * int * int * int * int * int * int * int * int * int * int * int * int * int * int * int * int * int * int * int * int * int * int * int * int * int * int * int * int * int * int * int * int * int * int * int * int * int * int * int * int * int * int * int * int * int * int * int * int * int * int * int * int * int * int * int * int * int * int * int * int * int * int * int * int * int * int * int * int * int * int * int * int * int * int * int * int * int * int * int * int * int * int * int * int * int * int * int * int * int * int * int'    \nbut here has type\n    'int'    \n\n",
      "exit_code": 1,
      "status": "Exception"
    },
    {
      "program": "//Return list with elements incremented by 1.\n// >>> incr_list([1, 2, 3])\n// [2, 3, 4]\n// >>> incr_list([5, 3, 5, 2, 3, 3, 9, 0, 123])\n// [6, 4, 6, 3, 4, 4, 10, 1, 124]\nlet incr_list l = \n  [1, 2, 3, 4, 5, 6, 7, 8, 9, 10, 11, 12, 13, 14, 15, 16, 17, 18, 19, 20, 21, 22, 23, 24, 25, 26, 27, 28, 29, 30, 31, 32, 33, 34, 35, 36, 37, 38, 39, 40, 41, 42, 43, 44, 45, 46, 47, 48, 49, 50, 51, 52, 53, 54, 55, 56, 57, 58, 59, 60, 61, 62, 63, 64, 65, 66, 67, 68, 69, 70, 71, 72, 73, 74, 75, 76, 77, 78, 79, 80, 81, 82, 83, 84, 85, 86, 87, 88, 89, 90, 91, 92, 93, 94, 95, 96, 97, 98, 99, 100, 101, 102, 103, 104, 105, 106, 107, 108, 109, 110, 111, 112, 113, 114, 115, 116, 117, 118, 119, 120, 121, 122, 123]\nlet test() = \n  let candidate = incr_list\n  assert (candidate [] = [])\n  assert (candidate [3; 2; 1] = [4; 3; 2])\n  assert (candidate [5; 2; 5; 2; 3; 3; 9; 0; 123] = [6; 3; 6; 3; 4; 4; 10; 1; 124])\n  0\n\ntest()",
      "timestamp": 1675797122,
      "stdout": "",
      "stderr": "\n\n/tmp/tmpgx8_aipg.fsx(11,34): error FS0001: This expression was expected to have type\n    'int * int * int * int * int * int * int * int * int * int * int * int * int * int * int * int * int * int * int * int * int * int * int * int * int * int * int * int * int * int * int * int * int * int * int * int * int * int * int * int * int * int * int * int * int * int * int * int * int * int * int * int * int * int * int * int * int * int * int * int * int * int * int * int * int * int * int * int * int * int * int * int * int * int * int * int * int * int * int * int * int * int * int * int * int * int * int * int * int * int * int * int * int * int * int * int * int * int * int * int * int * int * int * int * int * int * int * int * int * int * int * int * int * int * int * int * int * int * int * int * int * int * int'    \nbut here has type\n    'int'    \n\n",
      "exit_code": 1,
      "status": "Exception"
    },
    {
      "program": "//Return list with elements incremented by 1.\n// >>> incr_list([1, 2, 3])\n// [2, 3, 4]\n// >>> incr_list([5, 3, 5, 2, 3, 3, 9, 0, 123])\n// [6, 4, 6, 3, 4, 4, 10, 1, 124]\nlet incr_list l = \n  [1, 2, 3, 4, 5, 6, 7, 8, 9, 10, 11, 12, 13, 14, 15, 16, 17, 18, 19, 20, 21, 22, 23, 24, 25, 26, 27, 28, 29, 30, 31, 32, 33, 34, 35, 36, 37, 38, 39, 40, 41, 42, 43, 44, 45, 46, 47, 48, 49, 50, 51, 52, 53, 54, 55, 56, 57, 58, 59, 60, 61, 62, 63, 64, 65, 66, 67, 68, 69, 70, 71, 72, 73, 74, 75, 76, 77, 78, 79, 80, 81, 82, 83, 84, 85, 86, 87, 88, 89, 90, 91, 92, 93, 94, 95, 96, 97, 98, 99, 100, 101, 102, 103, 104, 105, 106, 107, 108, 109, 110, 111, 112, 113, 114, 115, 116, 117, 118, 119, 120, 121, 122]\nlet test() = \n  let candidate = incr_list\n  assert (candidate [] = [])\n  assert (candidate [3; 2; 1] = [4; 3; 2])\n  assert (candidate [5; 2; 5; 2; 3; 3; 9; 0; 123] = [6; 3; 6; 3; 4; 4; 10; 1; 124])\n  0\n\ntest()",
      "timestamp": 1675797122,
      "stdout": "",
      "stderr": "\n\n/tmp/tmpjc1d6de7.fsx(11,34): error FS0001: This expression was expected to have type\n    'int * int * int * int * int * int * int * int * int * int * int * int * int * int * int * int * int * int * int * int * int * int * int * int * int * int * int * int * int * int * int * int * int * int * int * int * int * int * int * int * int * int * int * int * int * int * int * int * int * int * int * int * int * int * int * int * int * int * int * int * int * int * int * int * int * int * int * int * int * int * int * int * int * int * int * int * int * int * int * int * int * int * int * int * int * int * int * int * int * int * int * int * int * int * int * int * int * int * int * int * int * int * int * int * int * int * int * int * int * int * int * int * int * int * int * int * int * int * int * int * int * int'    \nbut here has type\n    'int'    \n\n",
      "exit_code": 1,
      "status": "Exception"
    },
    {
      "program": "//Return list with elements incremented by 1.\n// >>> incr_list([1, 2, 3])\n// [2, 3, 4]\n// >>> incr_list([5, 3, 5, 2, 3, 3, 9, 0, 123])\n// [6, 4, 6, 3, 4, 4, 10, 1, 124]\nlet incr_list l = \n  [1, 2, 3, 4, 5, 6, 7, 8, 9, 10, 11, 12, 13, 14, 15, 16, 17, 18, 19, 20, 21, 22, 23, 24, 25, 26, 27, 28, 29, 30, 31, 32, 33, 34, 35, 36, 37, 38, 39, 40, 41, 42, 43, 44, 45, 46, 47, 48, 49, 50, 51, 52, 53, 54, 55, 56, 57, 58, 59, 60, 61, 62, 63, 64, 65, 66, 67, 68, 69, 70, 71, 72, 73, 74, 75, 76, 77, 78, 79, 80, 81, 82, 83, 84, 85, 86, 87, 88, 89, 90, 91, 92, 93, 94, 95, 96, 97, 98, 99, 100, 101, 102, 103, 104, 105, 106, 107, 108, 109, 110, 111, 112, 113, 114, 115, 116, 117, 118, 119, 120, 121, 122]\nlet test() = \n  let candidate = incr_list\n  assert (candidate [] = [])\n  assert (candidate [3; 2; 1] = [4; 3; 2])\n  assert (candidate [5; 2; 5; 2; 3; 3; 9; 0; 123] = [6; 3; 6; 3; 4; 4; 10; 1; 124])\n  0\n\ntest()",
      "timestamp": 1675797122,
      "stdout": "",
      "stderr": "\n\n/tmp/tmpjc1d6de7.fsx(11,34): error FS0001: This expression was expected to have type\n    'int * int * int * int * int * int * int * int * int * int * int * int * int * int * int * int * int * int * int * int * int * int * int * int * int * int * int * int * int * int * int * int * int * int * int * int * int * int * int * int * int * int * int * int * int * int * int * int * int * int * int * int * int * int * int * int * int * int * int * int * int * int * int * int * int * int * int * int * int * int * int * int * int * int * int * int * int * int * int * int * int * int * int * int * int * int * int * int * int * int * int * int * int * int * int * int * int * int * int * int * int * int * int * int * int * int * int * int * int * int * int * int * int * int * int * int * int * int * int * int * int * int'    \nbut here has type\n    'int'    \n\n",
      "exit_code": 1,
      "status": "Exception"
    },
    {
      "program": "//Return list with elements incremented by 1.\n// >>> incr_list([1, 2, 3])\n// [2, 3, 4]\n// >>> incr_list([5, 3, 5, 2, 3, 3, 9, 0, 123])\n// [6, 4, 6, 3, 4, 4, 10, 1, 124]\nlet incr_list l = \n  [1, 2, 3, 4, 5, 6, 7, 8, 9, 10, 11, 12, 13, 14, 15, 16, 17, 18, 19, 20, 21, 22, 23, 24, 25, 26, 27, 28, 29, 30, 31, 32, 33, 34, 35, 36, 37, 38, 39, 40, 41, 42, 43, 44, 45, 46, 47, 48, 49, 50, 51, 52, 53, 54, 55, 56, 57, 58, 59, 60, 61, 62, 63, 64, 65, 66, 67, 68, 69, 70, 71, 72, 73, 74, 75, 76, 77, 78, 79, 80, 81, 82, 83, 84, 85, 86, 87, 88, 89, 90, 91, 92, 93, 94, 95, 96, 97, 98, 99, 100, 101, 102, 103, 104, 105, 106, 107, 108, 109, 110, 111, 112, 113, 114, 115, 116, 117, 118, 119, 120, 121, 122]\nlet test() = \n  let candidate = incr_list\n  assert (candidate [] = [])\n  assert (candidate [3; 2; 1] = [4; 3; 2])\n  assert (candidate [5; 2; 5; 2; 3; 3; 9; 0; 123] = [6; 3; 6; 3; 4; 4; 10; 1; 124])\n  0\n\ntest()",
      "timestamp": 1675797122,
      "stdout": "",
      "stderr": "\n\n/tmp/tmpjc1d6de7.fsx(11,34): error FS0001: This expression was expected to have type\n    'int * int * int * int * int * int * int * int * int * int * int * int * int * int * int * int * int * int * int * int * int * int * int * int * int * int * int * int * int * int * int * int * int * int * int * int * int * int * int * int * int * int * int * int * int * int * int * int * int * int * int * int * int * int * int * int * int * int * int * int * int * int * int * int * int * int * int * int * int * int * int * int * int * int * int * int * int * int * int * int * int * int * int * int * int * int * int * int * int * int * int * int * int * int * int * int * int * int * int * int * int * int * int * int * int * int * int * int * int * int * int * int * int * int * int * int * int * int * int * int * int * int'    \nbut here has type\n    'int'    \n\n",
      "exit_code": 1,
      "status": "Exception"
    },
    {
      "program": "//Return list with elements incremented by 1.\n// >>> incr_list([1, 2, 3])\n// [2, 3, 4]\n// >>> incr_list([5, 3, 5, 2, 3, 3, 9, 0, 123])\n// [6, 4, 6, 3, 4, 4, 10, 1, 124]\nlet incr_list l = \n  [1, 2, 3, 4, 5, 6, 7, 8, 9, 10, 11, 12, 13, 14, 15, 16, 17, 18, 19, 20, 21, 22, 23, 24, 25, 26, 27, 28, 29, 30, 31, 32, 33, 34, 35, 36, 37, 38, 39, 40, 41, 42, 43, 44, 45, 46, 47, 48, 49, 50, 51, 52, 53, 54, 55, 56, 57, 58, 59, 60, 61, 62, 63, 64, 65, 66, 67, 68, 69, 70, 71, 72, 73, 74, 75, 76, 77, 78, 79, 80, 81, 82, 83, 84, 85, 86, 87, 88, 89, 90, 91, 92, 93, 94, 95, 96, 97, 98, 99, 100, 101, 102, 103, 104, 105, 106, 107, 108, 109, 110, 111, 112, 113, 114, 115, 116, 117, 118, 119, 120, 121, 122]\nlet test() = \n  let candidate = incr_list\n  assert (candidate [] = [])\n  assert (candidate [3; 2; 1] = [4; 3; 2])\n  assert (candidate [5; 2; 5; 2; 3; 3; 9; 0; 123] = [6; 3; 6; 3; 4; 4; 10; 1; 124])\n  0\n\ntest()",
      "timestamp": 1675797122,
      "stdout": "",
      "stderr": "\n\n/tmp/tmpjc1d6de7.fsx(11,34): error FS0001: This expression was expected to have type\n    'int * int * int * int * int * int * int * int * int * int * int * int * int * int * int * int * int * int * int * int * int * int * int * int * int * int * int * int * int * int * int * int * int * int * int * int * int * int * int * int * int * int * int * int * int * int * int * int * int * int * int * int * int * int * int * int * int * int * int * int * int * int * int * int * int * int * int * int * int * int * int * int * int * int * int * int * int * int * int * int * int * int * int * int * int * int * int * int * int * int * int * int * int * int * int * int * int * int * int * int * int * int * int * int * int * int * int * int * int * int * int * int * int * int * int * int * int * int * int * int * int * int'    \nbut here has type\n    'int'    \n\n",
      "exit_code": 1,
      "status": "Exception"
    },
    {
      "program": "//Return list with elements incremented by 1.\n// >>> incr_list([1, 2, 3])\n// [2, 3, 4]\n// >>> incr_list([5, 3, 5, 2, 3, 3, 9, 0, 123])\n// [6, 4, 6, 3, 4, 4, 10, 1, 124]\nlet incr_list l = \n  [1, 2, 3, 4, 5, 6, 7, 8, 9, 10, 11, 12, 13, 14, 15, 16, 17, 18, 19, 20, 21, 22, 23, 24, 25, 26, 27, 28, 29, 30, 31, 32, 33, 34, 35, 36, 37, 38, 39, 40, 41, 42, 43, 44, 45, 46, 47, 48, 49, 50, 51, 52, 53, 54, 55, 56, 57, 58, 59, 60, 61, 62, 63, 64, 65, 66, 67, 68, 69, 70, 71, 72, 73, 74, 75, 76, 77, 78, 79, 80, 81, 82, 83, 84, 85, 86, 87, 88, 89, 90, 91, 92, 93, 94, 95, 96, 97, 98, 99, 100, 101, 102, 103, 104, 105, 106, 107, 108, 109, 110, 111, 112, 113, 114, 115, 116, 117, 118, 119, 120, 121, 122]\nlet test() = \n  let candidate = incr_list\n  assert (candidate [] = [])\n  assert (candidate [3; 2; 1] = [4; 3; 2])\n  assert (candidate [5; 2; 5; 2; 3; 3; 9; 0; 123] = [6; 3; 6; 3; 4; 4; 10; 1; 124])\n  0\n\ntest()",
      "timestamp": 1675797122,
      "stdout": "",
      "stderr": "\n\n/tmp/tmpjc1d6de7.fsx(11,34): error FS0001: This expression was expected to have type\n    'int * int * int * int * int * int * int * int * int * int * int * int * int * int * int * int * int * int * int * int * int * int * int * int * int * int * int * int * int * int * int * int * int * int * int * int * int * int * int * int * int * int * int * int * int * int * int * int * int * int * int * int * int * int * int * int * int * int * int * int * int * int * int * int * int * int * int * int * int * int * int * int * int * int * int * int * int * int * int * int * int * int * int * int * int * int * int * int * int * int * int * int * int * int * int * int * int * int * int * int * int * int * int * int * int * int * int * int * int * int * int * int * int * int * int * int * int * int * int * int * int * int'    \nbut here has type\n    'int'    \n\n",
      "exit_code": 1,
      "status": "Exception"
    },
    {
      "program": "//Return list with elements incremented by 1.\n// >>> incr_list([1, 2, 3])\n// [2, 3, 4]\n// >>> incr_list([5, 3, 5, 2, 3, 3, 9, 0, 123])\n// [6, 4, 6, 3, 4, 4, 10, 1, 124]\nlet incr_list l = \n  [1, 2, 3, 4, 5, 6, 7, 8, 9, 10, 11, 12, 13, 14, 15, 16, 17, 18, 19, 20, 21, 22, 23, 24, 25, 26, 27, 28, 29, 30, 31, 32, 33, 34, 35, 36, 37, 38, 39, 40, 41, 42, 43, 44, 45, 46, 47, 48, 49, 50, 51, 52, 53, 54, 55, 56, 57, 58, 59, 60, 61, 62, 63, 64, 65, 66, 67, 68, 69, 70, 71, 72, 73, 74, 75, 76, 77, 78, 79, 80, 81, 82, 83, 84, 85, 86, 87, 88, 89, 90, 91, 92, 93, 94, 95, 96, 97, 98, 99, 100, 101, 102, 103, 104, 105, 106, 107, 108, 109, 110, 111, 112, 113, 114, 115, 116, 117, 118, 119, 120, 121, 122]\nlet test() = \n  let candidate = incr_list\n  assert (candidate [] = [])\n  assert (candidate [3; 2; 1] = [4; 3; 2])\n  assert (candidate [5; 2; 5; 2; 3; 3; 9; 0; 123] = [6; 3; 6; 3; 4; 4; 10; 1; 124])\n  0\n\ntest()",
      "timestamp": 1675797122,
      "stdout": "",
      "stderr": "\n\n/tmp/tmpjc1d6de7.fsx(11,34): error FS0001: This expression was expected to have type\n    'int * int * int * int * int * int * int * int * int * int * int * int * int * int * int * int * int * int * int * int * int * int * int * int * int * int * int * int * int * int * int * int * int * int * int * int * int * int * int * int * int * int * int * int * int * int * int * int * int * int * int * int * int * int * int * int * int * int * int * int * int * int * int * int * int * int * int * int * int * int * int * int * int * int * int * int * int * int * int * int * int * int * int * int * int * int * int * int * int * int * int * int * int * int * int * int * int * int * int * int * int * int * int * int * int * int * int * int * int * int * int * int * int * int * int * int * int * int * int * int * int * int'    \nbut here has type\n    'int'    \n\n",
      "exit_code": 1,
      "status": "Exception"
    },
    {
      "program": "//Return list with elements incremented by 1.\n// >>> incr_list([1, 2, 3])\n// [2, 3, 4]\n// >>> incr_list([5, 3, 5, 2, 3, 3, 9, 0, 123])\n// [6, 4, 6, 3, 4, 4, 10, 1, 124]\nlet incr_list l = \n  [1, 2, 3, 4, 5, 6, 7, 8, 9, 10, 11, 12, 13, 14, 15, 16, 17, 18, 19, 20, 21, 22, 23, 24, 25, 26, 27, 28, 29, 30, 31, 32, 33, 34, 35, 36, 37, 38, 39, 40, 41, 42, 43, 44, 45, 46, 47, 48, 49, 50, 51, 52, 53, 54, 55, 56, 57, 58, 59, 60, 61, 62, 63, 64, 65, 66, 67, 68, 69, 70, 71, 72, 73, 74, 75, 76, 77, 78, 79, 80, 81, 82, 83, 84, 85, 86, 87, 88, 89, 90, 91, 92, 93, 94, 95, 96, 97, 98, 99, 100, 101, 102, 103, 104, 105, 106, 107, 108, 109, 110, 111, 112, 113, 114, 115, 116, 117, 118, 119, 120, 121, 122]\nlet test() = \n  let candidate = incr_list\n  assert (candidate [] = [])\n  assert (candidate [3; 2; 1] = [4; 3; 2])\n  assert (candidate [5; 2; 5; 2; 3; 3; 9; 0; 123] = [6; 3; 6; 3; 4; 4; 10; 1; 124])\n  0\n\ntest()",
      "timestamp": 1675797122,
      "stdout": "",
      "stderr": "\n\n/tmp/tmpjc1d6de7.fsx(11,34): error FS0001: This expression was expected to have type\n    'int * int * int * int * int * int * int * int * int * int * int * int * int * int * int * int * int * int * int * int * int * int * int * int * int * int * int * int * int * int * int * int * int * int * int * int * int * int * int * int * int * int * int * int * int * int * int * int * int * int * int * int * int * int * int * int * int * int * int * int * int * int * int * int * int * int * int * int * int * int * int * int * int * int * int * int * int * int * int * int * int * int * int * int * int * int * int * int * int * int * int * int * int * int * int * int * int * int * int * int * int * int * int * int * int * int * int * int * int * int * int * int * int * int * int * int * int * int * int * int * int * int'    \nbut here has type\n    'int'    \n\n",
      "exit_code": 1,
      "status": "Exception"
    },
    {
      "program": "//Return list with elements incremented by 1.\n// >>> incr_list([1, 2, 3])\n// [2, 3, 4]\n// >>> incr_list([5, 3, 5, 2, 3, 3, 9, 0, 123])\n// [6, 4, 6, 3, 4, 4, 10, 1, 124]\nlet incr_list l = \n  [1, 2, 3, 4, 5, 6, 7, 8, 9, 10, 11, 12, 13, 14, 15, 16, 17, 18, 19, 20, 21, 22, 23, 24, 25, 26, 27, 28, 29, 30, 31, 32, 33, 34, 35, 36, 37, 38, 39, 40, 41, 42, 43, 44, 45, 46, 47, 48, 49, 50, 51, 52, 53, 54, 55, 56, 57, 58, 59, 60, 61, 62, 63, 64, 65, 66, 67, 68, 69, 70, 71, 72, 73, 74, 75, 76, 77, 78, 79, 80, 81, 82, 83, 84, 85, 86, 87, 88, 89, 90, 91, 92, 93, 94, 95, 96, 97, 98, 99, 100, 101, 102, 103, 104, 105, 106, 107, 108, 109, 110, 111, 112, 113, 114, 115, 116, 117, 118, 119, 120, 121, 122]\nlet test() = \n  let candidate = incr_list\n  assert (candidate [] = [])\n  assert (candidate [3; 2; 1] = [4; 3; 2])\n  assert (candidate [5; 2; 5; 2; 3; 3; 9; 0; 123] = [6; 3; 6; 3; 4; 4; 10; 1; 124])\n  0\n\ntest()",
      "timestamp": 1675797122,
      "stdout": "",
      "stderr": "\n\n/tmp/tmpjc1d6de7.fsx(11,34): error FS0001: This expression was expected to have type\n    'int * int * int * int * int * int * int * int * int * int * int * int * int * int * int * int * int * int * int * int * int * int * int * int * int * int * int * int * int * int * int * int * int * int * int * int * int * int * int * int * int * int * int * int * int * int * int * int * int * int * int * int * int * int * int * int * int * int * int * int * int * int * int * int * int * int * int * int * int * int * int * int * int * int * int * int * int * int * int * int * int * int * int * int * int * int * int * int * int * int * int * int * int * int * int * int * int * int * int * int * int * int * int * int * int * int * int * int * int * int * int * int * int * int * int * int * int * int * int * int * int * int'    \nbut here has type\n    'int'    \n\n",
      "exit_code": 1,
      "status": "Exception"
    },
    {
      "program": "//Return list with elements incremented by 1.\n// >>> incr_list([1, 2, 3])\n// [2, 3, 4]\n// >>> incr_list([5, 3, 5, 2, 3, 3, 9, 0, 123])\n// [6, 4, 6, 3, 4, 4, 10, 1, 124]\nlet incr_list l = \n  [1, 2, 3, 4, 5, 6, 7, 8, 9, 10, 11, 12, 13, 14, 15, 16, 17, 18, 19, 20, 21, 22, 23, 24, 25, 26, 27, 28, 29, 30, 31, 32, 33, 34, 35, 36, 37, 38, 39, 40, 41, 42, 43, 44, 45, 46, 47, 48, 49, 50, 51, 52, 53, 54, 55, 56, 57, 58, 59, 60, 61, 62, 63, 64, 65, 66, 67, 68, 69, 70, 71, 72, 73, 74, 75, 76, 77, 78, 79, 80, 81, 82, 83, 84, 85, 86, 87, 88, 89, 90, 91, 92, 93, 94, 95, 96, 97, 98, 99, 100, 101, 102, 103, 104, 105, 106, 107, 108, 109, 110, 111, 112, 113, 114, 115, 116, 117, 118, 119, 120, 121, 122]\nlet test() = \n  let candidate = incr_list\n  assert (candidate [] = [])\n  assert (candidate [3; 2; 1] = [4; 3; 2])\n  assert (candidate [5; 2; 5; 2; 3; 3; 9; 0; 123] = [6; 3; 6; 3; 4; 4; 10; 1; 124])\n  0\n\ntest()",
      "timestamp": 1675797122,
      "stdout": "",
      "stderr": "\n\n/tmp/tmpjc1d6de7.fsx(11,34): error FS0001: This expression was expected to have type\n    'int * int * int * int * int * int * int * int * int * int * int * int * int * int * int * int * int * int * int * int * int * int * int * int * int * int * int * int * int * int * int * int * int * int * int * int * int * int * int * int * int * int * int * int * int * int * int * int * int * int * int * int * int * int * int * int * int * int * int * int * int * int * int * int * int * int * int * int * int * int * int * int * int * int * int * int * int * int * int * int * int * int * int * int * int * int * int * int * int * int * int * int * int * int * int * int * int * int * int * int * int * int * int * int * int * int * int * int * int * int * int * int * int * int * int * int * int * int * int * int * int * int'    \nbut here has type\n    'int'    \n\n",
      "exit_code": 1,
      "status": "Exception"
    },
    {
      "program": "//Return list with elements incremented by 1.\n// >>> incr_list([1, 2, 3])\n// [2, 3, 4]\n// >>> incr_list([5, 3, 5, 2, 3, 3, 9, 0, 123])\n// [6, 4, 6, 3, 4, 4, 10, 1, 124]\nlet incr_list l = \n  [1, 2, 3, 4, 5, 6, 7, 8, 9, 10, 11, 12, 13, 14, 15, 16, 17, 18, 19, 20, 21, 22, 23, 24, 25, 26, 27, 28, 29, 30, 31, 32, 33, 34, 35, 36, 37, 38, 39, 40, 41, 42, 43, 44, 45, 46, 47, 48, 49, 50, 51, 52, 53, 54, 55, 56, 57, 58, 59, 60, 61, 62, 63, 64, 65, 66, 67, 68, 69, 70, 71, 72, 73, 74, 75, 76, 77, 78, 79, 80, 81, 82, 83, 84, 85, 86, 87, 88, 89, 90, 91, 92, 93, 94, 95, 96, 97, 98, 99, 100, 101, 102, 103, 104, 105, 106, 107, 108, 109, 110, 111, 112, 113, 114, 115, 116, 117, 118, 119, 120, 121, 122, 123]\nlet test() = \n  let candidate = incr_list\n  assert (candidate [] = [])\n  assert (candidate [3; 2; 1] = [4; 3; 2])\n  assert (candidate [5; 2; 5; 2; 3; 3; 9; 0; 123] = [6; 3; 6; 3; 4; 4; 10; 1; 124])\n  0\n\ntest()",
      "timestamp": 1675797122,
      "stdout": "",
      "stderr": "\n\n/tmp/tmpgx8_aipg.fsx(11,34): error FS0001: This expression was expected to have type\n    'int * int * int * int * int * int * int * int * int * int * int * int * int * int * int * int * int * int * int * int * int * int * int * int * int * int * int * int * int * int * int * int * int * int * int * int * int * int * int * int * int * int * int * int * int * int * int * int * int * int * int * int * int * int * int * int * int * int * int * int * int * int * int * int * int * int * int * int * int * int * int * int * int * int * int * int * int * int * int * int * int * int * int * int * int * int * int * int * int * int * int * int * int * int * int * int * int * int * int * int * int * int * int * int * int * int * int * int * int * int * int * int * int * int * int * int * int * int * int * int * int * int * int'    \nbut here has type\n    'int'    \n\n",
      "exit_code": 1,
      "status": "Exception"
    },
    {
      "program": "//Return list with elements incremented by 1.\n// >>> incr_list([1, 2, 3])\n// [2, 3, 4]\n// >>> incr_list([5, 3, 5, 2, 3, 3, 9, 0, 123])\n// [6, 4, 6, 3, 4, 4, 10, 1, 124]\nlet incr_list l = \n  [1, 2, 3, 4, 5, 6, 7, 8, 9, 10, 11, 12, 13, 14, 15, 16, 17, 18, 19, 20, 21, 22, 23, 24, 25, 26, 27, 28, 29, 30, 31, 32, 33, 34, 35, 36, 37, 38, 39, 40, 41, 42, 43, 44, 45, 46, 47, 48, 49, 50, 51, 52, 53, 54, 55, 56, 57, 58, 59, 60, 61, 62, 63, 64, 65, 66, 67, 68, 69, 70, 71, 72, 73, 74, 75, 76, 77, 78, 79, 80, 81, 82, 83, 84, 85, 86, 87, 88, 89, 90, 91, 92, 93, 94, 95, 96, 97, 98, 99, 100, 101, 102, 103, 104, 105, 106, 107, 108, 109, 110, 111, 112, 113, 114, 115, 116, 117, 118, 119, 120, 121, 122]\nlet test() = \n  let candidate = incr_list\n  assert (candidate [] = [])\n  assert (candidate [3; 2; 1] = [4; 3; 2])\n  assert (candidate [5; 2; 5; 2; 3; 3; 9; 0; 123] = [6; 3; 6; 3; 4; 4; 10; 1; 124])\n  0\n\ntest()",
      "timestamp": 1675797122,
      "stdout": "",
      "stderr": "\n\n/tmp/tmpjc1d6de7.fsx(11,34): error FS0001: This expression was expected to have type\n    'int * int * int * int * int * int * int * int * int * int * int * int * int * int * int * int * int * int * int * int * int * int * int * int * int * int * int * int * int * int * int * int * int * int * int * int * int * int * int * int * int * int * int * int * int * int * int * int * int * int * int * int * int * int * int * int * int * int * int * int * int * int * int * int * int * int * int * int * int * int * int * int * int * int * int * int * int * int * int * int * int * int * int * int * int * int * int * int * int * int * int * int * int * int * int * int * int * int * int * int * int * int * int * int * int * int * int * int * int * int * int * int * int * int * int * int * int * int * int * int * int * int'    \nbut here has type\n    'int'    \n\n",
      "exit_code": 1,
      "status": "Exception"
    },
    {
      "program": "//Return list with elements incremented by 1.\n// >>> incr_list([1, 2, 3])\n// [2, 3, 4]\n// >>> incr_list([5, 3, 5, 2, 3, 3, 9, 0, 123])\n// [6, 4, 6, 3, 4, 4, 10, 1, 124]\nlet incr_list l = \n  [1, 2, 3]\n  .map(x => x + 1)\n  .map(x => x * 2)\n  .map(x => x * 3)\n  .map(x => x * 4)\n  .map(x => x * 5)\n  .map(x => x * 6)\n  .map(x => x * 7)\n  .map(x => x * 8)\n  .map(x => x * 9)\n  .map(x => x * 10)\n  .map(x => x * 11)\n  .map(x => x * 12)\n  .map(x => x * 13)\n  .map(x => x * 14)\n  .map(x => x * 15)\n  .map(x => x * 16)\n  .map(x => x * 17)\n  .map(x => x * 18)\n  .map(x => x * 19)\n  .map(x => x * 20)\n  .map(x => x * 21)\n  .map(x => x * 22)\n  .map(x => x * 23)\n  .map(x => x * 24)\n  .map(x => x * 25)\n  .map(x => x * 26)\n  .map(x => x * 27)\n  .map(x => x * 28)\n  .map(x => x * 29)\n  .map(x => x * 30)\n  .map(x => x * 31)\n  .map(x => x * 32)\n  .map(x => x * 33)\n  .map(x => x * 34)\n  .map(x => x * 35)\n  .map(x => x * 36)\n  .map(x => x * 37)\n  .map(x => x * 38)\n  .map(x => x * 39)\n  .map(x => x * 40)\n  .map(x => x * 41)\n  .map(x => x * 42)\n  .map(x => x * 43)\n  .map(x => x * 44)\n  .map(x => x * 45)\n  .map(x => x *\nlet test() = \n  let candidate = incr_list\n  assert (candidate [] = [])\n  assert (candidate [3; 2; 1] = [4; 3; 2])\n  assert (candidate [5; 2; 5; 2; 3; 3; 9; 0; 123] = [6; 3; 6; 3; 4; 4; 10; 1; 124])\n  0\n\ntest()",
      "timestamp": 1675797122,
      "stdout": "",
      "stderr": "\n\n/tmp/tmpuh_61hu9.fsx(8,3): error FS0010: Unexpected symbol '.' in binding. Expected incomplete structured construct at or before this point or other token.\n\n\n\n/tmp/tmpuh_61hu9.fsx(54,1): warning FS0058: Possible incorrect indentation: this token is offside of context started at position (6:1). Try indenting this token further or using standard formatting conventions.\n\n\n\n/tmp/tmpuh_61hu9.fsx(54,1): warning FS0058: Possible incorrect indentation: this token is offside of context started at position (6:1). Try indenting this token further or using standard formatting conventions.\n\n\n\n/tmp/tmpuh_61hu9.fsx(61,1): warning FS0058: Possible incorrect indentation: this token is offside of context started at position (6:1). Try indenting this token further or using standard formatting conventions.\n\n\n\n/tmp/tmpuh_61hu9.fsx(61,1): warning FS0058: Possible incorrect indentation: this token is offside of context started at position (6:1). Try indenting this token further or using standard formatting conventions.\n\n",
      "exit_code": 1,
      "status": "Exception"
    },
    {
      "program": "//Return list with elements incremented by 1.\n// >>> incr_list([1, 2, 3])\n// [2, 3, 4]\n// >>> incr_list([5, 3, 5, 2, 3, 3, 9, 0, 123])\n// [6, 4, 6, 3, 4, 4, 10, 1, 124]\nlet incr_list l = \n  [1, 2, 3, 4, 5, 6, 7, 8, 9, 10, 11, 12, 13, 14, 15, 16, 17, 18, 19, 20, 21, 22, 23, 24, 25, 26, 27, 28, 29, 30, 31, 32, 33, 34, 35, 36, 37, 38, 39, 40, 41, 42, 43, 44, 45, 46, 47, 48, 49, 50, 51, 52, 53, 54, 55, 56, 57, 58, 59, 60, 61, 62, 63, 64, 65, 66, 67, 68, 69, 70, 71, 72, 73, 74, 75, 76, 77, 78, 79, 80, 81, 82, 83, 84, 85, 86, 87, 88, 89, 90, 91, 92, 93, 94, 95, 96, 97, 98, 99, 100, 101, 102, 103, 104, 105, 106, 107, 108, 109, 110, 111, 112, 113, 114, 115, 116, 117, 118, 119, 120, 121, 122]\nlet test() = \n  let candidate = incr_list\n  assert (candidate [] = [])\n  assert (candidate [3; 2; 1] = [4; 3; 2])\n  assert (candidate [5; 2; 5; 2; 3; 3; 9; 0; 123] = [6; 3; 6; 3; 4; 4; 10; 1; 124])\n  0\n\ntest()",
      "timestamp": 1675797122,
      "stdout": "",
      "stderr": "\n\n/tmp/tmpjc1d6de7.fsx(11,34): error FS0001: This expression was expected to have type\n    'int * int * int * int * int * int * int * int * int * int * int * int * int * int * int * int * int * int * int * int * int * int * int * int * int * int * int * int * int * int * int * int * int * int * int * int * int * int * int * int * int * int * int * int * int * int * int * int * int * int * int * int * int * int * int * int * int * int * int * int * int * int * int * int * int * int * int * int * int * int * int * int * int * int * int * int * int * int * int * int * int * int * int * int * int * int * int * int * int * int * int * int * int * int * int * int * int * int * int * int * int * int * int * int * int * int * int * int * int * int * int * int * int * int * int * int * int * int * int * int * int * int'    \nbut here has type\n    'int'    \n\n",
      "exit_code": 1,
      "status": "Exception"
    },
    {
      "program": "//Return list with elements incremented by 1.\n// >>> incr_list([1, 2, 3])\n// [2, 3, 4]\n// >>> incr_list([5, 3, 5, 2, 3, 3, 9, 0, 123])\n// [6, 4, 6, 3, 4, 4, 10, 1, 124]\nlet incr_list l = \n  [1, 2, 3, 4, 5, 6, 7, 8, 9, 10, 11, 12, 13, 14, 15, 16, 17, 18, 19, 20, 21, 22, 23, 24, 25, 26, 27, 28, 29, 30, 31, 32, 33, 34, 35, 36, 37, 38, 39, 40, 41, 42, 43, 44, 45, 46, 47, 48, 49, 50, 51, 52, 53, 54, 55, 56, 57, 58, 59, 60, 61, 62, 63, 64, 65, 66, 67, 68, 69, 70, 71, 72, 73, 74, 75, 76, 77, 78, 79, 80, 81, 82, 83, 84, 85, 86, 87, 88, 89, 90, 91, 92, 93, 94, 95, 96, 97, 98, 99, 100, 101, 102, 103, 104, 105, 106, 107, 108, 109, 110, 111, 112, 113, 114, 115, 116, 117, 118, 119, 120, 121, 122]\nlet test() = \n  let candidate = incr_list\n  assert (candidate [] = [])\n  assert (candidate [3; 2; 1] = [4; 3; 2])\n  assert (candidate [5; 2; 5; 2; 3; 3; 9; 0; 123] = [6; 3; 6; 3; 4; 4; 10; 1; 124])\n  0\n\ntest()",
      "timestamp": 1675797122,
      "stdout": "",
      "stderr": "\n\n/tmp/tmpjc1d6de7.fsx(11,34): error FS0001: This expression was expected to have type\n    'int * int * int * int * int * int * int * int * int * int * int * int * int * int * int * int * int * int * int * int * int * int * int * int * int * int * int * int * int * int * int * int * int * int * int * int * int * int * int * int * int * int * int * int * int * int * int * int * int * int * int * int * int * int * int * int * int * int * int * int * int * int * int * int * int * int * int * int * int * int * int * int * int * int * int * int * int * int * int * int * int * int * int * int * int * int * int * int * int * int * int * int * int * int * int * int * int * int * int * int * int * int * int * int * int * int * int * int * int * int * int * int * int * int * int * int * int * int * int * int * int * int'    \nbut here has type\n    'int'    \n\n",
      "exit_code": 1,
      "status": "Exception"
    },
    {
      "program": "//Return list with elements incremented by 1.\n// >>> incr_list([1, 2, 3])\n// [2, 3, 4]\n// >>> incr_list([5, 3, 5, 2, 3, 3, 9, 0, 123])\n// [6, 4, 6, 3, 4, 4, 10, 1, 124]\nlet incr_list l = \n  [1, 2, 3]\n  .map(i => i + 1)\n  .map(i => i + 1)\n  .map(i => i + 1)\n  .map(i => i + 1)\n  .map(i => i + 1)\n  .map(i => i + 1)\n  .map(i => i + 1)\n  .map(i => i + 1)\n  .map(i => i + 1)\n  .map(i => i + 1)\n  .map(i => i + 1)\n  .map(i => i + 1)\n  .map(i => i + 1)\n  .map(i => i + 1)\n  .map(i => i + 1)\n  .map(i => i + 1)\n  .map(i => i + 1)\n  .map(i => i + 1)\n  .map(i => i + 1)\n  .map(i => i + 1)\n  .map(i => i + 1)\n  .map(i => i + 1)\n  .map(i => i + 1)\n  .map(i => i + 1)\n  .map(i => i + 1)\n  .map(i => i + 1)\n  .map(i => i + 1)\n  .map(i => i + 1)\n  .map(i => i + 1)\n  .map(i => i + 1)\n  .map(i => i + 1)\n  .map(i => i + 1)\n  .map(i => i + 1)\n  .map(i => i + 1)\n  .map(i => i + 1)\n  .map(i => i + 1)\n  .map(i => i + 1)\n  .map(i => i + 1)\n  .map(i => i + 1)\n  .map(i => i + 1)\n  .map(i => i + 1)\n  .map(i => i + 1)\n  .map(i => i + 1)\n  .map(i => i + 1)\n  .map(i => i + 1)\n  .map(i => i +\nlet test() = \n  let candidate = incr_list\n  assert (candidate [] = [])\n  assert (candidate [3; 2; 1] = [4; 3; 2])\n  assert (candidate [5; 2; 5; 2; 3; 3; 9; 0; 123] = [6; 3; 6; 3; 4; 4; 10; 1; 124])\n  0\n\ntest()",
      "timestamp": 1675797122,
      "stdout": "",
      "stderr": "\n\n/tmp/tmp5memdkeb.fsx(8,3): error FS0010: Unexpected symbol '.' in binding. Expected incomplete structured construct at or before this point or other token.\n\n\n\n/tmp/tmp5memdkeb.fsx(54,1): warning FS0058: Possible incorrect indentation: this token is offside of context started at position (6:1). Try indenting this token further or using standard formatting conventions.\n\n\n\n/tmp/tmp5memdkeb.fsx(54,1): warning FS0058: Possible incorrect indentation: this token is offside of context started at position (6:1). Try indenting this token further or using standard formatting conventions.\n\n\n\n/tmp/tmp5memdkeb.fsx(61,1): warning FS0058: Possible incorrect indentation: this token is offside of context started at position (6:1). Try indenting this token further or using standard formatting conventions.\n\n\n\n/tmp/tmp5memdkeb.fsx(61,1): warning FS0058: Possible incorrect indentation: this token is offside of context started at position (6:1). Try indenting this token further or using standard formatting conventions.\n\n",
      "exit_code": 1,
      "status": "Exception"
    }
  ]
}