{
  "name": "HumanEval_150_x_or_y",
  "language": "fs",
  "prompt": "//A simple program which should return the value of x if n is \n// a prime number and should return the value of y otherwise.\n// Examples:\n// for x_or_y(7, 34, 12) == 34\n// for x_or_y(15, 8, 5) == 5\nlet x_or_y n x y = \n",
  "tests": "let test() = \n  let candidate = x_or_y\n  assert (candidate 7 34 12 = 34)\n  assert (candidate 15 8 5 = 5)\n  assert (candidate 3 33 5212 = 33)\n  assert (candidate 1259 3 52 = 3)\n  assert (candidate 7919 -1 12 = -1)\n  assert (candidate 3609 1245 583 = 583)\n  assert (candidate 91 56 129 = 129)\n  assert (candidate 6 34 1234 = 1234)\n  assert (candidate 1 2 0 = 0)\n  assert (candidate 2 2 0 = 2)\n  0\n\ntest()",
  "stop_tokens": [
    "\n(*",
    "\n//",
    "\ntype",
    "\n\n"
  ],
  "results": [
    {
      "program": "//A simple program which should return the value of x if n is \n// a prime number and should return the value of y otherwise.\n// Examples:\n// for x_or_y(7, 34, 12) == 34\n// for x_or_y(15, 8, 5) == 5\nlet x_or_y n x y = \n  (x_or_y(n, x, y) == x) ? y : x;\nlet test() = \n  let candidate = x_or_y\n  assert (candidate 7 34 12 = 34)\n  assert (candidate 15 8 5 = 5)\n  assert (candidate 3 33 5212 = 33)\n  assert (candidate 1259 3 52 = 3)\n  assert (candidate 7919 -1 12 = -1)\n  assert (candidate 3609 1245 583 = 583)\n  assert (candidate 91 56 129 = 129)\n  assert (candidate 6 34 1234 = 1234)\n  assert (candidate 1 2 0 = 0)\n  assert (candidate 2 2 0 = 2)\n  0\n\ntest()",
      "timestamp": 1675797199,
      "stdout": "",
      "stderr": "\n\n/tmp/tmp73_yj95g.fsx(7,33): error FS0010: Unexpected symbol ';' in binding. Expected incomplete structured construct at or before this point or other token.\n\n",
      "exit_code": 1,
      "status": "Exception"
    },
    {
      "program": "//A simple program which should return the value of x if n is \n// a prime number and should return the value of y otherwise.\n// Examples:\n// for x_or_y(7, 34, 12) == 34\n// for x_or_y(15, 8, 5) == 5\nlet x_or_y n x y = \n  x_or_y(7, 34, 12)\n  x_or_y(15, 8, 5)\nlet test() = \n  let candidate = x_or_y\n  assert (candidate 7 34 12 = 34)\n  assert (candidate 15 8 5 = 5)\n  assert (candidate 3 33 5212 = 33)\n  assert (candidate 1259 3 52 = 3)\n  assert (candidate 7919 -1 12 = -1)\n  assert (candidate 3609 1245 583 = 583)\n  assert (candidate 91 56 129 = 129)\n  assert (candidate 6 34 1234 = 1234)\n  assert (candidate 1 2 0 = 0)\n  assert (candidate 2 2 0 = 2)\n  0\n\ntest()",
      "timestamp": 1675797200,
      "stdout": "",
      "stderr": "\n\n/tmp/tmphd4i3m0o.fsx(7,3): error FS0039: The value or constructor 'x_or_y' is not defined.\n\n",
      "exit_code": 1,
      "status": "Exception"
    },
    {
      "program": "//A simple program which should return the value of x if n is \n// a prime number and should return the value of y otherwise.\n// Examples:\n// for x_or_y(7, 34, 12) == 34\n// for x_or_y(15, 8, 5) == 5\nlet x_or_y n x y = \n  x_or_y(7, 34, 12)\n  x_or_y(15, 8, 5)\nlet test() = \n  let candidate = x_or_y\n  assert (candidate 7 34 12 = 34)\n  assert (candidate 15 8 5 = 5)\n  assert (candidate 3 33 5212 = 33)\n  assert (candidate 1259 3 52 = 3)\n  assert (candidate 7919 -1 12 = -1)\n  assert (candidate 3609 1245 583 = 583)\n  assert (candidate 91 56 129 = 129)\n  assert (candidate 6 34 1234 = 1234)\n  assert (candidate 1 2 0 = 0)\n  assert (candidate 2 2 0 = 2)\n  0\n\ntest()",
      "timestamp": 1675797200,
      "stdout": "",
      "stderr": "\n\n/tmp/tmphd4i3m0o.fsx(7,3): error FS0039: The value or constructor 'x_or_y' is not defined.\n\n",
      "exit_code": 1,
      "status": "Exception"
    },
    {
      "program": "//A simple program which should return the value of x if n is \n// a prime number and should return the value of y otherwise.\n// Examples:\n// for x_or_y(7, 34, 12) == 34\n// for x_or_y(15, 8, 5) == 5\nlet x_or_y n x y = \n  x_or_y(n, y, x)\nlet test() = \n  let candidate = x_or_y\n  assert (candidate 7 34 12 = 34)\n  assert (candidate 15 8 5 = 5)\n  assert (candidate 3 33 5212 = 33)\n  assert (candidate 1259 3 52 = 3)\n  assert (candidate 7919 -1 12 = -1)\n  assert (candidate 3609 1245 583 = 583)\n  assert (candidate 91 56 129 = 129)\n  assert (candidate 6 34 1234 = 1234)\n  assert (candidate 1 2 0 = 0)\n  assert (candidate 2 2 0 = 2)\n  0\n\ntest()",
      "timestamp": 1675797200,
      "stdout": "",
      "stderr": "\n\n/tmp/tmpnwd79228.fsx(7,3): error FS0039: The value or constructor 'x_or_y' is not defined.\n\n",
      "exit_code": 1,
      "status": "Exception"
    },
    {
      "program": "//A simple program which should return the value of x if n is \n// a prime number and should return the value of y otherwise.\n// Examples:\n// for x_or_y(7, 34, 12) == 34\n// for x_or_y(15, 8, 5) == 5\nlet x_or_y n x y = \n  x_or_y(7, 34, 12)\n  x_or_y(15, 8, 5)\nlet test() = \n  let candidate = x_or_y\n  assert (candidate 7 34 12 = 34)\n  assert (candidate 15 8 5 = 5)\n  assert (candidate 3 33 5212 = 33)\n  assert (candidate 1259 3 52 = 3)\n  assert (candidate 7919 -1 12 = -1)\n  assert (candidate 3609 1245 583 = 583)\n  assert (candidate 91 56 129 = 129)\n  assert (candidate 6 34 1234 = 1234)\n  assert (candidate 1 2 0 = 0)\n  assert (candidate 2 2 0 = 2)\n  0\n\ntest()",
      "timestamp": 1675797200,
      "stdout": "",
      "stderr": "\n\n/tmp/tmphd4i3m0o.fsx(7,3): error FS0039: The value or constructor 'x_or_y' is not defined.\n\n",
      "exit_code": 1,
      "status": "Exception"
    },
    {
      "program": "//A simple program which should return the value of x if n is \n// a prime number and should return the value of y otherwise.\n// Examples:\n// for x_or_y(7, 34, 12) == 34\n// for x_or_y(15, 8, 5) == 5\nlet x_or_y n x y = \n(x_or_y(7, 34, 12) == 34) ? x_or_y(15, 8, 5) : x_or_y(7, 34, 12);\nlet test() = \n  let candidate = x_or_y\n  assert (candidate 7 34 12 = 34)\n  assert (candidate 15 8 5 = 5)\n  assert (candidate 3 33 5212 = 33)\n  assert (candidate 1259 3 52 = 3)\n  assert (candidate 7919 -1 12 = -1)\n  assert (candidate 3609 1245 583 = 583)\n  assert (candidate 91 56 129 = 129)\n  assert (candidate 6 34 1234 = 1234)\n  assert (candidate 1 2 0 = 0)\n  assert (candidate 2 2 0 = 2)\n  0\n\ntest()",
      "timestamp": 1675797199,
      "stdout": "",
      "stderr": "\n\n/tmp/tmpdjyt9u5d.fsx(7,1): warning FS0058: Possible incorrect indentation: this token is offside of context started at position (6:1). Try indenting this token further or using standard formatting conventions.\n\n\n\n/tmp/tmpdjyt9u5d.fsx(7,1): warning FS0058: Possible incorrect indentation: this token is offside of context started at position (6:1). Try indenting this token further or using standard formatting conventions.\n\n\n\n/tmp/tmpdjyt9u5d.fsx(7,54): error FS0010: Unexpected symbol '(' in binding. Expected incomplete structured construct at or before this point or other token.\n\n\n\n/tmp/tmpdjyt9u5d.fsx(8,1): warning FS0058: Possible incorrect indentation: this token is offside of context started at position (6:1). Try indenting this token further or using standard formatting conventions.\n\n\n\n/tmp/tmpdjyt9u5d.fsx(8,1): warning FS0058: Possible incorrect indentation: this token is offside of context started at position (6:1). Try indenting this token further or using standard formatting conventions.\n\n\n\n/tmp/tmpdj",
      "exit_code": 1,
      "status": "Exception"
    },
    {
      "program": "//A simple program which should return the value of x if n is \n// a prime number and should return the value of y otherwise.\n// Examples:\n// for x_or_y(7, 34, 12) == 34\n// for x_or_y(15, 8, 5) == 5\nlet x_or_y n x y = \n  x_or_y(n, y, x)\nlet test() = \n  let candidate = x_or_y\n  assert (candidate 7 34 12 = 34)\n  assert (candidate 15 8 5 = 5)\n  assert (candidate 3 33 5212 = 33)\n  assert (candidate 1259 3 52 = 3)\n  assert (candidate 7919 -1 12 = -1)\n  assert (candidate 3609 1245 583 = 583)\n  assert (candidate 91 56 129 = 129)\n  assert (candidate 6 34 1234 = 1234)\n  assert (candidate 1 2 0 = 0)\n  assert (candidate 2 2 0 = 2)\n  0\n\ntest()",
      "timestamp": 1675797200,
      "stdout": "",
      "stderr": "\n\n/tmp/tmpnwd79228.fsx(7,3): error FS0039: The value or constructor 'x_or_y' is not defined.\n\n",
      "exit_code": 1,
      "status": "Exception"
    },
    {
      "program": "//A simple program which should return the value of x if n is \n// a prime number and should return the value of y otherwise.\n// Examples:\n// for x_or_y(7, 34, 12) == 34\n// for x_or_y(15, 8, 5) == 5\nlet x_or_y n x y = \n(x_or_y(7, 34, 12) == 34) ? x_or_y(7, 34, 12) : x_or_y(15, 8, 5);\nlet test() = \n  let candidate = x_or_y\n  assert (candidate 7 34 12 = 34)\n  assert (candidate 15 8 5 = 5)\n  assert (candidate 3 33 5212 = 33)\n  assert (candidate 1259 3 52 = 3)\n  assert (candidate 7919 -1 12 = -1)\n  assert (candidate 3609 1245 583 = 583)\n  assert (candidate 91 56 129 = 129)\n  assert (candidate 6 34 1234 = 1234)\n  assert (candidate 1 2 0 = 0)\n  assert (candidate 2 2 0 = 2)\n  0\n\ntest()",
      "timestamp": 1675797199,
      "stdout": "",
      "stderr": "\n\n/tmp/tmpuj0ye6oa.fsx(7,1): warning FS0058: Possible incorrect indentation: this token is offside of context started at position (6:1). Try indenting this token further or using standard formatting conventions.\n\n\n\n/tmp/tmpuj0ye6oa.fsx(7,1): warning FS0058: Possible incorrect indentation: this token is offside of context started at position (6:1). Try indenting this token further or using standard formatting conventions.\n\n\n\n/tmp/tmpuj0ye6oa.fsx(7,55): error FS0010: Unexpected symbol '(' in binding. Expected incomplete structured construct at or before this point or other token.\n\n\n\n/tmp/tmpuj0ye6oa.fsx(8,1): warning FS0058: Possible incorrect indentation: this token is offside of context started at position (6:1). Try indenting this token further or using standard formatting conventions.\n\n\n\n/tmp/tmpuj0ye6oa.fsx(8,1): warning FS0058: Possible incorrect indentation: this token is offside of context started at position (6:1). Try indenting this token further or using standard formatting conventions.\n\n\n\n/tmp/tmpuj0ye6oa.fsx(22,1): warning FS0058: Possible incorrect indentation: this token is offside of context started at position (6:1). Try indenting this token further or using standard formatting conventions.\n\n\n\n/tmp/tmpuj0ye6oa.fsx(22,1): warning FS0058: Possible incorrect indentation: this token is offside of context started at position (6:1). Try indenting this token further or using standard formatting conventions.\n\n",
      "exit_code": 1,
      "status": "Exception"
    },
    {
      "program": "//A simple program which should return the value of x if n is \n// a prime number and should return the value of y otherwise.\n// Examples:\n// for x_or_y(7, 34, 12) == 34\n// for x_or_y(15, 8, 5) == 5\nlet x_or_y n x y = \n  (x_or_y(n, x, y) == x) ? y : x;\nlet test() = \n  let candidate = x_or_y\n  assert (candidate 7 34 12 = 34)\n  assert (candidate 15 8 5 = 5)\n  assert (candidate 3 33 5212 = 33)\n  assert (candidate 1259 3 52 = 3)\n  assert (candidate 7919 -1 12 = -1)\n  assert (candidate 3609 1245 583 = 583)\n  assert (candidate 91 56 129 = 129)\n  assert (candidate 6 34 1234 = 1234)\n  assert (candidate 1 2 0 = 0)\n  assert (candidate 2 2 0 = 2)\n  0\n\ntest()",
      "timestamp": 1675797199,
      "stdout": "",
      "stderr": "\n\n/tmp/tmp73_yj95g.fsx(7,33): error FS0010: Unexpected symbol ';' in binding. Expected incomplete structured construct at or before this point or other token.\n\n",
      "exit_code": 1,
      "status": "Exception"
    },
    {
      "program": "//A simple program which should return the value of x if n is \n// a prime number and should return the value of y otherwise.\n// Examples:\n// for x_or_y(7, 34, 12) == 34\n// for x_or_y(15, 8, 5) == 5\nlet x_or_y n x y = \n    x_or_y(7, 34, 12)\n    x_or_y(15, 8, 5)\nlet test() = \n  let candidate = x_or_y\n  assert (candidate 7 34 12 = 34)\n  assert (candidate 15 8 5 = 5)\n  assert (candidate 3 33 5212 = 33)\n  assert (candidate 1259 3 52 = 3)\n  assert (candidate 7919 -1 12 = -1)\n  assert (candidate 3609 1245 583 = 583)\n  assert (candidate 91 56 129 = 129)\n  assert (candidate 6 34 1234 = 1234)\n  assert (candidate 1 2 0 = 0)\n  assert (candidate 2 2 0 = 2)\n  0\n\ntest()",
      "timestamp": 1675797200,
      "stdout": "",
      "stderr": "\n\n/tmp/tmpnw0bdevu.fsx(7,5): error FS0039: The value or constructor 'x_or_y' is not defined.\n\n",
      "exit_code": 1,
      "status": "Exception"
    },
    {
      "program": "//A simple program which should return the value of x if n is \n// a prime number and should return the value of y otherwise.\n// Examples:\n// for x_or_y(7, 34, 12) == 34\n// for x_or_y(15, 8, 5) == 5\nlet x_or_y n x y = \n    x_or_y(7, 34, 12)\n    x_or_y(15, 8, 5)\nlet test() = \n  let candidate = x_or_y\n  assert (candidate 7 34 12 = 34)\n  assert (candidate 15 8 5 = 5)\n  assert (candidate 3 33 5212 = 33)\n  assert (candidate 1259 3 52 = 3)\n  assert (candidate 7919 -1 12 = -1)\n  assert (candidate 3609 1245 583 = 583)\n  assert (candidate 91 56 129 = 129)\n  assert (candidate 6 34 1234 = 1234)\n  assert (candidate 1 2 0 = 0)\n  assert (candidate 2 2 0 = 2)\n  0\n\ntest()",
      "timestamp": 1675797200,
      "stdout": "",
      "stderr": "\n\n/tmp/tmpnw0bdevu.fsx(7,5): error FS0039: The value or constructor 'x_or_y' is not defined.\n\n",
      "exit_code": 1,
      "status": "Exception"
    },
    {
      "program": "//A simple program which should return the value of x if n is \n// a prime number and should return the value of y otherwise.\n// Examples:\n// for x_or_y(7, 34, 12) == 34\n// for x_or_y(15, 8, 5) == 5\nlet x_or_y n x y = \n  (x_or_y(7, 34, 12) == 34) ? x_or_y(15, 8, 5) : x_or_y(7, 34, 12);\nlet test() = \n  let candidate = x_or_y\n  assert (candidate 7 34 12 = 34)\n  assert (candidate 15 8 5 = 5)\n  assert (candidate 3 33 5212 = 33)\n  assert (candidate 1259 3 52 = 3)\n  assert (candidate 7919 -1 12 = -1)\n  assert (candidate 3609 1245 583 = 583)\n  assert (candidate 91 56 129 = 129)\n  assert (candidate 6 34 1234 = 1234)\n  assert (candidate 1 2 0 = 0)\n  assert (candidate 2 2 0 = 2)\n  0\n\ntest()",
      "timestamp": 1675797199,
      "stdout": "",
      "stderr": "\n\n/tmp/tmpqnqu45ax.fsx(7,56): error FS0010: Unexpected symbol '(' in binding. Expected incomplete structured construct at or before this point or other token.\n\n",
      "exit_code": 1,
      "status": "Exception"
    },
    {
      "program": "//A simple program which should return the value of x if n is \n// a prime number and should return the value of y otherwise.\n// Examples:\n// for x_or_y(7, 34, 12) == 34\n// for x_or_y(15, 8, 5) == 5\nlet x_or_y n x y = \n  (x_or_y(7, 34, 12) == 34) ? x_or_y(7, 34, 12) : x_or_y(15, 8, 5);\nlet test() = \n  let candidate = x_or_y\n  assert (candidate 7 34 12 = 34)\n  assert (candidate 15 8 5 = 5)\n  assert (candidate 3 33 5212 = 33)\n  assert (candidate 1259 3 52 = 3)\n  assert (candidate 7919 -1 12 = -1)\n  assert (candidate 3609 1245 583 = 583)\n  assert (candidate 91 56 129 = 129)\n  assert (candidate 6 34 1234 = 1234)\n  assert (candidate 1 2 0 = 0)\n  assert (candidate 2 2 0 = 2)\n  0\n\ntest()",
      "timestamp": 1675797199,
      "stdout": "",
      "stderr": "\n\n/tmp/tmpqaf6g8rg.fsx(7,57): error FS0010: Unexpected symbol '(' in binding. Expected incomplete structured construct at or before this point or other token.\n\n",
      "exit_code": 1,
      "status": "Exception"
    },
    {
      "program": "//A simple program which should return the value of x if n is \n// a prime number and should return the value of y otherwise.\n// Examples:\n// for x_or_y(7, 34, 12) == 34\n// for x_or_y(15, 8, 5) == 5\nlet x_or_y n x y = \n  x_or_y(n, y, y)\nlet x_or_y_prime = x_or_y(n, y, y)\nlet test() = \n  let candidate = x_or_y\n  assert (candidate 7 34 12 = 34)\n  assert (candidate 15 8 5 = 5)\n  assert (candidate 3 33 5212 = 33)\n  assert (candidate 1259 3 52 = 3)\n  assert (candidate 7919 -1 12 = -1)\n  assert (candidate 3609 1245 583 = 583)\n  assert (candidate 91 56 129 = 129)\n  assert (candidate 6 34 1234 = 1234)\n  assert (candidate 1 2 0 = 0)\n  assert (candidate 2 2 0 = 2)\n  0\n\ntest()",
      "timestamp": 1675797200,
      "stdout": "",
      "stderr": "\n\n/tmp/tmp5iq29y35.fsx(7,3): error FS0039: The value or constructor 'x_or_y' is not defined.\n\n",
      "exit_code": 1,
      "status": "Exception"
    },
    {
      "program": "//A simple program which should return the value of x if n is \n// a prime number and should return the value of y otherwise.\n// Examples:\n// for x_or_y(7, 34, 12) == 34\n// for x_or_y(15, 8, 5) == 5\nlet x_or_y n x y = \n  (x_or_y(7, 34, 12) == 34) ? x_or_y(15, 8, 5) : x_or_y(7, 34, 12);\nlet test() = \n  let candidate = x_or_y\n  assert (candidate 7 34 12 = 34)\n  assert (candidate 15 8 5 = 5)\n  assert (candidate 3 33 5212 = 33)\n  assert (candidate 1259 3 52 = 3)\n  assert (candidate 7919 -1 12 = -1)\n  assert (candidate 3609 1245 583 = 583)\n  assert (candidate 91 56 129 = 129)\n  assert (candidate 6 34 1234 = 1234)\n  assert (candidate 1 2 0 = 0)\n  assert (candidate 2 2 0 = 2)\n  0\n\ntest()",
      "timestamp": 1675797199,
      "stdout": "",
      "stderr": "\n\n/tmp/tmpqnqu45ax.fsx(7,56): error FS0010: Unexpected symbol '(' in binding. Expected incomplete structured construct at or before this point or other token.\n\n",
      "exit_code": 1,
      "status": "Exception"
    },
    {
      "program": "//A simple program which should return the value of x if n is \n// a prime number and should return the value of y otherwise.\n// Examples:\n// for x_or_y(7, 34, 12) == 34\n// for x_or_y(15, 8, 5) == 5\nlet x_or_y n x y = \n// x_or_y(7, 34, 12) == 34\nlet test() = \n  let candidate = x_or_y\n  assert (candidate 7 34 12 = 34)\n  assert (candidate 15 8 5 = 5)\n  assert (candidate 3 33 5212 = 33)\n  assert (candidate 1259 3 52 = 3)\n  assert (candidate 7919 -1 12 = -1)\n  assert (candidate 3609 1245 583 = 583)\n  assert (candidate 91 56 129 = 129)\n  assert (candidate 6 34 1234 = 1234)\n  assert (candidate 1 2 0 = 0)\n  assert (candidate 2 2 0 = 2)\n  0\n\ntest()",
      "timestamp": 1675797200,
      "stdout": "",
      "stderr": "\n\n/tmp/tmp79uzy5ly.fsx(8,1): warning FS0058: Possible incorrect indentation: this token is offside of context started at position (6:1). Try indenting this token further or using standard formatting conventions.\n\n\n\n/tmp/tmp79uzy5ly.fsx(8,1): warning FS0058: Possible incorrect indentation: this token is offside of context started at position (6:1). Try indenting this token further or using standard formatting conventions.\n\n\n\n/tmp/tmp79uzy5ly.fsx(22,1): warning FS0058: Possible incorrect indentation: this token is offside of context started at position (6:1). Try indenting this token further or using standard formatting conventions.\n\n\n\n/tmp/tmp79uzy5ly.fsx(22,1): warning FS0058: Possible incorrect indentation: this token is offside of context started at position (6:1). Try indenting this token further or using standard formatting conventions.\n\n\n\n/tmp/tmp79uzy5ly.fsx(9,19): error FS0039: The value or constructor 'x_or_y' is not defined.\n\n",
      "exit_code": 1,
      "status": "Exception"
    },
    {
      "program": "//A simple program which should return the value of x if n is \n// a prime number and should return the value of y otherwise.\n// Examples:\n// for x_or_y(7, 34, 12) == 34\n// for x_or_y(15, 8, 5) == 5\nlet x_or_y n x y = \n    x_or_y(n, y, x)\nlet test() = \n  let candidate = x_or_y\n  assert (candidate 7 34 12 = 34)\n  assert (candidate 15 8 5 = 5)\n  assert (candidate 3 33 5212 = 33)\n  assert (candidate 1259 3 52 = 3)\n  assert (candidate 7919 -1 12 = -1)\n  assert (candidate 3609 1245 583 = 583)\n  assert (candidate 91 56 129 = 129)\n  assert (candidate 6 34 1234 = 1234)\n  assert (candidate 1 2 0 = 0)\n  assert (candidate 2 2 0 = 2)\n  0\n\ntest()",
      "timestamp": 1675797200,
      "stdout": "",
      "stderr": "\n\n/tmp/tmpcsgxlkmq.fsx(7,5): error FS0039: The value or constructor 'x_or_y' is not defined.\n\n",
      "exit_code": 1,
      "status": "Exception"
    },
    {
      "program": "//A simple program which should return the value of x if n is \n// a prime number and should return the value of y otherwise.\n// Examples:\n// for x_or_y(7, 34, 12) == 34\n// for x_or_y(15, 8, 5) == 5\nlet x_or_y n x y = \n    (x_or_y(7, 34, 12) == 34) ? x_or_y(15, 8, 5) : x_or_y(7, 34, 12);\nlet test() = \n  let candidate = x_or_y\n  assert (candidate 7 34 12 = 34)\n  assert (candidate 15 8 5 = 5)\n  assert (candidate 3 33 5212 = 33)\n  assert (candidate 1259 3 52 = 3)\n  assert (candidate 7919 -1 12 = -1)\n  assert (candidate 3609 1245 583 = 583)\n  assert (candidate 91 56 129 = 129)\n  assert (candidate 6 34 1234 = 1234)\n  assert (candidate 1 2 0 = 0)\n  assert (candidate 2 2 0 = 2)\n  0\n\ntest()",
      "timestamp": 1675797199,
      "stdout": "",
      "stderr": "\n\n/tmp/tmpii2ho5pn.fsx(7,58): error FS0010: Unexpected symbol '(' in binding. Expected incomplete structured construct at or before this point or other token.\n\n",
      "exit_code": 1,
      "status": "Exception"
    },
    {
      "program": "//A simple program which should return the value of x if n is \n// a prime number and should return the value of y otherwise.\n// Examples:\n// for x_or_y(7, 34, 12) == 34\n// for x_or_y(15, 8, 5) == 5\nlet x_or_y n x y = \n  x_or_y(n, y, x)\nlet test() = \n  let candidate = x_or_y\n  assert (candidate 7 34 12 = 34)\n  assert (candidate 15 8 5 = 5)\n  assert (candidate 3 33 5212 = 33)\n  assert (candidate 1259 3 52 = 3)\n  assert (candidate 7919 -1 12 = -1)\n  assert (candidate 3609 1245 583 = 583)\n  assert (candidate 91 56 129 = 129)\n  assert (candidate 6 34 1234 = 1234)\n  assert (candidate 1 2 0 = 0)\n  assert (candidate 2 2 0 = 2)\n  0\n\ntest()",
      "timestamp": 1675797200,
      "stdout": "",
      "stderr": "\n\n/tmp/tmpnwd79228.fsx(7,3): error FS0039: The value or constructor 'x_or_y' is not defined.\n\n",
      "exit_code": 1,
      "status": "Exception"
    },
    {
      "program": "//A simple program which should return the value of x if n is \n// a prime number and should return the value of y otherwise.\n// Examples:\n// for x_or_y(7, 34, 12) == 34\n// for x_or_y(15, 8, 5) == 5\nlet x_or_y n x y = \n\tx_or_y(7, 34, 12)\n\tx_or_y(15, 8, 5)\nlet test() = \n  let candidate = x_or_y\n  assert (candidate 7 34 12 = 34)\n  assert (candidate 15 8 5 = 5)\n  assert (candidate 3 33 5212 = 33)\n  assert (candidate 1259 3 52 = 3)\n  assert (candidate 7919 -1 12 = -1)\n  assert (candidate 3609 1245 583 = 583)\n  assert (candidate 91 56 129 = 129)\n  assert (candidate 6 34 1234 = 1234)\n  assert (candidate 1 2 0 = 0)\n  assert (candidate 2 2 0 = 2)\n  0\n\ntest()",
      "timestamp": 1675797199,
      "stdout": "",
      "stderr": "\n\n/tmp/tmpq0xrxm8x.fsx(7,1): error FS1161: TABs are not allowed in F# code unless the #indent \"off\" option is used\n\n\n\n/tmp/tmpq0xrxm8x.fsx(7,1): error FS1161: TABs are not allowed in F# code unless the #indent \"off\" option is used\n\n",
      "exit_code": 1,
      "status": "Exception"
    }
  ]
}