{
  "name": "HumanEval_45_triangle_area",
  "language": "py",
  "prompt": "def triangle_area(a: int, h: int) -> float:\n    \"\"\"Given length of a side and high return area for a triangle.\n    >>> triangle_area(5, 3)\n    7.5\n    \"\"\"\n",
  "tests": "def check(candidate):\n    assert candidate(5, 3) == 7.5\n    assert candidate(2, 2) == 2.0\n    assert candidate(10, 8) == 40.0\n\ndef test_check():\n    check(triangle_area)\n\ntest_check()\n",
  "stop_tokens": [
    "\ndef",
    "\n#",
    "\nif",
    "\nclass"
  ],
  "results": [
    {
      "program": "def triangle_area(a: int, h: int) -> float:\n    \"\"\"Given length of a side and high return area for a triangle.\n    >>> triangle_area(5, 3)\n    7.5\n    \"\"\"\n    return math.sqrt(a * a + h * h)\n<|endoftext|>                                                                                                                                                                                                                                                                                                                                                                                                                                                                                                                                                                                          \ndef check(candidate):\n    assert candidate(5, 3) == 7.5\n    assert candidate(2, 2) == 2.0\n    assert candidate(10, 8) == 40.0\n\ndef test_check():\n    check(triangle_area)\n\ntest_check()\n",
      "timestamp": 1673628630,
      "stdout": "",
      "stderr": "  File \"/tmp/tmp0im8kvs7.py\", line 7\n    <|endoftext|>                                                                                                                                                                                                                                                                                                                                                                                                                                                                                                                                                                                          \n    ^\nSyntaxError: invalid syntax\n",
      "exit_code": 1,
      "status": "SyntaxError"
    },
    {
      "program": "def triangle_area(a: int, h: int) -> float:\n    \"\"\"Given length of a side and high return area for a triangle.\n    >>> triangle_area(5, 3)\n    7.5\n    \"\"\"\n    return math.sqrt(2 * math.pi * (a * h) / (h * h))\n\n\ndef check(candidate):\n    assert candidate(5, 3) == 7.5\n    assert candidate(2, 2) == 2.0\n    assert candidate(10, 8) == 40.0\n\ndef test_check():\n    check(triangle_area)\n\ntest_check()\n",
      "timestamp": 1673628630,
      "stdout": "",
      "stderr": "Traceback (most recent call last):\n  File \"/tmp/tmpl44p3r8z.py\", line 17, in <module>\n    test_check()\n  File \"/tmp/tmpl44p3r8z.py\", line 15, in test_check\n    check(triangle_area)\n  File \"/tmp/tmpl44p3r8z.py\", line 10, in check\n    assert candidate(5, 3) == 7.5\n  File \"/tmp/tmpl44p3r8z.py\", line 6, in triangle_area\n    return math.sqrt(2 * math.pi * (a * h) / (h * h))\nNameError: name 'math' is not defined\n",
      "exit_code": 1,
      "status": "Exception"
    },
    {
      "program": "def triangle_area(a: int, h: int) -> float:\n    \"\"\"Given length of a side and high return area for a triangle.\n    >>> triangle_area(5, 3)\n    7.5\n    \"\"\"\n    return math.sqrt(2.0 * math.pi * h / a)\n<|endoftext|>                                                                                                                                                                                                                                                                                                                                                                                                                                                                  \ndef check(candidate):\n    assert candidate(5, 3) == 7.5\n    assert candidate(2, 2) == 2.0\n    assert candidate(10, 8) == 40.0\n\ndef test_check():\n    check(triangle_area)\n\ntest_check()\n",
      "timestamp": 1673628630,
      "stdout": "",
      "stderr": "  File \"/tmp/tmpk4egb3_v.py\", line 7\n    <|endoftext|>                                                                                                                                                                                                                                                                                                                                                                                                                                                                  \n    ^\nSyntaxError: invalid syntax\n",
      "exit_code": 1,
      "status": "SyntaxError"
    },
    {
      "program": "def triangle_area(a: int, h: int) -> float:\n    \"\"\"Given length of a side and high return area for a triangle.\n    >>> triangle_area(5, 3)\n    7.5\n    \"\"\"\n    return (a * h) ** 2 / 2\n\n\ndef check(candidate):\n    assert candidate(5, 3) == 7.5\n    assert candidate(2, 2) == 2.0\n    assert candidate(10, 8) == 40.0\n\ndef test_check():\n    check(triangle_area)\n\ntest_check()\n",
      "timestamp": 1673628630,
      "stdout": "",
      "stderr": "Traceback (most recent call last):\n  File \"/tmp/tmp_dvw7vkq.py\", line 17, in <module>\n    test_check()\n  File \"/tmp/tmp_dvw7vkq.py\", line 15, in test_check\n    check(triangle_area)\n  File \"/tmp/tmp_dvw7vkq.py\", line 10, in check\n    assert candidate(5, 3) == 7.5\nAssertionError\n",
      "exit_code": 1,
      "status": "Exception"
    },
    {
      "program": "def triangle_area(a: int, h: int) -> float:\n    \"\"\"Given length of a side and high return area for a triangle.\n    >>> triangle_area(5, 3)\n    7.5\n    \"\"\"\n    return math.sqrt(2 * math.pi * h / (a + h))\n\ndef check(candidate):\n    assert candidate(5, 3) == 7.5\n    assert candidate(2, 2) == 2.0\n    assert candidate(10, 8) == 40.0\n\ndef test_check():\n    check(triangle_area)\n\ntest_check()\n",
      "timestamp": 1673628630,
      "stdout": "",
      "stderr": "Traceback (most recent call last):\n  File \"/tmp/tmpli1xwcnz.py\", line 16, in <module>\n    test_check()\n  File \"/tmp/tmpli1xwcnz.py\", line 14, in test_check\n    check(triangle_area)\n  File \"/tmp/tmpli1xwcnz.py\", line 9, in check\n    assert candidate(5, 3) == 7.5\n  File \"/tmp/tmpli1xwcnz.py\", line 6, in triangle_area\n    return math.sqrt(2 * math.pi * h / (a + h))\nNameError: name 'math' is not defined\n",
      "exit_code": 1,
      "status": "Exception"
    },
    {
      "program": "def triangle_area(a: int, h: int) -> float:\n    \"\"\"Given length of a side and high return area for a triangle.\n    >>> triangle_area(5, 3)\n    7.5\n    \"\"\"\n    return math.sqrt(2.0 * math.pi * h / a)\n<|endoftext|>                                                                                                                                                                                                                                                                                                                                                                                                                                                                  \ndef check(candidate):\n    assert candidate(5, 3) == 7.5\n    assert candidate(2, 2) == 2.0\n    assert candidate(10, 8) == 40.0\n\ndef test_check():\n    check(triangle_area)\n\ntest_check()\n",
      "timestamp": 1673628630,
      "stdout": "",
      "stderr": "  File \"/tmp/tmpk4egb3_v.py\", line 7\n    <|endoftext|>                                                                                                                                                                                                                                                                                                                                                                                                                                                                  \n    ^\nSyntaxError: invalid syntax\n",
      "exit_code": 1,
      "status": "SyntaxError"
    },
    {
      "program": "def triangle_area(a: int, h: int) -> float:\n    \"\"\"Given length of a side and high return area for a triangle.\n    >>> triangle_area(5, 3)\n    7.5\n    \"\"\"\n    return math.sqrt(2.0 * math.pi * a * h / (2.0 * a))\n<|endoftext|>                                                                                                                                                                                                                                                \ndef check(candidate):\n    assert candidate(5, 3) == 7.5\n    assert candidate(2, 2) == 2.0\n    assert candidate(10, 8) == 40.0\n\ndef test_check():\n    check(triangle_area)\n\ntest_check()\n",
      "timestamp": 1673628630,
      "stdout": "",
      "stderr": "  File \"/tmp/tmp5b6p7ad3.py\", line 7\n    <|endoftext|>                                                                                                                                                                                                                                                \n    ^\nSyntaxError: invalid syntax\n",
      "exit_code": 1,
      "status": "SyntaxError"
    },
    {
      "program": "def triangle_area(a: int, h: int) -> float:\n    \"\"\"Given length of a side and high return area for a triangle.\n    >>> triangle_area(5, 3)\n    7.5\n    \"\"\"\n    return math.sqrt(a * a + h * h)\n<|endoftext|>                                                                                                                                                                                                                                                                                                                                                                                                                                                                                                                                                                                          \ndef check(candidate):\n    assert candidate(5, 3) == 7.5\n    assert candidate(2, 2) == 2.0\n    assert candidate(10, 8) == 40.0\n\ndef test_check():\n    check(triangle_area)\n\ntest_check()\n",
      "timestamp": 1673628630,
      "stdout": "",
      "stderr": "  File \"/tmp/tmp0im8kvs7.py\", line 7\n    <|endoftext|>                                                                                                                                                                                                                                                                                                                                                                                                                                                                                                                                                                                          \n    ^\nSyntaxError: invalid syntax\n",
      "exit_code": 1,
      "status": "SyntaxError"
    },
    {
      "program": "def triangle_area(a: int, h: int) -> float:\n    \"\"\"Given length of a side and high return area for a triangle.\n    >>> triangle_area(5, 3)\n    7.5\n    \"\"\"\n    return math.sqrt(2.0 * math.pi * a * h / (2.0 * math.pi))\n\ndef check(candidate):\n    assert candidate(5, 3) == 7.5\n    assert candidate(2, 2) == 2.0\n    assert candidate(10, 8) == 40.0\n\ndef test_check():\n    check(triangle_area)\n\ntest_check()\n",
      "timestamp": 1673628630,
      "stdout": "",
      "stderr": "Traceback (most recent call last):\n  File \"/tmp/tmp1j93r_tf.py\", line 16, in <module>\n    test_check()\n  File \"/tmp/tmp1j93r_tf.py\", line 14, in test_check\n    check(triangle_area)\n  File \"/tmp/tmp1j93r_tf.py\", line 9, in check\n    assert candidate(5, 3) == 7.5\n  File \"/tmp/tmp1j93r_tf.py\", line 6, in triangle_area\n    return math.sqrt(2.0 * math.pi * a * h / (2.0 * math.pi))\nNameError: name 'math' is not defined\n",
      "exit_code": 1,
      "status": "Exception"
    },
    {
      "program": "def triangle_area(a: int, h: int) -> float:\n    \"\"\"Given length of a side and high return area for a triangle.\n    >>> triangle_area(5, 3)\n    7.5\n    \"\"\"\n    return (a + h) * (a + h) / 2.0\n<|endoftext|>                                                                                                                                                                                                                                                                                                                                                                                                                                                                                                                              \ndef check(candidate):\n    assert candidate(5, 3) == 7.5\n    assert candidate(2, 2) == 2.0\n    assert candidate(10, 8) == 40.0\n\ndef test_check():\n    check(triangle_area)\n\ntest_check()\n",
      "timestamp": 1673628630,
      "stdout": "",
      "stderr": "  File \"/tmp/tmp77iy5c9b.py\", line 7\n    <|endoftext|>                                                                                                                                                                                                                                                                                                                                                                                                                                                                                                                              \n    ^\nSyntaxError: invalid syntax\n",
      "exit_code": 1,
      "status": "SyntaxError"
    },
    {
      "program": "def triangle_area(a: int, h: int) -> float:\n    \"\"\"Given length of a side and high return area for a triangle.\n    >>> triangle_area(5, 3)\n    7.5\n    \"\"\"\n    return math.sqrt(2.0 * math.pi * (a + h))\n\ndef check(candidate):\n    assert candidate(5, 3) == 7.5\n    assert candidate(2, 2) == 2.0\n    assert candidate(10, 8) == 40.0\n\ndef test_check():\n    check(triangle_area)\n\ntest_check()\n",
      "timestamp": 1673628630,
      "stdout": "",
      "stderr": "Traceback (most recent call last):\n  File \"/tmp/tmpxp4j8yey.py\", line 16, in <module>\n    test_check()\n  File \"/tmp/tmpxp4j8yey.py\", line 14, in test_check\n    check(triangle_area)\n  File \"/tmp/tmpxp4j8yey.py\", line 9, in check\n    assert candidate(5, 3) == 7.5\n  File \"/tmp/tmpxp4j8yey.py\", line 6, in triangle_area\n    return math.sqrt(2.0 * math.pi * (a + h))\nNameError: name 'math' is not defined\n",
      "exit_code": 1,
      "status": "Exception"
    },
    {
      "program": "def triangle_area(a: int, h: int) -> float:\n    \"\"\"Given length of a side and high return area for a triangle.\n    >>> triangle_area(5, 3)\n    7.5\n    \"\"\"\n    return math.sqrt(2 * math.pi) * math.pow(h, 2) / math.pow(a, 2)\n\n\ndef check(candidate):\n    assert candidate(5, 3) == 7.5\n    assert candidate(2, 2) == 2.0\n    assert candidate(10, 8) == 40.0\n\ndef test_check():\n    check(triangle_area)\n\ntest_check()\n",
      "timestamp": 1673628630,
      "stdout": "",
      "stderr": "Traceback (most recent call last):\n  File \"/tmp/tmpghfxiajz.py\", line 17, in <module>\n    test_check()\n  File \"/tmp/tmpghfxiajz.py\", line 15, in test_check\n    check(triangle_area)\n  File \"/tmp/tmpghfxiajz.py\", line 10, in check\n    assert candidate(5, 3) == 7.5\n  File \"/tmp/tmpghfxiajz.py\", line 6, in triangle_area\n    return math.sqrt(2 * math.pi) * math.pow(h, 2) / math.pow(a, 2)\nNameError: name 'math' is not defined\n",
      "exit_code": 1,
      "status": "Exception"
    },
    {
      "program": "def triangle_area(a: int, h: int) -> float:\n    \"\"\"Given length of a side and high return area for a triangle.\n    >>> triangle_area(5, 3)\n    7.5\n    \"\"\"\n    return (a + h) * (a + h) / 2.0\n<|endoftext|>                                                                                                                                                                                                                                                                                                                                                                                                                                                                                                                              \ndef check(candidate):\n    assert candidate(5, 3) == 7.5\n    assert candidate(2, 2) == 2.0\n    assert candidate(10, 8) == 40.0\n\ndef test_check():\n    check(triangle_area)\n\ntest_check()\n",
      "timestamp": 1673628630,
      "stdout": "",
      "stderr": "  File \"/tmp/tmp77iy5c9b.py\", line 7\n    <|endoftext|>                                                                                                                                                                                                                                                                                                                                                                                                                                                                                                                              \n    ^\nSyntaxError: invalid syntax\n",
      "exit_code": 1,
      "status": "SyntaxError"
    },
    {
      "program": "def triangle_area(a: int, h: int) -> float:\n    \"\"\"Given length of a side and high return area for a triangle.\n    >>> triangle_area(5, 3)\n    7.5\n    \"\"\"\n    return math.sqrt(2 * math.pi * h * (a + h) / (a + h))\n\ndef check(candidate):\n    assert candidate(5, 3) == 7.5\n    assert candidate(2, 2) == 2.0\n    assert candidate(10, 8) == 40.0\n\ndef test_check():\n    check(triangle_area)\n\ntest_check()\n",
      "timestamp": 1673628630,
      "stdout": "",
      "stderr": "Traceback (most recent call last):\n  File \"/tmp/tmpl_tf3iws.py\", line 16, in <module>\n    test_check()\n  File \"/tmp/tmpl_tf3iws.py\", line 14, in test_check\n    check(triangle_area)\n  File \"/tmp/tmpl_tf3iws.py\", line 9, in check\n    assert candidate(5, 3) == 7.5\n  File \"/tmp/tmpl_tf3iws.py\", line 6, in triangle_area\n    return math.sqrt(2 * math.pi * h * (a + h) / (a + h))\nNameError: name 'math' is not defined\n",
      "exit_code": 1,
      "status": "Exception"
    },
    {
      "program": "def triangle_area(a: int, h: int) -> float:\n    \"\"\"Given length of a side and high return area for a triangle.\n    >>> triangle_area(5, 3)\n    7.5\n    \"\"\"\n    return (a * h) / 2.0\n\n\ndef check(candidate):\n    assert candidate(5, 3) == 7.5\n    assert candidate(2, 2) == 2.0\n    assert candidate(10, 8) == 40.0\n\ndef test_check():\n    check(triangle_area)\n\ntest_check()\n",
      "timestamp": 1673628630,
      "stdout": "",
      "stderr": "",
      "exit_code": 0,
      "status": "OK"
    },
    {
      "program": "def triangle_area(a: int, h: int) -> float:\n    \"\"\"Given length of a side and high return area for a triangle.\n    >>> triangle_area(5, 3)\n    7.5\n    \"\"\"\n    return math.sqrt(2.0 * math.pi * a * h / (2.0 * a))\n\ndef check(candidate):\n    assert candidate(5, 3) == 7.5\n    assert candidate(2, 2) == 2.0\n    assert candidate(10, 8) == 40.0\n\ndef test_check():\n    check(triangle_area)\n\ntest_check()\n",
      "timestamp": 1673628630,
      "stdout": "",
      "stderr": "Traceback (most recent call last):\n  File \"/tmp/tmp01y0g05z.py\", line 16, in <module>\n    test_check()\n  File \"/tmp/tmp01y0g05z.py\", line 14, in test_check\n    check(triangle_area)\n  File \"/tmp/tmp01y0g05z.py\", line 9, in check\n    assert candidate(5, 3) == 7.5\n  File \"/tmp/tmp01y0g05z.py\", line 6, in triangle_area\n    return math.sqrt(2.0 * math.pi * a * h / (2.0 * a))\nNameError: name 'math' is not defined\n",
      "exit_code": 1,
      "status": "Exception"
    },
    {
      "program": "def triangle_area(a: int, h: int) -> float:\n    \"\"\"Given length of a side and high return area for a triangle.\n    >>> triangle_area(5, 3)\n    7.5\n    \"\"\"\n    return (a * h) / 2.0\n\n\ndef check(candidate):\n    assert candidate(5, 3) == 7.5\n    assert candidate(2, 2) == 2.0\n    assert candidate(10, 8) == 40.0\n\ndef test_check():\n    check(triangle_area)\n\ntest_check()\n",
      "timestamp": 1673628630,
      "stdout": "",
      "stderr": "",
      "exit_code": 0,
      "status": "OK"
    },
    {
      "program": "def triangle_area(a: int, h: int) -> float:\n    \"\"\"Given length of a side and high return area for a triangle.\n    >>> triangle_area(5, 3)\n    7.5\n    \"\"\"\n    return (a * h) ** 2\n<|endoftext|>                                                                                                                                                                                                                                                                                                                                                                                                                                                                                                \ndef check(candidate):\n    assert candidate(5, 3) == 7.5\n    assert candidate(2, 2) == 2.0\n    assert candidate(10, 8) == 40.0\n\ndef test_check():\n    check(triangle_area)\n\ntest_check()\n",
      "timestamp": 1673628630,
      "stdout": "",
      "stderr": "  File \"/tmp/tmpbvmrg0ts.py\", line 7\n    <|endoftext|>                                                                                                                                                                                                                                                                                                                                                                                                                                                                                                \n    ^\nSyntaxError: invalid syntax\n",
      "exit_code": 1,
      "status": "SyntaxError"
    },
    {
      "program": "def triangle_area(a: int, h: int) -> float:\n    \"\"\"Given length of a side and high return area for a triangle.\n    >>> triangle_area(5, 3)\n    7.5\n    \"\"\"\n    return math.sqrt(2.0 * math.pi * h / a)\n\ndef check(candidate):\n    assert candidate(5, 3) == 7.5\n    assert candidate(2, 2) == 2.0\n    assert candidate(10, 8) == 40.0\n\ndef test_check():\n    check(triangle_area)\n\ntest_check()\n",
      "timestamp": 1673628630,
      "stdout": "",
      "stderr": "Traceback (most recent call last):\n  File \"/tmp/tmpwxr8rt95.py\", line 16, in <module>\n    test_check()\n  File \"/tmp/tmpwxr8rt95.py\", line 14, in test_check\n    check(triangle_area)\n  File \"/tmp/tmpwxr8rt95.py\", line 9, in check\n    assert candidate(5, 3) == 7.5\n  File \"/tmp/tmpwxr8rt95.py\", line 6, in triangle_area\n    return math.sqrt(2.0 * math.pi * h / a)\nNameError: name 'math' is not defined\n",
      "exit_code": 1,
      "status": "Exception"
    },
    {
      "program": "def triangle_area(a: int, h: int) -> float:\n    \"\"\"Given length of a side and high return area for a triangle.\n    >>> triangle_area(5, 3)\n    7.5\n    \"\"\"\n    return (a**2 + h**2) / 2.0\n\n\ndef check(candidate):\n    assert candidate(5, 3) == 7.5\n    assert candidate(2, 2) == 2.0\n    assert candidate(10, 8) == 40.0\n\ndef test_check():\n    check(triangle_area)\n\ntest_check()\n",
      "timestamp": 1673628630,
      "stdout": "",
      "stderr": "Traceback (most recent call last):\n  File \"/tmp/tmpf5v6x34k.py\", line 17, in <module>\n    test_check()\n  File \"/tmp/tmpf5v6x34k.py\", line 15, in test_check\n    check(triangle_area)\n  File \"/tmp/tmpf5v6x34k.py\", line 10, in check\n    assert candidate(5, 3) == 7.5\nAssertionError\n",
      "exit_code": 1,
      "status": "Exception"
    },
    {
      "program": "def triangle_area(a: int, h: int) -> float:\n    \"\"\"Given length of a side and high return area for a triangle.\n    >>> triangle_area(5, 3)\n    7.5\n    \"\"\"\n    return (a + h) * (a + h) / 2.0\n\n\ndef check(candidate):\n    assert candidate(5, 3) == 7.5\n    assert candidate(2, 2) == 2.0\n    assert candidate(10, 8) == 40.0\n\ndef test_check():\n    check(triangle_area)\n\ntest_check()\n",
      "timestamp": 1673628630,
      "stdout": "",
      "stderr": "Traceback (most recent call last):\n  File \"/tmp/tmpemt0mt9g.py\", line 17, in <module>\n    test_check()\n  File \"/tmp/tmpemt0mt9g.py\", line 15, in test_check\n    check(triangle_area)\n  File \"/tmp/tmpemt0mt9g.py\", line 10, in check\n    assert candidate(5, 3) == 7.5\nAssertionError\n",
      "exit_code": 1,
      "status": "Exception"
    },
    {
      "program": "def triangle_area(a: int, h: int) -> float:\n    \"\"\"Given length of a side and high return area for a triangle.\n    >>> triangle_area(5, 3)\n    7.5\n    \"\"\"\n    return (a * h) ** 2\n<|endoftext|>                                                                                                                                                                                                                                                                                                                                                                                                                                                                                                \ndef check(candidate):\n    assert candidate(5, 3) == 7.5\n    assert candidate(2, 2) == 2.0\n    assert candidate(10, 8) == 40.0\n\ndef test_check():\n    check(triangle_area)\n\ntest_check()\n",
      "timestamp": 1673628630,
      "stdout": "",
      "stderr": "  File \"/tmp/tmpbvmrg0ts.py\", line 7\n    <|endoftext|>                                                                                                                                                                                                                                                                                                                                                                                                                                                                                                \n    ^\nSyntaxError: invalid syntax\n",
      "exit_code": 1,
      "status": "SyntaxError"
    },
    {
      "program": "def triangle_area(a: int, h: int) -> float:\n    \"\"\"Given length of a side and high return area for a triangle.\n    >>> triangle_area(5, 3)\n    7.5\n    \"\"\"\n    return (h * h) / 2.0\n<|endoftext|>                                                                                                                                                                                                                                                                                                                                                                                                                                    \ndef check(candidate):\n    assert candidate(5, 3) == 7.5\n    assert candidate(2, 2) == 2.0\n    assert candidate(10, 8) == 40.0\n\ndef test_check():\n    check(triangle_area)\n\ntest_check()\n",
      "timestamp": 1673628630,
      "stdout": "",
      "stderr": "  File \"/tmp/tmpn9yzcs2c.py\", line 7\n    <|endoftext|>                                                                                                                                                                                                                                                                                                                                                                                                                                    \n    ^\nSyntaxError: invalid syntax\n",
      "exit_code": 1,
      "status": "SyntaxError"
    },
    {
      "program": "def triangle_area(a: int, h: int) -> float:\n    \"\"\"Given length of a side and high return area for a triangle.\n    >>> triangle_area(5, 3)\n    7.5\n    \"\"\"\n    return (a + h) * (a + h) / 2.0\n<|endoftext|>                                                                                                                                                                                                                                                \ndef check(candidate):\n    assert candidate(5, 3) == 7.5\n    assert candidate(2, 2) == 2.0\n    assert candidate(10, 8) == 40.0\n\ndef test_check():\n    check(triangle_area)\n\ntest_check()\n",
      "timestamp": 1673628630,
      "stdout": "",
      "stderr": "  File \"/tmp/tmp9i_dxdgt.py\", line 7\n    <|endoftext|>                                                                                                                                                                                                                                                \n    ^\nSyntaxError: invalid syntax\n",
      "exit_code": 1,
      "status": "SyntaxError"
    },
    {
      "program": "def triangle_area(a: int, h: int) -> float:\n    \"\"\"Given length of a side and high return area for a triangle.\n    >>> triangle_area(5, 3)\n    7.5\n    \"\"\"\n    return math.sqrt(2.0 * math.pi * a * h)\n<|endoftext|>                                                                                                                                                                                    \ndef check(candidate):\n    assert candidate(5, 3) == 7.5\n    assert candidate(2, 2) == 2.0\n    assert candidate(10, 8) == 40.0\n\ndef test_check():\n    check(triangle_area)\n\ntest_check()\n",
      "timestamp": 1673628630,
      "stdout": "",
      "stderr": "  File \"/tmp/tmpbop8i6hl.py\", line 7\n    <|endoftext|>                                                                                                                                                                                    \n    ^\nSyntaxError: invalid syntax\n",
      "exit_code": 1,
      "status": "SyntaxError"
    },
    {
      "program": "def triangle_area(a: int, h: int) -> float:\n    \"\"\"Given length of a side and high return area for a triangle.\n    >>> triangle_area(5, 3)\n    7.5\n    \"\"\"\n    return math.sqrt(2.0 * math.pi * h / a)\n<|endoftext|>                                                                                                                                                                                    \ndef check(candidate):\n    assert candidate(5, 3) == 7.5\n    assert candidate(2, 2) == 2.0\n    assert candidate(10, 8) == 40.0\n\ndef test_check():\n    check(triangle_area)\n\ntest_check()\n",
      "timestamp": 1673628630,
      "stdout": "",
      "stderr": "  File \"/tmp/tmpoa56r3pf.py\", line 7\n    <|endoftext|>                                                                                                                                                                                    \n    ^\nSyntaxError: invalid syntax\n",
      "exit_code": 1,
      "status": "SyntaxError"
    },
    {
      "program": "def triangle_area(a: int, h: int) -> float:\n    \"\"\"Given length of a side and high return area for a triangle.\n    >>> triangle_area(5, 3)\n    7.5\n    \"\"\"\n    return (a * h) / 2.0\n\n\ndef check(candidate):\n    assert candidate(5, 3) == 7.5\n    assert candidate(2, 2) == 2.0\n    assert candidate(10, 8) == 40.0\n\ndef test_check():\n    check(triangle_area)\n\ntest_check()\n",
      "timestamp": 1673628630,
      "stdout": "",
      "stderr": "",
      "exit_code": 0,
      "status": "OK"
    },
    {
      "program": "def triangle_area(a: int, h: int) -> float:\n    \"\"\"Given length of a side and high return area for a triangle.\n    >>> triangle_area(5, 3)\n    7.5\n    \"\"\"\n    return math.sqrt(2.0 * math.pi * (a * a + h * h))\n\ndef check(candidate):\n    assert candidate(5, 3) == 7.5\n    assert candidate(2, 2) == 2.0\n    assert candidate(10, 8) == 40.0\n\ndef test_check():\n    check(triangle_area)\n\ntest_check()\n",
      "timestamp": 1673628630,
      "stdout": "",
      "stderr": "Traceback (most recent call last):\n  File \"/tmp/tmp165mqod0.py\", line 16, in <module>\n    test_check()\n  File \"/tmp/tmp165mqod0.py\", line 14, in test_check\n    check(triangle_area)\n  File \"/tmp/tmp165mqod0.py\", line 9, in check\n    assert candidate(5, 3) == 7.5\n  File \"/tmp/tmp165mqod0.py\", line 6, in triangle_area\n    return math.sqrt(2.0 * math.pi * (a * a + h * h))\nNameError: name 'math' is not defined\n",
      "exit_code": 1,
      "status": "Exception"
    },
    {
      "program": "def triangle_area(a: int, h: int) -> float:\n    \"\"\"Given length of a side and high return area for a triangle.\n    >>> triangle_area(5, 3)\n    7.5\n    \"\"\"\n    return math.sqrt(a * a + h * h)\n<|endoftext|>                                                                                                                                                                                                                                                                                                            \ndef check(candidate):\n    assert candidate(5, 3) == 7.5\n    assert candidate(2, 2) == 2.0\n    assert candidate(10, 8) == 40.0\n\ndef test_check():\n    check(triangle_area)\n\ntest_check()\n",
      "timestamp": 1673628630,
      "stdout": "",
      "stderr": "  File \"/tmp/tmp9muqh4ig.py\", line 7\n    <|endoftext|>                                                                                                                                                                                                                                                                                                            \n    ^\nSyntaxError: invalid syntax\n",
      "exit_code": 1,
      "status": "SyntaxError"
    },
    {
      "program": "def triangle_area(a: int, h: int) -> float:\n    \"\"\"Given length of a side and high return area for a triangle.\n    >>> triangle_area(5, 3)\n    7.5\n    \"\"\"\n    return math.sqrt(2.0 * math.pi * (a * h / 2.0))\n<|endoftext|>                              \ndef check(candidate):\n    assert candidate(5, 3) == 7.5\n    assert candidate(2, 2) == 2.0\n    assert candidate(10, 8) == 40.0\n\ndef test_check():\n    check(triangle_area)\n\ntest_check()\n",
      "timestamp": 1673628630,
      "stdout": "",
      "stderr": "  File \"/tmp/tmpbcjf49af.py\", line 7\n    <|endoftext|>                              \n    ^\nSyntaxError: invalid syntax\n",
      "exit_code": 1,
      "status": "SyntaxError"
    },
    {
      "program": "def triangle_area(a: int, h: int) -> float:\n    \"\"\"Given length of a side and high return area for a triangle.\n    >>> triangle_area(5, 3)\n    7.5\n    \"\"\"\n    return (a + h) * (a + h) / 2.0\n\n\ndef check(candidate):\n    assert candidate(5, 3) == 7.5\n    assert candidate(2, 2) == 2.0\n    assert candidate(10, 8) == 40.0\n\ndef test_check():\n    check(triangle_area)\n\ntest_check()\n",
      "timestamp": 1673628630,
      "stdout": "",
      "stderr": "Traceback (most recent call last):\n  File \"/tmp/tmpemt0mt9g.py\", line 17, in <module>\n    test_check()\n  File \"/tmp/tmpemt0mt9g.py\", line 15, in test_check\n    check(triangle_area)\n  File \"/tmp/tmpemt0mt9g.py\", line 10, in check\n    assert candidate(5, 3) == 7.5\nAssertionError\n",
      "exit_code": 1,
      "status": "Exception"
    },
    {
      "program": "def triangle_area(a: int, h: int) -> float:\n    \"\"\"Given length of a side and high return area for a triangle.\n    >>> triangle_area(5, 3)\n    7.5\n    \"\"\"\n    return math.sqrt(2 * math.pi * (a + h))\n\n\ndef check(candidate):\n    assert candidate(5, 3) == 7.5\n    assert candidate(2, 2) == 2.0\n    assert candidate(10, 8) == 40.0\n\ndef test_check():\n    check(triangle_area)\n\ntest_check()\n",
      "timestamp": 1673628630,
      "stdout": "",
      "stderr": "Traceback (most recent call last):\n  File \"/tmp/tmp53jgpsjc.py\", line 17, in <module>\n    test_check()\n  File \"/tmp/tmp53jgpsjc.py\", line 15, in test_check\n    check(triangle_area)\n  File \"/tmp/tmp53jgpsjc.py\", line 10, in check\n    assert candidate(5, 3) == 7.5\n  File \"/tmp/tmp53jgpsjc.py\", line 6, in triangle_area\n    return math.sqrt(2 * math.pi * (a + h))\nNameError: name 'math' is not defined\n",
      "exit_code": 1,
      "status": "Exception"
    },
    {
      "program": "def triangle_area(a: int, h: int) -> float:\n    \"\"\"Given length of a side and high return area for a triangle.\n    >>> triangle_area(5, 3)\n    7.5\n    \"\"\"\n    return math.sqrt(2.0 * math.pi * h / a)\n\ndef check(candidate):\n    assert candidate(5, 3) == 7.5\n    assert candidate(2, 2) == 2.0\n    assert candidate(10, 8) == 40.0\n\ndef test_check():\n    check(triangle_area)\n\ntest_check()\n",
      "timestamp": 1673628630,
      "stdout": "",
      "stderr": "Traceback (most recent call last):\n  File \"/tmp/tmpwxr8rt95.py\", line 16, in <module>\n    test_check()\n  File \"/tmp/tmpwxr8rt95.py\", line 14, in test_check\n    check(triangle_area)\n  File \"/tmp/tmpwxr8rt95.py\", line 9, in check\n    assert candidate(5, 3) == 7.5\n  File \"/tmp/tmpwxr8rt95.py\", line 6, in triangle_area\n    return math.sqrt(2.0 * math.pi * h / a)\nNameError: name 'math' is not defined\n",
      "exit_code": 1,
      "status": "Exception"
    },
    {
      "program": "def triangle_area(a: int, h: int) -> float:\n    \"\"\"Given length of a side and high return area for a triangle.\n    >>> triangle_area(5, 3)\n    7.5\n    \"\"\"\n    return (a * h) / 2.0\n\n\ndef check(candidate):\n    assert candidate(5, 3) == 7.5\n    assert candidate(2, 2) == 2.0\n    assert candidate(10, 8) == 40.0\n\ndef test_check():\n    check(triangle_area)\n\ntest_check()\n",
      "timestamp": 1673628630,
      "stdout": "",
      "stderr": "",
      "exit_code": 0,
      "status": "OK"
    },
    {
      "program": "def triangle_area(a: int, h: int) -> float:\n    \"\"\"Given length of a side and high return area for a triangle.\n    >>> triangle_area(5, 3)\n    7.5\n    \"\"\"\n    return math.sqrt(h * (a + h) / 2)\n\n\ndef check(candidate):\n    assert candidate(5, 3) == 7.5\n    assert candidate(2, 2) == 2.0\n    assert candidate(10, 8) == 40.0\n\ndef test_check():\n    check(triangle_area)\n\ntest_check()\n",
      "timestamp": 1673628630,
      "stdout": "",
      "stderr": "Traceback (most recent call last):\n  File \"/tmp/tmp3tq5tho5.py\", line 17, in <module>\n    test_check()\n  File \"/tmp/tmp3tq5tho5.py\", line 15, in test_check\n    check(triangle_area)\n  File \"/tmp/tmp3tq5tho5.py\", line 10, in check\n    assert candidate(5, 3) == 7.5\n  File \"/tmp/tmp3tq5tho5.py\", line 6, in triangle_area\n    return math.sqrt(h * (a + h) / 2)\nNameError: name 'math' is not defined\n",
      "exit_code": 1,
      "status": "Exception"
    },
    {
      "program": "def triangle_area(a: int, h: int) -> float:\n    \"\"\"Given length of a side and high return area for a triangle.\n    >>> triangle_area(5, 3)\n    7.5\n    \"\"\"\n    return (a * h) / 2.0\n\n\ndef check(candidate):\n    assert candidate(5, 3) == 7.5\n    assert candidate(2, 2) == 2.0\n    assert candidate(10, 8) == 40.0\n\ndef test_check():\n    check(triangle_area)\n\ntest_check()\n",
      "timestamp": 1673628630,
      "stdout": "",
      "stderr": "",
      "exit_code": 0,
      "status": "OK"
    },
    {
      "program": "def triangle_area(a: int, h: int) -> float:\n    \"\"\"Given length of a side and high return area for a triangle.\n    >>> triangle_area(5, 3)\n    7.5\n    \"\"\"\n    return math.sqrt(2.0 * math.pi * h * h / a)\n\ndef check(candidate):\n    assert candidate(5, 3) == 7.5\n    assert candidate(2, 2) == 2.0\n    assert candidate(10, 8) == 40.0\n\ndef test_check():\n    check(triangle_area)\n\ntest_check()\n",
      "timestamp": 1673628630,
      "stdout": "",
      "stderr": "Traceback (most recent call last):\n  File \"/tmp/tmpo3bkwklo.py\", line 16, in <module>\n    test_check()\n  File \"/tmp/tmpo3bkwklo.py\", line 14, in test_check\n    check(triangle_area)\n  File \"/tmp/tmpo3bkwklo.py\", line 9, in check\n    assert candidate(5, 3) == 7.5\n  File \"/tmp/tmpo3bkwklo.py\", line 6, in triangle_area\n    return math.sqrt(2.0 * math.pi * h * h / a)\nNameError: name 'math' is not defined\n",
      "exit_code": 1,
      "status": "Exception"
    },
    {
      "program": "def triangle_area(a: int, h: int) -> float:\n    \"\"\"Given length of a side and high return area for a triangle.\n    >>> triangle_area(5, 3)\n    7.5\n    \"\"\"\n    return (a + h) * (a + h) / 2.0\n\n\ndef check(candidate):\n    assert candidate(5, 3) == 7.5\n    assert candidate(2, 2) == 2.0\n    assert candidate(10, 8) == 40.0\n\ndef test_check():\n    check(triangle_area)\n\ntest_check()\n",
      "timestamp": 1673628630,
      "stdout": "",
      "stderr": "Traceback (most recent call last):\n  File \"/tmp/tmpemt0mt9g.py\", line 17, in <module>\n    test_check()\n  File \"/tmp/tmpemt0mt9g.py\", line 15, in test_check\n    check(triangle_area)\n  File \"/tmp/tmpemt0mt9g.py\", line 10, in check\n    assert candidate(5, 3) == 7.5\nAssertionError\n",
      "exit_code": 1,
      "status": "Exception"
    },
    {
      "program": "def triangle_area(a: int, h: int) -> float:\n    \"\"\"Given length of a side and high return area for a triangle.\n    >>> triangle_area(5, 3)\n    7.5\n    \"\"\"\n    return math.sqrt(2 * math.pi) * (a * h) / (2 * math.pi)\n\n\ndef check(candidate):\n    assert candidate(5, 3) == 7.5\n    assert candidate(2, 2) == 2.0\n    assert candidate(10, 8) == 40.0\n\ndef test_check():\n    check(triangle_area)\n\ntest_check()\n",
      "timestamp": 1673628631,
      "stdout": "",
      "stderr": "Traceback (most recent call last):\n  File \"/tmp/tmpqo9otsnz.py\", line 17, in <module>\n    test_check()\n  File \"/tmp/tmpqo9otsnz.py\", line 15, in test_check\n    check(triangle_area)\n  File \"/tmp/tmpqo9otsnz.py\", line 10, in check\n    assert candidate(5, 3) == 7.5\n  File \"/tmp/tmpqo9otsnz.py\", line 6, in triangle_area\n    return math.sqrt(2 * math.pi) * (a * h) / (2 * math.pi)\nNameError: name 'math' is not defined\n",
      "exit_code": 1,
      "status": "Exception"
    },
    {
      "program": "def triangle_area(a: int, h: int) -> float:\n    \"\"\"Given length of a side and high return area for a triangle.\n    >>> triangle_area(5, 3)\n    7.5\n    \"\"\"\n    return math.sqrt(2 * math.pi * h / a)\n\ndef check(candidate):\n    assert candidate(5, 3) == 7.5\n    assert candidate(2, 2) == 2.0\n    assert candidate(10, 8) == 40.0\n\ndef test_check():\n    check(triangle_area)\n\ntest_check()\n",
      "timestamp": 1673628631,
      "stdout": "",
      "stderr": "Traceback (most recent call last):\n  File \"/tmp/tmprm07b53o.py\", line 16, in <module>\n    test_check()\n  File \"/tmp/tmprm07b53o.py\", line 14, in test_check\n    check(triangle_area)\n  File \"/tmp/tmprm07b53o.py\", line 9, in check\n    assert candidate(5, 3) == 7.5\n  File \"/tmp/tmprm07b53o.py\", line 6, in triangle_area\n    return math.sqrt(2 * math.pi * h / a)\nNameError: name 'math' is not defined\n",
      "exit_code": 1,
      "status": "Exception"
    },
    {
      "program": "def triangle_area(a: int, h: int) -> float:\n    \"\"\"Given length of a side and high return area for a triangle.\n    >>> triangle_area(5, 3)\n    7.5\n    \"\"\"\n    return math.sqrt(a**2 + h**2)\n<|endoftext|>                                                                                                                                                                                                                                                                                                                                                                                                      \ndef check(candidate):\n    assert candidate(5, 3) == 7.5\n    assert candidate(2, 2) == 2.0\n    assert candidate(10, 8) == 40.0\n\ndef test_check():\n    check(triangle_area)\n\ntest_check()\n",
      "timestamp": 1673628631,
      "stdout": "",
      "stderr": "  File \"/tmp/tmpi07aw85g.py\", line 7\n    <|endoftext|>                                                                                                                                                                                                                                                                                                                                                                                                      \n    ^\nSyntaxError: invalid syntax\n",
      "exit_code": 1,
      "status": "SyntaxError"
    },
    {
      "program": "def triangle_area(a: int, h: int) -> float:\n    \"\"\"Given length of a side and high return area for a triangle.\n    >>> triangle_area(5, 3)\n    7.5\n    \"\"\"\n    return (h - a) * (h - a) / 2.0\n\n\ndef check(candidate):\n    assert candidate(5, 3) == 7.5\n    assert candidate(2, 2) == 2.0\n    assert candidate(10, 8) == 40.0\n\ndef test_check():\n    check(triangle_area)\n\ntest_check()\n",
      "timestamp": 1673628631,
      "stdout": "",
      "stderr": "Traceback (most recent call last):\n  File \"/tmp/tmpgt_tsbw5.py\", line 17, in <module>\n    test_check()\n  File \"/tmp/tmpgt_tsbw5.py\", line 15, in test_check\n    check(triangle_area)\n  File \"/tmp/tmpgt_tsbw5.py\", line 10, in check\n    assert candidate(5, 3) == 7.5\nAssertionError\n",
      "exit_code": 1,
      "status": "Exception"
    },
    {
      "program": "def triangle_area(a: int, h: int) -> float:\n    \"\"\"Given length of a side and high return area for a triangle.\n    >>> triangle_area(5, 3)\n    7.5\n    \"\"\"\n    return math.sqrt(2.0 * math.pi * h / (a + h))\n<|endoftext|>                                                                                                                                                                                    \ndef check(candidate):\n    assert candidate(5, 3) == 7.5\n    assert candidate(2, 2) == 2.0\n    assert candidate(10, 8) == 40.0\n\ndef test_check():\n    check(triangle_area)\n\ntest_check()\n",
      "timestamp": 1673628631,
      "stdout": "",
      "stderr": "  File \"/tmp/tmpu7j69_8k.py\", line 7\n    <|endoftext|>                                                                                                                                                                                    \n    ^\nSyntaxError: invalid syntax\n",
      "exit_code": 1,
      "status": "SyntaxError"
    },
    {
      "program": "def triangle_area(a: int, h: int) -> float:\n    \"\"\"Given length of a side and high return area for a triangle.\n    >>> triangle_area(5, 3)\n    7.5\n    \"\"\"\n    return (h * h) / 2.0\n\n\ndef check(candidate):\n    assert candidate(5, 3) == 7.5\n    assert candidate(2, 2) == 2.0\n    assert candidate(10, 8) == 40.0\n\ndef test_check():\n    check(triangle_area)\n\ntest_check()\n",
      "timestamp": 1673628631,
      "stdout": "",
      "stderr": "Traceback (most recent call last):\n  File \"/tmp/tmpyvuv0qf7.py\", line 17, in <module>\n    test_check()\n  File \"/tmp/tmpyvuv0qf7.py\", line 15, in test_check\n    check(triangle_area)\n  File \"/tmp/tmpyvuv0qf7.py\", line 10, in check\n    assert candidate(5, 3) == 7.5\nAssertionError\n",
      "exit_code": 1,
      "status": "Exception"
    },
    {
      "program": "def triangle_area(a: int, h: int) -> float:\n    \"\"\"Given length of a side and high return area for a triangle.\n    >>> triangle_area(5, 3)\n    7.5\n    \"\"\"\n    return math.sqrt(2 * math.pi * h / a)\n<|endoftext|>                                                                                                                                                                                                                                                                                                                                          \ndef check(candidate):\n    assert candidate(5, 3) == 7.5\n    assert candidate(2, 2) == 2.0\n    assert candidate(10, 8) == 40.0\n\ndef test_check():\n    check(triangle_area)\n\ntest_check()\n",
      "timestamp": 1673628631,
      "stdout": "",
      "stderr": "  File \"/tmp/tmpxzz07k4n.py\", line 7\n    <|endoftext|>                                                                                                                                                                                                                                                                                                                                          \n    ^\nSyntaxError: invalid syntax\n",
      "exit_code": 1,
      "status": "SyntaxError"
    },
    {
      "program": "def triangle_area(a: int, h: int) -> float:\n    \"\"\"Given length of a side and high return area for a triangle.\n    >>> triangle_area(5, 3)\n    7.5\n    \"\"\"\n    return math.sqrt(2.0 * math.pi * h / a)\n\n\ndef check(candidate):\n    assert candidate(5, 3) == 7.5\n    assert candidate(2, 2) == 2.0\n    assert candidate(10, 8) == 40.0\n\ndef test_check():\n    check(triangle_area)\n\ntest_check()\n",
      "timestamp": 1673628631,
      "stdout": "",
      "stderr": "Traceback (most recent call last):\n  File \"/tmp/tmpdvsk3zk5.py\", line 17, in <module>\n    test_check()\n  File \"/tmp/tmpdvsk3zk5.py\", line 15, in test_check\n    check(triangle_area)\n  File \"/tmp/tmpdvsk3zk5.py\", line 10, in check\n    assert candidate(5, 3) == 7.5\n  File \"/tmp/tmpdvsk3zk5.py\", line 6, in triangle_area\n    return math.sqrt(2.0 * math.pi * h / a)\nNameError: name 'math' is not defined\n",
      "exit_code": 1,
      "status": "Exception"
    },
    {
      "program": "def triangle_area(a: int, h: int) -> float:\n    \"\"\"Given length of a side and high return area for a triangle.\n    >>> triangle_area(5, 3)\n    7.5\n    \"\"\"\n    return math.sqrt(2 * math.pi * a * h / (2 * h))\n<|endoftext|>                                                                                                                                                                                    \ndef check(candidate):\n    assert candidate(5, 3) == 7.5\n    assert candidate(2, 2) == 2.0\n    assert candidate(10, 8) == 40.0\n\ndef test_check():\n    check(triangle_area)\n\ntest_check()\n",
      "timestamp": 1673628631,
      "stdout": "",
      "stderr": "  File \"/tmp/tmpe8qjeigy.py\", line 7\n    <|endoftext|>                                                                                                                                                                                    \n    ^\nSyntaxError: invalid syntax\n",
      "exit_code": 1,
      "status": "SyntaxError"
    },
    {
      "program": "def triangle_area(a: int, h: int) -> float:\n    \"\"\"Given length of a side and high return area for a triangle.\n    >>> triangle_area(5, 3)\n    7.5\n    \"\"\"\n    return (a + h) * (a + h) / 2.0\n\n\ndef check(candidate):\n    assert candidate(5, 3) == 7.5\n    assert candidate(2, 2) == 2.0\n    assert candidate(10, 8) == 40.0\n\ndef test_check():\n    check(triangle_area)\n\ntest_check()\n",
      "timestamp": 1673628630,
      "stdout": "",
      "stderr": "Traceback (most recent call last):\n  File \"/tmp/tmpemt0mt9g.py\", line 17, in <module>\n    test_check()\n  File \"/tmp/tmpemt0mt9g.py\", line 15, in test_check\n    check(triangle_area)\n  File \"/tmp/tmpemt0mt9g.py\", line 10, in check\n    assert candidate(5, 3) == 7.5\nAssertionError\n",
      "exit_code": 1,
      "status": "Exception"
    },
    {
      "program": "def triangle_area(a: int, h: int) -> float:\n    \"\"\"Given length of a side and high return area for a triangle.\n    >>> triangle_area(5, 3)\n    7.5\n    \"\"\"\n    return math.sqrt(a**2 + h**2)\n\ndef check(candidate):\n    assert candidate(5, 3) == 7.5\n    assert candidate(2, 2) == 2.0\n    assert candidate(10, 8) == 40.0\n\ndef test_check():\n    check(triangle_area)\n\ntest_check()\n",
      "timestamp": 1673628631,
      "stdout": "",
      "stderr": "Traceback (most recent call last):\n  File \"/tmp/tmp7nanyx9w.py\", line 16, in <module>\n    test_check()\n  File \"/tmp/tmp7nanyx9w.py\", line 14, in test_check\n    check(triangle_area)\n  File \"/tmp/tmp7nanyx9w.py\", line 9, in check\n    assert candidate(5, 3) == 7.5\n  File \"/tmp/tmp7nanyx9w.py\", line 6, in triangle_area\n    return math.sqrt(a**2 + h**2)\nNameError: name 'math' is not defined\n",
      "exit_code": 1,
      "status": "Exception"
    },
    {
      "program": "def triangle_area(a: int, h: int) -> float:\n    \"\"\"Given length of a side and high return area for a triangle.\n    >>> triangle_area(5, 3)\n    7.5\n    \"\"\"\n    return math.sqrt(2.0 * math.pi * a * h)\n\n\ndef check(candidate):\n    assert candidate(5, 3) == 7.5\n    assert candidate(2, 2) == 2.0\n    assert candidate(10, 8) == 40.0\n\ndef test_check():\n    check(triangle_area)\n\ntest_check()\n",
      "timestamp": 1673628631,
      "stdout": "",
      "stderr": "Traceback (most recent call last):\n  File \"/tmp/tmpvr2ea5dc.py\", line 17, in <module>\n    test_check()\n  File \"/tmp/tmpvr2ea5dc.py\", line 15, in test_check\n    check(triangle_area)\n  File \"/tmp/tmpvr2ea5dc.py\", line 10, in check\n    assert candidate(5, 3) == 7.5\n  File \"/tmp/tmpvr2ea5dc.py\", line 6, in triangle_area\n    return math.sqrt(2.0 * math.pi * a * h)\nNameError: name 'math' is not defined\n",
      "exit_code": 1,
      "status": "Exception"
    },
    {
      "program": "def triangle_area(a: int, h: int) -> float:\n    \"\"\"Given length of a side and high return area for a triangle.\n    >>> triangle_area(5, 3)\n    7.5\n    \"\"\"\n    return (a * h) / 2.0\n\n\ndef check(candidate):\n    assert candidate(5, 3) == 7.5\n    assert candidate(2, 2) == 2.0\n    assert candidate(10, 8) == 40.0\n\ndef test_check():\n    check(triangle_area)\n\ntest_check()\n",
      "timestamp": 1673628630,
      "stdout": "",
      "stderr": "",
      "exit_code": 0,
      "status": "OK"
    },
    {
      "program": "def triangle_area(a: int, h: int) -> float:\n    \"\"\"Given length of a side and high return area for a triangle.\n    >>> triangle_area(5, 3)\n    7.5\n    \"\"\"\n    return (a * h) / 2.0\n\n\ndef check(candidate):\n    assert candidate(5, 3) == 7.5\n    assert candidate(2, 2) == 2.0\n    assert candidate(10, 8) == 40.0\n\ndef test_check():\n    check(triangle_area)\n\ntest_check()\n",
      "timestamp": 1673628630,
      "stdout": "",
      "stderr": "",
      "exit_code": 0,
      "status": "OK"
    },
    {
      "program": "def triangle_area(a: int, h: int) -> float:\n    \"\"\"Given length of a side and high return area for a triangle.\n    >>> triangle_area(5, 3)\n    7.5\n    \"\"\"\n    return math.sqrt(2.0 * math.pi * h / a)\n<|endoftext|>                                                                                                                                                                                                                                                                                                            \ndef check(candidate):\n    assert candidate(5, 3) == 7.5\n    assert candidate(2, 2) == 2.0\n    assert candidate(10, 8) == 40.0\n\ndef test_check():\n    check(triangle_area)\n\ntest_check()\n",
      "timestamp": 1673628631,
      "stdout": "",
      "stderr": "  File \"/tmp/tmplaj_8dff.py\", line 7\n    <|endoftext|>                                                                                                                                                                                                                                                                                                            \n    ^\nSyntaxError: invalid syntax\n",
      "exit_code": 1,
      "status": "SyntaxError"
    },
    {
      "program": "def triangle_area(a: int, h: int) -> float:\n    \"\"\"Given length of a side and high return area for a triangle.\n    >>> triangle_area(5, 3)\n    7.5\n    \"\"\"\n    return (a + h) * (a + h) / 2.0\n\n\ndef check(candidate):\n    assert candidate(5, 3) == 7.5\n    assert candidate(2, 2) == 2.0\n    assert candidate(10, 8) == 40.0\n\ndef test_check():\n    check(triangle_area)\n\ntest_check()\n",
      "timestamp": 1673628630,
      "stdout": "",
      "stderr": "Traceback (most recent call last):\n  File \"/tmp/tmpemt0mt9g.py\", line 17, in <module>\n    test_check()\n  File \"/tmp/tmpemt0mt9g.py\", line 15, in test_check\n    check(triangle_area)\n  File \"/tmp/tmpemt0mt9g.py\", line 10, in check\n    assert candidate(5, 3) == 7.5\nAssertionError\n",
      "exit_code": 1,
      "status": "Exception"
    },
    {
      "program": "def triangle_area(a: int, h: int) -> float:\n    \"\"\"Given length of a side and high return area for a triangle.\n    >>> triangle_area(5, 3)\n    7.5\n    \"\"\"\n    return math.sqrt(2 * math.pi * (a + h))\n\ndef check(candidate):\n    assert candidate(5, 3) == 7.5\n    assert candidate(2, 2) == 2.0\n    assert candidate(10, 8) == 40.0\n\ndef test_check():\n    check(triangle_area)\n\ntest_check()\n",
      "timestamp": 1673628631,
      "stdout": "",
      "stderr": "Traceback (most recent call last):\n  File \"/tmp/tmpuljt6t3w.py\", line 16, in <module>\n    test_check()\n  File \"/tmp/tmpuljt6t3w.py\", line 14, in test_check\n    check(triangle_area)\n  File \"/tmp/tmpuljt6t3w.py\", line 9, in check\n    assert candidate(5, 3) == 7.5\n  File \"/tmp/tmpuljt6t3w.py\", line 6, in triangle_area\n    return math.sqrt(2 * math.pi * (a + h))\nNameError: name 'math' is not defined\n",
      "exit_code": 1,
      "status": "Exception"
    },
    {
      "program": "def triangle_area(a: int, h: int) -> float:\n    \"\"\"Given length of a side and high return area for a triangle.\n    >>> triangle_area(5, 3)\n    7.5\n    \"\"\"\n    return math.sqrt(2 * math.pi * h * h / (a * a))\n<|endoftext|>                                                                                                                                                                                                                  \ndef check(candidate):\n    assert candidate(5, 3) == 7.5\n    assert candidate(2, 2) == 2.0\n    assert candidate(10, 8) == 40.0\n\ndef test_check():\n    check(triangle_area)\n\ntest_check()\n",
      "timestamp": 1673628631,
      "stdout": "",
      "stderr": "  File \"/tmp/tmpsuebf7cx.py\", line 7\n    <|endoftext|>                                                                                                                                                                                                                  \n    ^\nSyntaxError: invalid syntax\n",
      "exit_code": 1,
      "status": "SyntaxError"
    },
    {
      "program": "def triangle_area(a: int, h: int) -> float:\n    \"\"\"Given length of a side and high return area for a triangle.\n    >>> triangle_area(5, 3)\n    7.5\n    \"\"\"\n    return math.sqrt(2 * math.pi * h / a)\n\n\ndef check(candidate):\n    assert candidate(5, 3) == 7.5\n    assert candidate(2, 2) == 2.0\n    assert candidate(10, 8) == 40.0\n\ndef test_check():\n    check(triangle_area)\n\ntest_check()\n",
      "timestamp": 1673628631,
      "stdout": "",
      "stderr": "Traceback (most recent call last):\n  File \"/tmp/tmpf9dvdpyv.py\", line 17, in <module>\n    test_check()\n  File \"/tmp/tmpf9dvdpyv.py\", line 15, in test_check\n    check(triangle_area)\n  File \"/tmp/tmpf9dvdpyv.py\", line 10, in check\n    assert candidate(5, 3) == 7.5\n  File \"/tmp/tmpf9dvdpyv.py\", line 6, in triangle_area\n    return math.sqrt(2 * math.pi * h / a)\nNameError: name 'math' is not defined\n",
      "exit_code": 1,
      "status": "Exception"
    },
    {
      "program": "def triangle_area(a: int, h: int) -> float:\n    \"\"\"Given length of a side and high return area for a triangle.\n    >>> triangle_area(5, 3)\n    7.5\n    \"\"\"\n    return math.sqrt(a * a + h * h)\n\ndef check(candidate):\n    assert candidate(5, 3) == 7.5\n    assert candidate(2, 2) == 2.0\n    assert candidate(10, 8) == 40.0\n\ndef test_check():\n    check(triangle_area)\n\ntest_check()\n",
      "timestamp": 1673628631,
      "stdout": "",
      "stderr": "Traceback (most recent call last):\n  File \"/tmp/tmpemubxt70.py\", line 16, in <module>\n    test_check()\n  File \"/tmp/tmpemubxt70.py\", line 14, in test_check\n    check(triangle_area)\n  File \"/tmp/tmpemubxt70.py\", line 9, in check\n    assert candidate(5, 3) == 7.5\n  File \"/tmp/tmpemubxt70.py\", line 6, in triangle_area\n    return math.sqrt(a * a + h * h)\nNameError: name 'math' is not defined\n",
      "exit_code": 1,
      "status": "Exception"
    },
    {
      "program": "def triangle_area(a: int, h: int) -> float:\n    \"\"\"Given length of a side and high return area for a triangle.\n    >>> triangle_area(5, 3)\n    7.5\n    \"\"\"\n    return math.sqrt(2.0 * math.pi * (a + h) / (a + h))\n\ndef check(candidate):\n    assert candidate(5, 3) == 7.5\n    assert candidate(2, 2) == 2.0\n    assert candidate(10, 8) == 40.0\n\ndef test_check():\n    check(triangle_area)\n\ntest_check()\n",
      "timestamp": 1673628631,
      "stdout": "",
      "stderr": "Traceback (most recent call last):\n  File \"/tmp/tmpxlwnn8r8.py\", line 16, in <module>\n    test_check()\n  File \"/tmp/tmpxlwnn8r8.py\", line 14, in test_check\n    check(triangle_area)\n  File \"/tmp/tmpxlwnn8r8.py\", line 9, in check\n    assert candidate(5, 3) == 7.5\n  File \"/tmp/tmpxlwnn8r8.py\", line 6, in triangle_area\n    return math.sqrt(2.0 * math.pi * (a + h) / (a + h))\nNameError: name 'math' is not defined\n",
      "exit_code": 1,
      "status": "Exception"
    },
    {
      "program": "def triangle_area(a: int, h: int) -> float:\n    \"\"\"Given length of a side and high return area for a triangle.\n    >>> triangle_area(5, 3)\n    7.5\n    \"\"\"\n    return math.sqrt(2.0 * math.pi * a * h / (2.0 * math.pi))\n\ndef check(candidate):\n    assert candidate(5, 3) == 7.5\n    assert candidate(2, 2) == 2.0\n    assert candidate(10, 8) == 40.0\n\ndef test_check():\n    check(triangle_area)\n\ntest_check()\n",
      "timestamp": 1673628630,
      "stdout": "",
      "stderr": "Traceback (most recent call last):\n  File \"/tmp/tmp1j93r_tf.py\", line 16, in <module>\n    test_check()\n  File \"/tmp/tmp1j93r_tf.py\", line 14, in test_check\n    check(triangle_area)\n  File \"/tmp/tmp1j93r_tf.py\", line 9, in check\n    assert candidate(5, 3) == 7.5\n  File \"/tmp/tmp1j93r_tf.py\", line 6, in triangle_area\n    return math.sqrt(2.0 * math.pi * a * h / (2.0 * math.pi))\nNameError: name 'math' is not defined\n",
      "exit_code": 1,
      "status": "Exception"
    },
    {
      "program": "def triangle_area(a: int, h: int) -> float:\n    \"\"\"Given length of a side and high return area for a triangle.\n    >>> triangle_area(5, 3)\n    7.5\n    \"\"\"\n    return math.sqrt(2.0 * math.pi * (a + h) / (a + h))\n\ndef check(candidate):\n    assert candidate(5, 3) == 7.5\n    assert candidate(2, 2) == 2.0\n    assert candidate(10, 8) == 40.0\n\ndef test_check():\n    check(triangle_area)\n\ntest_check()\n",
      "timestamp": 1673628631,
      "stdout": "",
      "stderr": "Traceback (most recent call last):\n  File \"/tmp/tmpxlwnn8r8.py\", line 16, in <module>\n    test_check()\n  File \"/tmp/tmpxlwnn8r8.py\", line 14, in test_check\n    check(triangle_area)\n  File \"/tmp/tmpxlwnn8r8.py\", line 9, in check\n    assert candidate(5, 3) == 7.5\n  File \"/tmp/tmpxlwnn8r8.py\", line 6, in triangle_area\n    return math.sqrt(2.0 * math.pi * (a + h) / (a + h))\nNameError: name 'math' is not defined\n",
      "exit_code": 1,
      "status": "Exception"
    },
    {
      "program": "def triangle_area(a: int, h: int) -> float:\n    \"\"\"Given length of a side and high return area for a triangle.\n    >>> triangle_area(5, 3)\n    7.5\n    \"\"\"\n    return (a + h) * (a + h) / 2.0\n\n\ndef check(candidate):\n    assert candidate(5, 3) == 7.5\n    assert candidate(2, 2) == 2.0\n    assert candidate(10, 8) == 40.0\n\ndef test_check():\n    check(triangle_area)\n\ntest_check()\n",
      "timestamp": 1673628630,
      "stdout": "",
      "stderr": "Traceback (most recent call last):\n  File \"/tmp/tmpemt0mt9g.py\", line 17, in <module>\n    test_check()\n  File \"/tmp/tmpemt0mt9g.py\", line 15, in test_check\n    check(triangle_area)\n  File \"/tmp/tmpemt0mt9g.py\", line 10, in check\n    assert candidate(5, 3) == 7.5\nAssertionError\n",
      "exit_code": 1,
      "status": "Exception"
    },
    {
      "program": "def triangle_area(a: int, h: int) -> float:\n    \"\"\"Given length of a side and high return area for a triangle.\n    >>> triangle_area(5, 3)\n    7.5\n    \"\"\"\n    return (a * h) / 2.0\n<|endoftext|>                                                                                                                                                                                                                                                                                                                                                                                                                                                                                                                                                            \ndef check(candidate):\n    assert candidate(5, 3) == 7.5\n    assert candidate(2, 2) == 2.0\n    assert candidate(10, 8) == 40.0\n\ndef test_check():\n    check(triangle_area)\n\ntest_check()\n",
      "timestamp": 1673628631,
      "stdout": "",
      "stderr": "  File \"/tmp/tmpfci333y_.py\", line 7\n    <|endoftext|>                                                                                                                                                                                                                                                                                                                                                                                                                                                                                                                                                            \n    ^\nSyntaxError: invalid syntax\n",
      "exit_code": 1,
      "status": "SyntaxError"
    },
    {
      "program": "def triangle_area(a: int, h: int) -> float:\n    \"\"\"Given length of a side and high return area for a triangle.\n    >>> triangle_area(5, 3)\n    7.5\n    \"\"\"\n    return (a * h) ** 2 / 2\n\n\ndef check(candidate):\n    assert candidate(5, 3) == 7.5\n    assert candidate(2, 2) == 2.0\n    assert candidate(10, 8) == 40.0\n\ndef test_check():\n    check(triangle_area)\n\ntest_check()\n",
      "timestamp": 1673628630,
      "stdout": "",
      "stderr": "Traceback (most recent call last):\n  File \"/tmp/tmp_dvw7vkq.py\", line 17, in <module>\n    test_check()\n  File \"/tmp/tmp_dvw7vkq.py\", line 15, in test_check\n    check(triangle_area)\n  File \"/tmp/tmp_dvw7vkq.py\", line 10, in check\n    assert candidate(5, 3) == 7.5\nAssertionError\n",
      "exit_code": 1,
      "status": "Exception"
    },
    {
      "program": "def triangle_area(a: int, h: int) -> float:\n    \"\"\"Given length of a side and high return area for a triangle.\n    >>> triangle_area(5, 3)\n    7.5\n    \"\"\"\n    return math.sqrt(2.0 * math.pi * h / a)\n\n\ndef check(candidate):\n    assert candidate(5, 3) == 7.5\n    assert candidate(2, 2) == 2.0\n    assert candidate(10, 8) == 40.0\n\ndef test_check():\n    check(triangle_area)\n\ntest_check()\n",
      "timestamp": 1673628631,
      "stdout": "",
      "stderr": "Traceback (most recent call last):\n  File \"/tmp/tmpdvsk3zk5.py\", line 17, in <module>\n    test_check()\n  File \"/tmp/tmpdvsk3zk5.py\", line 15, in test_check\n    check(triangle_area)\n  File \"/tmp/tmpdvsk3zk5.py\", line 10, in check\n    assert candidate(5, 3) == 7.5\n  File \"/tmp/tmpdvsk3zk5.py\", line 6, in triangle_area\n    return math.sqrt(2.0 * math.pi * h / a)\nNameError: name 'math' is not defined\n",
      "exit_code": 1,
      "status": "Exception"
    },
    {
      "program": "def triangle_area(a: int, h: int) -> float:\n    \"\"\"Given length of a side and high return area for a triangle.\n    >>> triangle_area(5, 3)\n    7.5\n    \"\"\"\n    return math.sqrt(2.0 * math.pi * a * h / (2.0 * a))\n\ndef check(candidate):\n    assert candidate(5, 3) == 7.5\n    assert candidate(2, 2) == 2.0\n    assert candidate(10, 8) == 40.0\n\ndef test_check():\n    check(triangle_area)\n\ntest_check()\n",
      "timestamp": 1673628630,
      "stdout": "",
      "stderr": "Traceback (most recent call last):\n  File \"/tmp/tmp01y0g05z.py\", line 16, in <module>\n    test_check()\n  File \"/tmp/tmp01y0g05z.py\", line 14, in test_check\n    check(triangle_area)\n  File \"/tmp/tmp01y0g05z.py\", line 9, in check\n    assert candidate(5, 3) == 7.5\n  File \"/tmp/tmp01y0g05z.py\", line 6, in triangle_area\n    return math.sqrt(2.0 * math.pi * a * h / (2.0 * a))\nNameError: name 'math' is not defined\n",
      "exit_code": 1,
      "status": "Exception"
    },
    {
      "program": "def triangle_area(a: int, h: int) -> float:\n    \"\"\"Given length of a side and high return area for a triangle.\n    >>> triangle_area(5, 3)\n    7.5\n    \"\"\"\n    return math.sqrt(2 * math.pi * (a * a + h * h))\n<|endoftext|>                                                                                                                                                      \ndef check(candidate):\n    assert candidate(5, 3) == 7.5\n    assert candidate(2, 2) == 2.0\n    assert candidate(10, 8) == 40.0\n\ndef test_check():\n    check(triangle_area)\n\ntest_check()\n",
      "timestamp": 1673628631,
      "stdout": "",
      "stderr": "  File \"/tmp/tmp6r2sb408.py\", line 7\n    <|endoftext|>                                                                                                                                                      \n    ^\nSyntaxError: invalid syntax\n",
      "exit_code": 1,
      "status": "SyntaxError"
    },
    {
      "program": "def triangle_area(a: int, h: int) -> float:\n    \"\"\"Given length of a side and high return area for a triangle.\n    >>> triangle_area(5, 3)\n    7.5\n    \"\"\"\n    return (a + h) * (a + h) / 2.0\n\n\ndef check(candidate):\n    assert candidate(5, 3) == 7.5\n    assert candidate(2, 2) == 2.0\n    assert candidate(10, 8) == 40.0\n\ndef test_check():\n    check(triangle_area)\n\ntest_check()\n",
      "timestamp": 1673628630,
      "stdout": "",
      "stderr": "Traceback (most recent call last):\n  File \"/tmp/tmpemt0mt9g.py\", line 17, in <module>\n    test_check()\n  File \"/tmp/tmpemt0mt9g.py\", line 15, in test_check\n    check(triangle_area)\n  File \"/tmp/tmpemt0mt9g.py\", line 10, in check\n    assert candidate(5, 3) == 7.5\nAssertionError\n",
      "exit_code": 1,
      "status": "Exception"
    },
    {
      "program": "def triangle_area(a: int, h: int) -> float:\n    \"\"\"Given length of a side and high return area for a triangle.\n    >>> triangle_area(5, 3)\n    7.5\n    \"\"\"\n    return math.sqrt(2.0 * math.pi * h * (a + h))\n\ndef check(candidate):\n    assert candidate(5, 3) == 7.5\n    assert candidate(2, 2) == 2.0\n    assert candidate(10, 8) == 40.0\n\ndef test_check():\n    check(triangle_area)\n\ntest_check()\n",
      "timestamp": 1673628631,
      "stdout": "",
      "stderr": "Traceback (most recent call last):\n  File \"/tmp/tmpj3yjvye5.py\", line 16, in <module>\n    test_check()\n  File \"/tmp/tmpj3yjvye5.py\", line 14, in test_check\n    check(triangle_area)\n  File \"/tmp/tmpj3yjvye5.py\", line 9, in check\n    assert candidate(5, 3) == 7.5\n  File \"/tmp/tmpj3yjvye5.py\", line 6, in triangle_area\n    return math.sqrt(2.0 * math.pi * h * (a + h))\nNameError: name 'math' is not defined\n",
      "exit_code": 1,
      "status": "Exception"
    },
    {
      "program": "def triangle_area(a: int, h: int) -> float:\n    \"\"\"Given length of a side and high return area for a triangle.\n    >>> triangle_area(5, 3)\n    7.5\n    \"\"\"\n    return math.sqrt(2 * math.pi * h * h / a)\n\n\ndef check(candidate):\n    assert candidate(5, 3) == 7.5\n    assert candidate(2, 2) == 2.0\n    assert candidate(10, 8) == 40.0\n\ndef test_check():\n    check(triangle_area)\n\ntest_check()\n",
      "timestamp": 1673628631,
      "stdout": "",
      "stderr": "Traceback (most recent call last):\n  File \"/tmp/tmp5mx6epf0.py\", line 17, in <module>\n    test_check()\n  File \"/tmp/tmp5mx6epf0.py\", line 15, in test_check\n    check(triangle_area)\n  File \"/tmp/tmp5mx6epf0.py\", line 10, in check\n    assert candidate(5, 3) == 7.5\n  File \"/tmp/tmp5mx6epf0.py\", line 6, in triangle_area\n    return math.sqrt(2 * math.pi * h * h / a)\nNameError: name 'math' is not defined\n",
      "exit_code": 1,
      "status": "Exception"
    },
    {
      "program": "def triangle_area(a: int, h: int) -> float:\n    \"\"\"Given length of a side and high return area for a triangle.\n    >>> triangle_area(5, 3)\n    7.5\n    \"\"\"\n    return (h * h) / (2 * a)\n<|endoftext|>                                                                                                                                                                                                                                                                                                                                                                                                                                    \ndef check(candidate):\n    assert candidate(5, 3) == 7.5\n    assert candidate(2, 2) == 2.0\n    assert candidate(10, 8) == 40.0\n\ndef test_check():\n    check(triangle_area)\n\ntest_check()\n",
      "timestamp": 1673628631,
      "stdout": "",
      "stderr": "  File \"/tmp/tmp229jpke4.py\", line 7\n    <|endoftext|>                                                                                                                                                                                                                                                                                                                                                                                                                                    \n    ^\nSyntaxError: invalid syntax\n",
      "exit_code": 1,
      "status": "SyntaxError"
    },
    {
      "program": "def triangle_area(a: int, h: int) -> float:\n    \"\"\"Given length of a side and high return area for a triangle.\n    >>> triangle_area(5, 3)\n    7.5\n    \"\"\"\n    return math.sqrt(a**2 + h**2)\n\ndef check(candidate):\n    assert candidate(5, 3) == 7.5\n    assert candidate(2, 2) == 2.0\n    assert candidate(10, 8) == 40.0\n\ndef test_check():\n    check(triangle_area)\n\ntest_check()\n",
      "timestamp": 1673628631,
      "stdout": "",
      "stderr": "Traceback (most recent call last):\n  File \"/tmp/tmp7nanyx9w.py\", line 16, in <module>\n    test_check()\n  File \"/tmp/tmp7nanyx9w.py\", line 14, in test_check\n    check(triangle_area)\n  File \"/tmp/tmp7nanyx9w.py\", line 9, in check\n    assert candidate(5, 3) == 7.5\n  File \"/tmp/tmp7nanyx9w.py\", line 6, in triangle_area\n    return math.sqrt(a**2 + h**2)\nNameError: name 'math' is not defined\n",
      "exit_code": 1,
      "status": "Exception"
    },
    {
      "program": "def triangle_area(a: int, h: int) -> float:\n    \"\"\"Given length of a side and high return area for a triangle.\n    >>> triangle_area(5, 3)\n    7.5\n    \"\"\"\n    return math.sqrt(2 * math.pi * a * h)\n\ndef check(candidate):\n    assert candidate(5, 3) == 7.5\n    assert candidate(2, 2) == 2.0\n    assert candidate(10, 8) == 40.0\n\ndef test_check():\n    check(triangle_area)\n\ntest_check()\n",
      "timestamp": 1673628631,
      "stdout": "",
      "stderr": "Traceback (most recent call last):\n  File \"/tmp/tmp8_g8mms4.py\", line 16, in <module>\n    test_check()\n  File \"/tmp/tmp8_g8mms4.py\", line 14, in test_check\n    check(triangle_area)\n  File \"/tmp/tmp8_g8mms4.py\", line 9, in check\n    assert candidate(5, 3) == 7.5\n  File \"/tmp/tmp8_g8mms4.py\", line 6, in triangle_area\n    return math.sqrt(2 * math.pi * a * h)\nNameError: name 'math' is not defined\n",
      "exit_code": 1,
      "status": "Exception"
    },
    {
      "program": "def triangle_area(a: int, h: int) -> float:\n    \"\"\"Given length of a side and high return area for a triangle.\n    >>> triangle_area(5, 3)\n    7.5\n    \"\"\"\n    return math.sqrt(2 * math.pi * h / a)\n\n\ndef check(candidate):\n    assert candidate(5, 3) == 7.5\n    assert candidate(2, 2) == 2.0\n    assert candidate(10, 8) == 40.0\n\ndef test_check():\n    check(triangle_area)\n\ntest_check()\n",
      "timestamp": 1673628631,
      "stdout": "",
      "stderr": "Traceback (most recent call last):\n  File \"/tmp/tmpf9dvdpyv.py\", line 17, in <module>\n    test_check()\n  File \"/tmp/tmpf9dvdpyv.py\", line 15, in test_check\n    check(triangle_area)\n  File \"/tmp/tmpf9dvdpyv.py\", line 10, in check\n    assert candidate(5, 3) == 7.5\n  File \"/tmp/tmpf9dvdpyv.py\", line 6, in triangle_area\n    return math.sqrt(2 * math.pi * h / a)\nNameError: name 'math' is not defined\n",
      "exit_code": 1,
      "status": "Exception"
    },
    {
      "program": "def triangle_area(a: int, h: int) -> float:\n    \"\"\"Given length of a side and high return area for a triangle.\n    >>> triangle_area(5, 3)\n    7.5\n    \"\"\"\n    return math.sqrt(2.0 * math.pi * h / a)\n<|endoftext|>                                                                                                                                                                                                                                                \ndef check(candidate):\n    assert candidate(5, 3) == 7.5\n    assert candidate(2, 2) == 2.0\n    assert candidate(10, 8) == 40.0\n\ndef test_check():\n    check(triangle_area)\n\ntest_check()\n",
      "timestamp": 1673628631,
      "stdout": "",
      "stderr": "  File \"/tmp/tmpsm8jqfbf.py\", line 7\n    <|endoftext|>                                                                                                                                                                                                                                                \n    ^\nSyntaxError: invalid syntax\n",
      "exit_code": 1,
      "status": "SyntaxError"
    },
    {
      "program": "def triangle_area(a: int, h: int) -> float:\n    \"\"\"Given length of a side and high return area for a triangle.\n    >>> triangle_area(5, 3)\n    7.5\n    \"\"\"\n    return math.sqrt(a * a + h * h)\n<|endoftext|>                                                                                                                                                                                                                                                                                                                                                                        \ndef check(candidate):\n    assert candidate(5, 3) == 7.5\n    assert candidate(2, 2) == 2.0\n    assert candidate(10, 8) == 40.0\n\ndef test_check():\n    check(triangle_area)\n\ntest_check()\n",
      "timestamp": 1673628631,
      "stdout": "",
      "stderr": "  File \"/tmp/tmppz5_3t8a.py\", line 7\n    <|endoftext|>                                                                                                                                                                                                                                                                                                                                                                        \n    ^\nSyntaxError: invalid syntax\n",
      "exit_code": 1,
      "status": "SyntaxError"
    },
    {
      "program": "def triangle_area(a: int, h: int) -> float:\n    \"\"\"Given length of a side and high return area for a triangle.\n    >>> triangle_area(5, 3)\n    7.5\n    \"\"\"\n    return math.sqrt(2.0 * math.pi * h * h / (a * a))\n<|endoftext|>                                                                                          \ndef check(candidate):\n    assert candidate(5, 3) == 7.5\n    assert candidate(2, 2) == 2.0\n    assert candidate(10, 8) == 40.0\n\ndef test_check():\n    check(triangle_area)\n\ntest_check()\n",
      "timestamp": 1673628631,
      "stdout": "",
      "stderr": "  File \"/tmp/tmphdvp3kdk.py\", line 7\n    <|endoftext|>                                                                                          \n    ^\nSyntaxError: invalid syntax\n",
      "exit_code": 1,
      "status": "SyntaxError"
    },
    {
      "program": "def triangle_area(a: int, h: int) -> float:\n    \"\"\"Given length of a side and high return area for a triangle.\n    >>> triangle_area(5, 3)\n    7.5\n    \"\"\"\n    return math.sqrt(2 * math.pi * h * h / (a * a))\n<|endoftext|>                                                                                                                                                      \ndef check(candidate):\n    assert candidate(5, 3) == 7.5\n    assert candidate(2, 2) == 2.0\n    assert candidate(10, 8) == 40.0\n\ndef test_check():\n    check(triangle_area)\n\ntest_check()\n",
      "timestamp": 1673628631,
      "stdout": "",
      "stderr": "  File \"/tmp/tmpn58sba9v.py\", line 7\n    <|endoftext|>                                                                                                                                                      \n    ^\nSyntaxError: invalid syntax\n",
      "exit_code": 1,
      "status": "SyntaxError"
    },
    {
      "program": "def triangle_area(a: int, h: int) -> float:\n    \"\"\"Given length of a side and high return area for a triangle.\n    >>> triangle_area(5, 3)\n    7.5\n    \"\"\"\n    return (a * h) ** 2\n\ndef check(candidate):\n    assert candidate(5, 3) == 7.5\n    assert candidate(2, 2) == 2.0\n    assert candidate(10, 8) == 40.0\n\ndef test_check():\n    check(triangle_area)\n\ntest_check()\n",
      "timestamp": 1673628631,
      "stdout": "",
      "stderr": "Traceback (most recent call last):\n  File \"/tmp/tmpaagtb9uj.py\", line 16, in <module>\n    test_check()\n  File \"/tmp/tmpaagtb9uj.py\", line 14, in test_check\n    check(triangle_area)\n  File \"/tmp/tmpaagtb9uj.py\", line 9, in check\n    assert candidate(5, 3) == 7.5\nAssertionError\n",
      "exit_code": 1,
      "status": "Exception"
    },
    {
      "program": "def triangle_area(a: int, h: int) -> float:\n    \"\"\"Given length of a side and high return area for a triangle.\n    >>> triangle_area(5, 3)\n    7.5\n    \"\"\"\n    return math.sqrt(2.0 * math.pi * h / a)\n\n\ndef check(candidate):\n    assert candidate(5, 3) == 7.5\n    assert candidate(2, 2) == 2.0\n    assert candidate(10, 8) == 40.0\n\ndef test_check():\n    check(triangle_area)\n\ntest_check()\n",
      "timestamp": 1673628631,
      "stdout": "",
      "stderr": "Traceback (most recent call last):\n  File \"/tmp/tmpdvsk3zk5.py\", line 17, in <module>\n    test_check()\n  File \"/tmp/tmpdvsk3zk5.py\", line 15, in test_check\n    check(triangle_area)\n  File \"/tmp/tmpdvsk3zk5.py\", line 10, in check\n    assert candidate(5, 3) == 7.5\n  File \"/tmp/tmpdvsk3zk5.py\", line 6, in triangle_area\n    return math.sqrt(2.0 * math.pi * h / a)\nNameError: name 'math' is not defined\n",
      "exit_code": 1,
      "status": "Exception"
    },
    {
      "program": "def triangle_area(a: int, h: int) -> float:\n    \"\"\"Given length of a side and high return area for a triangle.\n    >>> triangle_area(5, 3)\n    7.5\n    \"\"\"\n    return math.sqrt(2.0 * math.pi * h / a)\n\ndef check(candidate):\n    assert candidate(5, 3) == 7.5\n    assert candidate(2, 2) == 2.0\n    assert candidate(10, 8) == 40.0\n\ndef test_check():\n    check(triangle_area)\n\ntest_check()\n",
      "timestamp": 1673628630,
      "stdout": "",
      "stderr": "Traceback (most recent call last):\n  File \"/tmp/tmpwxr8rt95.py\", line 16, in <module>\n    test_check()\n  File \"/tmp/tmpwxr8rt95.py\", line 14, in test_check\n    check(triangle_area)\n  File \"/tmp/tmpwxr8rt95.py\", line 9, in check\n    assert candidate(5, 3) == 7.5\n  File \"/tmp/tmpwxr8rt95.py\", line 6, in triangle_area\n    return math.sqrt(2.0 * math.pi * h / a)\nNameError: name 'math' is not defined\n",
      "exit_code": 1,
      "status": "Exception"
    },
    {
      "program": "def triangle_area(a: int, h: int) -> float:\n    \"\"\"Given length of a side and high return area for a triangle.\n    >>> triangle_area(5, 3)\n    7.5\n    \"\"\"\n    return (a * h) / 2.0\n\n\ndef check(candidate):\n    assert candidate(5, 3) == 7.5\n    assert candidate(2, 2) == 2.0\n    assert candidate(10, 8) == 40.0\n\ndef test_check():\n    check(triangle_area)\n\ntest_check()\n",
      "timestamp": 1673628630,
      "stdout": "",
      "stderr": "",
      "exit_code": 0,
      "status": "OK"
    },
    {
      "program": "def triangle_area(a: int, h: int) -> float:\n    \"\"\"Given length of a side and high return area for a triangle.\n    >>> triangle_area(5, 3)\n    7.5\n    \"\"\"\n    return (a + h) * (a + h) / 2.0\n<|endoftext|>                                                                                                                                                                                                                                                                                                                                                                        \ndef check(candidate):\n    assert candidate(5, 3) == 7.5\n    assert candidate(2, 2) == 2.0\n    assert candidate(10, 8) == 40.0\n\ndef test_check():\n    check(triangle_area)\n\ntest_check()\n",
      "timestamp": 1673628631,
      "stdout": "",
      "stderr": "  File \"/tmp/tmp2a8k5q2l.py\", line 7\n    <|endoftext|>                                                                                                                                                                                                                                                                                                                                                                        \n    ^\nSyntaxError: invalid syntax\n",
      "exit_code": 1,
      "status": "SyntaxError"
    },
    {
      "program": "def triangle_area(a: int, h: int) -> float:\n    \"\"\"Given length of a side and high return area for a triangle.\n    >>> triangle_area(5, 3)\n    7.5\n    \"\"\"\n    return (h - a) * (h - a) / 2.0\n\n\ndef check(candidate):\n    assert candidate(5, 3) == 7.5\n    assert candidate(2, 2) == 2.0\n    assert candidate(10, 8) == 40.0\n\ndef test_check():\n    check(triangle_area)\n\ntest_check()\n",
      "timestamp": 1673628631,
      "stdout": "",
      "stderr": "Traceback (most recent call last):\n  File \"/tmp/tmpgt_tsbw5.py\", line 17, in <module>\n    test_check()\n  File \"/tmp/tmpgt_tsbw5.py\", line 15, in test_check\n    check(triangle_area)\n  File \"/tmp/tmpgt_tsbw5.py\", line 10, in check\n    assert candidate(5, 3) == 7.5\nAssertionError\n",
      "exit_code": 1,
      "status": "Exception"
    },
    {
      "program": "def triangle_area(a: int, h: int) -> float:\n    \"\"\"Given length of a side and high return area for a triangle.\n    >>> triangle_area(5, 3)\n    7.5\n    \"\"\"\n    return math.sqrt(h * h / 2) / 2\n\ndef check(candidate):\n    assert candidate(5, 3) == 7.5\n    assert candidate(2, 2) == 2.0\n    assert candidate(10, 8) == 40.0\n\ndef test_check():\n    check(triangle_area)\n\ntest_check()\n",
      "timestamp": 1673628631,
      "stdout": "",
      "stderr": "Traceback (most recent call last):\n  File \"/tmp/tmppx31def3.py\", line 16, in <module>\n    test_check()\n  File \"/tmp/tmppx31def3.py\", line 14, in test_check\n    check(triangle_area)\n  File \"/tmp/tmppx31def3.py\", line 9, in check\n    assert candidate(5, 3) == 7.5\n  File \"/tmp/tmppx31def3.py\", line 6, in triangle_area\n    return math.sqrt(h * h / 2) / 2\nNameError: name 'math' is not defined\n",
      "exit_code": 1,
      "status": "Exception"
    },
    {
      "program": "def triangle_area(a: int, h: int) -> float:\n    \"\"\"Given length of a side and high return area for a triangle.\n    >>> triangle_area(5, 3)\n    7.5\n    \"\"\"\n    return (a * h) / 2.0\n<|endoftext|>                                                                                                                                                                                                                                                                                                                                                                                                                                                                                                                                                            \ndef check(candidate):\n    assert candidate(5, 3) == 7.5\n    assert candidate(2, 2) == 2.0\n    assert candidate(10, 8) == 40.0\n\ndef test_check():\n    check(triangle_area)\n\ntest_check()\n",
      "timestamp": 1673628631,
      "stdout": "",
      "stderr": "  File \"/tmp/tmpfci333y_.py\", line 7\n    <|endoftext|>                                                                                                                                                                                                                                                                                                                                                                                                                                                                                                                                                            \n    ^\nSyntaxError: invalid syntax\n",
      "exit_code": 1,
      "status": "SyntaxError"
    },
    {
      "program": "def triangle_area(a: int, h: int) -> float:\n    \"\"\"Given length of a side and high return area for a triangle.\n    >>> triangle_area(5, 3)\n    7.5\n    \"\"\"\n    return math.sqrt(2.0 * math.pi * h * h / (a * a))\n<|endoftext|>                                                                                                                                                      \ndef check(candidate):\n    assert candidate(5, 3) == 7.5\n    assert candidate(2, 2) == 2.0\n    assert candidate(10, 8) == 40.0\n\ndef test_check():\n    check(triangle_area)\n\ntest_check()\n",
      "timestamp": 1673628631,
      "stdout": "",
      "stderr": "  File \"/tmp/tmpj0o96hp7.py\", line 7\n    <|endoftext|>                                                                                                                                                      \n    ^\nSyntaxError: invalid syntax\n",
      "exit_code": 1,
      "status": "SyntaxError"
    },
    {
      "program": "def triangle_area(a: int, h: int) -> float:\n    \"\"\"Given length of a side and high return area for a triangle.\n    >>> triangle_area(5, 3)\n    7.5\n    \"\"\"\n    return (a + h) * (a + h) / 2.0\n<|endoftext|>                                                                                                                                                                                                                                                                                                                                                                        \ndef check(candidate):\n    assert candidate(5, 3) == 7.5\n    assert candidate(2, 2) == 2.0\n    assert candidate(10, 8) == 40.0\n\ndef test_check():\n    check(triangle_area)\n\ntest_check()\n",
      "timestamp": 1673628631,
      "stdout": "",
      "stderr": "  File \"/tmp/tmp2a8k5q2l.py\", line 7\n    <|endoftext|>                                                                                                                                                                                                                                                                                                                                                                        \n    ^\nSyntaxError: invalid syntax\n",
      "exit_code": 1,
      "status": "SyntaxError"
    },
    {
      "program": "def triangle_area(a: int, h: int) -> float:\n    \"\"\"Given length of a side and high return area for a triangle.\n    >>> triangle_area(5, 3)\n    7.5\n    \"\"\"\n    return (a * h) ** 2\n<|endoftext|>                                                                                                                                                                                                                                                                                                                                                                                                                                                                                                                                                                                                                        \ndef check(candidate):\n    assert candidate(5, 3) == 7.5\n    assert candidate(2, 2) == 2.0\n    assert candidate(10, 8) == 40.0\n\ndef test_check():\n    check(triangle_area)\n\ntest_check()\n",
      "timestamp": 1673628631,
      "stdout": "",
      "stderr": "  File \"/tmp/tmpp27g4g9s.py\", line 7\n    <|endoftext|>                                                                                                                                                                                                                                                                                                                                                                                                                                                                                                                                                                                                                        \n    ^\nSyntaxError: invalid syntax\n",
      "exit_code": 1,
      "status": "SyntaxError"
    },
    {
      "program": "def triangle_area(a: int, h: int) -> float:\n    \"\"\"Given length of a side and high return area for a triangle.\n    >>> triangle_area(5, 3)\n    7.5\n    \"\"\"\n    return (h * h) / 2.0\n<|endoftext|>                                                                                                                                                                                                                                                                                                                                                                                                                                                                                                                                                            \ndef check(candidate):\n    assert candidate(5, 3) == 7.5\n    assert candidate(2, 2) == 2.0\n    assert candidate(10, 8) == 40.0\n\ndef test_check():\n    check(triangle_area)\n\ntest_check()\n",
      "timestamp": 1673628631,
      "stdout": "",
      "stderr": "  File \"/tmp/tmpzhosmms_.py\", line 7\n    <|endoftext|>                                                                                                                                                                                                                                                                                                                                                                                                                                                                                                                                                            \n    ^\nSyntaxError: invalid syntax\n",
      "exit_code": 1,
      "status": "SyntaxError"
    },
    {
      "program": "def triangle_area(a: int, h: int) -> float:\n    \"\"\"Given length of a side and high return area for a triangle.\n    >>> triangle_area(5, 3)\n    7.5\n    \"\"\"\n    return math.sqrt(2 * math.pi * (a + h))\n\ndef check(candidate):\n    assert candidate(5, 3) == 7.5\n    assert candidate(2, 2) == 2.0\n    assert candidate(10, 8) == 40.0\n\ndef test_check():\n    check(triangle_area)\n\ntest_check()\n",
      "timestamp": 1673628631,
      "stdout": "",
      "stderr": "Traceback (most recent call last):\n  File \"/tmp/tmpuljt6t3w.py\", line 16, in <module>\n    test_check()\n  File \"/tmp/tmpuljt6t3w.py\", line 14, in test_check\n    check(triangle_area)\n  File \"/tmp/tmpuljt6t3w.py\", line 9, in check\n    assert candidate(5, 3) == 7.5\n  File \"/tmp/tmpuljt6t3w.py\", line 6, in triangle_area\n    return math.sqrt(2 * math.pi * (a + h))\nNameError: name 'math' is not defined\n",
      "exit_code": 1,
      "status": "Exception"
    },
    {
      "program": "def triangle_area(a: int, h: int) -> float:\n    \"\"\"Given length of a side and high return area for a triangle.\n    >>> triangle_area(5, 3)\n    7.5\n    \"\"\"\n    return math.sqrt(2.0 * math.pi * a * h / (2.0 * math.pi))\n\ndef check(candidate):\n    assert candidate(5, 3) == 7.5\n    assert candidate(2, 2) == 2.0\n    assert candidate(10, 8) == 40.0\n\ndef test_check():\n    check(triangle_area)\n\ntest_check()\n",
      "timestamp": 1673628630,
      "stdout": "",
      "stderr": "Traceback (most recent call last):\n  File \"/tmp/tmp1j93r_tf.py\", line 16, in <module>\n    test_check()\n  File \"/tmp/tmp1j93r_tf.py\", line 14, in test_check\n    check(triangle_area)\n  File \"/tmp/tmp1j93r_tf.py\", line 9, in check\n    assert candidate(5, 3) == 7.5\n  File \"/tmp/tmp1j93r_tf.py\", line 6, in triangle_area\n    return math.sqrt(2.0 * math.pi * a * h / (2.0 * math.pi))\nNameError: name 'math' is not defined\n",
      "exit_code": 1,
      "status": "Exception"
    },
    {
      "program": "def triangle_area(a: int, h: int) -> float:\n    \"\"\"Given length of a side and high return area for a triangle.\n    >>> triangle_area(5, 3)\n    7.5\n    \"\"\"\n    return (a * h) / 2.0\n\n\ndef check(candidate):\n    assert candidate(5, 3) == 7.5\n    assert candidate(2, 2) == 2.0\n    assert candidate(10, 8) == 40.0\n\ndef test_check():\n    check(triangle_area)\n\ntest_check()\n",
      "timestamp": 1673628630,
      "stdout": "",
      "stderr": "",
      "exit_code": 0,
      "status": "OK"
    },
    {
      "program": "def triangle_area(a: int, h: int) -> float:\n    \"\"\"Given length of a side and high return area for a triangle.\n    >>> triangle_area(5, 3)\n    7.5\n    \"\"\"\n    return math.sqrt(2.0 * math.pi * a * h / (2.0 * math.pi))\n\ndef check(candidate):\n    assert candidate(5, 3) == 7.5\n    assert candidate(2, 2) == 2.0\n    assert candidate(10, 8) == 40.0\n\ndef test_check():\n    check(triangle_area)\n\ntest_check()\n",
      "timestamp": 1673628630,
      "stdout": "",
      "stderr": "Traceback (most recent call last):\n  File \"/tmp/tmp1j93r_tf.py\", line 16, in <module>\n    test_check()\n  File \"/tmp/tmp1j93r_tf.py\", line 14, in test_check\n    check(triangle_area)\n  File \"/tmp/tmp1j93r_tf.py\", line 9, in check\n    assert candidate(5, 3) == 7.5\n  File \"/tmp/tmp1j93r_tf.py\", line 6, in triangle_area\n    return math.sqrt(2.0 * math.pi * a * h / (2.0 * math.pi))\nNameError: name 'math' is not defined\n",
      "exit_code": 1,
      "status": "Exception"
    },
    {
      "program": "def triangle_area(a: int, h: int) -> float:\n    \"\"\"Given length of a side and high return area for a triangle.\n    >>> triangle_area(5, 3)\n    7.5\n    \"\"\"\n    return (a * h) / 2.0\n<|endoftext|>                                                                                                                                                                                                                                                                                                                                                                                                                                                                                                                                                            \ndef check(candidate):\n    assert candidate(5, 3) == 7.5\n    assert candidate(2, 2) == 2.0\n    assert candidate(10, 8) == 40.0\n\ndef test_check():\n    check(triangle_area)\n\ntest_check()\n",
      "timestamp": 1673628631,
      "stdout": "",
      "stderr": "  File \"/tmp/tmpfci333y_.py\", line 7\n    <|endoftext|>                                                                                                                                                                                                                                                                                                                                                                                                                                                                                                                                                            \n    ^\nSyntaxError: invalid syntax\n",
      "exit_code": 1,
      "status": "SyntaxError"
    },
    {
      "program": "def triangle_area(a: int, h: int) -> float:\n    \"\"\"Given length of a side and high return area for a triangle.\n    >>> triangle_area(5, 3)\n    7.5\n    \"\"\"\n    return (a + h) * (a + h) / 2.0\n<|endoftext|>                                                                                                                                                                                                                                                                                                                                                                        \ndef check(candidate):\n    assert candidate(5, 3) == 7.5\n    assert candidate(2, 2) == 2.0\n    assert candidate(10, 8) == 40.0\n\ndef test_check():\n    check(triangle_area)\n\ntest_check()\n",
      "timestamp": 1673628631,
      "stdout": "",
      "stderr": "  File \"/tmp/tmp2a8k5q2l.py\", line 7\n    <|endoftext|>                                                                                                                                                                                                                                                                                                                                                                        \n    ^\nSyntaxError: invalid syntax\n",
      "exit_code": 1,
      "status": "SyntaxError"
    },
    {
      "program": "def triangle_area(a: int, h: int) -> float:\n    \"\"\"Given length of a side and high return area for a triangle.\n    >>> triangle_area(5, 3)\n    7.5\n    \"\"\"\n    return (a * h) / 2.0\n\n\ndef check(candidate):\n    assert candidate(5, 3) == 7.5\n    assert candidate(2, 2) == 2.0\n    assert candidate(10, 8) == 40.0\n\ndef test_check():\n    check(triangle_area)\n\ntest_check()\n",
      "timestamp": 1673628630,
      "stdout": "",
      "stderr": "",
      "exit_code": 0,
      "status": "OK"
    },
    {
      "program": "def triangle_area(a: int, h: int) -> float:\n    \"\"\"Given length of a side and high return area for a triangle.\n    >>> triangle_area(5, 3)\n    7.5\n    \"\"\"\n    return math.sqrt(a**2 + h**2)\n\ndef check(candidate):\n    assert candidate(5, 3) == 7.5\n    assert candidate(2, 2) == 2.0\n    assert candidate(10, 8) == 40.0\n\ndef test_check():\n    check(triangle_area)\n\ntest_check()\n",
      "timestamp": 1673628631,
      "stdout": "",
      "stderr": "Traceback (most recent call last):\n  File \"/tmp/tmp7nanyx9w.py\", line 16, in <module>\n    test_check()\n  File \"/tmp/tmp7nanyx9w.py\", line 14, in test_check\n    check(triangle_area)\n  File \"/tmp/tmp7nanyx9w.py\", line 9, in check\n    assert candidate(5, 3) == 7.5\n  File \"/tmp/tmp7nanyx9w.py\", line 6, in triangle_area\n    return math.sqrt(a**2 + h**2)\nNameError: name 'math' is not defined\n",
      "exit_code": 1,
      "status": "Exception"
    },
    {
      "program": "def triangle_area(a: int, h: int) -> float:\n    \"\"\"Given length of a side and high return area for a triangle.\n    >>> triangle_area(5, 3)\n    7.5\n    \"\"\"\n    return math.sqrt(2.0 * math.pi * a * h)\n\ndef check(candidate):\n    assert candidate(5, 3) == 7.5\n    assert candidate(2, 2) == 2.0\n    assert candidate(10, 8) == 40.0\n\ndef test_check():\n    check(triangle_area)\n\ntest_check()\n",
      "timestamp": 1673628631,
      "stdout": "",
      "stderr": "Traceback (most recent call last):\n  File \"/tmp/tmpbegtt3e2.py\", line 16, in <module>\n    test_check()\n  File \"/tmp/tmpbegtt3e2.py\", line 14, in test_check\n    check(triangle_area)\n  File \"/tmp/tmpbegtt3e2.py\", line 9, in check\n    assert candidate(5, 3) == 7.5\n  File \"/tmp/tmpbegtt3e2.py\", line 6, in triangle_area\n    return math.sqrt(2.0 * math.pi * a * h)\nNameError: name 'math' is not defined\n",
      "exit_code": 1,
      "status": "Exception"
    },
    {
      "program": "def triangle_area(a: int, h: int) -> float:\n    \"\"\"Given length of a side and high return area for a triangle.\n    >>> triangle_area(5, 3)\n    7.5\n    \"\"\"\n    return math.sqrt(2.0 * math.pi * (a * a + h * h))\n\ndef check(candidate):\n    assert candidate(5, 3) == 7.5\n    assert candidate(2, 2) == 2.0\n    assert candidate(10, 8) == 40.0\n\ndef test_check():\n    check(triangle_area)\n\ntest_check()\n",
      "timestamp": 1673628630,
      "stdout": "",
      "stderr": "Traceback (most recent call last):\n  File \"/tmp/tmp165mqod0.py\", line 16, in <module>\n    test_check()\n  File \"/tmp/tmp165mqod0.py\", line 14, in test_check\n    check(triangle_area)\n  File \"/tmp/tmp165mqod0.py\", line 9, in check\n    assert candidate(5, 3) == 7.5\n  File \"/tmp/tmp165mqod0.py\", line 6, in triangle_area\n    return math.sqrt(2.0 * math.pi * (a * a + h * h))\nNameError: name 'math' is not defined\n",
      "exit_code": 1,
      "status": "Exception"
    },
    {
      "program": "def triangle_area(a: int, h: int) -> float:\n    \"\"\"Given length of a side and high return area for a triangle.\n    >>> triangle_area(5, 3)\n    7.5\n    \"\"\"\n    return math.sqrt(a**2 + h**2)\n<|endoftext|>                                                                                                                                                                                                                                                                                                                                          \ndef check(candidate):\n    assert candidate(5, 3) == 7.5\n    assert candidate(2, 2) == 2.0\n    assert candidate(10, 8) == 40.0\n\ndef test_check():\n    check(triangle_area)\n\ntest_check()\n",
      "timestamp": 1673628631,
      "stdout": "",
      "stderr": "  File \"/tmp/tmputw_f37b.py\", line 7\n    <|endoftext|>                                                                                                                                                                                                                                                                                                                                          \n    ^\nSyntaxError: invalid syntax\n",
      "exit_code": 1,
      "status": "SyntaxError"
    },
    {
      "program": "def triangle_area(a: int, h: int) -> float:\n    \"\"\"Given length of a side and high return area for a triangle.\n    >>> triangle_area(5, 3)\n    7.5\n    \"\"\"\n    return math.sqrt(2.0 * math.pi * h / (a * a))\n<|endoftext|>                                                                                                                        \ndef check(candidate):\n    assert candidate(5, 3) == 7.5\n    assert candidate(2, 2) == 2.0\n    assert candidate(10, 8) == 40.0\n\ndef test_check():\n    check(triangle_area)\n\ntest_check()\n",
      "timestamp": 1673628631,
      "stdout": "",
      "stderr": "  File \"/tmp/tmp518njb18.py\", line 7\n    <|endoftext|>                                                                                                                        \n    ^\nSyntaxError: invalid syntax\n",
      "exit_code": 1,
      "status": "SyntaxError"
    },
    {
      "program": "def triangle_area(a: int, h: int) -> float:\n    \"\"\"Given length of a side and high return area for a triangle.\n    >>> triangle_area(5, 3)\n    7.5\n    \"\"\"\n    return math.sqrt(2.0 * math.pi * (a * a + h * h))\n\ndef check(candidate):\n    assert candidate(5, 3) == 7.5\n    assert candidate(2, 2) == 2.0\n    assert candidate(10, 8) == 40.0\n\ndef test_check():\n    check(triangle_area)\n\ntest_check()\n",
      "timestamp": 1673628630,
      "stdout": "",
      "stderr": "Traceback (most recent call last):\n  File \"/tmp/tmp165mqod0.py\", line 16, in <module>\n    test_check()\n  File \"/tmp/tmp165mqod0.py\", line 14, in test_check\n    check(triangle_area)\n  File \"/tmp/tmp165mqod0.py\", line 9, in check\n    assert candidate(5, 3) == 7.5\n  File \"/tmp/tmp165mqod0.py\", line 6, in triangle_area\n    return math.sqrt(2.0 * math.pi * (a * a + h * h))\nNameError: name 'math' is not defined\n",
      "exit_code": 1,
      "status": "Exception"
    },
    {
      "program": "def triangle_area(a: int, h: int) -> float:\n    \"\"\"Given length of a side and high return area for a triangle.\n    >>> triangle_area(5, 3)\n    7.5\n    \"\"\"\n    return (a * h) / 2.0\n<|endoftext|>                                                                                                                                                                                                                                                                                                                                                                                                                                                                  \ndef check(candidate):\n    assert candidate(5, 3) == 7.5\n    assert candidate(2, 2) == 2.0\n    assert candidate(10, 8) == 40.0\n\ndef test_check():\n    check(triangle_area)\n\ntest_check()\n",
      "timestamp": 1673628631,
      "stdout": "",
      "stderr": "  File \"/tmp/tmpsmu23cgs.py\", line 7\n    <|endoftext|>                                                                                                                                                                                                                                                                                                                                                                                                                                                                  \n    ^\nSyntaxError: invalid syntax\n",
      "exit_code": 1,
      "status": "SyntaxError"
    },
    {
      "program": "def triangle_area(a: int, h: int) -> float:\n    \"\"\"Given length of a side and high return area for a triangle.\n    >>> triangle_area(5, 3)\n    7.5\n    \"\"\"\n    return math.sqrt(a * a + h * h)\n<|endoftext|>                                                                                                                                                                                                                                                                                                                                          \ndef check(candidate):\n    assert candidate(5, 3) == 7.5\n    assert candidate(2, 2) == 2.0\n    assert candidate(10, 8) == 40.0\n\ndef test_check():\n    check(triangle_area)\n\ntest_check()\n",
      "timestamp": 1673628631,
      "stdout": "",
      "stderr": "  File \"/tmp/tmpiew6q__5.py\", line 7\n    <|endoftext|>                                                                                                                                                                                                                                                                                                                                          \n    ^\nSyntaxError: invalid syntax\n",
      "exit_code": 1,
      "status": "SyntaxError"
    },
    {
      "program": "def triangle_area(a: int, h: int) -> float:\n    \"\"\"Given length of a side and high return area for a triangle.\n    >>> triangle_area(5, 3)\n    7.5\n    \"\"\"\n    return (a + h) * (a + h) / 2.0\n<|endoftext|>                                                                                                                                                                                                                                                                              \ndef check(candidate):\n    assert candidate(5, 3) == 7.5\n    assert candidate(2, 2) == 2.0\n    assert candidate(10, 8) == 40.0\n\ndef test_check():\n    check(triangle_area)\n\ntest_check()\n",
      "timestamp": 1673628631,
      "stdout": "",
      "stderr": "  File \"/tmp/tmp648_zbtz.py\", line 7\n    <|endoftext|>                                                                                                                                                                                                                                                                              \n    ^\nSyntaxError: invalid syntax\n",
      "exit_code": 1,
      "status": "SyntaxError"
    },
    {
      "program": "def triangle_area(a: int, h: int) -> float:\n    \"\"\"Given length of a side and high return area for a triangle.\n    >>> triangle_area(5, 3)\n    7.5\n    \"\"\"\n    return math.sqrt(h * h / 2.0)\n<|endoftext|>                                                                                                                                                                                                                                                                                                                                          \ndef check(candidate):\n    assert candidate(5, 3) == 7.5\n    assert candidate(2, 2) == 2.0\n    assert candidate(10, 8) == 40.0\n\ndef test_check():\n    check(triangle_area)\n\ntest_check()\n",
      "timestamp": 1673628631,
      "stdout": "",
      "stderr": "  File \"/tmp/tmp47dzukaf.py\", line 7\n    <|endoftext|>                                                                                                                                                                                                                                                                                                                                          \n    ^\nSyntaxError: invalid syntax\n",
      "exit_code": 1,
      "status": "SyntaxError"
    },
    {
      "program": "def triangle_area(a: int, h: int) -> float:\n    \"\"\"Given length of a side and high return area for a triangle.\n    >>> triangle_area(5, 3)\n    7.5\n    \"\"\"\n    return (a**2 + h**2) / (2 * a * h)\n\ndef check(candidate):\n    assert candidate(5, 3) == 7.5\n    assert candidate(2, 2) == 2.0\n    assert candidate(10, 8) == 40.0\n\ndef test_check():\n    check(triangle_area)\n\ntest_check()\n",
      "timestamp": 1673628631,
      "stdout": "",
      "stderr": "Traceback (most recent call last):\n  File \"/tmp/tmp_82b3218.py\", line 16, in <module>\n    test_check()\n  File \"/tmp/tmp_82b3218.py\", line 14, in test_check\n    check(triangle_area)\n  File \"/tmp/tmp_82b3218.py\", line 9, in check\n    assert candidate(5, 3) == 7.5\nAssertionError\n",
      "exit_code": 1,
      "status": "Exception"
    },
    {
      "program": "def triangle_area(a: int, h: int) -> float:\n    \"\"\"Given length of a side and high return area for a triangle.\n    >>> triangle_area(5, 3)\n    7.5\n    \"\"\"\n    return (a + h) * (a + h) / 2.0\n\n\ndef check(candidate):\n    assert candidate(5, 3) == 7.5\n    assert candidate(2, 2) == 2.0\n    assert candidate(10, 8) == 40.0\n\ndef test_check():\n    check(triangle_area)\n\ntest_check()\n",
      "timestamp": 1673628630,
      "stdout": "",
      "stderr": "Traceback (most recent call last):\n  File \"/tmp/tmpemt0mt9g.py\", line 17, in <module>\n    test_check()\n  File \"/tmp/tmpemt0mt9g.py\", line 15, in test_check\n    check(triangle_area)\n  File \"/tmp/tmpemt0mt9g.py\", line 10, in check\n    assert candidate(5, 3) == 7.5\nAssertionError\n",
      "exit_code": 1,
      "status": "Exception"
    },
    {
      "program": "def triangle_area(a: int, h: int) -> float:\n    \"\"\"Given length of a side and high return area for a triangle.\n    >>> triangle_area(5, 3)\n    7.5\n    \"\"\"\n    return (a + h) * (a + h) / 2.0\n\n\ndef check(candidate):\n    assert candidate(5, 3) == 7.5\n    assert candidate(2, 2) == 2.0\n    assert candidate(10, 8) == 40.0\n\ndef test_check():\n    check(triangle_area)\n\ntest_check()\n",
      "timestamp": 1673628630,
      "stdout": "",
      "stderr": "Traceback (most recent call last):\n  File \"/tmp/tmpemt0mt9g.py\", line 17, in <module>\n    test_check()\n  File \"/tmp/tmpemt0mt9g.py\", line 15, in test_check\n    check(triangle_area)\n  File \"/tmp/tmpemt0mt9g.py\", line 10, in check\n    assert candidate(5, 3) == 7.5\nAssertionError\n",
      "exit_code": 1,
      "status": "Exception"
    },
    {
      "program": "def triangle_area(a: int, h: int) -> float:\n    \"\"\"Given length of a side and high return area for a triangle.\n    >>> triangle_area(5, 3)\n    7.5\n    \"\"\"\n    return math.sqrt(2.0 * math.pi * (a + h) / (a + h))\n<|endoftext|>\ndef check(candidate):\n    assert candidate(5, 3) == 7.5\n    assert candidate(2, 2) == 2.0\n    assert candidate(10, 8) == 40.0\n\ndef test_check():\n    check(triangle_area)\n\ntest_check()\n",
      "timestamp": 1673628631,
      "stdout": "",
      "stderr": "  File \"/tmp/tmph8aq57fg.py\", line 7\n    <|endoftext|>\n    ^\nSyntaxError: invalid syntax\n",
      "exit_code": 1,
      "status": "SyntaxError"
    },
    {
      "program": "def triangle_area(a: int, h: int) -> float:\n    \"\"\"Given length of a side and high return area for a triangle.\n    >>> triangle_area(5, 3)\n    7.5\n    \"\"\"\n    return math.sqrt(2.0 * math.pi * (a + h))\n\ndef check(candidate):\n    assert candidate(5, 3) == 7.5\n    assert candidate(2, 2) == 2.0\n    assert candidate(10, 8) == 40.0\n\ndef test_check():\n    check(triangle_area)\n\ntest_check()\n",
      "timestamp": 1673628630,
      "stdout": "",
      "stderr": "Traceback (most recent call last):\n  File \"/tmp/tmpxp4j8yey.py\", line 16, in <module>\n    test_check()\n  File \"/tmp/tmpxp4j8yey.py\", line 14, in test_check\n    check(triangle_area)\n  File \"/tmp/tmpxp4j8yey.py\", line 9, in check\n    assert candidate(5, 3) == 7.5\n  File \"/tmp/tmpxp4j8yey.py\", line 6, in triangle_area\n    return math.sqrt(2.0 * math.pi * (a + h))\nNameError: name 'math' is not defined\n",
      "exit_code": 1,
      "status": "Exception"
    },
    {
      "program": "def triangle_area(a: int, h: int) -> float:\n    \"\"\"Given length of a side and high return area for a triangle.\n    >>> triangle_area(5, 3)\n    7.5\n    \"\"\"\n    return math.sqrt(2 * math.pi * (a + h))\n\ndef check(candidate):\n    assert candidate(5, 3) == 7.5\n    assert candidate(2, 2) == 2.0\n    assert candidate(10, 8) == 40.0\n\ndef test_check():\n    check(triangle_area)\n\ntest_check()\n",
      "timestamp": 1673628631,
      "stdout": "",
      "stderr": "Traceback (most recent call last):\n  File \"/tmp/tmpuljt6t3w.py\", line 16, in <module>\n    test_check()\n  File \"/tmp/tmpuljt6t3w.py\", line 14, in test_check\n    check(triangle_area)\n  File \"/tmp/tmpuljt6t3w.py\", line 9, in check\n    assert candidate(5, 3) == 7.5\n  File \"/tmp/tmpuljt6t3w.py\", line 6, in triangle_area\n    return math.sqrt(2 * math.pi * (a + h))\nNameError: name 'math' is not defined\n",
      "exit_code": 1,
      "status": "Exception"
    },
    {
      "program": "def triangle_area(a: int, h: int) -> float:\n    \"\"\"Given length of a side and high return area for a triangle.\n    >>> triangle_area(5, 3)\n    7.5\n    \"\"\"\n    return math.sqrt(a * a + h * h)\n<|endoftext|>                                                                                                                                                                                                                                                                                                                                                                                                                                    \ndef check(candidate):\n    assert candidate(5, 3) == 7.5\n    assert candidate(2, 2) == 2.0\n    assert candidate(10, 8) == 40.0\n\ndef test_check():\n    check(triangle_area)\n\ntest_check()\n",
      "timestamp": 1673628631,
      "stdout": "",
      "stderr": "  File \"/tmp/tmpplti13i1.py\", line 7\n    <|endoftext|>                                                                                                                                                                                                                                                                                                                                                                                                                                    \n    ^\nSyntaxError: invalid syntax\n",
      "exit_code": 1,
      "status": "SyntaxError"
    },
    {
      "program": "def triangle_area(a: int, h: int) -> float:\n    \"\"\"Given length of a side and high return area for a triangle.\n    >>> triangle_area(5, 3)\n    7.5\n    \"\"\"\n    return (a * h) / 2.0\n\n\ndef check(candidate):\n    assert candidate(5, 3) == 7.5\n    assert candidate(2, 2) == 2.0\n    assert candidate(10, 8) == 40.0\n\ndef test_check():\n    check(triangle_area)\n\ntest_check()\n",
      "timestamp": 1673628630,
      "stdout": "",
      "stderr": "",
      "exit_code": 0,
      "status": "OK"
    },
    {
      "program": "def triangle_area(a: int, h: int) -> float:\n    \"\"\"Given length of a side and high return area for a triangle.\n    >>> triangle_area(5, 3)\n    7.5\n    \"\"\"\n    return (a + h) * (a + h) / 2.0\n<|endoftext|>                                                                                                                                                                                                                                                                                                                                                                        \ndef check(candidate):\n    assert candidate(5, 3) == 7.5\n    assert candidate(2, 2) == 2.0\n    assert candidate(10, 8) == 40.0\n\ndef test_check():\n    check(triangle_area)\n\ntest_check()\n",
      "timestamp": 1673628631,
      "stdout": "",
      "stderr": "  File \"/tmp/tmp2a8k5q2l.py\", line 7\n    <|endoftext|>                                                                                                                                                                                                                                                                                                                                                                        \n    ^\nSyntaxError: invalid syntax\n",
      "exit_code": 1,
      "status": "SyntaxError"
    },
    {
      "program": "def triangle_area(a: int, h: int) -> float:\n    \"\"\"Given length of a side and high return area for a triangle.\n    >>> triangle_area(5, 3)\n    7.5\n    \"\"\"\n    return math.sqrt(2.0 * math.pi * (a * h) / (a + h))\n\ndef check(candidate):\n    assert candidate(5, 3) == 7.5\n    assert candidate(2, 2) == 2.0\n    assert candidate(10, 8) == 40.0\n\ndef test_check():\n    check(triangle_area)\n\ntest_check()\n",
      "timestamp": 1673628631,
      "stdout": "",
      "stderr": "Traceback (most recent call last):\n  File \"/tmp/tmpxunaorrq.py\", line 16, in <module>\n    test_check()\n  File \"/tmp/tmpxunaorrq.py\", line 14, in test_check\n    check(triangle_area)\n  File \"/tmp/tmpxunaorrq.py\", line 9, in check\n    assert candidate(5, 3) == 7.5\n  File \"/tmp/tmpxunaorrq.py\", line 6, in triangle_area\n    return math.sqrt(2.0 * math.pi * (a * h) / (a + h))\nNameError: name 'math' is not defined\n",
      "exit_code": 1,
      "status": "Exception"
    },
    {
      "program": "def triangle_area(a: int, h: int) -> float:\n    \"\"\"Given length of a side and high return area for a triangle.\n    >>> triangle_area(5, 3)\n    7.5\n    \"\"\"\n    return math.sqrt(2.0 * math.pi * a * h)\n<|endoftext|>                                                                                                                                                                                                                                                                                                            \ndef check(candidate):\n    assert candidate(5, 3) == 7.5\n    assert candidate(2, 2) == 2.0\n    assert candidate(10, 8) == 40.0\n\ndef test_check():\n    check(triangle_area)\n\ntest_check()\n",
      "timestamp": 1673628631,
      "stdout": "",
      "stderr": "  File \"/tmp/tmp3jaxx2a4.py\", line 7\n    <|endoftext|>                                                                                                                                                                                                                                                                                                            \n    ^\nSyntaxError: invalid syntax\n",
      "exit_code": 1,
      "status": "SyntaxError"
    },
    {
      "program": "def triangle_area(a: int, h: int) -> float:\n    \"\"\"Given length of a side and high return area for a triangle.\n    >>> triangle_area(5, 3)\n    7.5\n    \"\"\"\n    return (a + h) * (a + h) / 2.0\n\n\ndef check(candidate):\n    assert candidate(5, 3) == 7.5\n    assert candidate(2, 2) == 2.0\n    assert candidate(10, 8) == 40.0\n\ndef test_check():\n    check(triangle_area)\n\ntest_check()\n",
      "timestamp": 1673628630,
      "stdout": "",
      "stderr": "Traceback (most recent call last):\n  File \"/tmp/tmpemt0mt9g.py\", line 17, in <module>\n    test_check()\n  File \"/tmp/tmpemt0mt9g.py\", line 15, in test_check\n    check(triangle_area)\n  File \"/tmp/tmpemt0mt9g.py\", line 10, in check\n    assert candidate(5, 3) == 7.5\nAssertionError\n",
      "exit_code": 1,
      "status": "Exception"
    },
    {
      "program": "def triangle_area(a: int, h: int) -> float:\n    \"\"\"Given length of a side and high return area for a triangle.\n    >>> triangle_area(5, 3)\n    7.5\n    \"\"\"\n    return (a + h) * (a + h) / 2.0\n<|endoftext|>                                                                                                                                                                                                                                                                                                                                                                        \ndef check(candidate):\n    assert candidate(5, 3) == 7.5\n    assert candidate(2, 2) == 2.0\n    assert candidate(10, 8) == 40.0\n\ndef test_check():\n    check(triangle_area)\n\ntest_check()\n",
      "timestamp": 1673628631,
      "stdout": "",
      "stderr": "  File \"/tmp/tmp2a8k5q2l.py\", line 7\n    <|endoftext|>                                                                                                                                                                                                                                                                                                                                                                        \n    ^\nSyntaxError: invalid syntax\n",
      "exit_code": 1,
      "status": "SyntaxError"
    },
    {
      "program": "def triangle_area(a: int, h: int) -> float:\n    \"\"\"Given length of a side and high return area for a triangle.\n    >>> triangle_area(5, 3)\n    7.5\n    \"\"\"\n    return (a + h) * (a + h) / 2.0\n\n\ndef check(candidate):\n    assert candidate(5, 3) == 7.5\n    assert candidate(2, 2) == 2.0\n    assert candidate(10, 8) == 40.0\n\ndef test_check():\n    check(triangle_area)\n\ntest_check()\n",
      "timestamp": 1673628630,
      "stdout": "",
      "stderr": "Traceback (most recent call last):\n  File \"/tmp/tmpemt0mt9g.py\", line 17, in <module>\n    test_check()\n  File \"/tmp/tmpemt0mt9g.py\", line 15, in test_check\n    check(triangle_area)\n  File \"/tmp/tmpemt0mt9g.py\", line 10, in check\n    assert candidate(5, 3) == 7.5\nAssertionError\n",
      "exit_code": 1,
      "status": "Exception"
    },
    {
      "program": "def triangle_area(a: int, h: int) -> float:\n    \"\"\"Given length of a side and high return area for a triangle.\n    >>> triangle_area(5, 3)\n    7.5\n    \"\"\"\n    return math.sqrt(2 * math.pi * h * h / a)\n<|endoftext|>                                                                                                                                                                                                                                                                                                            \ndef check(candidate):\n    assert candidate(5, 3) == 7.5\n    assert candidate(2, 2) == 2.0\n    assert candidate(10, 8) == 40.0\n\ndef test_check():\n    check(triangle_area)\n\ntest_check()\n",
      "timestamp": 1673628631,
      "stdout": "",
      "stderr": "  File \"/tmp/tmpvfju8f4s.py\", line 7\n    <|endoftext|>                                                                                                                                                                                                                                                                                                            \n    ^\nSyntaxError: invalid syntax\n",
      "exit_code": 1,
      "status": "SyntaxError"
    },
    {
      "program": "def triangle_area(a: int, h: int) -> float:\n    \"\"\"Given length of a side and high return area for a triangle.\n    >>> triangle_area(5, 3)\n    7.5\n    \"\"\"\n    return (a * h) ** 2\n\ndef check(candidate):\n    assert candidate(5, 3) == 7.5\n    assert candidate(2, 2) == 2.0\n    assert candidate(10, 8) == 40.0\n\ndef test_check():\n    check(triangle_area)\n\ntest_check()\n",
      "timestamp": 1673628631,
      "stdout": "",
      "stderr": "Traceback (most recent call last):\n  File \"/tmp/tmpaagtb9uj.py\", line 16, in <module>\n    test_check()\n  File \"/tmp/tmpaagtb9uj.py\", line 14, in test_check\n    check(triangle_area)\n  File \"/tmp/tmpaagtb9uj.py\", line 9, in check\n    assert candidate(5, 3) == 7.5\nAssertionError\n",
      "exit_code": 1,
      "status": "Exception"
    },
    {
      "program": "def triangle_area(a: int, h: int) -> float:\n    \"\"\"Given length of a side and high return area for a triangle.\n    >>> triangle_area(5, 3)\n    7.5\n    \"\"\"\n    return math.sqrt(2.0 * math.pi * a * h / (2.0 * math.pi))\n\ndef check(candidate):\n    assert candidate(5, 3) == 7.5\n    assert candidate(2, 2) == 2.0\n    assert candidate(10, 8) == 40.0\n\ndef test_check():\n    check(triangle_area)\n\ntest_check()\n",
      "timestamp": 1673628630,
      "stdout": "",
      "stderr": "Traceback (most recent call last):\n  File \"/tmp/tmp1j93r_tf.py\", line 16, in <module>\n    test_check()\n  File \"/tmp/tmp1j93r_tf.py\", line 14, in test_check\n    check(triangle_area)\n  File \"/tmp/tmp1j93r_tf.py\", line 9, in check\n    assert candidate(5, 3) == 7.5\n  File \"/tmp/tmp1j93r_tf.py\", line 6, in triangle_area\n    return math.sqrt(2.0 * math.pi * a * h / (2.0 * math.pi))\nNameError: name 'math' is not defined\n",
      "exit_code": 1,
      "status": "Exception"
    },
    {
      "program": "def triangle_area(a: int, h: int) -> float:\n    \"\"\"Given length of a side and high return area for a triangle.\n    >>> triangle_area(5, 3)\n    7.5\n    \"\"\"\n    return math.sqrt(2.0 * math.pi * a * h)\n\ndef check(candidate):\n    assert candidate(5, 3) == 7.5\n    assert candidate(2, 2) == 2.0\n    assert candidate(10, 8) == 40.0\n\ndef test_check():\n    check(triangle_area)\n\ntest_check()\n",
      "timestamp": 1673628631,
      "stdout": "",
      "stderr": "Traceback (most recent call last):\n  File \"/tmp/tmpbegtt3e2.py\", line 16, in <module>\n    test_check()\n  File \"/tmp/tmpbegtt3e2.py\", line 14, in test_check\n    check(triangle_area)\n  File \"/tmp/tmpbegtt3e2.py\", line 9, in check\n    assert candidate(5, 3) == 7.5\n  File \"/tmp/tmpbegtt3e2.py\", line 6, in triangle_area\n    return math.sqrt(2.0 * math.pi * a * h)\nNameError: name 'math' is not defined\n",
      "exit_code": 1,
      "status": "Exception"
    },
    {
      "program": "def triangle_area(a: int, h: int) -> float:\n    \"\"\"Given length of a side and high return area for a triangle.\n    >>> triangle_area(5, 3)\n    7.5\n    \"\"\"\n    return math.sqrt(a * a + h * h)\n\ndef check(candidate):\n    assert candidate(5, 3) == 7.5\n    assert candidate(2, 2) == 2.0\n    assert candidate(10, 8) == 40.0\n\ndef test_check():\n    check(triangle_area)\n\ntest_check()\n",
      "timestamp": 1673628631,
      "stdout": "",
      "stderr": "Traceback (most recent call last):\n  File \"/tmp/tmpemubxt70.py\", line 16, in <module>\n    test_check()\n  File \"/tmp/tmpemubxt70.py\", line 14, in test_check\n    check(triangle_area)\n  File \"/tmp/tmpemubxt70.py\", line 9, in check\n    assert candidate(5, 3) == 7.5\n  File \"/tmp/tmpemubxt70.py\", line 6, in triangle_area\n    return math.sqrt(a * a + h * h)\nNameError: name 'math' is not defined\n",
      "exit_code": 1,
      "status": "Exception"
    },
    {
      "program": "def triangle_area(a: int, h: int) -> float:\n    \"\"\"Given length of a side and high return area for a triangle.\n    >>> triangle_area(5, 3)\n    7.5\n    \"\"\"\n    return math.sqrt(2.0 * math.pi * (a + h))\n\ndef check(candidate):\n    assert candidate(5, 3) == 7.5\n    assert candidate(2, 2) == 2.0\n    assert candidate(10, 8) == 40.0\n\ndef test_check():\n    check(triangle_area)\n\ntest_check()\n",
      "timestamp": 1673628630,
      "stdout": "",
      "stderr": "Traceback (most recent call last):\n  File \"/tmp/tmpxp4j8yey.py\", line 16, in <module>\n    test_check()\n  File \"/tmp/tmpxp4j8yey.py\", line 14, in test_check\n    check(triangle_area)\n  File \"/tmp/tmpxp4j8yey.py\", line 9, in check\n    assert candidate(5, 3) == 7.5\n  File \"/tmp/tmpxp4j8yey.py\", line 6, in triangle_area\n    return math.sqrt(2.0 * math.pi * (a + h))\nNameError: name 'math' is not defined\n",
      "exit_code": 1,
      "status": "Exception"
    },
    {
      "program": "def triangle_area(a: int, h: int) -> float:\n    \"\"\"Given length of a side and high return area for a triangle.\n    >>> triangle_area(5, 3)\n    7.5\n    \"\"\"\n    return math.sqrt(2 * math.pi * h * (a + h) / (a + h))\n<|endoftext|>                                                                                          \ndef check(candidate):\n    assert candidate(5, 3) == 7.5\n    assert candidate(2, 2) == 2.0\n    assert candidate(10, 8) == 40.0\n\ndef test_check():\n    check(triangle_area)\n\ntest_check()\n",
      "timestamp": 1673628631,
      "stdout": "",
      "stderr": "  File \"/tmp/tmpcoe_co7r.py\", line 7\n    <|endoftext|>                                                                                          \n    ^\nSyntaxError: invalid syntax\n",
      "exit_code": 1,
      "status": "SyntaxError"
    },
    {
      "program": "def triangle_area(a: int, h: int) -> float:\n    \"\"\"Given length of a side and high return area for a triangle.\n    >>> triangle_area(5, 3)\n    7.5\n    \"\"\"\n    return math.sqrt(2.0 * math.pi * a * h / (2.0 * h))\n<|endoftext|>\ndef check(candidate):\n    assert candidate(5, 3) == 7.5\n    assert candidate(2, 2) == 2.0\n    assert candidate(10, 8) == 40.0\n\ndef test_check():\n    check(triangle_area)\n\ntest_check()\n",
      "timestamp": 1673628631,
      "stdout": "",
      "stderr": "  File \"/tmp/tmpzwfndspu.py\", line 7\n    <|endoftext|>\n    ^\nSyntaxError: invalid syntax\n",
      "exit_code": 1,
      "status": "SyntaxError"
    },
    {
      "program": "def triangle_area(a: int, h: int) -> float:\n    \"\"\"Given length of a side and high return area for a triangle.\n    >>> triangle_area(5, 3)\n    7.5\n    \"\"\"\n    return (a + h) * (a + h) / 2.0\n\n\ndef check(candidate):\n    assert candidate(5, 3) == 7.5\n    assert candidate(2, 2) == 2.0\n    assert candidate(10, 8) == 40.0\n\ndef test_check():\n    check(triangle_area)\n\ntest_check()\n",
      "timestamp": 1673628630,
      "stdout": "",
      "stderr": "Traceback (most recent call last):\n  File \"/tmp/tmpemt0mt9g.py\", line 17, in <module>\n    test_check()\n  File \"/tmp/tmpemt0mt9g.py\", line 15, in test_check\n    check(triangle_area)\n  File \"/tmp/tmpemt0mt9g.py\", line 10, in check\n    assert candidate(5, 3) == 7.5\nAssertionError\n",
      "exit_code": 1,
      "status": "Exception"
    },
    {
      "program": "def triangle_area(a: int, h: int) -> float:\n    \"\"\"Given length of a side and high return area for a triangle.\n    >>> triangle_area(5, 3)\n    7.5\n    \"\"\"\n    return math.sqrt(2 * math.pi * a * h)\n<|endoftext|>                                                                                                                                                                                                                                                                              \ndef check(candidate):\n    assert candidate(5, 3) == 7.5\n    assert candidate(2, 2) == 2.0\n    assert candidate(10, 8) == 40.0\n\ndef test_check():\n    check(triangle_area)\n\ntest_check()\n",
      "timestamp": 1673628631,
      "stdout": "",
      "stderr": "  File \"/tmp/tmpn0fdh88q.py\", line 7\n    <|endoftext|>                                                                                                                                                                                                                                                                              \n    ^\nSyntaxError: invalid syntax\n",
      "exit_code": 1,
      "status": "SyntaxError"
    },
    {
      "program": "def triangle_area(a: int, h: int) -> float:\n    \"\"\"Given length of a side and high return area for a triangle.\n    >>> triangle_area(5, 3)\n    7.5\n    \"\"\"\n    return math.sqrt(2 * math.pi * h * h / a)\n<|endoftext|>                                                                                                                                                                                                                  \ndef check(candidate):\n    assert candidate(5, 3) == 7.5\n    assert candidate(2, 2) == 2.0\n    assert candidate(10, 8) == 40.0\n\ndef test_check():\n    check(triangle_area)\n\ntest_check()\n",
      "timestamp": 1673628631,
      "stdout": "",
      "stderr": "  File \"/tmp/tmpzp6i1u_q.py\", line 7\n    <|endoftext|>                                                                                                                                                                                                                  \n    ^\nSyntaxError: invalid syntax\n",
      "exit_code": 1,
      "status": "SyntaxError"
    },
    {
      "program": "def triangle_area(a: int, h: int) -> float:\n    \"\"\"Given length of a side and high return area for a triangle.\n    >>> triangle_area(5, 3)\n    7.5\n    \"\"\"\n    return math.sqrt(a * a + h * h)\n<|endoftext|>                                                                                                                                                                                                                                                                                                                                          \ndef check(candidate):\n    assert candidate(5, 3) == 7.5\n    assert candidate(2, 2) == 2.0\n    assert candidate(10, 8) == 40.0\n\ndef test_check():\n    check(triangle_area)\n\ntest_check()\n",
      "timestamp": 1673628631,
      "stdout": "",
      "stderr": "  File \"/tmp/tmpiew6q__5.py\", line 7\n    <|endoftext|>                                                                                                                                                                                                                                                                                                                                          \n    ^\nSyntaxError: invalid syntax\n",
      "exit_code": 1,
      "status": "SyntaxError"
    },
    {
      "program": "def triangle_area(a: int, h: int) -> float:\n    \"\"\"Given length of a side and high return area for a triangle.\n    >>> triangle_area(5, 3)\n    7.5\n    \"\"\"\n    return (a + h) * (a + h) / 2.0\n<|endoftext|>                                                                                                                                                                                                                                                                              \ndef check(candidate):\n    assert candidate(5, 3) == 7.5\n    assert candidate(2, 2) == 2.0\n    assert candidate(10, 8) == 40.0\n\ndef test_check():\n    check(triangle_area)\n\ntest_check()\n",
      "timestamp": 1673628631,
      "stdout": "",
      "stderr": "  File \"/tmp/tmp648_zbtz.py\", line 7\n    <|endoftext|>                                                                                                                                                                                                                                                                              \n    ^\nSyntaxError: invalid syntax\n",
      "exit_code": 1,
      "status": "SyntaxError"
    },
    {
      "program": "def triangle_area(a: int, h: int) -> float:\n    \"\"\"Given length of a side and high return area for a triangle.\n    >>> triangle_area(5, 3)\n    7.5\n    \"\"\"\n    return (a * h) / 2.0\n\n\ndef check(candidate):\n    assert candidate(5, 3) == 7.5\n    assert candidate(2, 2) == 2.0\n    assert candidate(10, 8) == 40.0\n\ndef test_check():\n    check(triangle_area)\n\ntest_check()\n",
      "timestamp": 1673628630,
      "stdout": "",
      "stderr": "",
      "exit_code": 0,
      "status": "OK"
    },
    {
      "program": "def triangle_area(a: int, h: int) -> float:\n    \"\"\"Given length of a side and high return area for a triangle.\n    >>> triangle_area(5, 3)\n    7.5\n    \"\"\"\n    return math.sqrt(2 * math.pi * h * h)\n\ndef check(candidate):\n    assert candidate(5, 3) == 7.5\n    assert candidate(2, 2) == 2.0\n    assert candidate(10, 8) == 40.0\n\ndef test_check():\n    check(triangle_area)\n\ntest_check()\n",
      "timestamp": 1673628631,
      "stdout": "",
      "stderr": "Traceback (most recent call last):\n  File \"/tmp/tmpzojg27qm.py\", line 16, in <module>\n    test_check()\n  File \"/tmp/tmpzojg27qm.py\", line 14, in test_check\n    check(triangle_area)\n  File \"/tmp/tmpzojg27qm.py\", line 9, in check\n    assert candidate(5, 3) == 7.5\n  File \"/tmp/tmpzojg27qm.py\", line 6, in triangle_area\n    return math.sqrt(2 * math.pi * h * h)\nNameError: name 'math' is not defined\n",
      "exit_code": 1,
      "status": "Exception"
    },
    {
      "program": "def triangle_area(a: int, h: int) -> float:\n    \"\"\"Given length of a side and high return area for a triangle.\n    >>> triangle_area(5, 3)\n    7.5\n    \"\"\"\n    return (a + h) * (a + h) / 2.0\n\n\ndef check(candidate):\n    assert candidate(5, 3) == 7.5\n    assert candidate(2, 2) == 2.0\n    assert candidate(10, 8) == 40.0\n\ndef test_check():\n    check(triangle_area)\n\ntest_check()\n",
      "timestamp": 1673628630,
      "stdout": "",
      "stderr": "Traceback (most recent call last):\n  File \"/tmp/tmpemt0mt9g.py\", line 17, in <module>\n    test_check()\n  File \"/tmp/tmpemt0mt9g.py\", line 15, in test_check\n    check(triangle_area)\n  File \"/tmp/tmpemt0mt9g.py\", line 10, in check\n    assert candidate(5, 3) == 7.5\nAssertionError\n",
      "exit_code": 1,
      "status": "Exception"
    },
    {
      "program": "def triangle_area(a: int, h: int) -> float:\n    \"\"\"Given length of a side and high return area for a triangle.\n    >>> triangle_area(5, 3)\n    7.5\n    \"\"\"\n    return math.sqrt(2.0 * math.pi * h / a)\n\ndef check(candidate):\n    assert candidate(5, 3) == 7.5\n    assert candidate(2, 2) == 2.0\n    assert candidate(10, 8) == 40.0\n\ndef test_check():\n    check(triangle_area)\n\ntest_check()\n",
      "timestamp": 1673628630,
      "stdout": "",
      "stderr": "Traceback (most recent call last):\n  File \"/tmp/tmpwxr8rt95.py\", line 16, in <module>\n    test_check()\n  File \"/tmp/tmpwxr8rt95.py\", line 14, in test_check\n    check(triangle_area)\n  File \"/tmp/tmpwxr8rt95.py\", line 9, in check\n    assert candidate(5, 3) == 7.5\n  File \"/tmp/tmpwxr8rt95.py\", line 6, in triangle_area\n    return math.sqrt(2.0 * math.pi * h / a)\nNameError: name 'math' is not defined\n",
      "exit_code": 1,
      "status": "Exception"
    },
    {
      "program": "def triangle_area(a: int, h: int) -> float:\n    \"\"\"Given length of a side and high return area for a triangle.\n    >>> triangle_area(5, 3)\n    7.5\n    \"\"\"\n    return (a + h) * (a + h) / 2.0\n\n\ndef check(candidate):\n    assert candidate(5, 3) == 7.5\n    assert candidate(2, 2) == 2.0\n    assert candidate(10, 8) == 40.0\n\ndef test_check():\n    check(triangle_area)\n\ntest_check()\n",
      "timestamp": 1673628630,
      "stdout": "",
      "stderr": "Traceback (most recent call last):\n  File \"/tmp/tmpemt0mt9g.py\", line 17, in <module>\n    test_check()\n  File \"/tmp/tmpemt0mt9g.py\", line 15, in test_check\n    check(triangle_area)\n  File \"/tmp/tmpemt0mt9g.py\", line 10, in check\n    assert candidate(5, 3) == 7.5\nAssertionError\n",
      "exit_code": 1,
      "status": "Exception"
    },
    {
      "program": "def triangle_area(a: int, h: int) -> float:\n    \"\"\"Given length of a side and high return area for a triangle.\n    >>> triangle_area(5, 3)\n    7.5\n    \"\"\"\n    return math.sqrt(2.0 * math.pi * h / a)\n\n\ndef check(candidate):\n    assert candidate(5, 3) == 7.5\n    assert candidate(2, 2) == 2.0\n    assert candidate(10, 8) == 40.0\n\ndef test_check():\n    check(triangle_area)\n\ntest_check()\n",
      "timestamp": 1673628631,
      "stdout": "",
      "stderr": "Traceback (most recent call last):\n  File \"/tmp/tmpdvsk3zk5.py\", line 17, in <module>\n    test_check()\n  File \"/tmp/tmpdvsk3zk5.py\", line 15, in test_check\n    check(triangle_area)\n  File \"/tmp/tmpdvsk3zk5.py\", line 10, in check\n    assert candidate(5, 3) == 7.5\n  File \"/tmp/tmpdvsk3zk5.py\", line 6, in triangle_area\n    return math.sqrt(2.0 * math.pi * h / a)\nNameError: name 'math' is not defined\n",
      "exit_code": 1,
      "status": "Exception"
    },
    {
      "program": "def triangle_area(a: int, h: int) -> float:\n    \"\"\"Given length of a side and high return area for a triangle.\n    >>> triangle_area(5, 3)\n    7.5\n    \"\"\"\n    return math.sqrt(a**2 + h**2)\n<|endoftext|>                                                                                                                                                                                                                                                                                                                                          \ndef check(candidate):\n    assert candidate(5, 3) == 7.5\n    assert candidate(2, 2) == 2.0\n    assert candidate(10, 8) == 40.0\n\ndef test_check():\n    check(triangle_area)\n\ntest_check()\n",
      "timestamp": 1673628631,
      "stdout": "",
      "stderr": "  File \"/tmp/tmputw_f37b.py\", line 7\n    <|endoftext|>                                                                                                                                                                                                                                                                                                                                          \n    ^\nSyntaxError: invalid syntax\n",
      "exit_code": 1,
      "status": "SyntaxError"
    },
    {
      "program": "def triangle_area(a: int, h: int) -> float:\n    \"\"\"Given length of a side and high return area for a triangle.\n    >>> triangle_area(5, 3)\n    7.5\n    \"\"\"\n    return (h * h) / 2.0\n\n\ndef check(candidate):\n    assert candidate(5, 3) == 7.5\n    assert candidate(2, 2) == 2.0\n    assert candidate(10, 8) == 40.0\n\ndef test_check():\n    check(triangle_area)\n\ntest_check()\n",
      "timestamp": 1673628631,
      "stdout": "",
      "stderr": "Traceback (most recent call last):\n  File \"/tmp/tmpyvuv0qf7.py\", line 17, in <module>\n    test_check()\n  File \"/tmp/tmpyvuv0qf7.py\", line 15, in test_check\n    check(triangle_area)\n  File \"/tmp/tmpyvuv0qf7.py\", line 10, in check\n    assert candidate(5, 3) == 7.5\nAssertionError\n",
      "exit_code": 1,
      "status": "Exception"
    },
    {
      "program": "def triangle_area(a: int, h: int) -> float:\n    \"\"\"Given length of a side and high return area for a triangle.\n    >>> triangle_area(5, 3)\n    7.5\n    \"\"\"\n    return math.sqrt(2 * math.pi) * h / 2\n<|endoftext|>                                                                                                                                                                                                                                                                              \ndef check(candidate):\n    assert candidate(5, 3) == 7.5\n    assert candidate(2, 2) == 2.0\n    assert candidate(10, 8) == 40.0\n\ndef test_check():\n    check(triangle_area)\n\ntest_check()\n",
      "timestamp": 1673628631,
      "stdout": "",
      "stderr": "  File \"/tmp/tmp8fvq40bz.py\", line 7\n    <|endoftext|>                                                                                                                                                                                                                                                                              \n    ^\nSyntaxError: invalid syntax\n",
      "exit_code": 1,
      "status": "SyntaxError"
    },
    {
      "program": "def triangle_area(a: int, h: int) -> float:\n    \"\"\"Given length of a side and high return area for a triangle.\n    >>> triangle_area(5, 3)\n    7.5\n    \"\"\"\n    return math.sqrt(2.0 * math.pi * h / a)\n<|endoftext|>                                                                                                                                                                                                                  \ndef check(candidate):\n    assert candidate(5, 3) == 7.5\n    assert candidate(2, 2) == 2.0\n    assert candidate(10, 8) == 40.0\n\ndef test_check():\n    check(triangle_area)\n\ntest_check()\n",
      "timestamp": 1673628631,
      "stdout": "",
      "stderr": "  File \"/tmp/tmp5glv1nqh.py\", line 7\n    <|endoftext|>                                                                                                                                                                                                                  \n    ^\nSyntaxError: invalid syntax\n",
      "exit_code": 1,
      "status": "SyntaxError"
    },
    {
      "program": "def triangle_area(a: int, h: int) -> float:\n    \"\"\"Given length of a side and high return area for a triangle.\n    >>> triangle_area(5, 3)\n    7.5\n    \"\"\"\n    return (a * h) / 2.0\n\n\ndef check(candidate):\n    assert candidate(5, 3) == 7.5\n    assert candidate(2, 2) == 2.0\n    assert candidate(10, 8) == 40.0\n\ndef test_check():\n    check(triangle_area)\n\ntest_check()\n",
      "timestamp": 1673628630,
      "stdout": "",
      "stderr": "",
      "exit_code": 0,
      "status": "OK"
    },
    {
      "program": "def triangle_area(a: int, h: int) -> float:\n    \"\"\"Given length of a side and high return area for a triangle.\n    >>> triangle_area(5, 3)\n    7.5\n    \"\"\"\n    return math.sqrt(2 * math.pi * h * h / (a * a))\n<|endoftext|>                                                                                                                                                                                                                                                                                                            \ndef check(candidate):\n    assert candidate(5, 3) == 7.5\n    assert candidate(2, 2) == 2.0\n    assert candidate(10, 8) == 40.0\n\ndef test_check():\n    check(triangle_area)\n\ntest_check()\n",
      "timestamp": 1673628631,
      "stdout": "",
      "stderr": "  File \"/tmp/tmpzvshoci0.py\", line 7\n    <|endoftext|>                                                                                                                                                                                                                                                                                                            \n    ^\nSyntaxError: invalid syntax\n",
      "exit_code": 1,
      "status": "SyntaxError"
    },
    {
      "program": "def triangle_area(a: int, h: int) -> float:\n    \"\"\"Given length of a side and high return area for a triangle.\n    >>> triangle_area(5, 3)\n    7.5\n    \"\"\"\n    return math.sqrt(2.0 * math.pi * h / (a + h))\n<|endoftext|>                                                                                                                                                                                                                                                                                                            \ndef check(candidate):\n    assert candidate(5, 3) == 7.5\n    assert candidate(2, 2) == 2.0\n    assert candidate(10, 8) == 40.0\n\ndef test_check():\n    check(triangle_area)\n\ntest_check()\n",
      "timestamp": 1673628631,
      "stdout": "",
      "stderr": "  File \"/tmp/tmpz73_mn5w.py\", line 7\n    <|endoftext|>                                                                                                                                                                                                                                                                                                            \n    ^\nSyntaxError: invalid syntax\n",
      "exit_code": 1,
      "status": "SyntaxError"
    },
    {
      "program": "def triangle_area(a: int, h: int) -> float:\n    \"\"\"Given length of a side and high return area for a triangle.\n    >>> triangle_area(5, 3)\n    7.5\n    \"\"\"\n    return math.sqrt(2 * math.pi * a * h)\n\ndef check(candidate):\n    assert candidate(5, 3) == 7.5\n    assert candidate(2, 2) == 2.0\n    assert candidate(10, 8) == 40.0\n\ndef test_check():\n    check(triangle_area)\n\ntest_check()\n",
      "timestamp": 1673628631,
      "stdout": "",
      "stderr": "Traceback (most recent call last):\n  File \"/tmp/tmp8_g8mms4.py\", line 16, in <module>\n    test_check()\n  File \"/tmp/tmp8_g8mms4.py\", line 14, in test_check\n    check(triangle_area)\n  File \"/tmp/tmp8_g8mms4.py\", line 9, in check\n    assert candidate(5, 3) == 7.5\n  File \"/tmp/tmp8_g8mms4.py\", line 6, in triangle_area\n    return math.sqrt(2 * math.pi * a * h)\nNameError: name 'math' is not defined\n",
      "exit_code": 1,
      "status": "Exception"
    },
    {
      "program": "def triangle_area(a: int, h: int) -> float:\n    \"\"\"Given length of a side and high return area for a triangle.\n    >>> triangle_area(5, 3)\n    7.5\n    \"\"\"\n    return math.sqrt(2.0 * math.pi * h / (2.0 * a))\n<|endoftext|>                                                                                                                                                                                                                                                \ndef check(candidate):\n    assert candidate(5, 3) == 7.5\n    assert candidate(2, 2) == 2.0\n    assert candidate(10, 8) == 40.0\n\ndef test_check():\n    check(triangle_area)\n\ntest_check()\n",
      "timestamp": 1673628631,
      "stdout": "",
      "stderr": "  File \"/tmp/tmpzv3zmsnz.py\", line 7\n    <|endoftext|>                                                                                                                                                                                                                                                \n    ^\nSyntaxError: invalid syntax\n",
      "exit_code": 1,
      "status": "SyntaxError"
    },
    {
      "program": "def triangle_area(a: int, h: int) -> float:\n    \"\"\"Given length of a side and high return area for a triangle.\n    >>> triangle_area(5, 3)\n    7.5\n    \"\"\"\n    return math.sqrt(2.0 * math.pi * a * h / (2.0 * a))\n\ndef check(candidate):\n    assert candidate(5, 3) == 7.5\n    assert candidate(2, 2) == 2.0\n    assert candidate(10, 8) == 40.0\n\ndef test_check():\n    check(triangle_area)\n\ntest_check()\n",
      "timestamp": 1673628630,
      "stdout": "",
      "stderr": "Traceback (most recent call last):\n  File \"/tmp/tmp01y0g05z.py\", line 16, in <module>\n    test_check()\n  File \"/tmp/tmp01y0g05z.py\", line 14, in test_check\n    check(triangle_area)\n  File \"/tmp/tmp01y0g05z.py\", line 9, in check\n    assert candidate(5, 3) == 7.5\n  File \"/tmp/tmp01y0g05z.py\", line 6, in triangle_area\n    return math.sqrt(2.0 * math.pi * a * h / (2.0 * a))\nNameError: name 'math' is not defined\n",
      "exit_code": 1,
      "status": "Exception"
    },
    {
      "program": "def triangle_area(a: int, h: int) -> float:\n    \"\"\"Given length of a side and high return area for a triangle.\n    >>> triangle_area(5, 3)\n    7.5\n    \"\"\"\n    return math.sqrt(2.0 * math.pi * a * h / (2.0 * math.pi))\n\ndef check(candidate):\n    assert candidate(5, 3) == 7.5\n    assert candidate(2, 2) == 2.0\n    assert candidate(10, 8) == 40.0\n\ndef test_check():\n    check(triangle_area)\n\ntest_check()\n",
      "timestamp": 1673628630,
      "stdout": "",
      "stderr": "Traceback (most recent call last):\n  File \"/tmp/tmp1j93r_tf.py\", line 16, in <module>\n    test_check()\n  File \"/tmp/tmp1j93r_tf.py\", line 14, in test_check\n    check(triangle_area)\n  File \"/tmp/tmp1j93r_tf.py\", line 9, in check\n    assert candidate(5, 3) == 7.5\n  File \"/tmp/tmp1j93r_tf.py\", line 6, in triangle_area\n    return math.sqrt(2.0 * math.pi * a * h / (2.0 * math.pi))\nNameError: name 'math' is not defined\n",
      "exit_code": 1,
      "status": "Exception"
    },
    {
      "program": "def triangle_area(a: int, h: int) -> float:\n    \"\"\"Given length of a side and high return area for a triangle.\n    >>> triangle_area(5, 3)\n    7.5\n    \"\"\"\n    return (a * h) / 2.0\n\n\ndef check(candidate):\n    assert candidate(5, 3) == 7.5\n    assert candidate(2, 2) == 2.0\n    assert candidate(10, 8) == 40.0\n\ndef test_check():\n    check(triangle_area)\n\ntest_check()\n",
      "timestamp": 1673628630,
      "stdout": "",
      "stderr": "",
      "exit_code": 0,
      "status": "OK"
    },
    {
      "program": "def triangle_area(a: int, h: int) -> float:\n    \"\"\"Given length of a side and high return area for a triangle.\n    >>> triangle_area(5, 3)\n    7.5\n    \"\"\"\n    return math.sqrt(2.0 * math.pi * a * h / (2.0 * math.pi))\n\n\ndef check(candidate):\n    assert candidate(5, 3) == 7.5\n    assert candidate(2, 2) == 2.0\n    assert candidate(10, 8) == 40.0\n\ndef test_check():\n    check(triangle_area)\n\ntest_check()\n",
      "timestamp": 1673628631,
      "stdout": "",
      "stderr": "Traceback (most recent call last):\n  File \"/tmp/tmpnofvcgt9.py\", line 17, in <module>\n    test_check()\n  File \"/tmp/tmpnofvcgt9.py\", line 15, in test_check\n    check(triangle_area)\n  File \"/tmp/tmpnofvcgt9.py\", line 10, in check\n    assert candidate(5, 3) == 7.5\n  File \"/tmp/tmpnofvcgt9.py\", line 6, in triangle_area\n    return math.sqrt(2.0 * math.pi * a * h / (2.0 * math.pi))\nNameError: name 'math' is not defined\n",
      "exit_code": 1,
      "status": "Exception"
    },
    {
      "program": "def triangle_area(a: int, h: int) -> float:\n    \"\"\"Given length of a side and high return area for a triangle.\n    >>> triangle_area(5, 3)\n    7.5\n    \"\"\"\n    return math.sqrt(2.0 * math.pi * a * h)\n<|endoftext|>                                                                                                                                                                                                                                                                                                                                                                                                      \ndef check(candidate):\n    assert candidate(5, 3) == 7.5\n    assert candidate(2, 2) == 2.0\n    assert candidate(10, 8) == 40.0\n\ndef test_check():\n    check(triangle_area)\n\ntest_check()\n",
      "timestamp": 1673628631,
      "stdout": "",
      "stderr": "  File \"/tmp/tmpzhbqsnnr.py\", line 7\n    <|endoftext|>                                                                                                                                                                                                                                                                                                                                                                                                      \n    ^\nSyntaxError: invalid syntax\n",
      "exit_code": 1,
      "status": "SyntaxError"
    },
    {
      "program": "def triangle_area(a: int, h: int) -> float:\n    \"\"\"Given length of a side and high return area for a triangle.\n    >>> triangle_area(5, 3)\n    7.5\n    \"\"\"\n    return math.sqrt(2.0 * math.pi * h * (a + h) / (a + h))\n\ndef check(candidate):\n    assert candidate(5, 3) == 7.5\n    assert candidate(2, 2) == 2.0\n    assert candidate(10, 8) == 40.0\n\ndef test_check():\n    check(triangle_area)\n\ntest_check()\n",
      "timestamp": 1673628631,
      "stdout": "",
      "stderr": "Traceback (most recent call last):\n  File \"/tmp/tmprlhgjocq.py\", line 16, in <module>\n    test_check()\n  File \"/tmp/tmprlhgjocq.py\", line 14, in test_check\n    check(triangle_area)\n  File \"/tmp/tmprlhgjocq.py\", line 9, in check\n    assert candidate(5, 3) == 7.5\n  File \"/tmp/tmprlhgjocq.py\", line 6, in triangle_area\n    return math.sqrt(2.0 * math.pi * h * (a + h) / (a + h))\nNameError: name 'math' is not defined\n",
      "exit_code": 1,
      "status": "Exception"
    },
    {
      "program": "def triangle_area(a: int, h: int) -> float:\n    \"\"\"Given length of a side and high return area for a triangle.\n    >>> triangle_area(5, 3)\n    7.5\n    \"\"\"\n    return (h - a) * (h - a) / 2.0\n\n\ndef check(candidate):\n    assert candidate(5, 3) == 7.5\n    assert candidate(2, 2) == 2.0\n    assert candidate(10, 8) == 40.0\n\ndef test_check():\n    check(triangle_area)\n\ntest_check()\n",
      "timestamp": 1673628631,
      "stdout": "",
      "stderr": "Traceback (most recent call last):\n  File \"/tmp/tmpgt_tsbw5.py\", line 17, in <module>\n    test_check()\n  File \"/tmp/tmpgt_tsbw5.py\", line 15, in test_check\n    check(triangle_area)\n  File \"/tmp/tmpgt_tsbw5.py\", line 10, in check\n    assert candidate(5, 3) == 7.5\nAssertionError\n",
      "exit_code": 1,
      "status": "Exception"
    },
    {
      "program": "def triangle_area(a: int, h: int) -> float:\n    \"\"\"Given length of a side and high return area for a triangle.\n    >>> triangle_area(5, 3)\n    7.5\n    \"\"\"\n    return math.sqrt(2.0 * math.pi * a * h / math.sqrt(2.0 * math.pi))\n<|endoftext|>\ndef check(candidate):\n    assert candidate(5, 3) == 7.5\n    assert candidate(2, 2) == 2.0\n    assert candidate(10, 8) == 40.0\n\ndef test_check():\n    check(triangle_area)\n\ntest_check()\n",
      "timestamp": 1673628631,
      "stdout": "",
      "stderr": "  File \"/tmp/tmpz792zs0q.py\", line 7\n    <|endoftext|>\n    ^\nSyntaxError: invalid syntax\n",
      "exit_code": 1,
      "status": "SyntaxError"
    },
    {
      "program": "def triangle_area(a: int, h: int) -> float:\n    \"\"\"Given length of a side and high return area for a triangle.\n    >>> triangle_area(5, 3)\n    7.5\n    \"\"\"\n    return (a * h) ** 2\n<|endoftext|>                                                                                                                                                                                                                                                                                                                                                                                                                                                                                                                                                                                                                                                                                                                  \ndef check(candidate):\n    assert candidate(5, 3) == 7.5\n    assert candidate(2, 2) == 2.0\n    assert candidate(10, 8) == 40.0\n\ndef test_check():\n    check(triangle_area)\n\ntest_check()\n",
      "timestamp": 1673628631,
      "stdout": "",
      "stderr": "  File \"/tmp/tmpi0behy_c.py\", line 7\n    <|endoftext|>                                                                                                                                                                                                                                                                                                                                                                                                                                                                                                                                                                                                                                                                                                                  \n    ^\nSyntaxError: invalid syntax\n",
      "exit_code": 1,
      "status": "SyntaxError"
    },
    {
      "program": "def triangle_area(a: int, h: int) -> float:\n    \"\"\"Given length of a side and high return area for a triangle.\n    >>> triangle_area(5, 3)\n    7.5\n    \"\"\"\n    return (a * h) / 2.0\n\n\ndef check(candidate):\n    assert candidate(5, 3) == 7.5\n    assert candidate(2, 2) == 2.0\n    assert candidate(10, 8) == 40.0\n\ndef test_check():\n    check(triangle_area)\n\ntest_check()\n",
      "timestamp": 1673628630,
      "stdout": "",
      "stderr": "",
      "exit_code": 0,
      "status": "OK"
    },
    {
      "program": "def triangle_area(a: int, h: int) -> float:\n    \"\"\"Given length of a side and high return area for a triangle.\n    >>> triangle_area(5, 3)\n    7.5\n    \"\"\"\n    return math.sqrt(h * h / 2.0)\n<|endoftext|>                                                                                                                                                                                                                                                                                                                                                                                                                                                                                                                              \ndef check(candidate):\n    assert candidate(5, 3) == 7.5\n    assert candidate(2, 2) == 2.0\n    assert candidate(10, 8) == 40.0\n\ndef test_check():\n    check(triangle_area)\n\ntest_check()\n",
      "timestamp": 1673628631,
      "stdout": "",
      "stderr": "  File \"/tmp/tmpvso28ljc.py\", line 7\n    <|endoftext|>                                                                                                                                                                                                                                                                                                                                                                                                                                                                                                                              \n    ^\nSyntaxError: invalid syntax\n",
      "exit_code": 1,
      "status": "SyntaxError"
    },
    {
      "program": "def triangle_area(a: int, h: int) -> float:\n    \"\"\"Given length of a side and high return area for a triangle.\n    >>> triangle_area(5, 3)\n    7.5\n    \"\"\"\n    return (a + h) * (a + h) / 2.0\n\n\ndef check(candidate):\n    assert candidate(5, 3) == 7.5\n    assert candidate(2, 2) == 2.0\n    assert candidate(10, 8) == 40.0\n\ndef test_check():\n    check(triangle_area)\n\ntest_check()\n",
      "timestamp": 1673628630,
      "stdout": "",
      "stderr": "Traceback (most recent call last):\n  File \"/tmp/tmpemt0mt9g.py\", line 17, in <module>\n    test_check()\n  File \"/tmp/tmpemt0mt9g.py\", line 15, in test_check\n    check(triangle_area)\n  File \"/tmp/tmpemt0mt9g.py\", line 10, in check\n    assert candidate(5, 3) == 7.5\nAssertionError\n",
      "exit_code": 1,
      "status": "Exception"
    },
    {
      "program": "def triangle_area(a: int, h: int) -> float:\n    \"\"\"Given length of a side and high return area for a triangle.\n    >>> triangle_area(5, 3)\n    7.5\n    \"\"\"\n    return (a * h) ** 2\n\ndef check(candidate):\n    assert candidate(5, 3) == 7.5\n    assert candidate(2, 2) == 2.0\n    assert candidate(10, 8) == 40.0\n\ndef test_check():\n    check(triangle_area)\n\ntest_check()\n",
      "timestamp": 1673628631,
      "stdout": "",
      "stderr": "Traceback (most recent call last):\n  File \"/tmp/tmpaagtb9uj.py\", line 16, in <module>\n    test_check()\n  File \"/tmp/tmpaagtb9uj.py\", line 14, in test_check\n    check(triangle_area)\n  File \"/tmp/tmpaagtb9uj.py\", line 9, in check\n    assert candidate(5, 3) == 7.5\nAssertionError\n",
      "exit_code": 1,
      "status": "Exception"
    },
    {
      "program": "def triangle_area(a: int, h: int) -> float:\n    \"\"\"Given length of a side and high return area for a triangle.\n    >>> triangle_area(5, 3)\n    7.5\n    \"\"\"\n    return math.sqrt(2.0 * math.pi * h / a)\n\n\ndef check(candidate):\n    assert candidate(5, 3) == 7.5\n    assert candidate(2, 2) == 2.0\n    assert candidate(10, 8) == 40.0\n\ndef test_check():\n    check(triangle_area)\n\ntest_check()\n",
      "timestamp": 1673628631,
      "stdout": "",
      "stderr": "Traceback (most recent call last):\n  File \"/tmp/tmpdvsk3zk5.py\", line 17, in <module>\n    test_check()\n  File \"/tmp/tmpdvsk3zk5.py\", line 15, in test_check\n    check(triangle_area)\n  File \"/tmp/tmpdvsk3zk5.py\", line 10, in check\n    assert candidate(5, 3) == 7.5\n  File \"/tmp/tmpdvsk3zk5.py\", line 6, in triangle_area\n    return math.sqrt(2.0 * math.pi * h / a)\nNameError: name 'math' is not defined\n",
      "exit_code": 1,
      "status": "Exception"
    },
    {
      "program": "def triangle_area(a: int, h: int) -> float:\n    \"\"\"Given length of a side and high return area for a triangle.\n    >>> triangle_area(5, 3)\n    7.5\n    \"\"\"\n    return (a * h) / 2.0\n\n\ndef check(candidate):\n    assert candidate(5, 3) == 7.5\n    assert candidate(2, 2) == 2.0\n    assert candidate(10, 8) == 40.0\n\ndef test_check():\n    check(triangle_area)\n\ntest_check()\n",
      "timestamp": 1673628630,
      "stdout": "",
      "stderr": "",
      "exit_code": 0,
      "status": "OK"
    },
    {
      "program": "def triangle_area(a: int, h: int) -> float:\n    \"\"\"Given length of a side and high return area for a triangle.\n    >>> triangle_area(5, 3)\n    7.5\n    \"\"\"\n    return (a * h) ** 2\n<|endoftext|>                                                                                                                                                                                                                                                                                                                                                                                                                                                                                                                                                                                                                                                                                                                                                                              \ndef check(candidate):\n    assert candidate(5, 3) == 7.5\n    assert candidate(2, 2) == 2.0\n    assert candidate(10, 8) == 40.0\n\ndef test_check():\n    check(triangle_area)\n\ntest_check()\n",
      "timestamp": 1673628631,
      "stdout": "",
      "stderr": "  File \"/tmp/tmp87k9cjda.py\", line 7\n    <|endoftext|>                                                                                                                                                                                                                                                                                                                                                                                                                                                                                                                                                                                                                                                                                                                                                                              \n    ^\nSyntaxError: invalid syntax\n",
      "exit_code": 1,
      "status": "SyntaxError"
    },
    {
      "program": "def triangle_area(a: int, h: int) -> float:\n    \"\"\"Given length of a side and high return area for a triangle.\n    >>> triangle_area(5, 3)\n    7.5\n    \"\"\"\n    return math.sqrt(2.0 * math.pi * (a + h) / (a + h))\n\ndef check(candidate):\n    assert candidate(5, 3) == 7.5\n    assert candidate(2, 2) == 2.0\n    assert candidate(10, 8) == 40.0\n\ndef test_check():\n    check(triangle_area)\n\ntest_check()\n",
      "timestamp": 1673628631,
      "stdout": "",
      "stderr": "Traceback (most recent call last):\n  File \"/tmp/tmpxlwnn8r8.py\", line 16, in <module>\n    test_check()\n  File \"/tmp/tmpxlwnn8r8.py\", line 14, in test_check\n    check(triangle_area)\n  File \"/tmp/tmpxlwnn8r8.py\", line 9, in check\n    assert candidate(5, 3) == 7.5\n  File \"/tmp/tmpxlwnn8r8.py\", line 6, in triangle_area\n    return math.sqrt(2.0 * math.pi * (a + h) / (a + h))\nNameError: name 'math' is not defined\n",
      "exit_code": 1,
      "status": "Exception"
    },
    {
      "program": "def triangle_area(a: int, h: int) -> float:\n    \"\"\"Given length of a side and high return area for a triangle.\n    >>> triangle_area(5, 3)\n    7.5\n    \"\"\"\n    return (a + h) * (a + h) / 2.0\n<|endoftext|>                                                                                                                                                                                                                                                                                                                                                                                                                                                                                                                              \ndef check(candidate):\n    assert candidate(5, 3) == 7.5\n    assert candidate(2, 2) == 2.0\n    assert candidate(10, 8) == 40.0\n\ndef test_check():\n    check(triangle_area)\n\ntest_check()\n",
      "timestamp": 1673628630,
      "stdout": "",
      "stderr": "  File \"/tmp/tmp77iy5c9b.py\", line 7\n    <|endoftext|>                                                                                                                                                                                                                                                                                                                                                                                                                                                                                                                              \n    ^\nSyntaxError: invalid syntax\n",
      "exit_code": 1,
      "status": "SyntaxError"
    },
    {
      "program": "def triangle_area(a: int, h: int) -> float:\n    \"\"\"Given length of a side and high return area for a triangle.\n    >>> triangle_area(5, 3)\n    7.5\n    \"\"\"\n    return math.sqrt(2 * math.pi * (a + h))\n\ndef check(candidate):\n    assert candidate(5, 3) == 7.5\n    assert candidate(2, 2) == 2.0\n    assert candidate(10, 8) == 40.0\n\ndef test_check():\n    check(triangle_area)\n\ntest_check()\n",
      "timestamp": 1673628631,
      "stdout": "",
      "stderr": "Traceback (most recent call last):\n  File \"/tmp/tmpuljt6t3w.py\", line 16, in <module>\n    test_check()\n  File \"/tmp/tmpuljt6t3w.py\", line 14, in test_check\n    check(triangle_area)\n  File \"/tmp/tmpuljt6t3w.py\", line 9, in check\n    assert candidate(5, 3) == 7.5\n  File \"/tmp/tmpuljt6t3w.py\", line 6, in triangle_area\n    return math.sqrt(2 * math.pi * (a + h))\nNameError: name 'math' is not defined\n",
      "exit_code": 1,
      "status": "Exception"
    },
    {
      "program": "def triangle_area(a: int, h: int) -> float:\n    \"\"\"Given length of a side and high return area for a triangle.\n    >>> triangle_area(5, 3)\n    7.5\n    \"\"\"\n    return math.sqrt(2.0 * math.pi * a * h / (2.0 * math.pi))\n<|endoftext|>                                                                                                                                                                                    \ndef check(candidate):\n    assert candidate(5, 3) == 7.5\n    assert candidate(2, 2) == 2.0\n    assert candidate(10, 8) == 40.0\n\ndef test_check():\n    check(triangle_area)\n\ntest_check()\n",
      "timestamp": 1673628631,
      "stdout": "",
      "stderr": "  File \"/tmp/tmpq976qpop.py\", line 7\n    <|endoftext|>                                                                                                                                                                                    \n    ^\nSyntaxError: invalid syntax\n",
      "exit_code": 1,
      "status": "SyntaxError"
    },
    {
      "program": "def triangle_area(a: int, h: int) -> float:\n    \"\"\"Given length of a side and high return area for a triangle.\n    >>> triangle_area(5, 3)\n    7.5\n    \"\"\"\n    return (a * h) / 2.0\n\n\ndef check(candidate):\n    assert candidate(5, 3) == 7.5\n    assert candidate(2, 2) == 2.0\n    assert candidate(10, 8) == 40.0\n\ndef test_check():\n    check(triangle_area)\n\ntest_check()\n",
      "timestamp": 1673628630,
      "stdout": "",
      "stderr": "",
      "exit_code": 0,
      "status": "OK"
    },
    {
      "program": "def triangle_area(a: int, h: int) -> float:\n    \"\"\"Given length of a side and high return area for a triangle.\n    >>> triangle_area(5, 3)\n    7.5\n    \"\"\"\n    return (h * h) / 2.0\n\ndef check(candidate):\n    assert candidate(5, 3) == 7.5\n    assert candidate(2, 2) == 2.0\n    assert candidate(10, 8) == 40.0\n\ndef test_check():\n    check(triangle_area)\n\ntest_check()\n",
      "timestamp": 1673628631,
      "stdout": "",
      "stderr": "Traceback (most recent call last):\n  File \"/tmp/tmpd04usjlp.py\", line 16, in <module>\n    test_check()\n  File \"/tmp/tmpd04usjlp.py\", line 14, in test_check\n    check(triangle_area)\n  File \"/tmp/tmpd04usjlp.py\", line 9, in check\n    assert candidate(5, 3) == 7.5\nAssertionError\n",
      "exit_code": 1,
      "status": "Exception"
    },
    {
      "program": "def triangle_area(a: int, h: int) -> float:\n    \"\"\"Given length of a side and high return area for a triangle.\n    >>> triangle_area(5, 3)\n    7.5\n    \"\"\"\n    return math.sqrt(2.0 * math.pi * h / a)\n<|endoftext|>                                                                                                                                                                                                                                                                                                                                                                                                                                                                  \ndef check(candidate):\n    assert candidate(5, 3) == 7.5\n    assert candidate(2, 2) == 2.0\n    assert candidate(10, 8) == 40.0\n\ndef test_check():\n    check(triangle_area)\n\ntest_check()\n",
      "timestamp": 1673628630,
      "stdout": "",
      "stderr": "  File \"/tmp/tmpk4egb3_v.py\", line 7\n    <|endoftext|>                                                                                                                                                                                                                                                                                                                                                                                                                                                                  \n    ^\nSyntaxError: invalid syntax\n",
      "exit_code": 1,
      "status": "SyntaxError"
    },
    {
      "program": "def triangle_area(a: int, h: int) -> float:\n    \"\"\"Given length of a side and high return area for a triangle.\n    >>> triangle_area(5, 3)\n    7.5\n    \"\"\"\n    return math.sqrt(h * h / 2)\n\ndef check(candidate):\n    assert candidate(5, 3) == 7.5\n    assert candidate(2, 2) == 2.0\n    assert candidate(10, 8) == 40.0\n\ndef test_check():\n    check(triangle_area)\n\ntest_check()\n",
      "timestamp": 1673628631,
      "stdout": "",
      "stderr": "Traceback (most recent call last):\n  File \"/tmp/tmpnowt3dig.py\", line 16, in <module>\n    test_check()\n  File \"/tmp/tmpnowt3dig.py\", line 14, in test_check\n    check(triangle_area)\n  File \"/tmp/tmpnowt3dig.py\", line 9, in check\n    assert candidate(5, 3) == 7.5\n  File \"/tmp/tmpnowt3dig.py\", line 6, in triangle_area\n    return math.sqrt(h * h / 2)\nNameError: name 'math' is not defined\n",
      "exit_code": 1,
      "status": "Exception"
    },
    {
      "program": "def triangle_area(a: int, h: int) -> float:\n    \"\"\"Given length of a side and high return area for a triangle.\n    >>> triangle_area(5, 3)\n    7.5\n    \"\"\"\n    return (h * h) / 2.0\n<|endoftext|>                                                                                                                                                                                                                                                                                                                                                                                                                                                                                                                                                                                                                                                                                                                  \ndef check(candidate):\n    assert candidate(5, 3) == 7.5\n    assert candidate(2, 2) == 2.0\n    assert candidate(10, 8) == 40.0\n\ndef test_check():\n    check(triangle_area)\n\ntest_check()\n",
      "timestamp": 1673628631,
      "stdout": "",
      "stderr": "  File \"/tmp/tmpsaxj1u_0.py\", line 7\n    <|endoftext|>                                                                                                                                                                                                                                                                                                                                                                                                                                                                                                                                                                                                                                                                                                                  \n    ^\nSyntaxError: invalid syntax\n",
      "exit_code": 1,
      "status": "SyntaxError"
    },
    {
      "program": "def triangle_area(a: int, h: int) -> float:\n    \"\"\"Given length of a side and high return area for a triangle.\n    >>> triangle_area(5, 3)\n    7.5\n    \"\"\"\n    return math.sqrt(a**2 + h**2)\n\ndef check(candidate):\n    assert candidate(5, 3) == 7.5\n    assert candidate(2, 2) == 2.0\n    assert candidate(10, 8) == 40.0\n\ndef test_check():\n    check(triangle_area)\n\ntest_check()\n",
      "timestamp": 1673628631,
      "stdout": "",
      "stderr": "Traceback (most recent call last):\n  File \"/tmp/tmp7nanyx9w.py\", line 16, in <module>\n    test_check()\n  File \"/tmp/tmp7nanyx9w.py\", line 14, in test_check\n    check(triangle_area)\n  File \"/tmp/tmp7nanyx9w.py\", line 9, in check\n    assert candidate(5, 3) == 7.5\n  File \"/tmp/tmp7nanyx9w.py\", line 6, in triangle_area\n    return math.sqrt(a**2 + h**2)\nNameError: name 'math' is not defined\n",
      "exit_code": 1,
      "status": "Exception"
    },
    {
      "program": "def triangle_area(a: int, h: int) -> float:\n    \"\"\"Given length of a side and high return area for a triangle.\n    >>> triangle_area(5, 3)\n    7.5\n    \"\"\"\n    return math.sqrt(2 * math.pi * h / 2) * math.sqrt(2 * math.pi * h / 2)\n\n\ndef check(candidate):\n    assert candidate(5, 3) == 7.5\n    assert candidate(2, 2) == 2.0\n    assert candidate(10, 8) == 40.0\n\ndef test_check():\n    check(triangle_area)\n\ntest_check()\n",
      "timestamp": 1673628631,
      "stdout": "",
      "stderr": "Traceback (most recent call last):\n  File \"/tmp/tmpbbe7z22y.py\", line 17, in <module>\n    test_check()\n  File \"/tmp/tmpbbe7z22y.py\", line 15, in test_check\n    check(triangle_area)\n  File \"/tmp/tmpbbe7z22y.py\", line 10, in check\n    assert candidate(5, 3) == 7.5\n  File \"/tmp/tmpbbe7z22y.py\", line 6, in triangle_area\n    return math.sqrt(2 * math.pi * h / 2) * math.sqrt(2 * math.pi * h / 2)\nNameError: name 'math' is not defined\n",
      "exit_code": 1,
      "status": "Exception"
    },
    {
      "program": "def triangle_area(a: int, h: int) -> float:\n    \"\"\"Given length of a side and high return area for a triangle.\n    >>> triangle_area(5, 3)\n    7.5\n    \"\"\"\n    return math.sqrt(2.0 * math.pi * a * h / (2.0 * a))\n\ndef check(candidate):\n    assert candidate(5, 3) == 7.5\n    assert candidate(2, 2) == 2.0\n    assert candidate(10, 8) == 40.0\n\ndef test_check():\n    check(triangle_area)\n\ntest_check()\n",
      "timestamp": 1673628630,
      "stdout": "",
      "stderr": "Traceback (most recent call last):\n  File \"/tmp/tmp01y0g05z.py\", line 16, in <module>\n    test_check()\n  File \"/tmp/tmp01y0g05z.py\", line 14, in test_check\n    check(triangle_area)\n  File \"/tmp/tmp01y0g05z.py\", line 9, in check\n    assert candidate(5, 3) == 7.5\n  File \"/tmp/tmp01y0g05z.py\", line 6, in triangle_area\n    return math.sqrt(2.0 * math.pi * a * h / (2.0 * a))\nNameError: name 'math' is not defined\n",
      "exit_code": 1,
      "status": "Exception"
    },
    {
      "program": "def triangle_area(a: int, h: int) -> float:\n    \"\"\"Given length of a side and high return area for a triangle.\n    >>> triangle_area(5, 3)\n    7.5\n    \"\"\"\n    return (a * h) / 2.0\n\n\ndef check(candidate):\n    assert candidate(5, 3) == 7.5\n    assert candidate(2, 2) == 2.0\n    assert candidate(10, 8) == 40.0\n\ndef test_check():\n    check(triangle_area)\n\ntest_check()\n",
      "timestamp": 1673628630,
      "stdout": "",
      "stderr": "",
      "exit_code": 0,
      "status": "OK"
    },
    {
      "program": "def triangle_area(a: int, h: int) -> float:\n    \"\"\"Given length of a side and high return area for a triangle.\n    >>> triangle_area(5, 3)\n    7.5\n    \"\"\"\n    return (a * h) / 2.0\n\n\ndef check(candidate):\n    assert candidate(5, 3) == 7.5\n    assert candidate(2, 2) == 2.0\n    assert candidate(10, 8) == 40.0\n\ndef test_check():\n    check(triangle_area)\n\ntest_check()\n",
      "timestamp": 1673628630,
      "stdout": "",
      "stderr": "",
      "exit_code": 0,
      "status": "OK"
    },
    {
      "program": "def triangle_area(a: int, h: int) -> float:\n    \"\"\"Given length of a side and high return area for a triangle.\n    >>> triangle_area(5, 3)\n    7.5\n    \"\"\"\n    return math.sqrt(2 * math.pi * h * (a + h) / (a + h))\n\ndef check(candidate):\n    assert candidate(5, 3) == 7.5\n    assert candidate(2, 2) == 2.0\n    assert candidate(10, 8) == 40.0\n\ndef test_check():\n    check(triangle_area)\n\ntest_check()\n",
      "timestamp": 1673628630,
      "stdout": "",
      "stderr": "Traceback (most recent call last):\n  File \"/tmp/tmpl_tf3iws.py\", line 16, in <module>\n    test_check()\n  File \"/tmp/tmpl_tf3iws.py\", line 14, in test_check\n    check(triangle_area)\n  File \"/tmp/tmpl_tf3iws.py\", line 9, in check\n    assert candidate(5, 3) == 7.5\n  File \"/tmp/tmpl_tf3iws.py\", line 6, in triangle_area\n    return math.sqrt(2 * math.pi * h * (a + h) / (a + h))\nNameError: name 'math' is not defined\n",
      "exit_code": 1,
      "status": "Exception"
    },
    {
      "program": "def triangle_area(a: int, h: int) -> float:\n    \"\"\"Given length of a side and high return area for a triangle.\n    >>> triangle_area(5, 3)\n    7.5\n    \"\"\"\n    return (a * h) / 2.0\n\n\ndef check(candidate):\n    assert candidate(5, 3) == 7.5\n    assert candidate(2, 2) == 2.0\n    assert candidate(10, 8) == 40.0\n\ndef test_check():\n    check(triangle_area)\n\ntest_check()\n",
      "timestamp": 1673628630,
      "stdout": "",
      "stderr": "",
      "exit_code": 0,
      "status": "OK"
    },
    {
      "program": "def triangle_area(a: int, h: int) -> float:\n    \"\"\"Given length of a side and high return area for a triangle.\n    >>> triangle_area(5, 3)\n    7.5\n    \"\"\"\n    return (a + h) * (a + h) / 2.0\n<|endoftext|>                                                                                                                                                                                                                                                                                                            \ndef check(candidate):\n    assert candidate(5, 3) == 7.5\n    assert candidate(2, 2) == 2.0\n    assert candidate(10, 8) == 40.0\n\ndef test_check():\n    check(triangle_area)\n\ntest_check()\n",
      "timestamp": 1673628631,
      "stdout": "",
      "stderr": "  File \"/tmp/tmpf9xc_idv.py\", line 7\n    <|endoftext|>                                                                                                                                                                                                                                                                                                            \n    ^\nSyntaxError: invalid syntax\n",
      "exit_code": 1,
      "status": "SyntaxError"
    },
    {
      "program": "def triangle_area(a: int, h: int) -> float:\n    \"\"\"Given length of a side and high return area for a triangle.\n    >>> triangle_area(5, 3)\n    7.5\n    \"\"\"\n    return math.sqrt(2.0 * math.pi * a * h / (2.0 * a))\n<|endoftext|>                              \ndef check(candidate):\n    assert candidate(5, 3) == 7.5\n    assert candidate(2, 2) == 2.0\n    assert candidate(10, 8) == 40.0\n\ndef test_check():\n    check(triangle_area)\n\ntest_check()\n",
      "timestamp": 1673628631,
      "stdout": "",
      "stderr": "  File \"/tmp/tmp3yra2ag3.py\", line 7\n    <|endoftext|>                              \n    ^\nSyntaxError: invalid syntax\n",
      "exit_code": 1,
      "status": "SyntaxError"
    },
    {
      "program": "def triangle_area(a: int, h: int) -> float:\n    \"\"\"Given length of a side and high return area for a triangle.\n    >>> triangle_area(5, 3)\n    7.5\n    \"\"\"\n    return math.sqrt(2.0 * math.pi * h / a)\n\ndef check(candidate):\n    assert candidate(5, 3) == 7.5\n    assert candidate(2, 2) == 2.0\n    assert candidate(10, 8) == 40.0\n\ndef test_check():\n    check(triangle_area)\n\ntest_check()\n",
      "timestamp": 1673628630,
      "stdout": "",
      "stderr": "Traceback (most recent call last):\n  File \"/tmp/tmpwxr8rt95.py\", line 16, in <module>\n    test_check()\n  File \"/tmp/tmpwxr8rt95.py\", line 14, in test_check\n    check(triangle_area)\n  File \"/tmp/tmpwxr8rt95.py\", line 9, in check\n    assert candidate(5, 3) == 7.5\n  File \"/tmp/tmpwxr8rt95.py\", line 6, in triangle_area\n    return math.sqrt(2.0 * math.pi * h / a)\nNameError: name 'math' is not defined\n",
      "exit_code": 1,
      "status": "Exception"
    },
    {
      "program": "def triangle_area(a: int, h: int) -> float:\n    \"\"\"Given length of a side and high return area for a triangle.\n    >>> triangle_area(5, 3)\n    7.5\n    \"\"\"\n    return (h * h) / 2.0\n\n\ndef check(candidate):\n    assert candidate(5, 3) == 7.5\n    assert candidate(2, 2) == 2.0\n    assert candidate(10, 8) == 40.0\n\ndef test_check():\n    check(triangle_area)\n\ntest_check()\n",
      "timestamp": 1673628631,
      "stdout": "",
      "stderr": "Traceback (most recent call last):\n  File \"/tmp/tmpyvuv0qf7.py\", line 17, in <module>\n    test_check()\n  File \"/tmp/tmpyvuv0qf7.py\", line 15, in test_check\n    check(triangle_area)\n  File \"/tmp/tmpyvuv0qf7.py\", line 10, in check\n    assert candidate(5, 3) == 7.5\nAssertionError\n",
      "exit_code": 1,
      "status": "Exception"
    },
    {
      "program": "def triangle_area(a: int, h: int) -> float:\n    \"\"\"Given length of a side and high return area for a triangle.\n    >>> triangle_area(5, 3)\n    7.5\n    \"\"\"\n    return (a * h) / 2.0\n\n\ndef check(candidate):\n    assert candidate(5, 3) == 7.5\n    assert candidate(2, 2) == 2.0\n    assert candidate(10, 8) == 40.0\n\ndef test_check():\n    check(triangle_area)\n\ntest_check()\n",
      "timestamp": 1673628630,
      "stdout": "",
      "stderr": "",
      "exit_code": 0,
      "status": "OK"
    },
    {
      "program": "def triangle_area(a: int, h: int) -> float:\n    \"\"\"Given length of a side and high return area for a triangle.\n    >>> triangle_area(5, 3)\n    7.5\n    \"\"\"\n    return (a * h) / 2.0\n\n\ndef check(candidate):\n    assert candidate(5, 3) == 7.5\n    assert candidate(2, 2) == 2.0\n    assert candidate(10, 8) == 40.0\n\ndef test_check():\n    check(triangle_area)\n\ntest_check()\n",
      "timestamp": 1673628630,
      "stdout": "",
      "stderr": "",
      "exit_code": 0,
      "status": "OK"
    },
    {
      "program": "def triangle_area(a: int, h: int) -> float:\n    \"\"\"Given length of a side and high return area for a triangle.\n    >>> triangle_area(5, 3)\n    7.5\n    \"\"\"\n    return (h * h) / (2 * a)\n<|endoftext|>                                                                                                                                                                                                                                                                                                                                                                                                                                    \ndef check(candidate):\n    assert candidate(5, 3) == 7.5\n    assert candidate(2, 2) == 2.0\n    assert candidate(10, 8) == 40.0\n\ndef test_check():\n    check(triangle_area)\n\ntest_check()\n",
      "timestamp": 1673628631,
      "stdout": "",
      "stderr": "  File \"/tmp/tmp229jpke4.py\", line 7\n    <|endoftext|>                                                                                                                                                                                                                                                                                                                                                                                                                                    \n    ^\nSyntaxError: invalid syntax\n",
      "exit_code": 1,
      "status": "SyntaxError"
    },
    {
      "program": "def triangle_area(a: int, h: int) -> float:\n    \"\"\"Given length of a side and high return area for a triangle.\n    >>> triangle_area(5, 3)\n    7.5\n    \"\"\"\n    return (a * h) / 2.0\n\ndef check(candidate):\n    assert candidate(5, 3) == 7.5\n    assert candidate(2, 2) == 2.0\n    assert candidate(10, 8) == 40.0\n\ndef test_check():\n    check(triangle_area)\n\ntest_check()\n",
      "timestamp": 1673628631,
      "stdout": "",
      "stderr": "",
      "exit_code": 0,
      "status": "OK"
    },
    {
      "program": "def triangle_area(a: int, h: int) -> float:\n    \"\"\"Given length of a side and high return area for a triangle.\n    >>> triangle_area(5, 3)\n    7.5\n    \"\"\"\n    return (a * h) / 2.0\n\n\ndef check(candidate):\n    assert candidate(5, 3) == 7.5\n    assert candidate(2, 2) == 2.0\n    assert candidate(10, 8) == 40.0\n\ndef test_check():\n    check(triangle_area)\n\ntest_check()\n",
      "timestamp": 1673628630,
      "stdout": "",
      "stderr": "",
      "exit_code": 0,
      "status": "OK"
    },
    {
      "program": "def triangle_area(a: int, h: int) -> float:\n    \"\"\"Given length of a side and high return area for a triangle.\n    >>> triangle_area(5, 3)\n    7.5\n    \"\"\"\n    return (a + h) * (a + h) / 2.0\n<|endoftext|>                                                                                                                                                                                                                                                                                                            \ndef check(candidate):\n    assert candidate(5, 3) == 7.5\n    assert candidate(2, 2) == 2.0\n    assert candidate(10, 8) == 40.0\n\ndef test_check():\n    check(triangle_area)\n\ntest_check()\n",
      "timestamp": 1673628631,
      "stdout": "",
      "stderr": "  File \"/tmp/tmpf9xc_idv.py\", line 7\n    <|endoftext|>                                                                                                                                                                                                                                                                                                            \n    ^\nSyntaxError: invalid syntax\n",
      "exit_code": 1,
      "status": "SyntaxError"
    },
    {
      "program": "def triangle_area(a: int, h: int) -> float:\n    \"\"\"Given length of a side and high return area for a triangle.\n    >>> triangle_area(5, 3)\n    7.5\n    \"\"\"\n    return math.sqrt(2.0 * math.pi * h / a)\n\ndef check(candidate):\n    assert candidate(5, 3) == 7.5\n    assert candidate(2, 2) == 2.0\n    assert candidate(10, 8) == 40.0\n\ndef test_check():\n    check(triangle_area)\n\ntest_check()\n",
      "timestamp": 1673628630,
      "stdout": "",
      "stderr": "Traceback (most recent call last):\n  File \"/tmp/tmpwxr8rt95.py\", line 16, in <module>\n    test_check()\n  File \"/tmp/tmpwxr8rt95.py\", line 14, in test_check\n    check(triangle_area)\n  File \"/tmp/tmpwxr8rt95.py\", line 9, in check\n    assert candidate(5, 3) == 7.5\n  File \"/tmp/tmpwxr8rt95.py\", line 6, in triangle_area\n    return math.sqrt(2.0 * math.pi * h / a)\nNameError: name 'math' is not defined\n",
      "exit_code": 1,
      "status": "Exception"
    },
    {
      "program": "def triangle_area(a: int, h: int) -> float:\n    \"\"\"Given length of a side and high return area for a triangle.\n    >>> triangle_area(5, 3)\n    7.5\n    \"\"\"\n    return math.sqrt(h * h / 2.0)\n\ndef check(candidate):\n    assert candidate(5, 3) == 7.5\n    assert candidate(2, 2) == 2.0\n    assert candidate(10, 8) == 40.0\n\ndef test_check():\n    check(triangle_area)\n\ntest_check()\n",
      "timestamp": 1673628631,
      "stdout": "",
      "stderr": "Traceback (most recent call last):\n  File \"/tmp/tmp3sv34wzm.py\", line 16, in <module>\n    test_check()\n  File \"/tmp/tmp3sv34wzm.py\", line 14, in test_check\n    check(triangle_area)\n  File \"/tmp/tmp3sv34wzm.py\", line 9, in check\n    assert candidate(5, 3) == 7.5\n  File \"/tmp/tmp3sv34wzm.py\", line 6, in triangle_area\n    return math.sqrt(h * h / 2.0)\nNameError: name 'math' is not defined\n",
      "exit_code": 1,
      "status": "Exception"
    },
    {
      "program": "def triangle_area(a: int, h: int) -> float:\n    \"\"\"Given length of a side and high return area for a triangle.\n    >>> triangle_area(5, 3)\n    7.5\n    \"\"\"\n    return math.sqrt(2.0 * math.pi * h / a)\n\ndef check(candidate):\n    assert candidate(5, 3) == 7.5\n    assert candidate(2, 2) == 2.0\n    assert candidate(10, 8) == 40.0\n\ndef test_check():\n    check(triangle_area)\n\ntest_check()\n",
      "timestamp": 1673628630,
      "stdout": "",
      "stderr": "Traceback (most recent call last):\n  File \"/tmp/tmpwxr8rt95.py\", line 16, in <module>\n    test_check()\n  File \"/tmp/tmpwxr8rt95.py\", line 14, in test_check\n    check(triangle_area)\n  File \"/tmp/tmpwxr8rt95.py\", line 9, in check\n    assert candidate(5, 3) == 7.5\n  File \"/tmp/tmpwxr8rt95.py\", line 6, in triangle_area\n    return math.sqrt(2.0 * math.pi * h / a)\nNameError: name 'math' is not defined\n",
      "exit_code": 1,
      "status": "Exception"
    },
    {
      "program": "def triangle_area(a: int, h: int) -> float:\n    \"\"\"Given length of a side and high return area for a triangle.\n    >>> triangle_area(5, 3)\n    7.5\n    \"\"\"\n    return (a * h) / 2.0\n\n\ndef check(candidate):\n    assert candidate(5, 3) == 7.5\n    assert candidate(2, 2) == 2.0\n    assert candidate(10, 8) == 40.0\n\ndef test_check():\n    check(triangle_area)\n\ntest_check()\n",
      "timestamp": 1673628630,
      "stdout": "",
      "stderr": "",
      "exit_code": 0,
      "status": "OK"
    },
    {
      "program": "def triangle_area(a: int, h: int) -> float:\n    \"\"\"Given length of a side and high return area for a triangle.\n    >>> triangle_area(5, 3)\n    7.5\n    \"\"\"\n    return math.sqrt(2.0 * math.pi * (a + h) / (a + h))\n\ndef check(candidate):\n    assert candidate(5, 3) == 7.5\n    assert candidate(2, 2) == 2.0\n    assert candidate(10, 8) == 40.0\n\ndef test_check():\n    check(triangle_area)\n\ntest_check()\n",
      "timestamp": 1673628631,
      "stdout": "",
      "stderr": "Traceback (most recent call last):\n  File \"/tmp/tmpxlwnn8r8.py\", line 16, in <module>\n    test_check()\n  File \"/tmp/tmpxlwnn8r8.py\", line 14, in test_check\n    check(triangle_area)\n  File \"/tmp/tmpxlwnn8r8.py\", line 9, in check\n    assert candidate(5, 3) == 7.5\n  File \"/tmp/tmpxlwnn8r8.py\", line 6, in triangle_area\n    return math.sqrt(2.0 * math.pi * (a + h) / (a + h))\nNameError: name 'math' is not defined\n",
      "exit_code": 1,
      "status": "Exception"
    },
    {
      "program": "def triangle_area(a: int, h: int) -> float:\n    \"\"\"Given length of a side and high return area for a triangle.\n    >>> triangle_area(5, 3)\n    7.5\n    \"\"\"\n    return (a + h) * (a + h) / 2.0\n<|endoftext|>                                                                                                                                                                                                                                                                                                            \ndef check(candidate):\n    assert candidate(5, 3) == 7.5\n    assert candidate(2, 2) == 2.0\n    assert candidate(10, 8) == 40.0\n\ndef test_check():\n    check(triangle_area)\n\ntest_check()\n",
      "timestamp": 1673628631,
      "stdout": "",
      "stderr": "  File \"/tmp/tmpf9xc_idv.py\", line 7\n    <|endoftext|>                                                                                                                                                                                                                                                                                                            \n    ^\nSyntaxError: invalid syntax\n",
      "exit_code": 1,
      "status": "SyntaxError"
    },
    {
      "program": "def triangle_area(a: int, h: int) -> float:\n    \"\"\"Given length of a side and high return area for a triangle.\n    >>> triangle_area(5, 3)\n    7.5\n    \"\"\"\n    return math.sqrt(2.0 * math.pi * (a * a + h * h))\n<|endoftext|>                                                                                          \ndef check(candidate):\n    assert candidate(5, 3) == 7.5\n    assert candidate(2, 2) == 2.0\n    assert candidate(10, 8) == 40.0\n\ndef test_check():\n    check(triangle_area)\n\ntest_check()\n",
      "timestamp": 1673628631,
      "stdout": "",
      "stderr": "  File \"/tmp/tmpgc6qokzu.py\", line 7\n    <|endoftext|>                                                                                          \n    ^\nSyntaxError: invalid syntax\n",
      "exit_code": 1,
      "status": "SyntaxError"
    },
    {
      "program": "def triangle_area(a: int, h: int) -> float:\n    \"\"\"Given length of a side and high return area for a triangle.\n    >>> triangle_area(5, 3)\n    7.5\n    \"\"\"\n    return (a * a) / (h * h)\n\n\ndef check(candidate):\n    assert candidate(5, 3) == 7.5\n    assert candidate(2, 2) == 2.0\n    assert candidate(10, 8) == 40.0\n\ndef test_check():\n    check(triangle_area)\n\ntest_check()\n",
      "timestamp": 1673628631,
      "stdout": "",
      "stderr": "Traceback (most recent call last):\n  File \"/tmp/tmpsava_ohb.py\", line 17, in <module>\n    test_check()\n  File \"/tmp/tmpsava_ohb.py\", line 15, in test_check\n    check(triangle_area)\n  File \"/tmp/tmpsava_ohb.py\", line 10, in check\n    assert candidate(5, 3) == 7.5\nAssertionError\n",
      "exit_code": 1,
      "status": "Exception"
    },
    {
      "program": "def triangle_area(a: int, h: int) -> float:\n    \"\"\"Given length of a side and high return area for a triangle.\n    >>> triangle_area(5, 3)\n    7.5\n    \"\"\"\n    return math.sqrt(2.0 * math.pi * a * h / (2.0 * a))\n<|endoftext|>                              \ndef check(candidate):\n    assert candidate(5, 3) == 7.5\n    assert candidate(2, 2) == 2.0\n    assert candidate(10, 8) == 40.0\n\ndef test_check():\n    check(triangle_area)\n\ntest_check()\n",
      "timestamp": 1673628631,
      "stdout": "",
      "stderr": "  File \"/tmp/tmp3yra2ag3.py\", line 7\n    <|endoftext|>                              \n    ^\nSyntaxError: invalid syntax\n",
      "exit_code": 1,
      "status": "SyntaxError"
    },
    {
      "program": "def triangle_area(a: int, h: int) -> float:\n    \"\"\"Given length of a side and high return area for a triangle.\n    >>> triangle_area(5, 3)\n    7.5\n    \"\"\"\n    return math.sqrt(2.0 * math.pi * h * h / a)\n<|endoftext|>                                                                                                                                                                                    \ndef check(candidate):\n    assert candidate(5, 3) == 7.5\n    assert candidate(2, 2) == 2.0\n    assert candidate(10, 8) == 40.0\n\ndef test_check():\n    check(triangle_area)\n\ntest_check()\n",
      "timestamp": 1673628631,
      "stdout": "",
      "stderr": "  File \"/tmp/tmpcund4kci.py\", line 7\n    <|endoftext|>                                                                                                                                                                                    \n    ^\nSyntaxError: invalid syntax\n",
      "exit_code": 1,
      "status": "SyntaxError"
    },
    {
      "program": "def triangle_area(a: int, h: int) -> float:\n    \"\"\"Given length of a side and high return area for a triangle.\n    >>> triangle_area(5, 3)\n    7.5\n    \"\"\"\n    return (h * h) / 2.0\n\n\ndef check(candidate):\n    assert candidate(5, 3) == 7.5\n    assert candidate(2, 2) == 2.0\n    assert candidate(10, 8) == 40.0\n\ndef test_check():\n    check(triangle_area)\n\ntest_check()\n",
      "timestamp": 1673628631,
      "stdout": "",
      "stderr": "Traceback (most recent call last):\n  File \"/tmp/tmpyvuv0qf7.py\", line 17, in <module>\n    test_check()\n  File \"/tmp/tmpyvuv0qf7.py\", line 15, in test_check\n    check(triangle_area)\n  File \"/tmp/tmpyvuv0qf7.py\", line 10, in check\n    assert candidate(5, 3) == 7.5\nAssertionError\n",
      "exit_code": 1,
      "status": "Exception"
    },
    {
      "program": "def triangle_area(a: int, h: int) -> float:\n    \"\"\"Given length of a side and high return area for a triangle.\n    >>> triangle_area(5, 3)\n    7.5\n    \"\"\"\n    return (a + h) * (a + h) / 2.0\n\n\ndef check(candidate):\n    assert candidate(5, 3) == 7.5\n    assert candidate(2, 2) == 2.0\n    assert candidate(10, 8) == 40.0\n\ndef test_check():\n    check(triangle_area)\n\ntest_check()\n",
      "timestamp": 1673628630,
      "stdout": "",
      "stderr": "Traceback (most recent call last):\n  File \"/tmp/tmpemt0mt9g.py\", line 17, in <module>\n    test_check()\n  File \"/tmp/tmpemt0mt9g.py\", line 15, in test_check\n    check(triangle_area)\n  File \"/tmp/tmpemt0mt9g.py\", line 10, in check\n    assert candidate(5, 3) == 7.5\nAssertionError\n",
      "exit_code": 1,
      "status": "Exception"
    },
    {
      "program": "def triangle_area(a: int, h: int) -> float:\n    \"\"\"Given length of a side and high return area for a triangle.\n    >>> triangle_area(5, 3)\n    7.5\n    \"\"\"\n    return math.sqrt(a * a + h * h)\n\ndef check(candidate):\n    assert candidate(5, 3) == 7.5\n    assert candidate(2, 2) == 2.0\n    assert candidate(10, 8) == 40.0\n\ndef test_check():\n    check(triangle_area)\n\ntest_check()\n",
      "timestamp": 1673628631,
      "stdout": "",
      "stderr": "Traceback (most recent call last):\n  File \"/tmp/tmpemubxt70.py\", line 16, in <module>\n    test_check()\n  File \"/tmp/tmpemubxt70.py\", line 14, in test_check\n    check(triangle_area)\n  File \"/tmp/tmpemubxt70.py\", line 9, in check\n    assert candidate(5, 3) == 7.5\n  File \"/tmp/tmpemubxt70.py\", line 6, in triangle_area\n    return math.sqrt(a * a + h * h)\nNameError: name 'math' is not defined\n",
      "exit_code": 1,
      "status": "Exception"
    },
    {
      "program": "def triangle_area(a: int, h: int) -> float:\n    \"\"\"Given length of a side and high return area for a triangle.\n    >>> triangle_area(5, 3)\n    7.5\n    \"\"\"\n    return math.sqrt(2.0 * math.pi * h / a)\n\ndef check(candidate):\n    assert candidate(5, 3) == 7.5\n    assert candidate(2, 2) == 2.0\n    assert candidate(10, 8) == 40.0\n\ndef test_check():\n    check(triangle_area)\n\ntest_check()\n",
      "timestamp": 1673628630,
      "stdout": "",
      "stderr": "Traceback (most recent call last):\n  File \"/tmp/tmpwxr8rt95.py\", line 16, in <module>\n    test_check()\n  File \"/tmp/tmpwxr8rt95.py\", line 14, in test_check\n    check(triangle_area)\n  File \"/tmp/tmpwxr8rt95.py\", line 9, in check\n    assert candidate(5, 3) == 7.5\n  File \"/tmp/tmpwxr8rt95.py\", line 6, in triangle_area\n    return math.sqrt(2.0 * math.pi * h / a)\nNameError: name 'math' is not defined\n",
      "exit_code": 1,
      "status": "Exception"
    },
    {
      "program": "def triangle_area(a: int, h: int) -> float:\n    \"\"\"Given length of a side and high return area for a triangle.\n    >>> triangle_area(5, 3)\n    7.5\n    \"\"\"\n    return (a + h) * (a + h) / 2.0\n<|endoftext|>                                                                                                                                                                                                                                                                                                            \ndef check(candidate):\n    assert candidate(5, 3) == 7.5\n    assert candidate(2, 2) == 2.0\n    assert candidate(10, 8) == 40.0\n\ndef test_check():\n    check(triangle_area)\n\ntest_check()\n",
      "timestamp": 1673628631,
      "stdout": "",
      "stderr": "  File \"/tmp/tmpf9xc_idv.py\", line 7\n    <|endoftext|>                                                                                                                                                                                                                                                                                                            \n    ^\nSyntaxError: invalid syntax\n",
      "exit_code": 1,
      "status": "SyntaxError"
    },
    {
      "program": "def triangle_area(a: int, h: int) -> float:\n    \"\"\"Given length of a side and high return area for a triangle.\n    >>> triangle_area(5, 3)\n    7.5\n    \"\"\"\n    return math.sqrt(2 * math.pi * h / a)\n<|endoftext|>                                                                                                                                                                                                                                                                                                            \ndef check(candidate):\n    assert candidate(5, 3) == 7.5\n    assert candidate(2, 2) == 2.0\n    assert candidate(10, 8) == 40.0\n\ndef test_check():\n    check(triangle_area)\n\ntest_check()\n",
      "timestamp": 1673628631,
      "stdout": "",
      "stderr": "  File \"/tmp/tmp65wto7ex.py\", line 7\n    <|endoftext|>                                                                                                                                                                                                                                                                                                            \n    ^\nSyntaxError: invalid syntax\n",
      "exit_code": 1,
      "status": "SyntaxError"
    },
    {
      "program": "def triangle_area(a: int, h: int) -> float:\n    \"\"\"Given length of a side and high return area for a triangle.\n    >>> triangle_area(5, 3)\n    7.5\n    \"\"\"\n    return math.sqrt(2.0 * math.pi * h / (a + h))\n<|endoftext|>                                                                                                                                                      \ndef check(candidate):\n    assert candidate(5, 3) == 7.5\n    assert candidate(2, 2) == 2.0\n    assert candidate(10, 8) == 40.0\n\ndef test_check():\n    check(triangle_area)\n\ntest_check()\n",
      "timestamp": 1673628631,
      "stdout": "",
      "stderr": "  File \"/tmp/tmpk_a7wp5y.py\", line 7\n    <|endoftext|>                                                                                                                                                      \n    ^\nSyntaxError: invalid syntax\n",
      "exit_code": 1,
      "status": "SyntaxError"
    }
  ]
}