{
  "name": "HumanEval_52_below_threshold",
  "language": "fs",
  "prompt": "//Return True if all numbers in the list l are below threshold t.\n// >>> below_threshold([1, 2, 4, 10], 100)\n// True\n// >>> below_threshold([1, 20, 4, 10], 5)\n// False\nlet below_threshold l t = \n",
  "tests": "let test() = \n  let candidate = below_threshold\n  assert (candidate [1; 2; 4; 10] 100 = true)\n  assert (candidate [1; 20; 4; 10] 5 = false)\n  assert (candidate [1; 20; 4; 10] 21 = true)\n  assert (candidate [1; 20; 4; 10] 22 = true)\n  assert (candidate [1; 8; 4; 10] 11 = true)\n  assert (candidate [1; 8; 4; 10] 10 = false)\n  0\n\ntest()",
  "stop_tokens": [
    "\n(*",
    "\n//",
    "\ntype",
    "\n\n"
  ],
  "results": [
    {
      "program": "//Return True if all numbers in the list l are below threshold t.\n// >>> below_threshold([1, 2, 4, 10], 100)\n// True\n// >>> below_threshold([1, 20, 4, 10], 5)\n// False\nlet below_threshold l t = \n    let rec loop acc =\n        match l with\n        | [] -> acc\n        | x :: xs -> if x <= t then loop (acc + x) xs\n    loop 0\nlet test() = \n  let candidate = below_threshold\n  assert (candidate [1; 2; 4; 10] 100 = true)\n  assert (candidate [1; 20; 4; 10] 5 = false)\n  assert (candidate [1; 20; 4; 10] 21 = true)\n  assert (candidate [1; 20; 4; 10] 22 = true)\n  assert (candidate [1; 8; 4; 10] 11 = true)\n  assert (candidate [1; 8; 4; 10] 10 = false)\n  0\n\ntest()",
      "timestamp": 1675520687,
      "stdout": "",
      "stderr": "\n\n/tmp/tmpvnzpsz8q.fsx(10,37): error FS0003: This value is not a function and cannot be applied.\n\n",
      "exit_code": 1,
      "status": "Exception"
    },
    {
      "program": "//Return True if all numbers in the list l are below threshold t.\n// >>> below_threshold([1, 2, 4, 10], 100)\n// True\n// >>> below_threshold([1, 20, 4, 10], 5)\n// False\nlet below_threshold l t = \n    let rec loop acc = \n        match l with\n        | [] -> acc\n        | x::xs -> if x <= t then loop (acc + x) xs\n    loop 0\nlet test() = \n  let candidate = below_threshold\n  assert (candidate [1; 2; 4; 10] 100 = true)\n  assert (candidate [1; 20; 4; 10] 5 = false)\n  assert (candidate [1; 20; 4; 10] 21 = true)\n  assert (candidate [1; 20; 4; 10] 22 = true)\n  assert (candidate [1; 8; 4; 10] 11 = true)\n  assert (candidate [1; 8; 4; 10] 10 = false)\n  0\n\ntest()",
      "timestamp": 1675520687,
      "stdout": "",
      "stderr": "\n\n/tmp/tmp11y1vfuv.fsx(10,35): error FS0003: This value is not a function and cannot be applied.\n\n",
      "exit_code": 1,
      "status": "Exception"
    },
    {
      "program": "//Return True if all numbers in the list l are below threshold t.\n// >>> below_threshold([1, 2, 4, 10], 100)\n// True\n// >>> below_threshold([1, 20, 4, 10], 5)\n// False\nlet below_threshold l t = \n    let rec check_list l = \n        match l with \n        | [] -> true\n        | x::xs -> \n            if x <= t then check_list xs\n            else false\n    check_list l\nlet test() = \n  let candidate = below_threshold\n  assert (candidate [1; 2; 4; 10] 100 = true)\n  assert (candidate [1; 20; 4; 10] 5 = false)\n  assert (candidate [1; 20; 4; 10] 21 = true)\n  assert (candidate [1; 20; 4; 10] 22 = true)\n  assert (candidate [1; 8; 4; 10] 11 = true)\n  assert (candidate [1; 8; 4; 10] 10 = false)\n  0\n\ntest()",
      "timestamp": 1675520688,
      "stdout": "",
      "stderr": "",
      "exit_code": 0,
      "status": "OK"
    },
    {
      "program": "//Return True if all numbers in the list l are below threshold t.\n// >>> below_threshold([1, 2, 4, 10], 100)\n// True\n// >>> below_threshold([1, 20, 4, 10], 5)\n// False\nlet below_threshold l t = \n    let rec loop i =\n        if i >= l then\n            true\n        else\n            let n = l - i\n            if n <= t then\n                loop (i + 1)\n            else\n                loop (i + 1)\n    loop 0\nlet test() = \n  let candidate = below_threshold\n  assert (candidate [1; 2; 4; 10] 100 = true)\n  assert (candidate [1; 20; 4; 10] 5 = false)\n  assert (candidate [1; 20; 4; 10] 21 = true)\n  assert (candidate [1; 20; 4; 10] 22 = true)\n  assert (candidate [1; 8; 4; 10] 11 = true)\n  assert (candidate [1; 8; 4; 10] 10 = false)\n  0\n\ntest()",
      "timestamp": 1675520687,
      "stdout": "",
      "stderr": "\n\n/tmp/tmpfisaw2kh.fsx(19,21): error FS0001: This expression was expected to have type\n    'int'    \nbut here has type\n    ''a list'    \n\n",
      "exit_code": 1,
      "status": "Exception"
    },
    {
      "program": "//Return True if all numbers in the list l are below threshold t.\n// >>> below_threshold([1, 2, 4, 10], 100)\n// True\n// >>> below_threshold([1, 20, 4, 10], 5)\n// False\nlet below_threshold l t = \n    let rec loop i = \n        if i >= l then false\n        else loop (i+1)\n    loop 0\nlet test() = \n  let candidate = below_threshold\n  assert (candidate [1; 2; 4; 10] 100 = true)\n  assert (candidate [1; 20; 4; 10] 5 = false)\n  assert (candidate [1; 20; 4; 10] 21 = true)\n  assert (candidate [1; 20; 4; 10] 22 = true)\n  assert (candidate [1; 8; 4; 10] 11 = true)\n  assert (candidate [1; 8; 4; 10] 10 = false)\n  0\n\ntest()",
      "timestamp": 1675520687,
      "stdout": "",
      "stderr": "\n\n/tmp/tmpkeioi0kt.fsx(13,21): error FS0001: This expression was expected to have type\n    'int'    \nbut here has type\n    ''a list'    \n\n",
      "exit_code": 1,
      "status": "Exception"
    },
    {
      "program": "//Return True if all numbers in the list l are below threshold t.\n// >>> below_threshold([1, 2, 4, 10], 100)\n// True\n// >>> below_threshold([1, 20, 4, 10], 5)\n// False\nlet below_threshold l t = \n    let rec loop i = \n        if i >= l then \n            true\n        else\n            if t > i then \n                loop (i+1)\n            else \n                false\n    loop 0\nlet test() = \n  let candidate = below_threshold\n  assert (candidate [1; 2; 4; 10] 100 = true)\n  assert (candidate [1; 20; 4; 10] 5 = false)\n  assert (candidate [1; 20; 4; 10] 21 = true)\n  assert (candidate [1; 20; 4; 10] 22 = true)\n  assert (candidate [1; 8; 4; 10] 11 = true)\n  assert (candidate [1; 8; 4; 10] 10 = false)\n  0\n\ntest()",
      "timestamp": 1675520687,
      "stdout": "",
      "stderr": "\n\n/tmp/tmpdc1wxzsh.fsx(18,21): error FS0001: This expression was expected to have type\n    'int'    \nbut here has type\n    ''a list'    \n\n",
      "exit_code": 1,
      "status": "Exception"
    },
    {
      "program": "//Return True if all numbers in the list l are below threshold t.\n// >>> below_threshold([1, 2, 4, 10], 100)\n// True\n// >>> below_threshold([1, 20, 4, 10], 5)\n// False\nlet below_threshold l t = \n    let rec loop acc = \n        match l with \n        | [] -> acc\n        | x :: xs -> if x <= t then loop (acc + xs) else acc\n    loop 0\nlet test() = \n  let candidate = below_threshold\n  assert (candidate [1; 2; 4; 10] 100 = true)\n  assert (candidate [1; 20; 4; 10] 5 = false)\n  assert (candidate [1; 20; 4; 10] 21 = true)\n  assert (candidate [1; 20; 4; 10] 22 = true)\n  assert (candidate [1; 8; 4; 10] 11 = true)\n  assert (candidate [1; 8; 4; 10] 10 = false)\n  0\n\ntest()",
      "timestamp": 1675520687,
      "stdout": "",
      "stderr": "\n\n/tmp/tmpkuijc22h.fsx(11,10): error FS0001: The type ''a list' does not match the type 'int'\n\n",
      "exit_code": 1,
      "status": "Exception"
    },
    {
      "program": "//Return True if all numbers in the list l are below threshold t.\n// >>> below_threshold([1, 2, 4, 10], 100)\n// True\n// >>> below_threshold([1, 20, 4, 10], 5)\n// False\nlet below_threshold l t = \n    let rec loop acc = \n        match l with\n        | [] -> acc\n        | x::xs -> \n            if x <= t then loop (acc + xs)\n            else loop (acc + xs)\n    loop 0\nlet test() = \n  let candidate = below_threshold\n  assert (candidate [1; 2; 4; 10] 100 = true)\n  assert (candidate [1; 20; 4; 10] 5 = false)\n  assert (candidate [1; 20; 4; 10] 21 = true)\n  assert (candidate [1; 20; 4; 10] 22 = true)\n  assert (candidate [1; 8; 4; 10] 11 = true)\n  assert (candidate [1; 8; 4; 10] 10 = false)\n  0\n\ntest()",
      "timestamp": 1675520687,
      "stdout": "",
      "stderr": "\n\n/tmp/tmpok32uui5.fsx(13,10): error FS0001: The type ''a list' does not match the type 'int'\n\n",
      "exit_code": 1,
      "status": "Exception"
    },
    {
      "program": "//Return True if all numbers in the list l are below threshold t.\n// >>> below_threshold([1, 2, 4, 10], 100)\n// True\n// >>> below_threshold([1, 20, 4, 10], 5)\n// False\nlet below_threshold l t = \n    let rec loop i =\n        if i >= l then\n            false\n        else\n            let n = l - i\n            if n < t then\n                loop (i + 1)\n            else\n                true\n    loop 0\nlet test() = \n  let candidate = below_threshold\n  assert (candidate [1; 2; 4; 10] 100 = true)\n  assert (candidate [1; 20; 4; 10] 5 = false)\n  assert (candidate [1; 20; 4; 10] 21 = true)\n  assert (candidate [1; 20; 4; 10] 22 = true)\n  assert (candidate [1; 8; 4; 10] 11 = true)\n  assert (candidate [1; 8; 4; 10] 10 = false)\n  0\n\ntest()",
      "timestamp": 1675520687,
      "stdout": "",
      "stderr": "\n\n/tmp/tmpd2v1zxr2.fsx(19,21): error FS0001: This expression was expected to have type\n    'int'    \nbut here has type\n    ''a list'    \n\n",
      "exit_code": 1,
      "status": "Exception"
    },
    {
      "program": "//Return True if all numbers in the list l are below threshold t.\n// >>> below_threshold([1, 2, 4, 10], 100)\n// True\n// >>> below_threshold([1, 20, 4, 10], 5)\n// False\nlet below_threshold l t = \n    let rec loop acc = \n        match l with \n        | [] -> acc\n        | x::xs -> if x < t then loop (acc + x) else loop (acc + x)\n    loop 0\nlet test() = \n  let candidate = below_threshold\n  assert (candidate [1; 2; 4; 10] 100 = true)\n  assert (candidate [1; 20; 4; 10] 5 = false)\n  assert (candidate [1; 20; 4; 10] 21 = true)\n  assert (candidate [1; 20; 4; 10] 22 = true)\n  assert (candidate [1; 8; 4; 10] 11 = true)\n  assert (candidate [1; 8; 4; 10] 10 = false)\n  0\n\ntest()",
      "timestamp": 1675520687,
      "stdout": "",
      "stderr": "\n\n/tmp/tmpl4mk7_ve.fsx(14,41): error FS0001: This expression was expected to have type\n    'int'    \nbut here has type\n    'bool'    \n\n",
      "exit_code": 1,
      "status": "Exception"
    },
    {
      "program": "//Return True if all numbers in the list l are below threshold t.\n// >>> below_threshold([1, 2, 4, 10], 100)\n// True\n// >>> below_threshold([1, 20, 4, 10], 5)\n// False\nlet below_threshold l t = \n    let rec loop i = \n        if i <= l then true\n        else loop (i - 1)\n    loop 0\nlet test() = \n  let candidate = below_threshold\n  assert (candidate [1; 2; 4; 10] 100 = true)\n  assert (candidate [1; 20; 4; 10] 5 = false)\n  assert (candidate [1; 20; 4; 10] 21 = true)\n  assert (candidate [1; 20; 4; 10] 22 = true)\n  assert (candidate [1; 8; 4; 10] 11 = true)\n  assert (candidate [1; 8; 4; 10] 10 = false)\n  0\n\ntest()",
      "timestamp": 1675520687,
      "stdout": "",
      "stderr": "\n\n/tmp/tmp7_6kl436.fsx(13,21): error FS0001: This expression was expected to have type\n    'int'    \nbut here has type\n    ''a list'    \n\n",
      "exit_code": 1,
      "status": "Exception"
    },
    {
      "program": "//Return True if all numbers in the list l are below threshold t.\n// >>> below_threshold([1, 2, 4, 10], 100)\n// True\n// >>> below_threshold([1, 20, 4, 10], 5)\n// False\nlet below_threshold l t = \n    let rec loop acc = \n        match l with \n        | [] -> acc\n        | x::xs -> if x < t then loop (acc + x) else acc\n    loop 0\nlet test() = \n  let candidate = below_threshold\n  assert (candidate [1; 2; 4; 10] 100 = true)\n  assert (candidate [1; 20; 4; 10] 5 = false)\n  assert (candidate [1; 20; 4; 10] 21 = true)\n  assert (candidate [1; 20; 4; 10] 22 = true)\n  assert (candidate [1; 8; 4; 10] 11 = true)\n  assert (candidate [1; 8; 4; 10] 10 = false)\n  0\n\ntest()",
      "timestamp": 1675520687,
      "stdout": "",
      "stderr": "\n\n/tmp/tmp_8ou2e33.fsx(14,41): error FS0001: This expression was expected to have type\n    'int'    \nbut here has type\n    'bool'    \n\n",
      "exit_code": 1,
      "status": "Exception"
    },
    {
      "program": "//Return True if all numbers in the list l are below threshold t.\n// >>> below_threshold([1, 2, 4, 10], 100)\n// True\n// >>> below_threshold([1, 20, 4, 10], 5)\n// False\nlet below_threshold l t = \n    let rec loop i = \n        if i >= l then true\n        else loop (i + 1)\n    loop 0\nlet test() = \n  let candidate = below_threshold\n  assert (candidate [1; 2; 4; 10] 100 = true)\n  assert (candidate [1; 20; 4; 10] 5 = false)\n  assert (candidate [1; 20; 4; 10] 21 = true)\n  assert (candidate [1; 20; 4; 10] 22 = true)\n  assert (candidate [1; 8; 4; 10] 11 = true)\n  assert (candidate [1; 8; 4; 10] 10 = false)\n  0\n\ntest()",
      "timestamp": 1675520687,
      "stdout": "",
      "stderr": "\n\n/tmp/tmpv4yjdtai.fsx(13,21): error FS0001: This expression was expected to have type\n    'int'    \nbut here has type\n    ''a list'    \n\n",
      "exit_code": 1,
      "status": "Exception"
    },
    {
      "program": "//Return True if all numbers in the list l are below threshold t.\n// >>> below_threshold([1, 2, 4, 10], 100)\n// True\n// >>> below_threshold([1, 20, 4, 10], 5)\n// False\nlet below_threshold l t = \n    let rec loop i =\n        if i < l then\n            if t <= i then\n                true\n            else\n                loop (i + 1)\n        else\n            false\n    loop 0\nlet test() = \n  let candidate = below_threshold\n  assert (candidate [1; 2; 4; 10] 100 = true)\n  assert (candidate [1; 20; 4; 10] 5 = false)\n  assert (candidate [1; 20; 4; 10] 21 = true)\n  assert (candidate [1; 20; 4; 10] 22 = true)\n  assert (candidate [1; 8; 4; 10] 11 = true)\n  assert (candidate [1; 8; 4; 10] 10 = false)\n  0\n\ntest()",
      "timestamp": 1675520687,
      "stdout": "",
      "stderr": "\n\n/tmp/tmpu5cgexw3.fsx(18,21): error FS0001: This expression was expected to have type\n    'int'    \nbut here has type\n    ''a list'    \n\n",
      "exit_code": 1,
      "status": "Exception"
    },
    {
      "program": "//Return True if all numbers in the list l are below threshold t.\n// >>> below_threshold([1, 2, 4, 10], 100)\n// True\n// >>> below_threshold([1, 20, 4, 10], 5)\n// False\nlet below_threshold l t = \n    let rec loop acc = \n        match l with\n        | [] -> acc\n        | x::xs -> \n            if x <= t then loop (acc + x) xs\n            else loop (acc + x) xs\n    loop 0 l\nlet test() = \n  let candidate = below_threshold\n  assert (candidate [1; 2; 4; 10] 100 = true)\n  assert (candidate [1; 20; 4; 10] 5 = false)\n  assert (candidate [1; 20; 4; 10] 21 = true)\n  assert (candidate [1; 20; 4; 10] 22 = true)\n  assert (candidate [1; 8; 4; 10] 11 = true)\n  assert (candidate [1; 8; 4; 10] 10 = false)\n  0\n\ntest()",
      "timestamp": 1675520687,
      "stdout": "",
      "stderr": "\n\n/tmp/tmpsh9ur6lk.fsx(11,28): error FS0001: Type mismatch. Expecting a\n    ''a -> 'b'    \nbut given a\n    ''b'    \nThe types ''a' and ''b -> 'a' cannot be unified.\n\n",
      "exit_code": 1,
      "status": "Exception"
    },
    {
      "program": "//Return True if all numbers in the list l are below threshold t.\n// >>> below_threshold([1, 2, 4, 10], 100)\n// True\n// >>> below_threshold([1, 20, 4, 10], 5)\n// False\nlet below_threshold l t = \n    let rec loop acc = function\n        | [] -> acc\n        | x :: xs -> if x <= t then loop (acc + x) xs else acc\n    loop 0 l\nlet test() = \n  let candidate = below_threshold\n  assert (candidate [1; 2; 4; 10] 100 = true)\n  assert (candidate [1; 20; 4; 10] 5 = false)\n  assert (candidate [1; 20; 4; 10] 21 = true)\n  assert (candidate [1; 20; 4; 10] 22 = true)\n  assert (candidate [1; 8; 4; 10] 11 = true)\n  assert (candidate [1; 8; 4; 10] 10 = false)\n  0\n\ntest()",
      "timestamp": 1675520687,
      "stdout": "",
      "stderr": "\n\n/tmp/tmp4v0bkn7b.fsx(13,41): error FS0001: This expression was expected to have type\n    'int'    \nbut here has type\n    'bool'    \n\n",
      "exit_code": 1,
      "status": "Exception"
    },
    {
      "program": "//Return True if all numbers in the list l are below threshold t.\n// >>> below_threshold([1, 2, 4, 10], 100)\n// True\n// >>> below_threshold([1, 20, 4, 10], 5)\n// False\nlet below_threshold l t = \n    let rec loop acc = \n        match l with \n        | [] -> acc\n        | x::xs -> \n            if x <= t then loop (acc + x) xs\n            else loop (acc + x) xs\n    loop 0 l\nlet test() = \n  let candidate = below_threshold\n  assert (candidate [1; 2; 4; 10] 100 = true)\n  assert (candidate [1; 20; 4; 10] 5 = false)\n  assert (candidate [1; 20; 4; 10] 21 = true)\n  assert (candidate [1; 20; 4; 10] 22 = true)\n  assert (candidate [1; 8; 4; 10] 11 = true)\n  assert (candidate [1; 8; 4; 10] 10 = false)\n  0\n\ntest()",
      "timestamp": 1675520687,
      "stdout": "",
      "stderr": "\n\n/tmp/tmponds8ops.fsx(11,28): error FS0001: Type mismatch. Expecting a\n    ''a -> 'b'    \nbut given a\n    ''b'    \nThe types ''a' and ''b -> 'a' cannot be unified.\n\n",
      "exit_code": 1,
      "status": "Exception"
    },
    {
      "program": "//Return True if all numbers in the list l are below threshold t.\n// >>> below_threshold([1, 2, 4, 10], 100)\n// True\n// >>> below_threshold([1, 20, 4, 10], 5)\n// False\nlet below_threshold l t = \n    let rec loop i = \n        if i >= l then true\n        else \n            if t > i then loop (i+1)\n            else loop (i+1)\n    loop 0\nlet test() = \n  let candidate = below_threshold\n  assert (candidate [1; 2; 4; 10] 100 = true)\n  assert (candidate [1; 20; 4; 10] 5 = false)\n  assert (candidate [1; 20; 4; 10] 21 = true)\n  assert (candidate [1; 20; 4; 10] 22 = true)\n  assert (candidate [1; 8; 4; 10] 11 = true)\n  assert (candidate [1; 8; 4; 10] 10 = false)\n  0\n\ntest()",
      "timestamp": 1675520687,
      "stdout": "",
      "stderr": "\n\n/tmp/tmpbnff06m9.fsx(15,21): error FS0001: This expression was expected to have type\n    'int'    \nbut here has type\n    ''a list'    \n\n",
      "exit_code": 1,
      "status": "Exception"
    },
    {
      "program": "//Return True if all numbers in the list l are below threshold t.\n// >>> below_threshold([1, 2, 4, 10], 100)\n// True\n// >>> below_threshold([1, 20, 4, 10], 5)\n// False\nlet below_threshold l t = \n    let rec loop i = \n        if i >= l then \n            true\n        else\n            let n = l - i\n            if n < t then \n                loop (i + 1)\n            else\n                loop (i + 1)\n    loop 0\nlet test() = \n  let candidate = below_threshold\n  assert (candidate [1; 2; 4; 10] 100 = true)\n  assert (candidate [1; 20; 4; 10] 5 = false)\n  assert (candidate [1; 20; 4; 10] 21 = true)\n  assert (candidate [1; 20; 4; 10] 22 = true)\n  assert (candidate [1; 8; 4; 10] 11 = true)\n  assert (candidate [1; 8; 4; 10] 10 = false)\n  0\n\ntest()",
      "timestamp": 1675520687,
      "stdout": "",
      "stderr": "\n\n/tmp/tmp5f58wkbc.fsx(19,21): error FS0001: This expression was expected to have type\n    'int'    \nbut here has type\n    ''a list'    \n\n",
      "exit_code": 1,
      "status": "Exception"
    },
    {
      "program": "//Return True if all numbers in the list l are below threshold t.\n// >>> below_threshold([1, 2, 4, 10], 100)\n// True\n// >>> below_threshold([1, 20, 4, 10], 5)\n// False\nlet below_threshold l t = \n    let rec loop acc = \n        match l with\n        | [] -> acc\n        | x::xs -> \n            if x <= t then loop (acc + xs)\n            else loop (acc + xs)\n    loop 0\nlet test() = \n  let candidate = below_threshold\n  assert (candidate [1; 2; 4; 10] 100 = true)\n  assert (candidate [1; 20; 4; 10] 5 = false)\n  assert (candidate [1; 20; 4; 10] 21 = true)\n  assert (candidate [1; 20; 4; 10] 22 = true)\n  assert (candidate [1; 8; 4; 10] 11 = true)\n  assert (candidate [1; 8; 4; 10] 10 = false)\n  0\n\ntest()",
      "timestamp": 1675520687,
      "stdout": "",
      "stderr": "\n\n/tmp/tmpok32uui5.fsx(13,10): error FS0001: The type ''a list' does not match the type 'int'\n\n",
      "exit_code": 1,
      "status": "Exception"
    }
  ]
}