{
  "name": "HumanEval_45_triangle_area",
  "language": "fs",
  "prompt": "//Given length of a side and high return area for a triangle.\n// >>> triangle_area(5, 3)\n// 7.5\nlet triangle_area a h = \n",
  "tests": "let test() = \n  let candidate = triangle_area\n  assert (candidate 5 3 = 7.5)\n  assert (candidate 2 2 = 2.0)\n  assert (candidate 10 8 = 40.0)\n  0\n\ntest()",
  "stop_tokens": [
    "\n(*",
    "\n//",
    "\ntype",
    "\n\n"
  ],
  "results": [
    {
      "program": "//Given length of a side and high return area for a triangle.\n// >>> triangle_area(5, 3)\n// 7.5\nlet triangle_area a h = \n    let rec area_rec a h = \n        if h = 0 then 0.0\n        else \n            let h' = h - 1\n            let h'' = h' - 1\n            let h''' = h'' - 1\n            let h'''' = h'''' - 1\n            let h'''''' = h'''''' - 1\n            let h'''''''' = h'''''''' - 1\n            let h'''''''' = h'''''''''' - 1\n            let h'''''''' = h'''''''''' - 1\n            let h'''''''' = h'''''''''' - 1\n            let h'''''''' = h'''''''''' - 1\n            let h'''''''' = h'''''''''' - 1\n            let h'''''''' = h'''''''''' - 1\n            let h'''''''' = h'''''''''' - 1\n            let h'''''''' = h'''''''''' - 1\n            let h'''''''' = h'''''''''' - 1\n            let h'''''''' = h'''''''''' - 1\n            let h'''''''' = h'''''''''' - 1\n            let h'''''''' = h'''''''''' - 1\n            let h'''''''' = h'''''''''' - 1\n            let h'''''''' = h'''''''''' - 1\n            let h'''''''' = h'''''''''' - 1\n            let h'''''''' = h'''''''''' - 1\n            let h'''''''' = h'''''''''' - 1\n            let h'''''''' = h'''''''''' - 1\n            let h'''''''' = h'''''''''' - 1\n            let h'''''''' = h'''''''''' - 1\n            let h'''''''' = h'''''''''' - 1\n            let h'''''''' = h'''''''''' - 1\n            let h'''''''' = h'''''''''' - 1\n            let h'''''''' = h'''''''''' - 1\n            let h''''''''\nlet test() = \n  let candidate = triangle_area\n  assert (candidate 5 3 = 7.5)\n  assert (candidate 2 2 = 2.0)\n  assert (candidate 10 8 = 40.0)\n  0\n\ntest()",
      "timestamp": 1675520703,
      "stdout": "",
      "stderr": "\n\n/tmp/tmpg48qr8n4.fsx(39,1): error FS0010: Incomplete structured construct at or before this point in binding. Expected '=' or other token.\n\n",
      "exit_code": 1,
      "status": "Exception"
    },
    {
      "program": "//Given length of a side and high return area for a triangle.\n// >>> triangle_area(5, 3)\n// 7.5\nlet triangle_area a h = \n    let rec triangle_area_rec (a:int) (h:int) =\n        if a = h then h\n        else triangle_area_rec (a+1) (h-1)\n    triangle_area_rec a h\nlet test() = \n  let candidate = triangle_area\n  assert (candidate 5 3 = 7.5)\n  assert (candidate 2 2 = 2.0)\n  assert (candidate 10 8 = 40.0)\n  0\n\ntest()",
      "timestamp": 1675520704,
      "stdout": "",
      "stderr": "\n\n/tmp/tmp53c28qt3.fsx(11,27): error FS0001: This expression was expected to have type\n    'int'    \nbut here has type\n    'float'    \n\n",
      "exit_code": 1,
      "status": "Exception"
    },
    {
      "program": "//Given length of a side and high return area for a triangle.\n// >>> triangle_area(5, 3)\n// 7.5\nlet triangle_area a h = \n    let rec triangle_area_rec a h = \n        match a with\n        | 0 -> h\n        | _ -> triangle_area_rec (a - 1) (h - 1)\n    triangle_area_rec a h\nlet test() = \n  let candidate = triangle_area\n  assert (candidate 5 3 = 7.5)\n  assert (candidate 2 2 = 2.0)\n  assert (candidate 10 8 = 40.0)\n  0\n\ntest()",
      "timestamp": 1675520704,
      "stdout": "",
      "stderr": "\n\n/tmp/tmp3yzd28bt.fsx(12,27): error FS0001: This expression was expected to have type\n    'int'    \nbut here has type\n    'float'    \n\n",
      "exit_code": 1,
      "status": "Exception"
    },
    {
      "program": "//Given length of a side and high return area for a triangle.\n// >>> triangle_area(5, 3)\n// 7.5\nlet triangle_area a h = \n    let rec triangle_area_rec (a:int) (h:int) =\n        if a = h then h\n        else triangle_area_rec (a+1) (h-1)\n    triangle_area_rec a h\nlet test() = \n  let candidate = triangle_area\n  assert (candidate 5 3 = 7.5)\n  assert (candidate 2 2 = 2.0)\n  assert (candidate 10 8 = 40.0)\n  0\n\ntest()",
      "timestamp": 1675520704,
      "stdout": "",
      "stderr": "\n\n/tmp/tmp53c28qt3.fsx(11,27): error FS0001: This expression was expected to have type\n    'int'    \nbut here has type\n    'float'    \n\n",
      "exit_code": 1,
      "status": "Exception"
    },
    {
      "program": "//Given length of a side and high return area for a triangle.\n// >>> triangle_area(5, 3)\n// 7.5\nlet triangle_area a h = \n    let rec triangle_area_rec a h = \n        match h with\n        | 0 -> 0.0\n        | _ -> triangle_area_rec (a + h) (h - 1)\n    triangle_area_rec a a\nlet test() = \n  let candidate = triangle_area\n  assert (candidate 5 3 = 7.5)\n  assert (candidate 2 2 = 2.0)\n  assert (candidate 10 8 = 40.0)\n  0\n\ntest()",
      "timestamp": 1675520704,
      "stdout": "",
      "stderr": "",
      "exit_code": 0,
      "status": "OK"
    },
    {
      "program": "//Given length of a side and high return area for a triangle.\n// >>> triangle_area(5, 3)\n// 7.5\nlet triangle_area a h = \n    let rec triangle_area_rec a h = \n        if h = 0 then 0\n        else\n            let h' = h / 2\n            let h'' = h' - h\n            let h''' = h'' / 2\n            triangle_area_rec a h''\n    triangle_area_rec a a\nlet test() = \n  let candidate = triangle_area\n  assert (candidate 5 3 = 7.5)\n  assert (candidate 2 2 = 2.0)\n  assert (candidate 10 8 = 40.0)\n  0\n\ntest()",
      "timestamp": 1675520704,
      "stdout": "",
      "stderr": "\n\n/tmp/tmpdkdtd3g4.fsx(15,27): error FS0001: This expression was expected to have type\n    'int'    \nbut here has type\n    'float'    \n\n",
      "exit_code": 1,
      "status": "Exception"
    },
    {
      "program": "//Given length of a side and high return area for a triangle.\n// >>> triangle_area(5, 3)\n// 7.5\nlet triangle_area a h = \n    let rec triangle_area_rec a h = \n        match h with\n        | 0 -> 0\n        | 1 -> 1\n        | _ -> triangle_area_rec (a - 1) (h - 1)\n    triangle_area_rec a a\nlet test() = \n  let candidate = triangle_area\n  assert (candidate 5 3 = 7.5)\n  assert (candidate 2 2 = 2.0)\n  assert (candidate 10 8 = 40.0)\n  0\n\ntest()",
      "timestamp": 1675520704,
      "stdout": "",
      "stderr": "\n\n/tmp/tmp6_jvwy7u.fsx(13,27): error FS0001: This expression was expected to have type\n    'int'    \nbut here has type\n    'float'    \n\n",
      "exit_code": 1,
      "status": "Exception"
    },
    {
      "program": "//Given length of a side and high return area for a triangle.\n// >>> triangle_area(5, 3)\n// 7.5\nlet triangle_area a h = \n    let rec triangle_area_rec a h = \n        let rec triangle_area_rec_rec a h = \n            if a = h then h\n            else triangle_area_rec_rec (a + h) (h - a)\n        triangle_area_rec_rec a h\n    triangle_area_rec a h\nlet test() = \n  let candidate = triangle_area\n  assert (candidate 5 3 = 7.5)\n  assert (candidate 2 2 = 2.0)\n  assert (candidate 10 8 = 40.0)\n  0\n\ntest()",
      "timestamp": 1675520704,
      "stdout": "",
      "stderr": "\n\n/tmp/tmp_8okgf3k.fsx(13,27): error FS0001: This expression was expected to have type\n    'int'    \nbut here has type\n    'float'    \n\n",
      "exit_code": 1,
      "status": "Exception"
    },
    {
      "program": "//Given length of a side and high return area for a triangle.\n// >>> triangle_area(5, 3)\n// 7.5\nlet triangle_area a h = \n    let rec triangle_area_rec a h = \n        match h with\n        | 0 -> a\n        | _ -> triangle_area_rec (a - 1) (h - 1)\n    triangle_area_rec a a\nlet test() = \n  let candidate = triangle_area\n  assert (candidate 5 3 = 7.5)\n  assert (candidate 2 2 = 2.0)\n  assert (candidate 10 8 = 40.0)\n  0\n\ntest()",
      "timestamp": 1675520704,
      "stdout": "",
      "stderr": "\n\n/tmp/tmpway1ia06.fsx(12,27): error FS0001: This expression was expected to have type\n    'int'    \nbut here has type\n    'float'    \n\n",
      "exit_code": 1,
      "status": "Exception"
    },
    {
      "program": "//Given length of a side and high return area for a triangle.\n// >>> triangle_area(5, 3)\n// 7.5\nlet triangle_area a h = \n    let rec triangle_area_rec a h = \n        match h with\n        | 0 -> 0.0\n        | 1 -> 1.0\n        | 2 -> 2.0\n        | 3 -> 3.0\n        | 4 -> 4.0\n        | 5 -> 5.0\n        | _ -> triangle_area_rec (a + 1.0) (h - 1.0)\n    triangle_area_rec a a\nlet test() = \n  let candidate = triangle_area\n  assert (candidate 5 3 = 7.5)\n  assert (candidate 2 2 = 2.0)\n  assert (candidate 10 8 = 40.0)\n  0\n\ntest()",
      "timestamp": 1675520704,
      "stdout": "",
      "stderr": "\n\n/tmp/tmpzo8coptn.fsx(13,49): error FS0001: The type 'float' does not match the type 'int'\n\n",
      "exit_code": 1,
      "status": "Exception"
    },
    {
      "program": "//Given length of a side and high return area for a triangle.\n// >>> triangle_area(5, 3)\n// 7.5\nlet triangle_area a h = \n    let rec triangle_area_rec a h = \n        match h with\n        | 0 -> a\n        | _ -> triangle_area_rec (a + a) (h - 1)\n    triangle_area_rec a a\nlet test() = \n  let candidate = triangle_area\n  assert (candidate 5 3 = 7.5)\n  assert (candidate 2 2 = 2.0)\n  assert (candidate 10 8 = 40.0)\n  0\n\ntest()",
      "timestamp": 1675520704,
      "stdout": "",
      "stderr": "\n\n/tmp/tmp0ktnufcz.fsx(12,27): error FS0001: This expression was expected to have type\n    'int'    \nbut here has type\n    'float'    \n\n",
      "exit_code": 1,
      "status": "Exception"
    },
    {
      "program": "//Given length of a side and high return area for a triangle.\n// >>> triangle_area(5, 3)\n// 7.5\nlet triangle_area a h = \n    let rec triangle_area_rec a h =\n        let rec triangle_area_rec_rec a h =\n            match h with\n            | 0 -> a\n            | _ -> triangle_area_rec_rec (a + a) (h - 1)\n        triangle_area_rec_rec a h\n    triangle_area_rec a h\nlet test() = \n  let candidate = triangle_area\n  assert (candidate 5 3 = 7.5)\n  assert (candidate 2 2 = 2.0)\n  assert (candidate 10 8 = 40.0)\n  0\n\ntest()",
      "timestamp": 1675520704,
      "stdout": "",
      "stderr": "\n\n/tmp/tmpcqnbzko7.fsx(14,27): error FS0001: This expression was expected to have type\n    'int'    \nbut here has type\n    'float'    \n\n",
      "exit_code": 1,
      "status": "Exception"
    },
    {
      "program": "//Given length of a side and high return area for a triangle.\n// >>> triangle_area(5, 3)\n// 7.5\nlet triangle_area a h = \n    let rec triangle_area_rec a h = \n        match h with\n        | 0 -> a\n        | _ -> triangle_area_rec (a + a) (h - 1)\n    triangle_area_rec a a\nlet test() = \n  let candidate = triangle_area\n  assert (candidate 5 3 = 7.5)\n  assert (candidate 2 2 = 2.0)\n  assert (candidate 10 8 = 40.0)\n  0\n\ntest()",
      "timestamp": 1675520704,
      "stdout": "",
      "stderr": "\n\n/tmp/tmp0ktnufcz.fsx(12,27): error FS0001: This expression was expected to have type\n    'int'    \nbut here has type\n    'float'    \n\n",
      "exit_code": 1,
      "status": "Exception"
    },
    {
      "program": "//Given length of a side and high return area for a triangle.\n// >>> triangle_area(5, 3)\n// 7.5\nlet triangle_area a h = \n    let rec area_rec a h = \n        match a with\n        | 0 -> h\n        | _ -> area_rec (a - 1) (h - 1)\n    area_rec a h\nlet test() = \n  let candidate = triangle_area\n  assert (candidate 5 3 = 7.5)\n  assert (candidate 2 2 = 2.0)\n  assert (candidate 10 8 = 40.0)\n  0\n\ntest()",
      "timestamp": 1675520704,
      "stdout": "",
      "stderr": "\n\n/tmp/tmpbvrstl97.fsx(12,27): error FS0001: This expression was expected to have type\n    'int'    \nbut here has type\n    'float'    \n\n",
      "exit_code": 1,
      "status": "Exception"
    },
    {
      "program": "//Given length of a side and high return area for a triangle.\n// >>> triangle_area(5, 3)\n// 7.5\nlet triangle_area a h = \n    let rec triangle_area_rec a h = \n        match h with\n        | 0 -> 0\n        | 1 -> 1\n        | _ -> triangle_area_rec (a-1) (h-1)\n    triangle_area_rec a a\nlet test() = \n  let candidate = triangle_area\n  assert (candidate 5 3 = 7.5)\n  assert (candidate 2 2 = 2.0)\n  assert (candidate 10 8 = 40.0)\n  0\n\ntest()",
      "timestamp": 1675520704,
      "stdout": "",
      "stderr": "\n\n/tmp/tmp4_797eb2.fsx(13,27): error FS0001: This expression was expected to have type\n    'int'    \nbut here has type\n    'float'    \n\n",
      "exit_code": 1,
      "status": "Exception"
    },
    {
      "program": "//Given length of a side and high return area for a triangle.\n// >>> triangle_area(5, 3)\n// 7.5\nlet triangle_area a h = \n    let rec triangle_area_rec a h = \n        match a with\n        | 0 -> h\n        | _ -> triangle_area_rec (a - 1) (h - 1)\n    triangle_area_rec a h\nlet test() = \n  let candidate = triangle_area\n  assert (candidate 5 3 = 7.5)\n  assert (candidate 2 2 = 2.0)\n  assert (candidate 10 8 = 40.0)\n  0\n\ntest()",
      "timestamp": 1675520704,
      "stdout": "",
      "stderr": "\n\n/tmp/tmp3yzd28bt.fsx(12,27): error FS0001: This expression was expected to have type\n    'int'    \nbut here has type\n    'float'    \n\n",
      "exit_code": 1,
      "status": "Exception"
    },
    {
      "program": "//Given length of a side and high return area for a triangle.\n// >>> triangle_area(5, 3)\n// 7.5\nlet triangle_area a h = \n    let rec triangle_area_rec h = \n        match h with\n        | 0 -> 0\n        | _ -> triangle_area_rec (h - 1)\n    triangle_area_rec a\nlet test() = \n  let candidate = triangle_area\n  assert (candidate 5 3 = 7.5)\n  assert (candidate 2 2 = 2.0)\n  assert (candidate 10 8 = 40.0)\n  0\n\ntest()",
      "timestamp": 1675520704,
      "stdout": "",
      "stderr": "\n\n/tmp/tmpbf9v2ifd.fsx(12,27): error FS0001: This expression was expected to have type\n    'int'    \nbut here has type\n    'float'    \n\n",
      "exit_code": 1,
      "status": "Exception"
    },
    {
      "program": "//Given length of a side and high return area for a triangle.\n// >>> triangle_area(5, 3)\n// 7.5\nlet triangle_area a h = \n    let rec triangle_area_rec a h = \n        match h with\n        | 0 -> 0\n        | _ -> \n            let h' = h - 1\n            let h'' = h'' - 1\n            let h''' = h''' - 1\n            let h'''' = h''''' - 1\n            let h'''''' = h''''''' - 1\n            let h'''''''' = h''''''''' - 1\n            let h'''''''' = h''''''''''' - 1\n            let h'''''''' = h''''''''''' - 1\n            let h'''''''' = h''''''''''' - 1\n            let h'''''''' = h''''''''''' - 1\n            let h'''''''' = h''''''''''' - 1\n            let h'''''''' = h''''''''''' - 1\n            let h'''''''' = h''''''''''' - 1\n            let h'''''''' = h''''''''''' - 1\n            let h'''''''' = h''''''''''' - 1\n            let h'''''''' = h''''''''''' - 1\n            let h'''''''' = h''''''''''' - 1\n            let h'''''''' = h''''''''''' - 1\n            let h'''''''' = h''''''''''' - 1\n            let h'''''''' = h''''''''''' - 1\n            let h'''''''' = h''''''''''' - 1\n            let h'''''''' = h''''''''''' - 1\n            let h'''''''' = h''''''''''' - 1\n            let h'''''''' = h''''''''''' - 1\n            let h'''''''' = h''''''''''' - 1\n            let h'''''''' = h''''''''''' - 1\n            let h'''''''' = h''''''''''' - 1\n            let h'''''''' = h''''''''''' - 1\n            let h'''''''' = h''\nlet test() = \n  let candidate = triangle_area\n  assert (candidate 5 3 = 7.5)\n  assert (candidate 2 2 = 2.0)\n  assert (candidate 10 8 = 40.0)\n  0\n\ntest()",
      "timestamp": 1675520703,
      "stdout": "",
      "stderr": "\n\n/tmp/tmpu2bukt4s.fsx(37,13): error FS0588: The block following this 'let' is unfinished. Every code block is an expression and must have a result. 'let' cannot be the final code element in a block. Consider giving this block an explicit result.\n\n",
      "exit_code": 1,
      "status": "Exception"
    },
    {
      "program": "//Given length of a side and high return area for a triangle.\n// >>> triangle_area(5, 3)\n// 7.5\nlet triangle_area a h = \n    let rec triangle_area_rec a h =\n        let rec triangle_area_rec_rec a h =\n            let rec triangle_area_rec_rec_rec a h =\n                let rec triangle_area_rec_rec_rec a h =\n                    let rec triangle_area_rec_rec_rec a h =\n                        let rec triangle_area_rec_rec_rec_rec a h =\n                            let rec triangle_area_rec_rec_rec_rec a h =\n                                let rec triangle_area_rec_rec_rec_rec a h =\n                                    let rec triangle_area_rec_rec_rec_rec a h =\n                                        let rec triangle_area_rec_rec_rec_rec a h =\n                                            let rec triangle_area_rec_rec_rec_rec a h =\n                                                let rec triangle_area_rec_rec_rec_rec a h =\n                                                    let rec triangle_area_rec_rec_rec_rec a h =\n                                                        let rec triangle_area_rec_rec_rec_rec a h =\n                                                            let rec triangle_area_rec_rec_rec_rec a h =\n                                                                let rec triangle_area_rec_rec_rec_rec a h =\n                                                                    let rec triangle_area_rec_rec_rec_rec a h =\n                                                                        let rec triangle_area_rec_rec_rec_rec a h =\n                                                                            let rec triangle_area_rec_rec_rec_rec a h =\n                                                                                let rec triangle_area_rec_rec_rec_rec a h =\n                                                                                    let rec triangle_area_rec_rec_rec_rec a h =\n                                                                                        let rec triangle_area_rec_rec_rec_rec a h =\n                                                                                            let rec triangle_area_rec_rec_rec_rec a h =\n                                                                                               let rec triangle_area_rec_rec_rec_rec a h =\n                                                                                                   let rec triangle_area_rec_rec_rec_rec a h =\n                                                                                                       let rec triangle_area_rec_rec_rec_rec a h =\n                                                                                                           let rec triangle_area_rec_rec_rec_rec a h =\n                                                                                                               let rec triangle\nlet test() = \n  let candidate = triangle_area\n  assert (candidate 5 3 = 7.5)\n  assert (candidate 2 2 = 2.0)\n  assert (candidate 10 8 = 40.0)\n  0\n\ntest()",
      "timestamp": 1675520703,
      "stdout": "",
      "stderr": "\n\n/tmp/tmp_6y82mww.fsx(33,1): error FS0010: Incomplete structured construct at or before this point in binding. Expected '=' or other token.\n\n",
      "exit_code": 1,
      "status": "Exception"
    },
    {
      "program": "//Given length of a side and high return area for a triangle.\n// >>> triangle_area(5, 3)\n// 7.5\nlet triangle_area a h = \n    let rec triangle_area_rec a h = \n        let rec triangle_area_rec_rec a h = \n            if h = 0 then a\n            else triangle_area_rec_rec (a + h) (h - 1)\n        triangle_area_rec_rec a h\n    triangle_area_rec a h\nlet test() = \n  let candidate = triangle_area\n  assert (candidate 5 3 = 7.5)\n  assert (candidate 2 2 = 2.0)\n  assert (candidate 10 8 = 40.0)\n  0\n\ntest()",
      "timestamp": 1675520704,
      "stdout": "",
      "stderr": "\n\n/tmp/tmpibwebdxz.fsx(13,27): error FS0001: This expression was expected to have type\n    'int'    \nbut here has type\n    'float'    \n\n",
      "exit_code": 1,
      "status": "Exception"
    }
  ]
}